2024/5/26 2:27:19
2024-01-12 100.19 True: 100.71  0.51%  0.51
2024-01-16 100.21 True: 100.81  0.60%  1.12
2024-01-17 100.21 True:  98.58 -1.63% -0.51
2024-01-18 100.23 True: 102.02  1.78%  1.27
2024-01-19 100.25 True: 100.75  0.50%  1.77
2024-01-22 100.22 True: 100.69  0.47%  2.23
2024-01-23 100.20 True:  99.61 -0.60%  1.64
2024-01-24 100.19 True:  99.15 -1.03%  0.60
2024-01-25 100.23 True:  99.33 -0.90% -0.30
2024-01-26 100.22 True:  99.70 -0.51% -0.81
2024-01-29 100.22 True: 101.10  0.88%  0.07
2024-01-30 100.22 True:  98.62 -1.60% -1.54
2024-01-31 100.17 True: 100.65  0.48% -1.06
2024-02-01 100.24 True: 100.83  0.59% -0.47
2024-02-02 100.24 True: 100.64  0.40% -0.07
2024-02-05 100.19 True:  99.45 -0.74% -0.81
2024-02-06 100.21 True:  99.07 -1.14% -1.96
2024-02-07 100.23 True: 101.23  1.00% -0.95
2024-02-08 100.23 True: 101.72  1.49%  0.54
2024-02-12 100.22 True: 101.41  1.19%  1.73
2024-02-13 100.17 True: 100.49  0.31%  2.05
2024-02-14 100.22 True: 101.05  0.82%  2.87
2024-02-15 100.24 True: 101.54  1.30%  4.17
2024-02-16 100.20 True:  99.40 -0.79%  3.38
2024-02-20 100.20 True:  99.40 -0.80%  2.58
2024-02-21 100.22 True: 101.49  1.27%  3.85
2024-02-23 100.26 True: 101.42  1.15%  5.00
2024-02-26 100.21 True:  99.76 -0.45%  4.55
2024-02-27 100.20 True: 100.00 -0.20%  4.35
2024-02-28 100.21 True:  99.26 -0.94%  3.41
2024-02-29 100.21 True: 100.96  0.76%  4.17
2024-03-01 100.22 True: 102.43  2.20%  6.37
2024-03-04 100.20 True:  99.21 -0.99%  5.38
2024-03-05 100.16 True:  99.69 -0.48%  4.90
2024-03-06 100.21 True: 101.43  1.22%  6.12
2024-03-07 100.21 True:  98.28 -1.92%  4.20
2024-03-08 100.19 True:  98.28 -1.91%  2.29
2024-03-11 100.21 True:  98.67 -1.54%  0.74
2024-03-12 100.24 True: 101.78  1.53%  2.28
2024-03-13 100.21 True:  98.50 -1.71%  0.57
2024-03-14 100.20 True:  99.83 -0.38%  0.19
Average error: 0.99%
Min: -1.96 Max: 6.37 Mid: 2.21
Epoch: 500000 DATA_LEN: 41 FinalLSM: 0.00244
Norm: 25.78

2024-01-16 100.23 True: 100.81  0.58%  0.58
2024-01-17 100.22 True:  98.58 -1.64% -1.06
2024-01-18 100.24 True: 102.02  1.77%  0.71
2024-01-19 100.26 True: 100.75  0.49%  1.20
2024-01-22 100.23 True: 100.69  0.46%  1.66
2024-01-23 100.21 True:  99.61 -0.61%  1.05
2024-01-24 100.20 True:  99.15 -1.04%  0.01
2024-01-25 100.24 True:  99.33 -0.91% -0.90
2024-01-26 100.23 True:  99.70 -0.53% -1.43
2024-01-29 100.23 True: 101.10  0.87% -0.56
2024-01-30 100.23 True:  98.62 -1.61% -2.17
2024-01-31 100.18 True: 100.65  0.46% -1.71
2024-02-01 100.25 True: 100.83  0.58% -1.13
2024-02-02 100.26 True: 100.64  0.38% -0.75
2024-02-05 100.20 True:  99.45 -0.75% -1.50
2024-02-06 100.22 True:  99.07 -1.15% -2.65
2024-02-07 100.24 True: 101.23  0.99% -1.66
2024-02-08 100.24 True: 101.72  1.48% -0.18
2024-02-12 100.23 True: 101.41  1.18%  1.00
2024-02-13 100.19 True: 100.49  0.30%  1.30
2024-02-14 100.23 True: 101.05  0.81%  2.11
2024-02-15 100.24 True: 101.54  1.30%  3.41
2024-02-16 100.21 True:  99.40 -0.81%  2.60
2024-02-20 100.21 True:  99.40 -0.81%  1.79
2024-02-21 100.23 True: 101.49  1.26%  3.04
2024-02-23 100.27 True: 101.42  1.14%  4.19
2024-02-26 100.22 True:  99.76 -0.46%  3.73
2024-02-27 100.21 True: 100.00 -0.21%  3.52
2024-02-28 100.22 True:  99.26 -0.96%  2.56
2024-02-29 100.22 True: 100.96  0.75%  3.31
2024-03-01 100.23 True: 102.43  2.19%  5.50
2024-03-04 100.22 True:  99.21 -1.00%  4.50
2024-03-05 100.18 True:  99.69 -0.49%  4.01
2024-03-06 100.22 True: 101.43  1.21%  5.21
2024-03-07 100.22 True:  98.28 -1.93%  3.28
2024-03-08 100.20 True:  98.28 -1.92%  1.36
2024-03-11 100.22 True:  98.67 -1.55% -0.19
2024-03-12 100.25 True: 101.78  1.52%  1.33
2024-03-13 100.23 True:  98.50 -1.72% -0.39
2024-03-14 100.21 True:  99.83 -0.39% -0.78
2024-03-15 100.21 True: 101.15  0.94%  0.16
Average error: 1%
Min: -2.65 Max: 5.50 Mid: 1.42
Epoch: 500000 DATA_LEN: 41 FinalLSM: 0.00247
Norm: 34.46

2024-01-17 100.24 True:  98.58 -1.66% -1.66
2024-01-18 100.26 True: 102.02  1.75%  0.09
2024-01-19 100.28 True: 100.75  0.47%  0.56
2024-01-22 100.25 True: 100.69  0.44%  1.00
2024-01-23 100.23 True:  99.61 -0.62%  0.37
2024-01-24 100.22 True:  99.15 -1.06% -0.69
2024-01-25 100.26 True:  99.33 -0.93% -1.62
2024-01-26 100.25 True:  99.70 -0.54% -2.16
2024-01-29 100.25 True: 101.10  0.85% -1.31
2024-01-30 100.25 True:  98.62 -1.63% -2.95
2024-01-31 100.20 True: 100.65  0.45% -2.50
2024-02-01 100.27 True: 100.83  0.56% -1.94
2024-02-02 100.27 True: 100.64  0.37% -1.57
2024-02-05 100.21 True:  99.45 -0.77% -2.34
2024-02-06 100.25 True:  99.07 -1.17% -3.51
2024-02-07 100.26 True: 101.23  0.98% -2.54
2024-02-08 100.25 True: 101.72  1.46% -1.07
2024-02-12 100.25 True: 101.41  1.16%  0.08
2024-02-13 100.20 True: 100.49  0.29%  0.37
2024-02-14 100.25 True: 101.05  0.79%  1.17
2024-02-15 100.27 True: 101.54  1.27%  2.44
2024-02-16 100.23 True:  99.40 -0.82%  1.62
2024-02-20 100.23 True:  99.40 -0.83%  0.79
2024-02-21 100.25 True: 101.49  1.24%  2.02
2024-02-23 100.29 True: 101.42  1.12%  3.15
2024-02-26 100.23 True:  99.76 -0.48%  2.67
2024-02-27 100.23 True: 100.00 -0.23%  2.44
2024-02-28 100.24 True:  99.26 -0.97%  1.47
2024-02-29 100.24 True: 100.96  0.73%  2.20
2024-03-01 100.25 True: 102.43  2.17%  4.37
2024-03-04 100.23 True:  99.21 -1.02%  3.35
2024-03-05 100.19 True:  99.69 -0.51%  2.84
2024-03-06 100.24 True: 101.43  1.18%  4.03
2024-03-07 100.24 True:  98.28 -1.95%  2.07
2024-03-08 100.22 True:  98.28 -1.94%  0.13
2024-03-11 100.24 True:  98.67 -1.57% -1.44
2024-03-12 100.27 True: 101.78  1.50%  0.07
2024-03-13 100.24 True:  98.50 -1.74% -1.67
2024-03-14 100.23 True:  99.83 -0.40% -2.08
2024-03-15 100.23 True: 101.15  0.92% -1.16
2024-03-18 100.25 True: 101.53  1.28%  0.13
Average error: 1.02%
Min: -3.51 Max: 4.37 Mid: 0.43
Epoch: 500000 DATA_LEN: 41 FinalLSM: 0.00254
Norm: 46.20

2024-01-18 100.36 True: 102.02  1.65%  1.65
2024-01-19 100.39 True: 100.75  0.35%  2.00
2024-01-22 100.35 True: 100.69  0.34%  2.34
2024-01-23 100.31 True:  99.61 -0.71%  1.63
2024-01-24 100.29 True:  99.15 -1.13%  0.50
2024-01-25 100.37 True:  99.33 -1.03% -0.53
2024-01-26 100.35 True:  99.70 -0.64% -1.17
2024-01-29 100.35 True: 101.10  0.75% -0.42
2024-01-30 100.35 True:  98.62 -1.73% -2.15
2024-01-31 100.26 True: 100.65  0.39% -1.76
2024-02-01 100.38 True: 100.83  0.45% -1.31
2024-02-02 100.39 True: 100.64  0.25% -1.06
2024-02-05 100.29 True:  99.45 -0.84% -1.90
2024-02-06 100.33 True:  99.07 -1.26% -3.16
2024-02-07 100.36 True: 101.23  0.87% -2.28
2024-02-08 100.36 True: 101.72  1.36% -0.93
2024-02-12 100.34 True: 101.41  1.06%  0.14
2024-02-13 100.27 True: 100.49  0.22%  0.36
2024-02-14 100.35 True: 101.05  0.70%  1.06
2024-02-15 100.37 True: 101.54  1.17%  2.23
2024-02-16 100.31 True:  99.40 -0.90%  1.32
2024-02-20 100.31 True:  99.40 -0.91%  0.41
2024-02-21 100.34 True: 101.49  1.14%  1.56
2024-02-23 100.42 True: 101.42  1.00%  2.55
2024-02-26 100.32 True:  99.76 -0.56%  1.99
2024-02-27 100.31 True: 100.00 -0.30%  1.69
2024-02-28 100.33 True:  99.26 -1.06%  0.63
2024-02-29 100.32 True: 100.96  0.64%  1.27
2024-03-01 100.34 True: 102.43  2.08%  3.35
2024-03-04 100.32 True:  99.21 -1.11%  2.24
2024-03-05 100.25 True:  99.69 -0.56%  1.68
2024-03-06 100.33 True: 101.43  1.10%  2.78
2024-03-07 100.32 True:  98.28 -2.03%  0.75
2024-03-08 100.29 True:  98.28 -2.01% -1.26
2024-03-11 100.33 True:  98.67 -1.66% -2.92
2024-03-12 100.38 True: 101.78  1.39% -1.53
2024-03-13 100.33 True:  98.50 -1.83% -3.35
2024-03-14 100.31 True:  99.83 -0.49% -3.84
2024-03-15 100.31 True: 101.15  0.84% -3.00
2024-03-18 100.34 True: 101.53  1.19% -1.82
2024-03-20 100.49 True: 102.63  2.13%  0.32
Average error: 1.02%
Min: -3.84 Max: 3.35 Mid: -0.25
Epoch: 500000 DATA_LEN: 41 FinalLSM: 0.00259
Norm: 57.86

2024-01-19 100.37 True: 100.75  0.38%  0.38
2024-01-22 100.32 True: 100.69  0.36%  0.74
2024-01-23 100.29 True:  99.61 -0.68%  0.06
2024-01-24 100.26 True:  99.15 -1.11% -1.05
2024-01-25 100.34 True:  99.33 -1.01% -2.06
2024-01-26 100.32 True:  99.70 -0.62% -2.67
2024-01-29 100.32 True: 101.10  0.78% -1.89
2024-01-30 100.33 True:  98.62 -1.70% -3.60
2024-01-31 100.23 True: 100.65  0.42% -3.18
2024-02-01 100.35 True: 100.83  0.48% -2.70
2024-02-02 100.37 True: 100.64  0.27% -2.43
2024-02-05 100.26 True:  99.45 -0.82% -3.25
2024-02-06 100.31 True:  99.07 -1.23% -4.48
2024-02-07 100.33 True: 101.23  0.90% -3.59
2024-02-08 100.34 True: 101.72  1.38% -2.20
2024-02-12 100.31 True: 101.41  1.09% -1.11
2024-02-13 100.25 True: 100.49  0.24% -0.87
2024-02-14 100.32 True: 101.05  0.72% -0.15
2024-02-15 100.34 True: 101.54  1.20%  1.04
2024-02-16 100.28 True:  99.40 -0.88%  0.17
2024-02-20 100.29 True:  99.40 -0.89% -0.72
2024-02-21 100.32 True: 101.49  1.17%  0.45
2024-02-23 100.39 True: 101.42  1.02%  1.47
2024-02-26 100.30 True:  99.76 -0.54%  0.93
2024-02-27 100.28 True: 100.00 -0.28%  0.65
2024-02-28 100.30 True:  99.26 -1.04% -0.38
2024-02-29 100.29 True: 100.96  0.67%  0.29
2024-03-01 100.32 True: 102.43  2.10%  2.39
2024-03-04 100.30 True:  99.21 -1.08%  1.31
2024-03-05 100.22 True:  99.69 -0.54%  0.77
2024-03-06 100.30 True: 101.43  1.12%  1.89
2024-03-07 100.29 True:  98.28 -2.00% -0.11
2024-03-08 100.27 True:  98.28 -1.98% -2.09
2024-03-11 100.31 True:  98.67 -1.64% -3.73
2024-03-12 100.36 True: 101.78  1.42% -2.31
2024-03-13 100.31 True:  98.50 -1.80% -4.12
2024-03-14 100.29 True:  99.83 -0.47% -4.58
2024-03-15 100.29 True: 101.15  0.86% -3.72
2024-03-18 100.32 True: 101.53  1.21% -2.51
2024-03-20 100.46 True: 102.63  2.16% -0.35
2024-03-21 100.35 True: 100.95  0.59%  0.25
Average error: 1%
Min: -4.58 Max: 2.39 Mid: -1.10
Epoch: 500000 DATA_LEN: 41 FinalLSM: 0.00247
Norm: 69.26

2024-01-22 100.30 True: 100.69  0.39%  0.39
2024-01-23 100.26 True:  99.61 -0.65% -0.26
2024-01-24 100.23 True:  99.15 -1.08% -1.34
2024-01-25 100.32 True:  99.33 -0.98% -2.32
2024-01-26 100.29 True:  99.70 -0.59% -2.91
2024-01-29 100.30 True: 101.10  0.80% -2.10
2024-01-30 100.30 True:  98.62 -1.68% -3.78
2024-01-31 100.20 True: 100.65  0.45% -3.33
2024-02-01 100.33 True: 100.83  0.50% -2.83
2024-02-02 100.34 True: 100.64  0.30% -2.53
2024-02-05 100.23 True:  99.45 -0.78% -3.32
2024-02-06 100.28 True:  99.07 -1.21% -4.52
2024-02-07 100.31 True: 101.23  0.93% -3.60
2024-02-08 100.31 True: 101.72  1.41% -2.19
2024-02-12 100.28 True: 101.41  1.12% -1.07
2024-02-13 100.21 True: 100.49  0.27% -0.79
2024-02-14 100.29 True: 101.05  0.75% -0.04
2024-02-15 100.32 True: 101.54  1.22%  1.18
2024-02-16 100.25 True:  99.40 -0.85%  0.33
2024-02-20 100.26 True:  99.40 -0.86% -0.53
2024-02-21 100.29 True: 101.49  1.20%  0.67
2024-02-23 100.37 True: 101.42  1.05%  1.72
2024-02-26 100.27 True:  99.76 -0.51%  1.21
2024-02-27 100.25 True: 100.00 -0.25%  0.96
2024-02-28 100.27 True:  99.26 -1.01% -0.05
2024-02-29 100.26 True: 100.96  0.70%  0.65
2024-03-01 100.29 True: 102.43  2.13%  2.78
2024-03-04 100.27 True:  99.21 -1.05%  1.73
2024-03-05 100.19 True:  99.69 -0.50%  1.23
2024-03-06 100.27 True: 101.43  1.15%  2.38
2024-03-07 100.26 True:  98.28 -1.97%  0.41
2024-03-08 100.24 True:  98.28 -1.95% -1.55
2024-03-11 100.28 True:  98.67 -1.61% -3.15
2024-03-12 100.33 True: 101.78  1.44% -1.71
2024-03-13 100.28 True:  98.50 -1.78% -3.49
2024-03-14 100.26 True:  99.83 -0.43% -3.92
2024-03-15 100.26 True: 101.15  0.89% -3.03
2024-03-18 100.29 True: 101.53  1.24% -1.79
2024-03-20 100.44 True: 102.63  2.18%  0.39
2024-03-21 100.33 True: 100.95  0.62%  1.01
2024-03-22 100.21 True:  99.48 -0.73%  0.28
Average error: 1.01%
Min: -4.52 Max: 2.78 Mid: -0.87
Epoch: 500000 DATA_LEN: 41 FinalLSM: 0.00249
Norm: 65.75

2024-01-23 100.22 True:  99.61 -0.61% -0.61
2024-01-24 100.19 True:  99.15 -1.03% -1.64
2024-01-25 100.28 True:  99.33 -0.95% -2.59
2024-01-26 100.25 True:  99.70 -0.55% -3.14
2024-01-29 100.26 True: 101.10  0.84% -2.30
2024-01-30 100.26 True:  98.62 -1.64% -3.94
2024-01-31 100.15 True: 100.65  0.50% -3.44
2024-02-01 100.29 True: 100.83  0.54% -2.90
2024-02-02 100.30 True: 100.64  0.33% -2.57
2024-02-05 100.18 True:  99.45 -0.74% -3.31
2024-02-06 100.24 True:  99.07 -1.17% -4.47
2024-02-07 100.27 True: 101.23  0.96% -3.51
2024-02-08 100.27 True: 101.72  1.45% -2.06
2024-02-12 100.25 True: 101.41  1.16% -0.90
2024-02-13 100.16 True: 100.49  0.33% -0.57
2024-02-14 100.26 True: 101.05  0.79%  0.21
2024-02-15 100.28 True: 101.54  1.26%  1.47
2024-02-16 100.21 True:  99.40 -0.80%  0.67
2024-02-20 100.21 True:  99.40 -0.81% -0.15
2024-02-21 100.25 True: 101.49  1.24%  1.09
2024-02-23 100.34 True: 101.42  1.08%  2.17
2024-02-26 100.22 True:  99.76 -0.47%  1.70
2024-02-27 100.21 True: 100.00 -0.21%  1.49
2024-02-28 100.23 True:  99.26 -0.97%  0.53
2024-02-29 100.22 True: 100.96  0.74%  1.27
2024-03-01 100.25 True: 102.43  2.17%  3.44
2024-03-04 100.22 True:  99.21 -1.01%  2.43
2024-03-05 100.14 True:  99.69 -0.45%  1.98
2024-03-06 100.23 True: 101.43  1.19%  3.17
2024-03-07 100.22 True:  98.28 -1.94%  1.24
2024-03-08 100.19 True:  98.28 -1.91% -0.67
2024-03-11 100.24 True:  98.67 -1.57% -2.24
2024-03-12 100.29 True: 101.78  1.48% -0.76
2024-03-13 100.24 True:  98.50 -1.74% -2.50
2024-03-14 100.22 True:  99.83 -0.39% -2.89
2024-03-15 100.21 True: 101.15  0.94% -1.95
2024-03-18 100.25 True: 101.53  1.28% -0.67
2024-03-20 100.42 True: 102.63  2.20%  1.53
2024-03-21 100.29 True: 100.95  0.66%  2.19
2024-03-22 100.17 True:  99.48 -0.68%  1.51
2024-03-25 100.20 True:  99.03 -1.17%  0.34
Average error: 1.02%
Min: -4.47 Max: 3.44 Mid: -0.52
Epoch: 500000 DATA_LEN: 41 FinalLSM: 0.00254
Norm: 60.84

2024-01-24 100.21 True:  99.15 -1.05% -1.05
2024-01-25 100.30 True:  99.33 -0.96% -2.01
2024-01-26 100.27 True:  99.70 -0.56% -2.57
2024-01-29 100.27 True: 101.10  0.83% -1.74
2024-01-30 100.27 True:  98.62 -1.65% -3.40
2024-01-31 100.17 True: 100.65  0.48% -2.92
2024-02-01 100.30 True: 100.83  0.53% -2.39
2024-02-02 100.32 True: 100.64  0.32% -2.08
2024-02-05 100.20 True:  99.45 -0.76% -2.83
2024-02-06 100.25 True:  99.07 -1.18% -4.01
2024-02-07 100.28 True: 101.23  0.95% -3.06
2024-02-08 100.28 True: 101.72  1.43% -1.63
2024-02-12 100.26 True: 101.41  1.14% -0.49
2024-02-13 100.18 True: 100.49  0.30% -0.18
2024-02-14 100.27 True: 101.05  0.77%  0.59
2024-02-15 100.30 True: 101.54  1.24%  1.84
2024-02-16 100.23 True:  99.40 -0.82%  1.01
2024-02-20 100.23 True:  99.40 -0.83%  0.18
2024-02-21 100.26 True: 101.49  1.22%  1.41
2024-02-23 100.35 True: 101.42  1.06%  2.47
2024-02-26 100.24 True:  99.76 -0.48%  1.99
2024-02-27 100.22 True: 100.00 -0.22%  1.76
2024-02-28 100.25 True:  99.26 -0.98%  0.78
2024-02-29 100.24 True: 100.96  0.73%  1.51
2024-03-01 100.27 True: 102.43  2.15%  3.66
2024-03-04 100.24 True:  99.21 -1.03%  2.64
2024-03-05 100.16 True:  99.69 -0.47%  2.17
2024-03-06 100.24 True: 101.43  1.18%  3.35
2024-03-07 100.24 True:  98.28 -1.95%  1.40
2024-03-08 100.21 True:  98.28 -1.93% -0.53
2024-03-11 100.25 True:  98.67 -1.58% -2.11
2024-03-12 100.31 True: 101.78  1.46% -0.65
2024-03-13 100.26 True:  98.50 -1.75% -2.40
2024-03-14 100.23 True:  99.83 -0.41% -2.81
2024-03-15 100.23 True: 101.15  0.92% -1.89
2024-03-18 100.26 True: 101.53  1.27% -0.62
2024-03-20 100.43 True: 102.63  2.19%  1.57
2024-03-21 100.30 True: 100.95  0.64%  2.21
2024-03-22 100.18 True:  99.48 -0.70%  1.51
2024-03-25 100.22 True:  99.03 -1.18%  0.33
2024-03-26 100.24 True: 100.26  0.02%  0.35
Average error: 1.01%
Min: -4.01 Max: 3.66 Mid: -0.18
Epoch: 500000 DATA_LEN: 41 FinalLSM: 0.00252
Norm: 56.80

2024-01-25 100.32 True:  99.33 -0.98% -0.98
2024-01-26 100.30 True:  99.70 -0.59% -1.57
2024-01-29 100.30 True: 101.10  0.80% -0.77
2024-01-30 100.30 True:  98.62 -1.68% -2.45
2024-01-31 100.20 True: 100.65  0.44% -2.01
2024-02-01 100.33 True: 100.83  0.50% -1.51
2024-02-02 100.34 True: 100.64  0.30% -1.21
2024-02-05 100.23 True:  99.45 -0.79% -2.00
2024-02-06 100.28 True:  99.07 -1.21% -3.21
2024-02-07 100.31 True: 101.23  0.92% -2.28
2024-02-08 100.31 True: 101.72  1.41% -0.87
2024-02-12 100.29 True: 101.41  1.12%  0.24
2024-02-13 100.21 True: 100.49  0.28%  0.52
2024-02-14 100.30 True: 101.05  0.75%  1.27
2024-02-15 100.32 True: 101.54  1.22%  2.48
2024-02-16 100.25 True:  99.40 -0.85%  1.63
2024-02-20 100.26 True:  99.40 -0.86%  0.77
2024-02-21 100.29 True: 101.49  1.20%  1.97
2024-02-23 100.37 True: 101.42  1.04%  3.01
2024-02-26 100.27 True:  99.76 -0.51%  2.50
2024-02-27 100.25 True: 100.00 -0.25%  2.25
2024-02-28 100.27 True:  99.26 -1.01%  1.24
2024-02-29 100.27 True: 100.96  0.70%  1.94
2024-03-01 100.29 True: 102.43  2.13%  4.06
2024-03-04 100.27 True:  99.21 -1.05%  3.01
2024-03-05 100.19 True:  99.69 -0.51%  2.50
2024-03-06 100.27 True: 101.43  1.15%  3.65
2024-03-07 100.27 True:  98.28 -1.98%  1.67
2024-03-08 100.24 True:  98.28 -1.96% -0.29
2024-03-11 100.28 True:  98.67 -1.61% -1.90
2024-03-12 100.33 True: 101.78  1.44% -0.45
2024-03-13 100.28 True:  98.50 -1.78% -2.23
2024-03-14 100.26 True:  99.83 -0.44% -2.67
2024-03-15 100.26 True: 101.15  0.89% -1.78
2024-03-18 100.29 True: 101.53  1.24% -0.54
2024-03-20 100.44 True: 102.63  2.18%  1.64
2024-03-21 100.33 True: 100.95  0.62%  2.26
2024-03-22 100.22 True:  99.48 -0.73%  1.53
2024-03-25 100.25 True:  99.03 -1.21%  0.31
2024-03-26 100.27 True: 100.26 -0.01%  0.30
2024-03-27 100.35 True: 100.38  0.03%  0.33
Average error: 0.98%
Min: -3.21 Max: 4.06 Mid: 0.43
Epoch: 500000 DATA_LEN: 41 FinalLSM: 0.00248
Norm: 48.71

2024-01-26 100.31 True:  99.70 -0.60% -0.60
2024-01-29 100.31 True: 101.10  0.79%  0.19
2024-01-30 100.31 True:  98.62 -1.69% -1.51
2024-01-31 100.21 True: 100.65  0.44% -1.07
2024-02-01 100.35 True: 100.83  0.48% -0.58
2024-02-02 100.35 True: 100.64  0.29% -0.30
2024-02-05 100.24 True:  99.45 -0.79% -1.09
2024-02-06 100.30 True:  99.07 -1.22% -2.31
2024-02-07 100.32 True: 101.23  0.91% -1.40
2024-02-08 100.32 True: 101.72  1.40% -0.00
2024-02-12 100.30 True: 101.41  1.10%  1.10
2024-02-13 100.22 True: 100.49  0.27%  1.37
2024-02-14 100.31 True: 101.05  0.74%  2.11
2024-02-15 100.34 True: 101.54  1.20%  3.31
2024-02-16 100.26 True:  99.40 -0.86%  2.45
2024-02-20 100.27 True:  99.40 -0.87%  1.58
2024-02-21 100.30 True: 101.49  1.18%  2.76
2024-02-23 100.39 True: 101.42  1.03%  3.79
2024-02-26 100.28 True:  99.76 -0.52%  3.27
2024-02-27 100.26 True: 100.00 -0.26%  3.01
2024-02-28 100.28 True:  99.26 -1.02%  1.99
2024-02-29 100.28 True: 100.96  0.68%  2.67
2024-03-01 100.30 True: 102.43  2.11%  4.79
2024-03-04 100.28 True:  99.21 -1.06%  3.72
2024-03-05 100.20 True:  99.69 -0.51%  3.21
2024-03-06 100.29 True: 101.43  1.14%  4.35
2024-03-07 100.28 True:  98.28 -1.99%  2.36
2024-03-08 100.25 True:  98.28 -1.97%  0.39
2024-03-11 100.29 True:  98.67 -1.62% -1.23
2024-03-12 100.34 True: 101.78  1.43%  0.19
2024-03-13 100.29 True:  98.50 -1.79% -1.60
2024-03-14 100.27 True:  99.83 -0.44% -2.04
2024-03-15 100.27 True: 101.15  0.88% -1.16
2024-03-18 100.30 True: 101.53  1.23%  0.07
2024-03-20 100.46 True: 102.63  2.16%  2.23
2024-03-21 100.34 True: 100.95  0.60%  2.84
2024-03-22 100.22 True:  99.48 -0.74%  2.10
2024-03-25 100.26 True:  99.03 -1.22%  0.88
2024-03-26 100.28 True: 100.26 -0.02%  0.86
2024-03-27 100.37 True: 100.38  0.01%  0.87
2024-03-28 100.30 True:  99.83 -0.46%  0.41
Average error: 0.97%
Min: -2.31 Max: 4.79 Mid: 1.24
Epoch: 500000 DATA_LEN: 41 FinalLSM: 0.00243
Norm: 38.34

2024-01-29 100.30 True: 101.10  0.80%  0.80
2024-01-30 100.30 True:  98.62 -1.68% -0.88
2024-01-31 100.18 True: 100.65  0.47% -0.41
2024-02-01 100.34 True: 100.83  0.49%  0.08
2024-02-02 100.33 True: 100.64  0.30%  0.39
2024-02-05 100.21 True:  99.45 -0.76% -0.38
2024-02-06 100.28 True:  99.07 -1.21% -1.58
2024-02-07 100.30 True: 101.23  0.93% -0.66
2024-02-08 100.30 True: 101.72  1.42%  0.76
2024-02-12 100.28 True: 101.41  1.12%  1.88
2024-02-13 100.18 True: 100.49  0.31%  2.20
2024-02-14 100.30 True: 101.05  0.75%  2.95
2024-02-15 100.33 True: 101.54  1.21%  4.16
2024-02-16 100.24 True:  99.40 -0.83%  3.32
2024-02-20 100.25 True:  99.40 -0.85%  2.48
2024-02-21 100.28 True: 101.49  1.20%  3.68
2024-02-23 100.38 True: 101.42  1.03%  4.71
2024-02-26 100.26 True:  99.76 -0.50%  4.21
2024-02-27 100.24 True: 100.00 -0.24%  3.97
2024-02-28 100.26 True:  99.26 -1.00%  2.97
2024-02-29 100.26 True: 100.96  0.70%  3.68
2024-03-01 100.29 True: 102.43  2.13%  5.81
2024-03-04 100.25 True:  99.21 -1.04%  4.77
2024-03-05 100.16 True:  99.69 -0.48%  4.29
2024-03-06 100.27 True: 101.43  1.16%  5.45
2024-03-07 100.27 True:  98.28 -1.98%  3.47
2024-03-08 100.23 True:  98.28 -1.95%  1.52
2024-03-11 100.27 True:  98.67 -1.60% -0.08
2024-03-12 100.33 True: 101.78  1.44%  1.36
2024-03-13 100.28 True:  98.50 -1.77% -0.41
2024-03-14 100.25 True:  99.83 -0.42% -0.83
2024-03-15 100.24 True: 101.15  0.91%  0.08
2024-03-18 100.28 True: 101.53  1.25%  1.33
2024-03-20 100.46 True: 102.63  2.16%  3.49
2024-03-21 100.33 True: 100.95  0.62%  4.10
2024-03-22 100.19 True:  99.48 -0.71%  3.40
2024-03-25 100.23 True:  99.03 -1.20%  2.20
2024-03-26 100.26 True: 100.26  0.00%  2.20
2024-03-27 100.36 True: 100.38  0.02%  2.22
2024-03-28 100.28 True:  99.83 -0.44%  1.78
2024-04-01 100.22 True:  98.98 -1.24%  0.54
Average error: 0.98%
Min: -1.58 Max: 5.81 Mid: 2.11
Epoch: 500000 DATA_LEN: 41 FinalLSM: 0.00248
Norm: 28.76

2024-01-30 100.25 True:  98.62 -1.63% -1.63
2024-01-31 100.11 True: 100.65  0.54% -1.09
2024-02-01 100.30 True: 100.83  0.53% -0.56
2024-02-02 100.29 True: 100.64  0.34% -0.22
2024-02-05 100.15 True:  99.45 -0.70% -0.92
2024-02-06 100.23 True:  99.07 -1.16% -2.08
2024-02-07 100.26 True: 101.23  0.97% -1.11
2024-02-08 100.25 True: 101.72  1.47%  0.36
2024-02-12 100.23 True: 101.41  1.17%  1.53
2024-02-13 100.10 True: 100.49  0.38%  1.91
2024-02-14 100.25 True: 101.05  0.80%  2.71
2024-02-15 100.29 True: 101.54  1.25%  3.96
2024-02-16 100.18 True:  99.40 -0.78%  3.18
2024-02-20 100.19 True:  99.40 -0.79%  2.39
2024-02-21 100.23 True: 101.49  1.25%  3.64
2024-02-23 100.35 True: 101.42  1.06%  4.70
2024-02-26 100.20 True:  99.76 -0.45%  4.26
2024-02-27 100.18 True: 100.00 -0.18%  4.07
2024-02-28 100.21 True:  99.26 -0.95%  3.13
2024-02-29 100.21 True: 100.96  0.75%  3.88
2024-03-01 100.24 True: 102.43  2.18%  6.06
2024-03-04 100.20 True:  99.21 -0.99%  5.08
2024-03-05 100.09 True:  99.69 -0.41%  4.67
2024-03-06 100.22 True: 101.43  1.21%  5.88
2024-03-07 100.22 True:  98.28 -1.93%  3.95
2024-03-08 100.17 True:  98.28 -1.89%  2.06
2024-03-11 100.22 True:  98.67 -1.55%  0.51
2024-03-12 100.29 True: 101.78  1.48%  1.99
2024-03-13 100.23 True:  98.50 -1.72%  0.27
2024-03-14 100.19 True:  99.83 -0.36% -0.10
2024-03-15 100.18 True: 101.15  0.97%  0.87
2024-03-18 100.24 True: 101.53  1.29%  2.17
2024-03-20 100.44 True: 102.63  2.18%  4.34
2024-03-21 100.29 True: 100.95  0.66%  5.00
2024-03-22 100.13 True:  99.48 -0.64%  4.36
2024-03-25 100.17 True:  99.03 -1.14%  3.22
2024-03-26 100.21 True: 100.26  0.05%  3.27
2024-03-27 100.33 True: 100.38  0.05%  3.32
2024-03-28 100.23 True:  99.83 -0.39%  2.93
2024-04-01 100.16 True:  98.98 -1.18%  1.76
2024-04-02 100.11 True:  99.02 -1.09%  0.67
Average error: 0.99%
Min: -2.08 Max: 6.06 Mid: 1.99
Epoch: 500000 DATA_LEN: 41 FinalLSM: 0.00249
Norm: 33.78

2024-01-31 100.18 True: 100.65  0.47%  0.47
2024-02-01 100.36 True: 100.83  0.46%  0.94
2024-02-02 100.35 True: 100.64  0.28%  1.22
2024-02-05 100.21 True:  99.45 -0.77%  0.45
2024-02-06 100.30 True:  99.07 -1.23% -0.77
2024-02-07 100.32 True: 101.23  0.91%  0.13
2024-02-08 100.32 True: 101.72  1.40%  1.54
2024-02-12 100.30 True: 101.41  1.11%  2.64
2024-02-13 100.17 True: 100.49  0.32%  2.96
2024-02-14 100.31 True: 101.05  0.73%  3.69
2024-02-15 100.36 True: 101.54  1.18%  4.88
2024-02-16 100.25 True:  99.40 -0.84%  4.04
2024-02-20 100.26 True:  99.40 -0.86%  3.18
2024-02-21 100.30 True: 101.49  1.19%  4.37
2024-02-23 100.42 True: 101.42  1.00%  5.36
2024-02-26 100.27 True:  99.76 -0.51%  4.85
2024-02-27 100.25 True: 100.00 -0.25%  4.61
2024-02-28 100.28 True:  99.26 -1.01%  3.60
2024-02-29 100.28 True: 100.96  0.69%  4.28
2024-03-01 100.30 True: 102.43  2.12%  6.40
2024-03-04 100.26 True:  99.21 -1.05%  5.35
2024-03-05 100.16 True:  99.69 -0.47%  4.88
2024-03-06 100.28 True: 101.43  1.14%  6.02
2024-03-07 100.28 True:  98.28 -1.99%  4.02
2024-03-08 100.24 True:  98.28 -1.96%  2.07
2024-03-11 100.29 True:  98.67 -1.62%  0.45
2024-03-12 100.35 True: 101.78  1.42%  1.87
2024-03-13 100.29 True:  98.50 -1.78%  0.08
2024-03-14 100.25 True:  99.83 -0.43% -0.34
2024-03-15 100.24 True: 101.15  0.90%  0.56
2024-03-18 100.30 True: 101.53  1.23%  1.79
2024-03-20 100.50 True: 102.63  2.12%  3.91
2024-03-21 100.35 True: 100.95  0.59%  4.50
2024-03-22 100.19 True:  99.48 -0.71%  3.79
2024-03-25 100.24 True:  99.03 -1.20%  2.59
2024-03-26 100.27 True: 100.26 -0.01%  2.58
2024-03-27 100.39 True: 100.38 -0.01%  2.56
2024-03-28 100.29 True:  99.83 -0.46%  2.11
2024-04-01 100.22 True:  98.98 -1.24%  0.87
2024-04-02 100.17 True:  99.02 -1.15% -0.28
2024-04-03 100.27 True: 101.26  0.99%  0.70
Average error: 0.97%
Min: -0.77 Max: 6.40 Mid: 2.81
Epoch: 500000 DATA_LEN: 41 FinalLSM: 0.00240
Norm: 20.58

2024-02-01 100.36 True: 100.83  0.47%  0.47
2024-02-02 100.30 True: 100.64  0.34%  0.80
2024-02-05 100.06 True:  99.45 -0.62%  0.19
2024-02-06 100.24 True:  99.07 -1.17% -0.98
2024-02-07 100.27 True: 101.23  0.96% -0.03
2024-02-08 100.24 True: 101.72  1.48%  1.45
2024-02-12 100.23 True: 101.41  1.18%  2.63
2024-02-13  99.96 True: 100.49  0.53%  3.16
2024-02-14 100.26 True: 101.05  0.78%  3.94
2024-02-15 100.35 True: 101.54  1.19%  5.13
2024-02-16 100.13 True:  99.40 -0.72%  4.41
2024-02-20 100.16 True:  99.40 -0.76%  3.65
2024-02-21 100.22 True: 101.49  1.26%  4.91
2024-02-23 100.44 True: 101.42  0.97%  5.89
2024-02-26 100.17 True:  99.76 -0.41%  5.47
2024-02-27 100.14 True: 100.00 -0.14%  5.33
2024-02-28 100.19 True:  99.26 -0.92%  4.41
2024-02-29 100.20 True: 100.96  0.76%  5.18
2024-03-01 100.24 True: 102.43  2.18%  7.36
2024-03-04 100.15 True:  99.21 -0.94%  6.42
2024-03-05  99.97 True:  99.69 -0.29%  6.13
2024-03-06 100.22 True: 101.43  1.21%  7.34
2024-03-07 100.23 True:  98.28 -1.94%  5.40
2024-03-08 100.13 True:  98.28 -1.86%  3.54
2024-03-11 100.21 True:  98.67 -1.54%  2.00
2024-03-12 100.32 True: 101.78  1.45%  3.45
2024-03-13 100.21 True:  98.50 -1.71%  1.74
2024-03-14 100.14 True:  99.83 -0.31%  1.43
2024-03-15 100.11 True: 101.15  1.03%  2.46
2024-03-18 100.23 True: 101.53  1.30%  3.76
2024-03-20 100.57 True: 102.63  2.05%  5.81
2024-03-21 100.33 True: 100.95  0.62%  6.43
2024-03-22 100.04 True:  99.48 -0.55%  5.88
2024-03-25 100.11 True:  99.03 -1.08%  4.80
2024-03-26 100.18 True: 100.26  0.08%  4.88
2024-03-27 100.41 True: 100.38 -0.03%  4.85
2024-03-28 100.22 True:  99.83 -0.38%  4.47
2024-04-01 100.08 True:  98.98 -1.10%  3.37
2024-04-02  99.99 True:  99.02 -0.98%  2.40
2024-04-03 100.17 True: 101.26  1.08%  3.48
2024-04-04  99.91 True:  97.85 -2.07%  1.41
Average error: 0.99%
Min: -0.98 Max: 7.36 Mid: 3.19
Epoch: 500000 DATA_LEN: 41 FinalLSM: 0.00251
Norm: 28.72

2024-02-02 100.30 True: 100.64  0.34%  0.34
2024-02-05 100.06 True:  99.45 -0.62% -0.28
2024-02-06 100.24 True:  99.07 -1.16% -1.44
2024-02-07 100.27 True: 101.23  0.96% -0.48
2024-02-08 100.24 True: 101.72  1.48%  1.00
2024-02-12 100.22 True: 101.41  1.18%  2.18
2024-02-13  99.97 True: 100.49  0.52%  2.70
2024-02-14 100.26 True: 101.05  0.79%  3.49
2024-02-15 100.33 True: 101.54  1.21%  4.70
2024-02-16 100.12 True:  99.40 -0.72%  3.98
2024-02-20 100.15 True:  99.40 -0.75%  3.22
2024-02-21 100.22 True: 101.49  1.27%  4.49
2024-02-23 100.43 True: 101.42  0.98%  5.48
2024-02-26 100.16 True:  99.76 -0.41%  5.07
2024-02-27 100.14 True: 100.00 -0.14%  4.93
2024-02-28 100.18 True:  99.26 -0.92%  4.01
2024-02-29 100.19 True: 100.96  0.77%  4.79
2024-03-01 100.23 True: 102.43  2.19%  6.97
2024-03-04 100.15 True:  99.21 -0.94%  6.03
2024-03-05  99.98 True:  99.69 -0.29%  5.74
2024-03-06 100.21 True: 101.43  1.22%  6.96
2024-03-07 100.21 True:  98.28 -1.93%  5.03
2024-03-08 100.13 True:  98.28 -1.85%  3.18
2024-03-11 100.21 True:  98.67 -1.54%  1.65
2024-03-12 100.31 True: 101.78  1.46%  3.10
2024-03-13 100.21 True:  98.50 -1.70%  1.40
2024-03-14 100.14 True:  99.83 -0.31%  1.09
2024-03-15 100.12 True: 101.15  1.03%  2.12
2024-03-18 100.23 True: 101.53  1.30%  3.43
2024-03-20 100.56 True: 102.63  2.06%  5.49
2024-03-21 100.32 True: 100.95  0.63%  6.12
2024-03-22 100.04 True:  99.48 -0.55%  5.56
2024-03-25 100.11 True:  99.03 -1.08%  4.48
2024-03-26 100.18 True: 100.26  0.09%  4.57
2024-03-27 100.40 True: 100.38 -0.01%  4.55
2024-03-28 100.21 True:  99.83 -0.38%  4.18
2024-04-01 100.08 True:  98.98 -1.10%  3.08
2024-04-02  99.99 True:  99.02 -0.98%  2.10
2024-04-03 100.17 True: 101.26  1.09%  3.19
2024-04-04  99.92 True:  97.85 -2.07%  1.11
2024-04-05 100.34 True: 100.56  0.23%  1.34
Average error: 0.98%
Min: -1.44 Max: 6.97 Mid: 2.77
Epoch: 500000 DATA_LEN: 41 FinalLSM: 0.00251
Norm: 33.05

2024-02-05 100.06 True:  99.45 -0.61% -0.61
2024-02-06 100.23 True:  99.07 -1.16% -1.77
2024-02-07 100.26 True: 101.23  0.97% -0.80
2024-02-08 100.23 True: 101.72  1.49%  0.68
2024-02-12 100.22 True: 101.41  1.19%  1.87
2024-02-13  99.96 True: 100.49  0.53%  2.40
2024-02-14 100.25 True: 101.05  0.80%  3.19
2024-02-15 100.33 True: 101.54  1.21%  4.40
2024-02-16 100.12 True:  99.40 -0.72%  3.69
2024-02-20 100.15 True:  99.40 -0.75%  2.94
2024-02-21 100.21 True: 101.49  1.27%  4.21
2024-02-23 100.42 True: 101.42  0.99%  5.20
2024-02-26 100.16 True:  99.76 -0.40%  4.80
2024-02-27 100.13 True: 100.00 -0.13%  4.67
2024-02-28 100.18 True:  99.26 -0.91%  3.75
2024-02-29 100.19 True: 100.96  0.77%  4.53
2024-03-01 100.23 True: 102.43  2.19%  6.72
2024-03-04 100.15 True:  99.21 -0.94%  5.79
2024-03-05  99.98 True:  99.69 -0.29%  5.50
2024-03-06 100.20 True: 101.43  1.22%  6.72
2024-03-07 100.21 True:  98.28 -1.93%  4.79
2024-03-08 100.13 True:  98.28 -1.85%  2.94
2024-03-11 100.20 True:  98.67 -1.53%  1.41
2024-03-12 100.31 True: 101.78  1.47%  2.87
2024-03-13 100.20 True:  98.50 -1.70%  1.17
2024-03-14 100.13 True:  99.83 -0.31%  0.87
2024-03-15 100.11 True: 101.15  1.04%  1.91
2024-03-18 100.22 True: 101.53  1.31%  3.22
2024-03-20 100.54 True: 102.63  2.08%  5.29
2024-03-21 100.31 True: 100.95  0.63%  5.93
2024-03-22 100.03 True:  99.48 -0.55%  5.38
2024-03-25 100.11 True:  99.03 -1.07%  4.30
2024-03-26 100.17 True: 100.26  0.09%  4.39
2024-03-27 100.39 True: 100.38 -0.01%  4.38
2024-03-28 100.21 True:  99.83 -0.37%  4.01
2024-04-01 100.08 True:  98.98 -1.10%  2.91
2024-04-02  99.99 True:  99.02 -0.98%  1.94
2024-04-03 100.17 True: 101.26  1.09%  3.03
2024-04-04  99.92 True:  97.85 -2.07%  0.96
2024-04-05 100.33 True: 100.56  0.23%  1.19
2024-04-08 100.18 True: 100.27  0.09%  1.28
Average error: 0.98%
Min: -1.77 Max: 6.72 Mid: 2.47
Epoch: 500000 DATA_LEN: 41 FinalLSM: 0.00251
Norm: 35.91

2024-02-06 100.24 True:  99.07 -1.17% -1.17
2024-02-07 100.27 True: 101.23  0.96% -0.21
2024-02-08 100.25 True: 101.72  1.47%  1.25
2024-02-12 100.23 True: 101.41  1.17%  2.43
2024-02-13 100.01 True: 100.49  0.48%  2.91
2024-02-14 100.26 True: 101.05  0.78%  3.69
2024-02-15 100.33 True: 101.54  1.21%  4.90
2024-02-16 100.15 True:  99.40 -0.74%  4.15
2024-02-20 100.17 True:  99.40 -0.77%  3.38
2024-02-21 100.23 True: 101.49  1.26%  4.64
2024-02-23 100.42 True: 101.42  0.99%  5.63
2024-02-26 100.18 True:  99.76 -0.43%  5.21
2024-02-27 100.16 True: 100.00 -0.16%  5.05
2024-02-28 100.20 True:  99.26 -0.93%  4.12
2024-02-29 100.20 True: 100.96  0.76%  4.88
2024-03-01 100.24 True: 102.43  2.18%  7.06
2024-03-04 100.17 True:  99.21 -0.96%  6.10
2024-03-05 100.01 True:  99.69 -0.33%  5.77
2024-03-06 100.22 True: 101.43  1.21%  6.97
2024-03-07 100.22 True:  98.28 -1.94%  5.04
2024-03-08 100.15 True:  98.28 -1.87%  3.17
2024-03-11 100.22 True:  98.67 -1.55%  1.62
2024-03-12 100.32 True: 101.78  1.46%  3.08
2024-03-13 100.22 True:  98.50 -1.72%  1.36
2024-03-14 100.16 True:  99.83 -0.33%  1.03
2024-03-15 100.14 True: 101.15  1.01%  2.04
2024-03-18 100.24 True: 101.53  1.29%  3.33
2024-03-20 100.54 True: 102.63  2.08%  5.41
2024-03-21 100.32 True: 100.95  0.63%  6.04
2024-03-22 100.07 True:  99.48 -0.58%  5.46
2024-03-25 100.13 True:  99.03 -1.10%  4.35
2024-03-26 100.19 True: 100.26  0.07%  4.42
2024-03-27 100.39 True: 100.38 -0.01%  4.42
2024-03-28 100.22 True:  99.83 -0.39%  4.03
2024-04-01 100.11 True:  98.98 -1.13%  2.90
2024-04-02 100.03 True:  99.02 -1.01%  1.89
2024-04-03 100.19 True: 101.26  1.07%  2.96
2024-04-04  99.96 True:  97.85 -2.11%  0.84
2024-04-05 100.34 True: 100.56  0.23%  1.07
2024-04-08 100.20 True: 100.27  0.07%  1.14
2024-04-09 100.20 True: 100.27  0.07%  1.20
Average error: 0.97%
Min: -1.17 Max: 7.06 Mid: 2.94
Epoch: 500000 DATA_LEN: 41 FinalLSM: 0.00251
Norm: 28.88

2024-02-07 100.28 True: 101.23  0.95%  0.95
2024-02-08 100.22 True: 101.72  1.50%  2.45
2024-02-12 100.23 True: 101.41  1.17%  3.62
2024-02-13  99.85 True: 100.49  0.64%  4.26
2024-02-14 100.28 True: 101.05  0.77%  5.02
2024-02-15 100.39 True: 101.54  1.14%  6.17
2024-02-16 100.10 True:  99.40 -0.70%  5.47
2024-02-20 100.15 True:  99.40 -0.75%  4.72
2024-02-21 100.22 True: 101.49  1.27%  5.99
2024-02-23 100.49 True: 101.42  0.93%  6.91
2024-02-26 100.15 True:  99.76 -0.40%  6.52
2024-02-27 100.13 True: 100.00 -0.13%  6.38
2024-02-28 100.18 True:  99.26 -0.91%  5.47
2024-02-29 100.22 True: 100.96  0.75%  6.22
2024-03-01 100.24 True: 102.43  2.18%  8.40
2024-03-04 100.13 True:  99.21 -0.92%  7.48
2024-03-05  99.94 True:  99.69 -0.25%  7.23
2024-03-06 100.24 True: 101.43  1.19%  8.42
2024-03-07 100.27 True:  98.28 -1.98%  6.44
2024-03-08 100.15 True:  98.28 -1.87%  4.57
2024-03-11 100.22 True:  98.67 -1.55%  3.02
2024-03-12 100.33 True: 101.78  1.44%  4.47
2024-03-13 100.21 True:  98.50 -1.71%  2.76
2024-03-14 100.11 True:  99.83 -0.28%  2.48
2024-03-15 100.07 True: 101.15  1.08%  3.56
2024-03-18 100.23 True: 101.53  1.29%  4.85
2024-03-20 100.59 True: 102.63  2.03%  6.88
2024-03-21 100.34 True: 100.95  0.60%  7.48
2024-03-22 100.00 True:  99.48 -0.52%  6.96
2024-03-25 100.09 True:  99.03 -1.06%  5.90
2024-03-26 100.17 True: 100.26  0.09%  5.99
2024-03-27 100.46 True: 100.38 -0.08%  5.92
2024-03-28 100.22 True:  99.83 -0.38%  5.53
2024-04-01 100.04 True:  98.98 -1.06%  4.47
2024-04-02  99.94 True:  99.02 -0.93%  3.54
2024-04-03 100.16 True: 101.26  1.09%  4.64
2024-04-04  99.85 True:  97.85 -2.01%  2.63
2024-04-05 100.37 True: 100.56  0.19%  2.82
2024-04-08 100.18 True: 100.27  0.08%  2.90
2024-04-09 100.18 True: 100.27  0.08%  2.99
2024-04-10  99.92 True:  98.65 -1.28%  1.71
Average error: 0.96%
Min: 0.95 Max: 8.42 Mid: 4.68
Epoch: 500000 DATA_LEN: 41 FinalLSM: 0.00246
Norm: 10.18

2024-02-08 100.24 True: 101.72  1.48%  1.48
2024-02-12 100.25 True: 101.41  1.16%  2.64
2024-02-13  99.90 True: 100.49  0.59%  3.23
2024-02-14 100.29 True: 101.05  0.75%  3.98
2024-02-15 100.40 True: 101.54  1.14%  5.12
2024-02-16 100.13 True:  99.40 -0.72%  4.40
2024-02-20 100.17 True:  99.40 -0.77%  3.63
2024-02-21 100.24 True: 101.49  1.25%  4.88
2024-02-23 100.49 True: 101.42  0.93%  5.80
2024-02-26 100.17 True:  99.76 -0.42%  5.39
2024-02-27 100.15 True: 100.00 -0.15%  5.23
2024-02-28 100.20 True:  99.26 -0.93%  4.30
2024-02-29 100.23 True: 100.96  0.73%  5.03
2024-03-01 100.26 True: 102.43  2.16%  7.19
2024-03-04 100.15 True:  99.21 -0.94%  6.25
2024-03-05  99.97 True:  99.69 -0.29%  5.97
2024-03-06 100.25 True: 101.43  1.17%  7.14
2024-03-07 100.28 True:  98.28 -1.99%  5.15
2024-03-08 100.17 True:  98.28 -1.89%  3.26
2024-03-11 100.23 True:  98.67 -1.56%  1.70
2024-03-12 100.34 True: 101.78  1.43%  3.13
2024-03-13 100.23 True:  98.50 -1.73%  1.41
2024-03-14 100.13 True:  99.83 -0.30%  1.10
2024-03-15 100.10 True: 101.15  1.05%  2.15
2024-03-18 100.25 True: 101.53  1.28%  3.43
2024-03-20 100.58 True: 102.63  2.03%  5.46
2024-03-21 100.35 True: 100.95  0.59%  6.06
2024-03-22 100.04 True:  99.48 -0.55%  5.51
2024-03-25 100.12 True:  99.03 -1.08%  4.42
2024-03-26 100.19 True: 100.26  0.07%  4.49
2024-03-27 100.46 True: 100.38 -0.08%  4.41
2024-03-28 100.23 True:  99.83 -0.40%  4.02
2024-04-01 100.07 True:  98.98 -1.09%  2.92
2024-04-02  99.98 True:  99.02 -0.96%  1.96
2024-04-03 100.18 True: 101.26  1.07%  3.03
2024-04-04  99.90 True:  97.85 -2.05%  0.98
2024-04-05 100.38 True: 100.56  0.19%  1.17
2024-04-08 100.20 True: 100.27  0.07%  1.23
2024-04-09 100.20 True: 100.27  0.06%  1.30
2024-04-10  99.96 True:  98.65 -1.32% -0.02
2024-04-11 100.21 True: 101.69  1.48%  1.46
Average error: 0.97%
Min: -0.02 Max: 7.19 Mid: 3.59
Epoch: 500000 DATA_LEN: 41 FinalLSM: 0.00254
Norm: 20.54

2024-02-12 100.19 True: 101.41  1.22%  1.22
2024-02-13  99.62 True: 100.49  0.87%  2.08
2024-02-14 100.26 True: 101.05  0.79%  2.87
2024-02-15 100.42 True: 101.54  1.12%  3.99
2024-02-16 100.00 True:  99.40 -0.60%  3.39
2024-02-20 100.08 True:  99.40 -0.68%  2.71
2024-02-21 100.16 True: 101.49  1.32%  4.03
2024-02-23 100.53 True: 101.42  0.89%  4.92
2024-02-26 100.07 True:  99.76 -0.32%  4.60
2024-02-27 100.05 True: 100.00 -0.05%  4.55
2024-02-28 100.11 True:  99.26 -0.84%  3.71
2024-02-29 100.18 True: 100.96  0.78%  4.49
2024-03-01 100.20 True: 102.43  2.22%  6.71
2024-03-04 100.04 True:  99.21 -0.83%  5.88
2024-03-05  99.79 True:  99.69 -0.10%  5.78
2024-03-06 100.21 True: 101.43  1.22%  7.00
2024-03-07 100.26 True:  98.28 -1.98%  5.02
2024-03-08 100.09 True:  98.28 -1.82%  3.21
2024-03-11 100.17 True:  98.67 -1.50%  1.70
2024-03-12 100.30 True: 101.78  1.47%  3.17
2024-03-13 100.16 True:  98.50 -1.66%  1.52
2024-03-14 100.00 True:  99.83 -0.18%  1.34
2024-03-15  99.95 True: 101.15  1.20%  2.54
2024-03-18 100.19 True: 101.53  1.34%  3.88
2024-03-20 100.63 True: 102.63  1.99%  5.87
2024-03-21 100.33 True: 100.95  0.61%  6.48
2024-03-22  99.88 True:  99.48 -0.39%  6.09
2024-03-25  99.99 True:  99.03 -0.96%  5.12
2024-03-26 100.10 True: 100.26  0.16%  5.29
2024-03-27 100.50 True: 100.38 -0.12%  5.17
2024-03-28 100.17 True:  99.83 -0.33%  4.84
2024-04-01  99.92 True:  98.98 -0.94%  3.89
2024-04-02  99.79 True:  99.02 -0.77%  3.12
2024-04-03 100.09 True: 101.26  1.17%  4.29
2024-04-04  99.67 True:  97.85 -1.83%  2.46
2024-04-05 100.37 True: 100.56  0.19%  2.65
2024-04-08 100.12 True: 100.27  0.15%  2.80
2024-04-09 100.12 True: 100.27  0.14%  2.95
2024-04-10  99.72 True:  98.65 -1.08%  1.87
2024-04-11 100.13 True: 101.69  1.56%  3.43
2024-04-12  99.70 True:  98.26 -1.44%  1.99
Average error: 0.95%
Min: 1.22 Max: 7.00 Mid: 4.11
Epoch: 500000 DATA_LEN: 41 FinalLSM: 0.00244
Norm: 13.33

2024-02-13  99.51 True: 100.49  0.98%  0.98
2024-02-14 100.23 True: 101.05  0.82%  1.80
2024-02-15 100.41 True: 101.54  1.13%  2.93
2024-02-16  99.94 True:  99.40 -0.54%  2.39
2024-02-20 100.03 True:  99.40 -0.63%  1.76
2024-02-21 100.12 True: 101.49  1.37%  3.13
2024-02-23 100.52 True: 101.42  0.90%  4.02
2024-02-26 100.02 True:  99.76 -0.27%  3.76
2024-02-27 100.00 True: 100.00 -0.00%  3.75
2024-02-28 100.06 True:  99.26 -0.79%  2.96
2024-02-29 100.15 True: 100.96  0.82%  3.77
2024-03-01 100.16 True: 102.43  2.26%  6.03
2024-03-04  99.98 True:  99.21 -0.77%  5.26
2024-03-05  99.71 True:  99.69 -0.02%  5.24
2024-03-06 100.17 True: 101.43  1.25%  6.49
2024-03-07 100.24 True:  98.28 -1.95%  4.54
2024-03-08 100.05 True:  98.28 -1.77%  2.76
2024-03-11 100.13 True:  98.67 -1.46%  1.30
2024-03-12 100.27 True: 101.78  1.50%  2.80
2024-03-13 100.12 True:  98.50 -1.61%  1.19
2024-03-14  99.94 True:  99.83 -0.11%  1.07
2024-03-15  99.88 True: 101.15  1.27%  2.34
2024-03-18 100.15 True: 101.53  1.38%  3.72
2024-03-20 100.62 True: 102.63  2.00%  5.72
2024-03-21 100.31 True: 100.95  0.64%  6.36
2024-03-22  99.81 True:  99.48 -0.32%  6.04
2024-03-25  99.94 True:  99.03 -0.90%  5.13
2024-03-26 100.05 True: 100.26  0.21%  5.35
2024-03-27 100.49 True: 100.38 -0.11%  5.24
2024-03-28 100.13 True:  99.83 -0.29%  4.95
2024-04-01  99.85 True:  98.98 -0.88%  4.07
2024-04-02  99.71 True:  99.02 -0.70%  3.37
2024-04-03 100.04 True: 101.26  1.22%  4.59
2024-04-04  99.58 True:  97.85 -1.74%  2.86
2024-04-05 100.34 True: 100.56  0.22%  3.07
2024-04-08 100.07 True: 100.27  0.20%  3.27
2024-04-09 100.08 True: 100.27  0.19%  3.46
2024-04-10  99.63 True:  98.65 -0.98%  2.48
2024-04-11 100.08 True: 101.69  1.61%  4.09
2024-04-12  99.61 True:  98.26 -1.35%  2.73
2024-04-15  99.81 True:  99.12 -0.70%  2.04
Average error: 0.92%
Min: 0.98 Max: 6.49 Mid: 3.74
Epoch: 500000 DATA_LEN: 41 FinalLSM: 0.00236
Norm: 19.19

2024-02-14 100.22 True: 101.05  0.82%  0.82
2024-02-15 100.44 True: 101.54  1.10%  1.93
2024-02-16  99.88 True:  99.40 -0.48%  1.44
2024-02-20  99.99 True:  99.40 -0.60%  0.85
2024-02-21 100.09 True: 101.49  1.39%  2.24
2024-02-23 100.55 True: 101.42  0.86%  3.10
2024-02-26  99.98 True:  99.76 -0.22%  2.88
2024-02-27  99.96 True: 100.00  0.04%  2.91
2024-02-28 100.02 True:  99.26 -0.76%  2.16
2024-02-29 100.14 True: 100.96  0.82%  2.98
2024-03-01 100.15 True: 102.43  2.28%  5.26
2024-03-04  99.93 True:  99.21 -0.72%  4.54
2024-03-05  99.62 True:  99.69  0.07%  4.61
2024-03-06 100.17 True: 101.43  1.26%  5.86
2024-03-07 100.26 True:  98.28 -1.97%  3.90
2024-03-08 100.03 True:  98.28 -1.76%  2.14
2024-03-11 100.11 True:  98.67 -1.44%  0.70
2024-03-12 100.26 True: 101.78  1.51%  2.21
2024-03-13 100.09 True:  98.50 -1.59%  0.62
2024-03-14  99.88 True:  99.83 -0.05%  0.57
2024-03-15  99.81 True: 101.15  1.35%  1.91
2024-03-18 100.13 True: 101.53  1.40%  3.31
2024-03-20 100.65 True: 102.63  1.97%  5.28
2024-03-21 100.31 True: 100.95  0.64%  5.92
2024-03-22  99.73 True:  99.48 -0.25%  5.67
2024-03-25  99.88 True:  99.03 -0.85%  4.82
2024-03-26 100.01 True: 100.26  0.25%  5.07
2024-03-27 100.53 True: 100.38 -0.14%  4.93
2024-03-28 100.10 True:  99.83 -0.27%  4.66
2024-04-01  99.78 True:  98.98 -0.80%  3.86
2024-04-02  99.61 True:  99.02 -0.60%  3.25
2024-04-03 100.00 True: 101.26  1.26%  4.51
2024-04-04  99.46 True:  97.85 -1.62%  2.89
2024-04-05 100.35 True: 100.56  0.21%  3.10
2024-04-08 100.04 True: 100.27  0.23%  3.33
2024-04-09 100.05 True: 100.27  0.22%  3.55
2024-04-10  99.49 True:  98.65 -0.85%  2.70
2024-04-11 100.05 True: 101.69  1.64%  4.35
2024-04-12  99.50 True:  98.26 -1.24%  3.11
2024-04-15  99.72 True:  99.12 -0.60%  2.50
2024-04-16 100.10 True:  99.85 -0.25%  2.25
Average error: 0.89%
Min: 0.57 Max: 5.92 Mid: 3.25
Epoch: 500000 DATA_LEN: 41 FinalLSM: 0.00226
Norm: 31.45

2024-02-15 100.36 True: 101.54  1.18%  1.18
2024-02-16  99.81 True:  99.40 -0.40%  0.78
2024-02-20  99.91 True:  99.40 -0.51%  0.26
2024-02-21 100.02 True: 101.49  1.47%  1.73
2024-02-23 100.48 True: 101.42  0.93%  2.66
2024-02-26  99.90 True:  99.76 -0.15%  2.51
2024-02-27  99.88 True: 100.00  0.12%  2.63
2024-02-28  99.94 True:  99.26 -0.68%  1.95
2024-02-29 100.05 True: 100.96  0.91%  2.86
2024-03-01 100.07 True: 102.43  2.35%  5.22
2024-03-04  99.85 True:  99.21 -0.64%  4.57
2024-03-05  99.53 True:  99.69  0.16%  4.73
2024-03-06 100.08 True: 101.43  1.34%  6.08
2024-03-07 100.16 True:  98.28 -1.88%  4.20
2024-03-08  99.94 True:  98.28 -1.67%  2.53
2024-03-11 100.03 True:  98.67 -1.36%  1.17
2024-03-12 100.20 True: 101.78  1.58%  2.74
2024-03-13 100.01 True:  98.50 -1.51%  1.23
2024-03-14  99.80 True:  99.83  0.02%  1.25
2024-03-15  99.73 True: 101.15  1.42%  2.68
2024-03-18 100.05 True: 101.53  1.48%  4.15
2024-03-20 100.60 True: 102.63  2.02%  6.17
2024-03-21 100.24 True: 100.95  0.71%  6.88
2024-03-22  99.64 True:  99.48 -0.16%  6.72
2024-03-25  99.80 True:  99.03 -0.77%  5.95
2024-03-26  99.94 True: 100.26  0.33%  6.27
2024-03-27 100.45 True: 100.38 -0.07%  6.20
2024-03-28 100.02 True:  99.83 -0.19%  6.01
2024-04-01  99.70 True:  98.98 -0.72%  5.29
2024-04-02  99.53 True:  99.02 -0.51%  4.77
2024-04-03  99.93 True: 101.26  1.34%  6.11
2024-04-04  99.36 True:  97.85 -1.53%  4.58
2024-04-05 100.28 True: 100.56  0.28%  4.86
2024-04-08  99.96 True: 100.27  0.31%  5.17
2024-04-09  99.97 True: 100.27  0.30%  5.47
2024-04-10  99.42 True:  98.65 -0.78%  4.69
2024-04-11  99.97 True: 101.69  1.72%  6.41
2024-04-12  99.41 True:  98.26 -1.15%  5.26
2024-04-15  99.65 True:  99.12 -0.53%  4.73
2024-04-16 100.03 True:  99.85 -0.18%  4.55
2024-04-17  99.94 True:  97.77 -2.17%  2.38
Average error: 0.92%
Min: 0.26 Max: 6.88 Mid: 3.57
Epoch: 500000 DATA_LEN: 41 FinalLSM: 0.00245
Norm: 31.98

2024-02-16  99.80 True:  99.40 -0.40% -0.40
2024-02-20  99.88 True:  99.40 -0.49% -0.89
2024-02-21  99.98 True: 101.49  1.51%  0.62
2024-02-23 100.37 True: 101.42  1.04%  1.66
2024-02-26  99.88 True:  99.76 -0.13%  1.54
2024-02-27  99.85 True: 100.00  0.15%  1.68
2024-02-28  99.92 True:  99.26 -0.65%  1.03
2024-02-29  99.99 True: 100.96  0.97%  2.00
2024-03-01 100.02 True: 102.43  2.41%  4.40
2024-03-04  99.84 True:  99.21 -0.63%  3.77
2024-03-05  99.56 True:  99.69  0.13%  3.90
2024-03-06 100.02 True: 101.43  1.41%  5.31
2024-03-07 100.08 True:  98.28 -1.79%  3.51
2024-03-08  99.89 True:  98.28 -1.62%  1.89
2024-03-11  99.98 True:  98.67 -1.32%  0.58
2024-03-12 100.14 True: 101.78  1.64%  2.22
2024-03-13  99.97 True:  98.50 -1.47%  0.74
2024-03-14  99.80 True:  99.83  0.02%  0.76
2024-03-15  99.75 True: 101.15  1.40%  2.17
2024-03-18 100.01 True: 101.53  1.53%  3.70
2024-03-20 100.50 True: 102.63  2.12%  5.81
2024-03-21 100.17 True: 100.95  0.78%  6.60
2024-03-22  99.66 True:  99.48 -0.18%  6.42
2024-03-25  99.79 True:  99.03 -0.76%  5.66
2024-03-26  99.91 True: 100.26  0.35%  6.01
2024-03-27 100.34 True: 100.38  0.04%  6.05
2024-03-28  99.98 True:  99.83 -0.15%  5.90
2024-04-01  99.71 True:  98.98 -0.74%  5.16
2024-04-02  99.57 True:  99.02 -0.55%  4.61
2024-04-03  99.90 True: 101.26  1.36%  5.98
2024-04-04  99.43 True:  97.85 -1.59%  4.39
2024-04-05 100.20 True: 100.56  0.36%  4.74
2024-04-08  99.93 True: 100.27  0.34%  5.08
2024-04-09  99.93 True: 100.27  0.33%  5.42
2024-04-10  99.51 True:  98.65 -0.86%  4.55
2024-04-11  99.94 True: 101.69  1.76%  6.31
2024-04-12  99.47 True:  98.26 -1.21%  5.10
2024-04-15  99.68 True:  99.12 -0.57%  4.53
2024-04-16  99.99 True:  99.85 -0.14%  4.39
2024-04-17  99.90 True:  97.77 -2.14%  2.25
2024-04-18  99.96 True:  99.70 -0.26%  1.99
Average error: 0.91%
Min: -0.89 Max: 6.60 Mid: 2.86
Epoch: 500000 DATA_LEN: 41 FinalLSM: 0.00246
Norm: 38.48

2024-02-20  99.86 True:  99.40 -0.47% -0.47
2024-02-21  99.95 True: 101.49  1.54%  1.07
2024-02-23 100.31 True: 101.42  1.11%  2.18
2024-02-26  99.86 True:  99.76 -0.11%  2.07
2024-02-27  99.84 True: 100.00  0.16%  2.23
2024-02-28  99.89 True:  99.26 -0.63%  1.60
2024-02-29  99.96 True: 100.96  1.01%  2.61
2024-03-01  99.99 True: 102.43  2.44%  5.05
2024-03-04  99.83 True:  99.21 -0.62%  4.42
2024-03-05  99.57 True:  99.69  0.11%  4.53
2024-03-06  99.98 True: 101.43  1.45%  5.98
2024-03-07 100.03 True:  98.28 -1.75%  4.24
2024-03-08  99.87 True:  98.28 -1.59%  2.64
2024-03-11  99.95 True:  98.67 -1.29%  1.36
2024-03-12 100.09 True: 101.78  1.68%  3.04
2024-03-13  99.94 True:  98.50 -1.45%  1.59
2024-03-14  99.80 True:  99.83  0.03%  1.62
2024-03-15  99.75 True: 101.15  1.40%  3.02
2024-03-18  99.97 True: 101.53  1.56%  4.58
2024-03-20 100.43 True: 102.63  2.19%  6.77
2024-03-21 100.12 True: 100.95  0.83%  7.60
2024-03-22  99.67 True:  99.48 -0.18%  7.42
2024-03-25  99.78 True:  99.03 -0.75%  6.66
2024-03-26  99.89 True: 100.26  0.37%  7.04
2024-03-27 100.27 True: 100.38  0.11%  7.14
2024-03-28  99.95 True:  99.83 -0.12%  7.02
2024-04-01  99.72 True:  98.98 -0.74%  6.28
2024-04-02  99.58 True:  99.02 -0.57%  5.71
2024-04-03  99.88 True: 101.26  1.38%  7.10
2024-04-04  99.46 True:  97.85 -1.62%  5.47
2024-04-05 100.15 True: 100.56  0.41%  5.88
2024-04-08  99.90 True: 100.27  0.36%  6.25
2024-04-09  99.91 True: 100.27  0.36%  6.60
2024-04-10  99.54 True:  98.65 -0.90%  5.70
2024-04-11  99.91 True: 101.69  1.78%  7.48
2024-04-12  99.50 True:  98.26 -1.24%  6.24
2024-04-15  99.69 True:  99.12 -0.58%  5.66
2024-04-16  99.96 True:  99.85 -0.11%  5.55
2024-04-17  99.88 True:  97.77 -2.11%  3.44
2024-04-18  99.93 True:  99.70 -0.24%  3.20
2024-04-19 100.09 True:  98.80 -1.28%  1.92
Average error: 0.94%
Min: -0.47 Max: 7.60 Mid: 3.57
Epoch: 500000 DATA_LEN: 41 FinalLSM: 0.00258
Norm: 29.59

2024-02-21 100.00 True: 101.49  1.49%  1.49
2024-02-23 100.39 True: 101.42  1.02%  2.51
2024-02-26  99.90 True:  99.76 -0.15%  2.36
2024-02-27  99.88 True: 100.00  0.12%  2.48
2024-02-28  99.94 True:  99.26 -0.68%  1.81
2024-02-29 100.01 True: 100.96  0.95%  2.76
2024-03-01 100.04 True: 102.43  2.39%  5.15
2024-03-04  99.87 True:  99.21 -0.66%  4.49
2024-03-05  99.59 True:  99.69  0.10%  4.59
2024-03-06 100.04 True: 101.43  1.39%  5.98
2024-03-07 100.09 True:  98.28 -1.81%  4.17
2024-03-08  99.91 True:  98.28 -1.64%  2.53
2024-03-11 100.00 True:  98.67 -1.34%  1.19
2024-03-12 100.16 True: 101.78  1.62%  2.81
2024-03-13  99.99 True:  98.50 -1.49%  1.32
2024-03-14  99.83 True:  99.83 -0.00%  1.31
2024-03-15  99.78 True: 101.15  1.38%  2.69
2024-03-18 100.03 True: 101.53  1.51%  4.20
2024-03-20 100.51 True: 102.63  2.10%  6.30
2024-03-21 100.18 True: 100.95  0.76%  7.06
2024-03-22  99.69 True:  99.48 -0.20%  6.86
2024-03-25  99.82 True:  99.03 -0.79%  6.07
2024-03-26  99.93 True: 100.26  0.33%  6.41
2024-03-27 100.36 True: 100.38  0.02%  6.43
2024-03-28 100.00 True:  99.83 -0.17%  6.26
2024-04-01  99.74 True:  98.98 -0.76%  5.50
2024-04-02  99.59 True:  99.02 -0.58%  4.92
2024-04-03  99.92 True: 101.26  1.34%  6.26
2024-04-04  99.46 True:  97.85 -1.62%  4.64
2024-04-05 100.22 True: 100.56  0.34%  4.98
2024-04-08  99.95 True: 100.27  0.32%  5.30
2024-04-09  99.95 True: 100.27  0.31%  5.61
2024-04-10  99.54 True:  98.65 -0.90%  4.71
2024-04-11  99.96 True: 101.69  1.73%  6.45
2024-04-12  99.50 True:  98.26 -1.24%  5.21
2024-04-15  99.71 True:  99.12 -0.60%  4.61
2024-04-16 100.01 True:  99.85 -0.16%  4.45
2024-04-17  99.92 True:  97.77 -2.16%  2.29
2024-04-18  99.98 True:  99.70 -0.28%  2.01
2024-04-19 100.15 True:  98.80 -1.34%  0.67
2024-04-22 100.18 True: 101.57  1.39%  2.05
Average error: 0.96%
Min: 0.67 Max: 7.06 Mid: 3.87
Epoch: 500000 DATA_LEN: 41 FinalLSM: 0.00262
Norm: 21.67

2024-02-23 100.39 True: 101.42  1.02%  1.02
2024-02-26  99.88 True:  99.76 -0.12%  0.90
2024-02-27  99.85 True: 100.00  0.15%  1.05
2024-02-28  99.91 True:  99.26 -0.65%  0.40
2024-02-29 100.00 True: 100.96  0.97%  1.37
2024-03-01 100.02 True: 102.43  2.40%  3.77
2024-03-04  99.84 True:  99.21 -0.63%  3.14
2024-03-05  99.55 True:  99.69  0.14%  3.28
2024-03-06 100.02 True: 101.43  1.40%  4.69
2024-03-07 100.09 True:  98.28 -1.80%  2.88
2024-03-08  99.89 True:  98.28 -1.62%  1.27
2024-03-11  99.99 True:  98.67 -1.32% -0.05
2024-03-12 100.14 True: 101.78  1.63%  1.58
2024-03-13  99.97 True:  98.50 -1.47%  0.11
2024-03-14  99.80 True:  99.83  0.03%  0.13
2024-03-15  99.74 True: 101.15  1.41%  1.55
2024-03-18 100.01 True: 101.53  1.52%  3.07
2024-03-20 100.51 True: 102.63  2.11%  5.18
2024-03-21 100.17 True: 100.95  0.78%  5.95
2024-03-22  99.65 True:  99.48 -0.17%  5.79
2024-03-25  99.79 True:  99.03 -0.76%  5.03
2024-03-26  99.91 True: 100.26  0.36%  5.39
2024-03-27 100.36 True: 100.38  0.03%  5.41
2024-03-28  99.98 True:  99.83 -0.15%  5.26
2024-04-01  99.71 True:  98.98 -0.73%  4.53
2024-04-02  99.55 True:  99.02 -0.54%  4.00
2024-04-03  99.90 True: 101.26  1.36%  5.36
2024-04-04  99.41 True:  97.85 -1.57%  3.79
2024-04-05 100.21 True: 100.56  0.35%  4.14
2024-04-08  99.93 True: 100.27  0.34%  4.48
2024-04-09  99.93 True: 100.27  0.33%  4.81
2024-04-10  99.49 True:  98.65 -0.84%  3.97
2024-04-11  99.94 True: 101.69  1.76%  5.73
2024-04-12  99.45 True:  98.26 -1.20%  4.53
2024-04-15  99.67 True:  99.12 -0.56%  3.98
2024-04-16  99.99 True:  99.85 -0.14%  3.83
2024-04-17  99.90 True:  97.77 -2.13%  1.70
2024-04-18  99.96 True:  99.70 -0.26%  1.44
2024-04-19 100.14 True:  98.80 -1.33%  0.11
2024-04-22 100.17 True: 101.57  1.40%  1.51
2024-04-23 100.18 True: 100.61  0.43%  1.93
Average error: 0.92%
Min: -0.05 Max: 5.95 Mid: 2.95
Epoch: 500000 DATA_LEN: 41 FinalLSM: 0.00251
Norm: 33.05

2024-02-26  99.86 True:  99.76 -0.11% -0.11
2024-02-27  99.84 True: 100.00  0.16%  0.05
2024-02-28  99.89 True:  99.26 -0.63% -0.58
2024-02-29  99.95 True: 100.96  1.01%  0.43
2024-03-01  99.98 True: 102.43  2.45%  2.87
2024-03-04  99.84 True:  99.21 -0.63%  2.25
2024-03-05  99.60 True:  99.69  0.09%  2.34
2024-03-06  99.98 True: 101.43  1.45%  3.79
2024-03-07 100.02 True:  98.28 -1.74%  2.05
2024-03-08  99.87 True:  98.28 -1.59%  0.46
2024-03-11  99.95 True:  98.67 -1.28% -0.83
2024-03-12 100.08 True: 101.78  1.70%  0.87
2024-03-13  99.94 True:  98.50 -1.44% -0.57
2024-03-14  99.80 True:  99.83  0.02% -0.55
2024-03-15  99.76 True: 101.15  1.39%  0.84
2024-03-18  99.97 True: 101.53  1.56%  2.41
2024-03-20 100.39 True: 102.63  2.23%  4.63
2024-03-21 100.10 True: 100.95  0.85%  5.48
2024-03-22  99.68 True:  99.48 -0.20%  5.28
2024-03-25  99.79 True:  99.03 -0.76%  4.52
2024-03-26  99.89 True: 100.26  0.37%  4.89
2024-03-27 100.25 True: 100.38  0.13%  5.02
2024-03-28  99.95 True:  99.83 -0.11%  4.91
2024-04-01  99.73 True:  98.98 -0.75%  4.15
2024-04-02  99.61 True:  99.02 -0.59%  3.56
2024-04-03  99.88 True: 101.26  1.38%  4.94
2024-04-04  99.49 True:  97.85 -1.65%  3.29
2024-04-05 100.13 True: 100.56  0.43%  3.72
2024-04-08  99.90 True: 100.27  0.36%  4.08
2024-04-09  99.91 True: 100.27  0.36%  4.44
2024-04-10  99.57 True:  98.65 -0.92%  3.52
2024-04-11  99.91 True: 101.69  1.78%  5.30
2024-04-12  99.53 True:  98.26 -1.27%  4.03
2024-04-15  99.71 True:  99.12 -0.59%  3.44
2024-04-16  99.96 True:  99.85 -0.11%  3.33
2024-04-17  99.88 True:  97.77 -2.11%  1.21
2024-04-18  99.93 True:  99.70 -0.23%  0.98
2024-04-19 100.07 True:  98.80 -1.27% -0.29
2024-04-22 100.10 True: 101.57  1.47%  1.18
2024-04-23 100.11 True: 100.61  0.50%  1.68
2024-04-24  99.88 True:  99.70 -0.18%  1.50
Average error: 0.92%
Min: -0.83 Max: 5.48 Mid: 2.32
Epoch: 500000 DATA_LEN: 41 FinalLSM: 0.00254
Norm: 36.97

2024-02-27  99.85 True: 100.00  0.16%  0.16
2024-02-28  99.90 True:  99.26 -0.64% -0.48
2024-02-29  99.96 True: 100.96  1.01%  0.52
2024-03-01  99.99 True: 102.43  2.44%  2.97
2024-03-04  99.84 True:  99.21 -0.63%  2.34
2024-03-05  99.60 True:  99.69  0.09%  2.43
2024-03-06  99.98 True: 101.43  1.45%  3.87
2024-03-07 100.03 True:  98.28 -1.74%  2.13
2024-03-08  99.87 True:  98.28 -1.60%  0.53
2024-03-11  99.95 True:  98.67 -1.29% -0.76
2024-03-12 100.09 True: 101.78  1.69%  0.93
2024-03-13  99.95 True:  98.50 -1.45% -0.52
2024-03-14  99.81 True:  99.83  0.02% -0.50
2024-03-15  99.76 True: 101.15  1.39%  0.89
2024-03-18  99.97 True: 101.53  1.56%  2.45
2024-03-20 100.41 True: 102.63  2.21%  4.67
2024-03-21 100.11 True: 100.95  0.84%  5.51
2024-03-22  99.68 True:  99.48 -0.20%  5.30
2024-03-25  99.79 True:  99.03 -0.76%  4.54
2024-03-26  99.89 True: 100.26  0.37%  4.91
2024-03-27 100.26 True: 100.38  0.12%  5.03
2024-03-28  99.95 True:  99.83 -0.12%  4.91
2024-04-01  99.73 True:  98.98 -0.75%  4.16
2024-04-02  99.61 True:  99.02 -0.59%  3.57
2024-04-03  99.88 True: 101.26  1.38%  4.95
2024-04-04  99.49 True:  97.85 -1.65%  3.30
2024-04-05 100.14 True: 100.56  0.42%  3.72
2024-04-08  99.91 True: 100.27  0.36%  4.08
2024-04-09  99.91 True: 100.27  0.36%  4.43
2024-04-10  99.56 True:  98.65 -0.92%  3.51
2024-04-11  99.91 True: 101.69  1.78%  5.29
2024-04-12  99.53 True:  98.26 -1.27%  4.02
2024-04-15  99.71 True:  99.12 -0.59%  3.43
2024-04-16  99.96 True:  99.85 -0.11%  3.31
2024-04-17  99.88 True:  97.77 -2.12%  1.20
2024-04-18  99.93 True:  99.70 -0.24%  0.96
2024-04-19 100.08 True:  98.80 -1.27% -0.31
2024-04-22 100.11 True: 101.57  1.46%  1.15
2024-04-23 100.12 True: 100.61  0.49%  1.64
2024-04-24  99.88 True:  99.70 -0.18%  1.46
2024-04-25  99.61 True:  99.67  0.06%  1.52
Average error: 0.92%
Min: -0.76 Max: 5.51 Mid: 2.37
Epoch: 500000 DATA_LEN: 41 FinalLSM: 0.00254
Norm: 36.34

2024-02-28  99.93 True:  99.26 -0.66% -0.66
2024-02-29 100.00 True: 100.96  0.97%  0.31
2024-03-01 100.03 True: 102.43  2.40%  2.70
2024-03-04  99.86 True:  99.21 -0.65%  2.06
2024-03-05  99.58 True:  99.69  0.11%  2.17
2024-03-06 100.02 True: 101.43  1.41%  3.57
2024-03-07 100.07 True:  98.28 -1.79%  1.78
2024-03-08  99.90 True:  98.28 -1.62%  0.16
2024-03-11  99.99 True:  98.67 -1.32% -1.16
2024-03-12 100.14 True: 101.78  1.63%  0.47
2024-03-13  99.98 True:  98.50 -1.48% -1.01
2024-03-14  99.82 True:  99.83  0.01% -1.01
2024-03-15  99.77 True: 101.15  1.39%  0.38
2024-03-18 100.01 True: 101.53  1.52%  1.90
2024-03-20 100.50 True: 102.63  2.12%  4.02
2024-03-21 100.17 True: 100.95  0.78%  4.80
2024-03-22  99.68 True:  99.48 -0.19%  4.60
2024-03-25  99.80 True:  99.03 -0.77%  3.83
2024-03-26  99.92 True: 100.26  0.34%  4.17
2024-03-27 100.34 True: 100.38  0.04%  4.21
2024-03-28  99.99 True:  99.83 -0.15%  4.06
2024-04-01  99.73 True:  98.98 -0.75%  3.31
2024-04-02  99.59 True:  99.02 -0.57%  2.74
2024-04-03  99.91 True: 101.26  1.35%  4.09
2024-04-04  99.45 True:  97.85 -1.61%  2.48
2024-04-05 100.21 True: 100.56  0.36%  2.83
2024-04-08  99.94 True: 100.27  0.33%  3.16
2024-04-09  99.94 True: 100.27  0.33%  3.49
2024-04-10  99.54 True:  98.65 -0.89%  2.59
2024-04-11  99.94 True: 101.69  1.75%  4.34
2024-04-12  99.49 True:  98.26 -1.24%  3.11
2024-04-15  99.70 True:  99.12 -0.59%  2.52
2024-04-16 100.00 True:  99.85 -0.15%  2.37
2024-04-17  99.91 True:  97.77 -2.14%  0.22
2024-04-18  99.97 True:  99.70 -0.27% -0.05
2024-04-19 100.13 True:  98.80 -1.33% -1.37
2024-04-22 100.17 True: 101.57  1.40%  0.03
2024-04-23 100.18 True: 100.61  0.43%  0.46
2024-04-24  99.90 True:  99.70 -0.21%  0.26
2024-04-25  99.59 True:  99.67  0.08%  0.34
2024-04-29 100.20 True: 101.52  1.32%  1.65
Average error: 0.94%
Min: -1.37 Max: 4.80 Mid: 1.71
Epoch: 500000 DATA_LEN: 41 FinalLSM: 0.00256
Norm: 49.07

2024-02-29 100.02 True: 100.96  0.94%  0.94
2024-03-01 100.05 True: 102.43  2.38%  3.31
2024-03-04  99.86 True:  99.21 -0.65%  2.66
2024-03-05  99.56 True:  99.69  0.13%  2.80
2024-03-06 100.05 True: 101.43  1.38%  4.17
2024-03-07 100.12 True:  98.28 -1.83%  2.34
2024-03-08  99.92 True:  98.28 -1.64%  0.70
2024-03-11 100.01 True:  98.67 -1.35% -0.65
2024-03-12 100.17 True: 101.78  1.60%  0.95
2024-03-13 100.00 True:  98.50 -1.50% -0.55
2024-03-14  99.82 True:  99.83  0.01% -0.54
2024-03-15  99.76 True: 101.15  1.40%  0.86
2024-03-18 100.04 True: 101.53  1.50%  2.36
2024-03-20 100.55 True: 102.63  2.06%  4.42
2024-03-21 100.20 True: 100.95  0.74%  5.16
2024-03-22  99.66 True:  99.48 -0.18%  4.98
2024-03-25  99.81 True:  99.03 -0.78%  4.21
2024-03-26  99.93 True: 100.26  0.33%  4.54
2024-03-27 100.39 True: 100.38 -0.01%  4.52
2024-03-28 100.01 True:  99.83 -0.17%  4.35
2024-04-01  99.72 True:  98.98 -0.74%  3.60
2024-04-02  99.56 True:  99.02 -0.55%  3.06
2024-04-03  99.92 True: 101.26  1.34%  4.40
2024-04-04  99.41 True:  97.85 -1.58%  2.82
2024-04-05 100.25 True: 100.56  0.32%  3.14
2024-04-08  99.95 True: 100.27  0.32%  3.45
2024-04-09  99.96 True: 100.27  0.31%  3.76
2024-04-10  99.49 True:  98.65 -0.85%  2.91
2024-04-11  99.96 True: 101.69  1.73%  4.65
2024-04-12  99.46 True:  98.26 -1.20%  3.45
2024-04-15  99.68 True:  99.12 -0.57%  2.88
2024-04-16 100.02 True:  99.85 -0.17%  2.71
2024-04-17  99.93 True:  97.77 -2.16%  0.55
2024-04-18  99.98 True:  99.70 -0.29%  0.26
2024-04-19 100.17 True:  98.80 -1.36% -1.10
2024-04-22 100.20 True: 101.57  1.36%  0.27
2024-04-23 100.21 True: 100.61  0.39%  0.66
2024-04-24  99.91 True:  99.70 -0.21%  0.44
2024-04-25  99.56 True:  99.67  0.11%  0.55
2024-04-29 100.24 True: 101.52  1.28%  1.83
2024-04-30  99.31 True:  99.28 -0.04%  1.80
Average error: 0.91%
Min: -1.10 Max: 5.16 Mid: 2.03
Epoch: 500000 DATA_LEN: 41 FinalLSM: 0.00250
Norm: 46.27

2024-03-01 100.02 True: 102.43  2.40%  2.40
2024-03-04  99.84 True:  99.21 -0.63%  1.77
2024-03-05  99.53 True:  99.69  0.16%  1.93
2024-03-06 100.01 True: 101.43  1.41%  3.34
2024-03-07 100.07 True:  98.28 -1.79%  1.56
2024-03-08  99.88 True:  98.28 -1.60% -0.05
2024-03-11  99.98 True:  98.67 -1.32% -1.37
2024-03-12 100.15 True: 101.78  1.63%  0.26
2024-03-13  99.97 True:  98.50 -1.47% -1.21
2024-03-14  99.80 True:  99.83  0.03% -1.18
2024-03-15  99.74 True: 101.15  1.41%  0.23
2024-03-18 100.01 True: 101.53  1.52%  1.75
2024-03-20 100.53 True: 102.63  2.08%  3.84
2024-03-21 100.18 True: 100.95  0.77%  4.61
2024-03-22  99.64 True:  99.48 -0.16%  4.45
2024-03-25  99.78 True:  99.03 -0.75%  3.70
2024-03-26  99.91 True: 100.26  0.36%  4.05
2024-03-27 100.36 True: 100.38  0.03%  4.08
2024-03-28  99.98 True:  99.83 -0.15%  3.93
2024-04-01  99.70 True:  98.98 -0.73%  3.21
2024-04-02  99.54 True:  99.02 -0.53%  2.68
2024-04-03  99.89 True: 101.26  1.37%  4.04
2024-04-04  99.39 True:  97.85 -1.56%  2.49
2024-04-05 100.21 True: 100.56  0.35%  2.83
2024-04-08  99.92 True: 100.27  0.34%  3.18
2024-04-09  99.93 True: 100.27  0.34%  3.51
2024-04-10  99.49 True:  98.65 -0.85%  2.66
2024-04-11  99.93 True: 101.69  1.76%  4.42
2024-04-12  99.44 True:  98.26 -1.19%  3.24
2024-04-15  99.68 True:  99.12 -0.56%  2.68
2024-04-16 100.00 True:  99.85 -0.14%  2.53
2024-04-17  99.89 True:  97.77 -2.13%  0.40
2024-04-18  99.96 True:  99.70 -0.26%  0.14
2024-04-19 100.14 True:  98.80 -1.33% -1.19
2024-04-22 100.17 True: 101.57  1.40%  0.21
2024-04-23 100.18 True: 100.61  0.43%  0.63
2024-04-24  99.89 True:  99.70 -0.19%  0.44
2024-04-25  99.55 True:  99.67  0.12%  0.56
2024-04-29 100.21 True: 101.52  1.31%  1.87
2024-04-30  99.32 True:  99.28 -0.04%  1.83
2024-05-01 100.05 True:  99.92 -0.12%  1.71
Average error: 0.9%
Min: -1.37 Max: 4.61 Mid: 1.62
Epoch: 500000 DATA_LEN: 41 FinalLSM: 0.00246
Norm: 51.42

2024-03-04  99.78 True:  99.21 -0.57% -0.57
2024-03-05  99.33 True:  99.69  0.36% -0.22
2024-03-06 100.07 True: 101.43  1.36%  1.14
2024-03-07 100.17 True:  98.28 -1.88% -0.74
2024-03-08  99.88 True:  98.28 -1.60% -2.34
2024-03-11 100.01 True:  98.67 -1.34% -3.68
2024-03-12 100.23 True: 101.78  1.54% -2.14
2024-03-13  99.99 True:  98.50 -1.49% -3.63
2024-03-14  99.72 True:  99.83  0.11% -3.52
2024-03-15  99.63 True: 101.15  1.53% -1.99
2024-03-18 100.04 True: 101.53  1.49% -0.50
2024-03-20 100.75 True: 102.63  1.87%  1.37
2024-03-21 100.28 True: 100.95  0.67%  2.03
2024-03-22  99.50 True:  99.48 -0.01%  2.02
2024-03-25  99.70 True:  99.03 -0.68%  1.35
2024-03-26  99.89 True: 100.26  0.37%  1.72
2024-03-27 100.54 True: 100.38 -0.16%  1.56
2024-03-28 100.00 True:  99.83 -0.17%  1.39
2024-04-01  99.58 True:  98.98 -0.60%  0.79
2024-04-02  99.34 True:  99.02 -0.32%  0.46
2024-04-03  99.87 True: 101.26  1.39%  1.85
2024-04-04  99.11 True:  97.85 -1.27%  0.58
2024-04-05 100.34 True: 100.56  0.22%  0.80
2024-04-08  99.92 True: 100.27  0.35%  1.15
2024-04-09  99.93 True: 100.27  0.34%  1.49
2024-04-10  99.22 True:  98.65 -0.57%  0.92
2024-04-11  99.93 True: 101.69  1.76%  2.68
2024-04-12  99.18 True:  98.26 -0.92%  1.76
2024-04-15  99.52 True:  99.12 -0.40%  1.36
2024-04-16 100.02 True:  99.85 -0.16%  1.19
2024-04-17  99.88 True:  97.77 -2.12% -0.92
2024-04-18  99.96 True:  99.70 -0.27% -1.19
2024-04-19 100.23 True:  98.80 -1.42% -2.62
2024-04-22 100.28 True: 101.57  1.29% -1.33
2024-04-23 100.30 True: 100.61  0.31% -1.01
2024-04-24  99.86 True:  99.70 -0.16% -1.18
2024-04-25  99.34 True:  99.67  0.33% -0.84
2024-04-29 100.32 True: 101.52  1.20%  0.35
2024-04-30  98.93 True:  99.28  0.35%  0.70
2024-05-01 100.17 True:  99.92 -0.24%  0.46
2024-05-06 101.05 True: 102.21  1.15%  1.61
Average error: 0.84%
Min: -3.68 Max: 2.68 Mid: -0.50
Epoch: 500000 DATA_LEN: 41 FinalLSM: 0.00211
Norm: 83.22

2024-03-05  99.34 True:  99.69  0.35%  0.35
2024-03-06 100.07 True: 101.43  1.36%  1.71
2024-03-07 100.16 True:  98.28 -1.88% -0.17
2024-03-08  99.88 True:  98.28 -1.60% -1.77
2024-03-11 100.01 True:  98.67 -1.34% -3.11
2024-03-12 100.22 True: 101.78  1.55% -1.56
2024-03-13  99.99 True:  98.50 -1.49% -3.05
2024-03-14  99.72 True:  99.83  0.11% -2.94
2024-03-15  99.63 True: 101.15  1.53% -1.42
2024-03-18 100.04 True: 101.53  1.49%  0.08
2024-03-20 100.73 True: 102.63  1.89%  1.96
2024-03-21 100.27 True: 100.95  0.68%  2.64
2024-03-22  99.50 True:  99.48 -0.02%  2.62
2024-03-25  99.71 True:  99.03 -0.68%  1.94
2024-03-26  99.89 True: 100.26  0.37%  2.32
2024-03-27 100.53 True: 100.38 -0.15%  2.16
2024-03-28 100.00 True:  99.83 -0.17%  2.00
2024-04-01  99.58 True:  98.98 -0.61%  1.39
2024-04-02  99.35 True:  99.02 -0.33%  1.06
2024-04-03  99.87 True: 101.26  1.39%  2.45
2024-04-04  99.12 True:  97.85 -1.29%  1.16
2024-04-05 100.33 True: 100.56  0.23%  1.39
2024-04-08  99.92 True: 100.27  0.35%  1.74
2024-04-09  99.93 True: 100.27  0.34%  2.08
2024-04-10  99.23 True:  98.65 -0.59%  1.50
2024-04-11  99.93 True: 101.69  1.76%  3.26
2024-04-12  99.19 True:  98.26 -0.93%  2.33
2024-04-15  99.52 True:  99.12 -0.41%  1.92
2024-04-16 100.01 True:  99.85 -0.16%  1.76
2024-04-17  99.88 True:  97.77 -2.12% -0.36
2024-04-18  99.96 True:  99.70 -0.26% -0.62
2024-04-19 100.22 True:  98.80 -1.42% -2.04
2024-04-22 100.27 True: 101.57  1.30% -0.74
2024-04-23 100.29 True: 100.61  0.32% -0.42
2024-04-24  99.86 True:  99.70 -0.16% -0.58
2024-04-25  99.35 True:  99.67  0.33% -0.26
2024-04-29 100.31 True: 101.52  1.20%  0.95
2024-04-30  98.95 True:  99.28  0.33%  1.28
2024-05-01 100.17 True:  99.92 -0.24%  1.04
2024-05-06 101.03 True: 102.21  1.17%  2.21
2024-05-07  99.95 True:  99.48 -0.47%  1.74
Average error: 0.84%
Min: -3.11 Max: 3.26 Mid: 0.08
Epoch: 500000 DATA_LEN: 41 FinalLSM: 0.00211
Norm: 76.05

2024-03-06 100.03 True: 101.43  1.40%  1.40
2024-03-07 100.13 True:  98.28 -1.84% -0.44
2024-03-08  99.85 True:  98.28 -1.57% -2.02
2024-03-11  99.97 True:  98.67 -1.30% -3.32
2024-03-12 100.18 True: 101.78  1.60% -1.72
2024-03-13  99.95 True:  98.50 -1.45% -3.17
2024-03-14  99.68 True:  99.83  0.14% -3.02
2024-03-15  99.59 True: 101.15  1.56% -1.46
2024-03-18 100.00 True: 101.53  1.54%  0.08
2024-03-20 100.67 True: 102.63  1.94%  2.02
2024-03-21 100.23 True: 100.95  0.72%  2.74
2024-03-22  99.47 True:  99.48  0.01%  2.75
2024-03-25  99.67 True:  99.03 -0.64%  2.11
2024-03-26  99.85 True: 100.26  0.41%  2.52
2024-03-27 100.49 True: 100.38 -0.11%  2.41
2024-03-28  99.96 True:  99.83 -0.13%  2.29
2024-04-01  99.55 True:  98.98 -0.57%  1.71
2024-04-02  99.32 True:  99.02 -0.31%  1.41
2024-04-03  99.83 True: 101.26  1.43%  2.83
2024-04-04  99.11 True:  97.85 -1.27%  1.56
2024-04-05 100.28 True: 100.56  0.28%  1.84
2024-04-08  99.88 True: 100.27  0.39%  2.23
2024-04-09  99.89 True: 100.27  0.38%  2.61
2024-04-10  99.19 True:  98.65 -0.55%  2.06
2024-04-11  99.89 True: 101.69  1.80%  3.86
2024-04-12  99.17 True:  98.26 -0.91%  2.95
2024-04-15  99.48 True:  99.12 -0.37%  2.59
2024-04-16  99.97 True:  99.85 -0.12%  2.47
2024-04-17  99.85 True:  97.77 -2.08%  0.38
2024-04-18  99.92 True:  99.70 -0.22%  0.16
2024-04-19 100.18 True:  98.80 -1.38% -1.22
2024-04-22 100.23 True: 101.57  1.34%  0.13
2024-04-23 100.24 True: 100.61  0.36%  0.49
2024-04-24  99.82 True:  99.70 -0.12%  0.37
2024-04-25  99.32 True:  99.67  0.35%  0.72
2024-04-29 100.26 True: 101.52  1.25%  1.98
2024-04-30  98.92 True:  99.28  0.36%  2.33
2024-05-01 100.14 True:  99.92 -0.22%  2.12
2024-05-06 100.99 True: 102.21  1.22%  3.33
2024-05-07  99.91 True:  99.48 -0.43%  2.91
2024-05-08 100.09 True:  98.96 -1.13%  1.77
Average error: 0.86%
Min: -3.32 Max: 3.86 Mid: 0.27
Epoch: 500000 DATA_LEN: 41 FinalLSM: 0.00219
Norm: 70.90

2024-03-07 100.08 True:  98.28 -1.80% -1.80
2024-03-08  99.80 True:  98.28 -1.53% -3.33
2024-03-11  99.94 True:  98.67 -1.27% -4.60
2024-03-12 100.16 True: 101.78  1.61% -2.99
2024-03-13  99.92 True:  98.50 -1.42% -4.41
2024-03-14  99.66 True:  99.83  0.17% -4.24
2024-03-15  99.57 True: 101.15  1.58% -2.66
2024-03-18  99.97 True: 101.53  1.56% -1.10
2024-03-20 100.67 True: 102.63  1.94%  0.84
2024-03-21 100.21 True: 100.95  0.74%  1.59
2024-03-22  99.44 True:  99.48  0.04%  1.63
2024-03-25  99.64 True:  99.03 -0.61%  1.02
2024-03-26  99.82 True: 100.26  0.44%  1.46
2024-03-27 100.46 True: 100.38 -0.08%  1.38
2024-03-28  99.93 True:  99.83 -0.10%  1.28
2024-04-01  99.52 True:  98.98 -0.55%  0.73
2024-04-02  99.29 True:  99.02 -0.27%  0.46
2024-04-03  99.81 True: 101.26  1.45%  1.91
2024-04-04  99.07 True:  97.85 -1.23%  0.68
2024-04-05 100.26 True: 100.56  0.30%  0.98
2024-04-08  99.85 True: 100.27  0.42%  1.40
2024-04-09  99.86 True: 100.27  0.41%  1.81
2024-04-10  99.18 True:  98.65 -0.54%  1.26
2024-04-11  99.86 True: 101.69  1.83%  3.09
2024-04-12  99.13 True:  98.26 -0.88%  2.22
2024-04-15  99.47 True:  99.12 -0.35%  1.86
2024-04-16  99.95 True:  99.85 -0.10%  1.77
2024-04-17  99.81 True:  97.77 -2.05% -0.28
2024-04-18  99.90 True:  99.70 -0.20% -0.48
2024-04-19 100.16 True:  98.80 -1.35% -1.83
2024-04-22 100.20 True: 101.57  1.36% -0.47
2024-04-23 100.22 True: 100.61  0.39% -0.08
2024-04-24  99.80 True:  99.70 -0.10% -0.18
2024-04-25  99.29 True:  99.67  0.38%  0.20
2024-04-29 100.25 True: 101.52  1.27%  1.47
2024-04-30  98.91 True:  99.28  0.37%  1.84
2024-05-01 100.07 True:  99.92 -0.15%  1.69
2024-05-06 100.96 True: 102.21  1.24%  2.93
2024-05-07  99.89 True:  99.48 -0.41%  2.52
2024-05-08 100.08 True:  98.96 -1.12%  1.40
2024-05-09 100.29 True: 100.48  0.18%  1.58
Average error: 0.82%
Min: -4.60 Max: 3.09 Mid: -0.75
Epoch: 500000 DATA_LEN: 41 FinalLSM: 0.00208
Norm: 80.39

2024-03-08  99.86 True:  98.28 -1.59% -1.59
2024-03-11  99.97 True:  98.67 -1.31% -2.90
2024-03-12 100.18 True: 101.78  1.59% -1.30
2024-03-13  99.95 True:  98.50 -1.45% -2.75
2024-03-14  99.66 True:  99.83  0.17% -2.58
2024-03-15  99.56 True: 101.15  1.60% -0.98
2024-03-18 100.00 True: 101.53  1.53%  0.55
2024-03-20 100.68 True: 102.63  1.94%  2.48
2024-03-21 100.24 True: 100.95  0.71%  3.19
2024-03-22  99.45 True:  99.48  0.03%  3.23
2024-03-25  99.66 True:  99.03 -0.63%  2.60
2024-03-26  99.84 True: 100.26  0.42%  3.01
2024-03-27 100.52 True: 100.38 -0.14%  2.88
2024-03-28  99.96 True:  99.83 -0.13%  2.75
2024-04-01  99.52 True:  98.98 -0.55%  2.20
2024-04-02  99.29 True:  99.02 -0.27%  1.93
2024-04-03  99.83 True: 101.26  1.43%  3.36
2024-04-04  99.06 True:  97.85 -1.23%  2.13
2024-04-05 100.30 True: 100.56  0.26%  2.40
2024-04-08  99.87 True: 100.27  0.40%  2.79
2024-04-09  99.89 True: 100.27  0.38%  3.17
2024-04-10  99.12 True:  98.65 -0.48%  2.69
2024-04-11  99.89 True: 101.69  1.81%  4.50
2024-04-12  99.12 True:  98.26 -0.87%  3.63
2024-04-15  99.44 True:  99.12 -0.32%  3.31
2024-04-16  99.97 True:  99.85 -0.12%  3.20
2024-04-17  99.85 True:  97.77 -2.08%  1.11
2024-04-18  99.92 True:  99.70 -0.22%  0.89
2024-04-19 100.20 True:  98.80 -1.39% -0.50
2024-04-22 100.24 True: 101.57  1.33%  0.83
2024-04-23 100.26 True: 100.61  0.34%  1.17
2024-04-24  99.80 True:  99.70 -0.11%  1.07
2024-04-25  99.28 True:  99.67  0.40%  1.46
2024-04-29 100.27 True: 101.52  1.24%  2.71
2024-04-30  98.82 True:  99.28  0.46%  3.17
2024-05-01 100.20 True:  99.92 -0.28%  2.89
2024-05-06 101.04 True: 102.21  1.16%  4.05
2024-05-07  99.90 True:  99.48 -0.41%  3.63
2024-05-08 100.09 True:  98.96 -1.13%  2.51
2024-05-09 100.34 True: 100.48  0.14%  2.64
2024-05-10 100.06 True:  99.28 -0.78%  1.86
Average error: 0.8%
Min: -2.90 Max: 4.50 Mid: 0.80
Epoch: 500000 DATA_LEN: 41 FinalLSM: 0.00195
Norm: 64.33

2024-03-11 100.02 True:  98.67 -1.36% -1.36
2024-03-12 100.21 True: 101.78  1.57%  0.21
2024-03-13  99.99 True:  98.50 -1.49% -1.28
2024-03-14  99.70 True:  99.83  0.12% -1.16
2024-03-15  99.60 True: 101.15  1.55%  0.39
2024-03-18 100.05 True: 101.53  1.49%  1.87
2024-03-20 100.67 True: 102.63  1.95%  3.82
2024-03-21 100.27 True: 100.95  0.68%  4.50
2024-03-22  99.53 True:  99.48 -0.04%  4.45
2024-03-25  99.72 True:  99.03 -0.69%  3.76
2024-03-26  99.89 True: 100.26  0.37%  4.13
2024-03-27 100.56 True: 100.38 -0.17%  3.96
2024-03-28 100.01 True:  99.83 -0.18%  3.78
2024-04-01  99.58 True:  98.98 -0.61%  3.18
2024-04-02  99.37 True:  99.02 -0.35%  2.82
2024-04-03  99.88 True: 101.26  1.38%  4.21
2024-04-04  99.16 True:  97.85 -1.32%  2.88
2024-04-05 100.33 True: 100.56  0.23%  3.12
2024-04-08  99.92 True: 100.27  0.35%  3.46
2024-04-09  99.94 True: 100.27  0.32%  3.79
2024-04-10  99.16 True:  98.65 -0.52%  3.27
2024-04-11  99.94 True: 101.69  1.76%  5.02
2024-04-12  99.21 True:  98.26 -0.95%  4.08
2024-04-15  99.48 True:  99.12 -0.36%  3.71
2024-04-16 100.01 True:  99.85 -0.16%  3.56
2024-04-17  99.91 True:  97.77 -2.14%  1.41
2024-04-18  99.96 True:  99.70 -0.27%  1.15
2024-04-19 100.24 True:  98.80 -1.43% -0.28
2024-04-22 100.27 True: 101.57  1.29%  1.01
2024-04-23 100.30 True: 100.61  0.30%  1.31
2024-04-24  99.85 True:  99.70 -0.15%  1.16
2024-04-25  99.34 True:  99.67  0.33%  1.49
2024-04-29 100.30 True: 101.52  1.22%  2.71
2024-04-30  98.87 True:  99.28  0.41%  3.12
2024-05-01 100.31 True:  99.92 -0.38%  2.74
2024-05-06 101.07 True: 102.21  1.14%  3.87
2024-05-07  99.93 True:  99.48 -0.45%  3.42
2024-05-08 100.12 True:  98.96 -1.16%  2.27
2024-05-09 100.38 True: 100.48  0.10%  2.36
2024-05-10 100.10 True:  99.28 -0.82%  1.54
2024-05-13  99.80 True: 100.20  0.40%  1.95
Average error: 0.78%
Min: -1.36 Max: 5.02 Mid: 1.83
Epoch: 500000 DATA_LEN: 41 FinalLSM: 0.00186
Norm: 51.79

2024-03-12 100.26 True: 101.78  1.51%  1.51
2024-03-13 100.05 True:  98.50 -1.55% -0.03
2024-03-14  99.75 True:  99.83  0.08%  0.04
2024-03-15  99.65 True: 101.15  1.51%  1.55
2024-03-18 100.10 True: 101.53  1.43%  2.98
2024-03-20 100.72 True: 102.63  1.90%  4.88
2024-03-21 100.32 True: 100.95  0.62%  5.50
2024-03-22  99.58 True:  99.48 -0.09%  5.41
2024-03-25  99.77 True:  99.03 -0.74%  4.67
2024-03-26  99.95 True: 100.26  0.32%  4.99
2024-03-27 100.62 True: 100.38 -0.23%  4.75
2024-03-28 100.06 True:  99.83 -0.23%  4.52
2024-04-01  99.63 True:  98.98 -0.65%  3.87
2024-04-02  99.41 True:  99.02 -0.40%  3.47
2024-04-03  99.93 True: 101.26  1.33%  4.80
2024-04-04  99.20 True:  97.85 -1.37%  3.44
2024-04-05 100.39 True: 100.56  0.18%  3.61
2024-04-08  99.97 True: 100.27  0.30%  3.91
2024-04-09 100.00 True: 100.27  0.27%  4.18
2024-04-10  99.18 True:  98.65 -0.54%  3.64
2024-04-11  99.99 True: 101.69  1.70%  5.34
2024-04-12  99.25 True:  98.26 -0.99%  4.35
2024-04-15  99.52 True:  99.12 -0.40%  3.95
2024-04-16 100.06 True:  99.85 -0.21%  3.74
2024-04-17  99.97 True:  97.77 -2.20%  1.54
2024-04-18 100.01 True:  99.70 -0.32%  1.23
2024-04-19 100.30 True:  98.80 -1.49% -0.26
2024-04-22 100.33 True: 101.57  1.24%  0.97
2024-04-23 100.36 True: 100.61  0.25%  1.22
2024-04-24  99.90 True:  99.70 -0.20%  1.02
2024-04-25  99.39 True:  99.67  0.29%  1.31
2024-04-29 100.35 True: 101.52  1.17%  2.48
2024-04-30  98.89 True:  99.28  0.39%  2.86
2024-05-01 100.38 True:  99.92 -0.46%  2.40
2024-05-06 101.13 True: 102.21  1.07%  3.48
2024-05-07  99.98 True:  99.48 -0.50%  2.98
2024-05-08 100.17 True:  98.96 -1.21%  1.77
2024-05-09 100.44 True: 100.48  0.04%  1.81
2024-05-10 100.15 True:  99.28 -0.87%  0.94
2024-05-13  99.85 True: 100.20  0.36%  1.30
2024-05-14 100.16 True: 100.95  0.79%  2.09
Average error: 0.76%
Min: -0.26 Max: 5.50 Mid: 2.62
Epoch: 500000 DATA_LEN: 41 FinalLSM: 0.00179
Norm: 40.81

2024-03-13 100.01 True:  98.50 -1.51% -1.51
2024-03-14  99.72 True:  99.83  0.10% -1.40
2024-03-15  99.62 True: 101.15  1.53%  0.13
2024-03-18 100.06 True: 101.53  1.47%  1.60
2024-03-20 100.65 True: 102.63  1.97%  3.57
2024-03-21 100.27 True: 100.95  0.67%  4.24
2024-03-22  99.56 True:  99.48 -0.08%  4.16
2024-03-25  99.75 True:  99.03 -0.72%  3.45
2024-03-26  99.91 True: 100.26  0.35%  3.80
2024-03-27 100.56 True: 100.38 -0.18%  3.62
2024-03-28 100.03 True:  99.83 -0.19%  3.43
2024-04-01  99.61 True:  98.98 -0.63%  2.80
2024-04-02  99.40 True:  99.02 -0.39%  2.41
2024-04-03  99.90 True: 101.26  1.36%  3.77
2024-04-04  99.21 True:  97.85 -1.37%  2.40
2024-04-05 100.33 True: 100.56  0.23%  2.62
2024-04-08  99.94 True: 100.27  0.33%  2.95
2024-04-09  99.96 True: 100.27  0.30%  3.26
2024-04-10  99.18 True:  98.65 -0.54%  2.72
2024-04-11  99.95 True: 101.69  1.74%  4.46
2024-04-12  99.25 True:  98.26 -0.99%  3.47
2024-04-15  99.49 True:  99.12 -0.38%  3.09
2024-04-16 100.02 True:  99.85 -0.17%  2.92
2024-04-17  99.94 True:  97.77 -2.17%  0.75
2024-04-18  99.98 True:  99.70 -0.28%  0.47
2024-04-19 100.25 True:  98.80 -1.44% -0.97
2024-04-22 100.28 True: 101.57  1.29%  0.32
2024-04-23 100.31 True: 100.61  0.30%  0.61
2024-04-24  99.86 True:  99.70 -0.16%  0.45
2024-04-25  99.38 True:  99.67  0.30%  0.75
2024-04-29 100.30 True: 101.52  1.22%  1.97
2024-04-30  98.90 True:  99.28  0.38%  2.34
2024-05-01 100.35 True:  99.92 -0.43%  1.92
2024-05-06 101.06 True: 102.21  1.14%  3.05
2024-05-07  99.94 True:  99.48 -0.46%  2.60
2024-05-08 100.12 True:  98.96 -1.16%  1.44
2024-05-09 100.38 True: 100.48  0.09%  1.53
2024-05-10 100.11 True:  99.28 -0.83%  0.70
2024-05-13  99.81 True: 100.20  0.39%  1.09
2024-05-14 100.11 True: 100.95  0.84%  1.92
2024-05-15 100.52 True: 100.35 -0.17%  1.76
Average error: 0.74%
Min: -1.51 Max: 4.46 Mid: 1.48
Epoch: 500000 DATA_LEN: 41 FinalLSM: 0.00171
Norm: 54.68

2024-03-14  99.74 True:  99.83  0.08%  0.08
2024-03-15  99.64 True: 101.15  1.51%  1.60
2024-03-18 100.09 True: 101.53  1.45%  3.04
2024-03-20 100.67 True: 102.63  1.95%  4.99
2024-03-21 100.30 True: 100.95  0.65%  5.64
2024-03-22  99.59 True:  99.48 -0.10%  5.54
2024-03-25  99.77 True:  99.03 -0.74%  4.80
2024-03-26  99.94 True: 100.26  0.33%  5.12
2024-03-27 100.59 True: 100.38 -0.21%  4.92
2024-03-28 100.05 True:  99.83 -0.22%  4.70
2024-04-01  99.63 True:  98.98 -0.65%  4.05
2024-04-02  99.43 True:  99.02 -0.41%  3.63
2024-04-03  99.92 True: 101.26  1.34%  4.97
2024-04-04  99.23 True:  97.85 -1.40%  3.58
2024-04-05 100.36 True: 100.56  0.20%  3.78
2024-04-08  99.96 True: 100.27  0.31%  4.09
2024-04-09  99.99 True: 100.27  0.28%  4.36
2024-04-10  99.19 True:  98.65 -0.55%  3.81
2024-04-11  99.98 True: 101.69  1.71%  5.53
2024-04-12  99.27 True:  98.26 -1.01%  4.51
2024-04-15  99.51 True:  99.12 -0.40%  4.12
2024-04-16 100.04 True:  99.85 -0.19%  3.93
2024-04-17  99.96 True:  97.77 -2.19%  1.73
2024-04-18 100.00 True:  99.70 -0.30%  1.43
2024-04-19 100.28 True:  98.80 -1.47% -0.04
2024-04-22 100.31 True: 101.57  1.26%  1.22
2024-04-23 100.34 True: 100.61  0.27%  1.49
2024-04-24  99.88 True:  99.70 -0.19%  1.30
2024-04-25  99.40 True:  99.67  0.28%  1.58
2024-04-29 100.32 True: 101.52  1.19%  2.77
2024-04-30  98.91 True:  99.28  0.37%  3.14
2024-05-01 100.39 True:  99.92 -0.46%  2.68
2024-05-06 101.09 True: 102.21  1.11%  3.79
2024-05-07  99.96 True:  99.48 -0.48%  3.31
2024-05-08 100.14 True:  98.96 -1.18%  2.13
2024-05-09 100.41 True: 100.48  0.06%  2.19
2024-05-10 100.13 True:  99.28 -0.85%  1.34
2024-05-13  99.84 True: 100.20  0.36%  1.70
2024-05-14 100.14 True: 100.95  0.81%  2.52
2024-05-15 100.55 True: 100.35 -0.20%  2.32
2024-05-16  99.89 True:  99.58 -0.31%  2.00
Average error: 0.71%
Min: -0.04 Max: 5.64 Mid: 2.80
Epoch: 500000 DATA_LEN: 41 FinalLSM: 0.00160
Norm: 35.97

2024-03-15  99.65 True: 101.15  1.51%  1.51
2024-03-18 100.09 True: 101.53  1.44%  2.95
2024-03-20 100.67 True: 102.63  1.94%  4.89
2024-03-21 100.31 True: 100.95  0.64%  5.53
2024-03-22  99.59 True:  99.48 -0.11%  5.43
2024-03-25  99.77 True:  99.03 -0.74%  4.68
2024-03-26  99.94 True: 100.26  0.32%  5.00
2024-03-27 100.59 True: 100.38 -0.21%  4.79
2024-03-28 100.06 True:  99.83 -0.22%  4.57
2024-04-01  99.64 True:  98.98 -0.66%  3.91
2024-04-02  99.43 True:  99.02 -0.42%  3.49
2024-04-03  99.93 True: 101.26  1.33%  4.83
2024-04-04  99.24 True:  97.85 -1.40%  3.43
2024-04-05 100.37 True: 100.56  0.20%  3.62
2024-04-08  99.97 True: 100.27  0.30%  3.92
2024-04-09  99.99 True: 100.27  0.27%  4.20
2024-04-10  99.19 True:  98.65 -0.55%  3.64
2024-04-11  99.98 True: 101.69  1.71%  5.35
2024-04-12  99.27 True:  98.26 -1.02%  4.33
2024-04-15  99.52 True:  99.12 -0.40%  3.93
2024-04-16 100.05 True:  99.85 -0.20%  3.74
2024-04-17  99.97 True:  97.77 -2.20%  1.54
2024-04-18 100.01 True:  99.70 -0.31%  1.23
2024-04-19 100.28 True:  98.80 -1.47% -0.24
2024-04-22 100.31 True: 101.57  1.25%  1.01
2024-04-23 100.34 True: 100.61  0.26%  1.27
2024-04-24  99.89 True:  99.70 -0.19%  1.08
2024-04-25  99.40 True:  99.67  0.27%  1.35
2024-04-29 100.33 True: 101.52  1.19%  2.54
2024-04-30  98.92 True:  99.28  0.36%  2.90
2024-05-01 100.40 True:  99.92 -0.47%  2.44
2024-05-06 101.10 True: 102.21  1.10%  3.54
2024-05-07  99.97 True:  99.48 -0.48%  3.06
2024-05-08 100.15 True:  98.96 -1.19%  1.87
2024-05-09 100.42 True: 100.48  0.06%  1.93
2024-05-10 100.14 True:  99.28 -0.86%  1.07
2024-05-13  99.84 True: 100.20  0.36%  1.43
2024-05-14 100.14 True: 100.95  0.80%  2.23
2024-05-15 100.55 True: 100.35 -0.20%  2.03
2024-05-16  99.90 True:  99.58 -0.32%  1.71
2024-05-17 100.15 True: 100.42  0.27%  1.98
Average error: 0.71%
Min: -0.24 Max: 5.53 Mid: 2.64
Epoch: 500000 DATA_LEN: 41 FinalLSM: 0.00160
Norm: 38.57

2024-03-18 100.11 True: 101.53  1.43%  1.43
2024-03-20 100.68 True: 102.63  1.94%  3.37
2024-03-21 100.32 True: 100.95  0.63%  4.00
2024-03-22  99.61 True:  99.48 -0.13%  3.87
2024-03-25  99.79 True:  99.03 -0.76%  3.10
2024-03-26  99.96 True: 100.26  0.30%  3.41
2024-03-27 100.60 True: 100.38 -0.22%  3.19
2024-03-28 100.07 True:  99.83 -0.24%  2.95
2024-04-01  99.66 True:  98.98 -0.68%  2.27
2024-04-02  99.46 True:  99.02 -0.44%  1.83
2024-04-03  99.94 True: 101.26  1.32%  3.15
2024-04-04  99.26 True:  97.85 -1.43%  1.72
2024-04-05 100.37 True: 100.56  0.19%  1.91
2024-04-08  99.98 True: 100.27  0.28%  2.19
2024-04-09 100.01 True: 100.27  0.26%  2.45
2024-04-10  99.22 True:  98.65 -0.58%  1.87
2024-04-11 100.00 True: 101.69  1.69%  3.56
2024-04-12  99.30 True:  98.26 -1.05%  2.52
2024-04-15  99.54 True:  99.12 -0.42%  2.09
2024-04-16 100.06 True:  99.85 -0.21%  1.88
2024-04-17  99.98 True:  97.77 -2.21% -0.33
2024-04-18 100.02 True:  99.70 -0.32% -0.66
2024-04-19 100.29 True:  98.80 -1.48% -2.14
2024-04-22 100.32 True: 101.57  1.24% -0.90
2024-04-23 100.35 True: 100.61  0.25% -0.64
2024-04-24  99.91 True:  99.70 -0.21% -0.85
2024-04-25  99.43 True:  99.67  0.25% -0.61
2024-04-29 100.34 True: 101.52  1.18%  0.57
2024-04-30  98.95 True:  99.28  0.33%  0.91
2024-05-01 100.41 True:  99.92 -0.48%  0.42
2024-05-06 101.10 True: 102.21  1.10%  1.53
2024-05-07  99.98 True:  99.48 -0.50%  1.03
2024-05-08 100.16 True:  98.96 -1.20% -0.17
2024-05-09 100.43 True: 100.48  0.05% -0.12
2024-05-10 100.15 True:  99.28 -0.87% -0.99
2024-05-13  99.86 True: 100.20  0.34% -0.65
2024-05-14 100.16 True: 100.95  0.79%  0.14
2024-05-15 100.56 True: 100.35 -0.21% -0.07
2024-05-16  99.91 True:  99.58 -0.33% -0.41
2024-05-17 100.16 True: 100.42  0.26% -0.15
2024-05-20  99.69 True: 101.38  1.70%  1.56
Average error: 0.72%
Min: -2.14 Max: 4.00 Mid: 0.93
Epoch: 500000 DATA_LEN: 41 FinalLSM: 0.00164
Norm: 60.23

2024-03-20 100.62 True: 102.63  1.99%  1.99
2024-03-21 100.26 True: 100.95  0.69%  2.68
2024-03-22  99.55 True:  99.48 -0.07%  2.61
2024-03-25  99.73 True:  99.03 -0.70%  1.91
2024-03-26  99.90 True: 100.26  0.36%  2.27
2024-03-27 100.54 True: 100.38 -0.16%  2.12
2024-03-28 100.01 True:  99.83 -0.18%  1.94
2024-04-01  99.60 True:  98.98 -0.62%  1.32
2024-04-02  99.40 True:  99.02 -0.38%  0.93
2024-04-03  99.88 True: 101.26  1.38%  2.31
2024-04-04  99.21 True:  97.85 -1.37%  0.94
2024-04-05 100.31 True: 100.56  0.25%  1.19
2024-04-08  99.92 True: 100.27  0.34%  1.53
2024-04-09  99.95 True: 100.27  0.32%  1.85
2024-04-10  99.18 True:  98.65 -0.54%  1.32
2024-04-11  99.94 True: 101.69  1.75%  3.07
2024-04-12  99.25 True:  98.26 -0.99%  2.08
2024-04-15  99.49 True:  99.12 -0.37%  1.71
2024-04-16 100.00 True:  99.85 -0.15%  1.55
2024-04-17  99.92 True:  97.77 -2.15% -0.60
2024-04-18  99.96 True:  99.70 -0.27% -0.86
2024-04-19 100.23 True:  98.80 -1.42% -2.29
2024-04-22 100.26 True: 101.57  1.30% -0.98
2024-04-23 100.29 True: 100.61  0.32% -0.67
2024-04-24  99.85 True:  99.70 -0.15% -0.82
2024-04-25  99.37 True:  99.67  0.30% -0.52
2024-04-29 100.28 True: 101.52  1.24%  0.72
2024-04-30  98.91 True:  99.28  0.37%  1.09
2024-05-01 100.33 True:  99.92 -0.41%  0.69
2024-05-06 101.04 True: 102.21  1.17%  1.85
2024-05-07  99.93 True:  99.48 -0.44%  1.41
2024-05-08 100.11 True:  98.96 -1.14%  0.27
2024-05-09 100.36 True: 100.48  0.11%  0.38
2024-05-10 100.09 True:  99.28 -0.81% -0.43
2024-05-13  99.80 True: 100.20  0.40% -0.03
2024-05-14 100.10 True: 100.95  0.85%  0.82
2024-05-15 100.49 True: 100.35 -0.15%  0.67
2024-05-16  99.86 True:  99.58 -0.28%  0.40
2024-05-17 100.10 True: 100.42  0.32%  0.72
2024-05-20  99.63 True: 101.38  1.76%  2.48
2024-05-21 100.05 True:  99.00 -1.04%  1.43
Average error: 0.71%
Min: -2.29 Max: 3.07 Mid: 0.39
Epoch: 500000 DATA_LEN: 41 FinalLSM: 0.00160
Norm: 69.43

2024-03-21 100.05 True: 100.95  0.90%  0.90
2024-03-22  99.71 True:  99.48 -0.23%  0.67
2024-03-25  99.79 True:  99.03 -0.76% -0.10
2024-03-26  99.87 True: 100.26  0.39%  0.29
2024-03-27 100.22 True: 100.38  0.16%  0.45
2024-03-28  99.93 True:  99.83 -0.10%  0.36
2024-04-01  99.72 True:  98.98 -0.75% -0.39
2024-04-02  99.64 True:  99.02 -0.62% -1.01
2024-04-03  99.87 True: 101.26  1.40%  0.38
2024-04-04  99.55 True:  97.85 -1.71% -1.33
2024-04-05 100.09 True: 100.56  0.48% -0.86
2024-04-08  99.88 True: 100.27  0.38% -0.47
2024-04-09  99.90 True: 100.27  0.36% -0.11
2024-04-10  99.49 True:  98.65 -0.85% -0.96
2024-04-11  99.89 True: 101.69  1.80%  0.84
2024-04-12  99.56 True:  98.26 -1.31% -0.47
2024-04-15  99.65 True:  99.12 -0.54% -1.00
2024-04-16  99.92 True:  99.85 -0.07% -1.07
2024-04-17  99.89 True:  97.77 -2.13% -3.20
2024-04-18  99.90 True:  99.70 -0.21% -3.40
2024-04-19 100.05 True:  98.80 -1.24% -4.65
2024-04-22 100.06 True: 101.57  1.51% -3.14
2024-04-23 100.08 True: 100.61  0.53% -2.61
2024-04-24  99.84 True:  99.70 -0.14% -2.75
2024-04-25  99.61 True:  99.67  0.06% -2.69
2024-04-29 100.06 True: 101.52  1.46% -1.23
2024-04-30  99.37 True:  99.28 -0.09% -1.32
2024-05-01 100.17 True:  99.92 -0.24% -1.57
2024-05-06 100.52 True: 102.21  1.69%  0.12
2024-05-07  99.87 True:  99.48 -0.39% -0.27
2024-05-08  99.96 True:  98.96 -1.00% -1.27
2024-05-09 100.12 True: 100.48  0.36% -0.91
2024-05-10  99.97 True:  99.28 -0.69% -1.60
2024-05-13  99.82 True: 100.20  0.38% -1.22
2024-05-14  99.97 True: 100.95  0.98% -0.24
2024-05-15 100.22 True: 100.35  0.13% -0.12
2024-05-16  99.84 True:  99.58 -0.26% -0.38
2024-05-17  99.97 True: 100.42  0.45%  0.07
2024-05-20  99.73 True: 101.38  1.66%  1.73
2024-05-21  99.95 True:  99.00 -0.95%  0.77
2024-05-22  99.73 True:  99.98  0.25%  1.02
Average error: 0.72%
Min: -4.65 Max: 1.73 Mid: -1.46
Epoch: 500000 DATA_LEN: 41 FinalLSM: 0.00165
Norm: 88.96

2024-03-22  99.65 True:  99.48 -0.17% -0.17
2024-03-25  99.75 True:  99.03 -0.72% -0.89
2024-03-26  99.84 True: 100.26  0.43% -0.46
2024-03-27 100.23 True: 100.38  0.15% -0.31
2024-03-28  99.90 True:  99.83 -0.07% -0.38
2024-04-01  99.66 True:  98.98 -0.69% -1.06
2024-04-02  99.57 True:  99.02 -0.55% -1.62
2024-04-03  99.83 True: 101.26  1.43% -0.18
2024-04-04  99.47 True:  97.85 -1.63% -1.81
2024-04-05 100.08 True: 100.56  0.48% -1.33
2024-04-08  99.85 True: 100.27  0.42% -0.91
2024-04-09  99.87 True: 100.27  0.40% -0.51
2024-04-10  99.40 True:  98.65 -0.76% -1.27
2024-04-11  99.86 True: 101.69  1.83%  0.56
2024-04-12  99.48 True:  98.26 -1.22% -0.66
2024-04-15  99.58 True:  99.12 -0.46% -1.12
2024-04-16  99.89 True:  99.85 -0.04% -1.16
2024-04-17  99.86 True:  97.77 -2.10% -3.26
2024-04-18  99.87 True:  99.70 -0.17% -3.43
2024-04-19 100.03 True:  98.80 -1.23% -4.66
2024-04-22 100.05 True: 101.57  1.52% -3.14
2024-04-23 100.07 True: 100.61  0.54% -2.60
2024-04-24  99.80 True:  99.70 -0.10% -2.70
2024-04-25  99.54 True:  99.67  0.13% -2.57
2024-04-29 100.05 True: 101.52  1.47% -1.09
2024-04-30  99.25 True:  99.28  0.02% -1.07
2024-05-01 100.17 True:  99.92 -0.25% -1.32
2024-05-06 100.56 True: 102.21  1.65%  0.33
2024-05-07  99.83 True:  99.48 -0.35% -0.02
2024-05-08  99.94 True:  98.96 -0.98% -1.00
2024-05-09 100.11 True: 100.48  0.36% -0.64
2024-05-10  99.94 True:  99.28 -0.67% -1.31
2024-05-13  99.77 True: 100.20  0.43% -0.88
2024-05-14  99.95 True: 100.95  1.00%  0.12
2024-05-15 100.23 True: 100.35  0.12%  0.24
2024-05-16  99.80 True:  99.58 -0.22%  0.02
2024-05-17  99.95 True: 100.42  0.47%  0.49
2024-05-20  99.67 True: 101.38  1.72%  2.20
2024-05-21  99.93 True:  99.00 -0.93%  1.28
2024-05-22  99.67 True:  99.98  0.31%  1.58
2024-05-23  99.36 True:  98.84 -0.52%  1.06
Average error: 0.7%
Min: -4.66 Max: 2.20 Mid: -1.23
Epoch: 500000 DATA_LEN: 41 FinalLSM: 0.00159
Norm: 83.35

Time: 4 min 12 sec.

