2021/12/6 20:41:42
2021-07-27  99.93 True:  99.13 -0.81% -0.81
2021-07-28  99.84 True: 100.35  0.51% -0.30
2021-07-29 100.28 True:  99.54 -0.74% -1.04
2021-07-30  99.87 True:  99.68 -0.19% -1.23
2021-08-02  99.93 True: 100.00  0.07% -1.17
2021-08-03 100.52 True: 100.18 -0.35% -1.51
2021-08-04  99.57 True:  99.68  0.11% -1.40
2021-08-05 100.52 True: 100.92  0.40% -1.00
2021-08-09 100.28 True: 100.39  0.10% -0.90
2021-08-10 100.37 True: 100.67  0.29% -0.61
2021-08-11 100.41 True: 100.45  0.05% -0.56
2021-08-12 100.13 True:  99.55 -0.58% -1.14
2021-08-13 100.03 True:  99.17 -0.87% -2.01
2021-08-16 100.29 True:  99.54 -0.75% -2.76
2021-08-17  99.72 True:  98.94 -0.79% -3.55
2021-08-18  99.42 True:  99.93  0.51% -3.04
2021-08-19 100.04 True:  99.39 -0.64% -3.69
2021-08-20 100.41 True:  99.96 -0.45% -4.13
2021-08-23 100.37 True: 101.61  1.22% -2.91
2021-08-24 100.13 True: 100.56  0.43% -2.47
2021-08-25 100.13 True:  99.96 -0.17% -2.64
2021-08-26  99.80 True:  99.23 -0.58% -3.22
2021-08-27 100.41 True: 101.10  0.68% -2.54
2021-08-30 100.00 True:  99.30 -0.71% -3.25
2021-08-31 100.01 True: 101.76  1.72% -1.53
2021-09-01  99.97 True: 101.18  1.19% -0.34
2021-09-02 100.25 True: 100.34  0.09% -0.24
2021-09-03  99.97 True: 103.34  3.27%  3.02
2021-09-07  99.70 True: 100.99  1.28%  4.30
2021-09-08 100.02 True: 100.33  0.31%  4.61
2021-09-09  99.82 True: 100.33  0.50%  5.11
2021-09-10  99.65 True: 101.14  1.47%  6.58
2021-09-13 100.50 True: 100.64  0.15%  6.73
2021-09-14  99.60 True:  99.52 -0.08%  6.65
2021-09-15 100.44 True: 100.64  0.20%  6.84
2021-09-16 100.06 True:  99.20 -0.86%  5.98
2021-09-20  98.65 True:  98.23 -0.42%  5.56
2021-09-21 100.01 True:  99.84 -0.17%  5.38
2021-09-23 101.24 True: 101.47  0.23%  5.61
2021-09-24 100.17 True: 100.16 -0.01%  5.60
2021-09-27 100.24 True:  99.68 -0.57%  5.03
2021-09-28  99.06 True:  98.55 -0.52%  4.51
2021-09-29 100.36 True: 100.16 -0.19%  4.32
2021-09-30  99.11 True:  98.85 -0.26%  4.06
2021-10-01 100.80 True:  99.50 -1.30%  2.76
2021-10-04  99.48 True:  95.84 -3.79% -1.03
2021-10-05 100.60 True: 100.42 -0.19% -1.22
2021-10-06 100.32 True:  98.76 -1.58% -2.80
2021-10-07 100.61 True: 101.61  0.98% -1.82
2021-10-08 100.05 True:  99.48 -0.57% -2.39
2021-10-11  99.70 True: 101.63  1.90% -0.49
2021-10-12  99.92 True:  98.60 -1.34% -1.83
2021-10-13 100.00 True: 100.83  0.82% -1.01
2021-10-14 100.87 True: 102.09  1.20%  0.19
2021-10-15 100.66 True: 100.74  0.08%  0.27
Average error: 0.71%
Min: -4.13 Max: 6.84 Mid: 1.36 Epoch: 500000 DATA_LEN: 55
Nom: 40.07 FinalErr: 0.000096

2021-07-28  99.86 True: 100.35  0.49%  0.49
2021-07-29 100.29 True:  99.54 -0.75% -0.26
2021-07-30  99.89 True:  99.68 -0.20% -0.46
2021-08-02  99.95 True: 100.00  0.05% -0.41
2021-08-03 100.53 True: 100.18 -0.35% -0.75
2021-08-04  99.59 True:  99.68  0.09% -0.67
2021-08-05 100.52 True: 100.92  0.40% -0.27
2021-08-09 100.29 True: 100.39  0.10% -0.17
2021-08-10 100.38 True: 100.67  0.29%  0.12
2021-08-11 100.41 True: 100.45  0.04%  0.16
2021-08-12 100.14 True:  99.55 -0.59% -0.43
2021-08-13 100.04 True:  99.17 -0.88% -1.31
2021-08-16 100.30 True:  99.54 -0.76% -2.07
2021-08-17  99.74 True:  98.94 -0.80% -2.87
2021-08-18  99.45 True:  99.93  0.48% -2.39
2021-08-19 100.05 True:  99.39 -0.66% -3.04
2021-08-20 100.41 True:  99.96 -0.45% -3.50
2021-08-23 100.38 True: 101.61  1.22% -2.28
2021-08-24 100.14 True: 100.56  0.42% -1.85
2021-08-25 100.14 True:  99.96 -0.18% -2.03
2021-08-26  99.82 True:  99.23 -0.59% -2.63
2021-08-27 100.41 True: 101.10  0.68% -1.95
2021-08-30 100.02 True:  99.30 -0.72% -2.67
2021-08-31 100.03 True: 101.76  1.71% -0.96
2021-09-01  99.99 True: 101.18  1.18%  0.21
2021-09-02 100.26 True: 100.34  0.08%  0.30
2021-09-03  99.98 True: 103.34  3.25%  3.55
2021-09-07  99.72 True: 100.99  1.26%  4.81
2021-09-08 100.03 True: 100.33  0.30%  5.11
2021-09-09  99.84 True: 100.33  0.48%  5.59
2021-09-10  99.67 True: 101.14  1.45%  7.04
2021-09-13 100.50 True: 100.64  0.14%  7.19
2021-09-14  99.62 True:  99.52 -0.10%  7.09
2021-09-15 100.45 True: 100.64  0.19%  7.28
2021-09-16 100.07 True:  99.20 -0.87%  6.41
2021-09-20  98.69 True:  98.23 -0.47%  5.94
2021-09-21 100.02 True:  99.84 -0.18%  5.76
2021-09-23 101.23 True: 101.47  0.24%  5.99
2021-09-24 100.18 True: 100.16 -0.02%  5.97
2021-09-27 100.25 True:  99.68 -0.57%  5.40
2021-09-28  99.10 True:  98.55 -0.56%  4.84
2021-09-29 100.36 True: 100.16 -0.19%  4.65
2021-09-30  99.14 True:  98.85 -0.29%  4.36
2021-10-01 100.79 True:  99.50 -1.30%  3.06
2021-10-04  99.50 True:  95.84 -3.82% -0.76
2021-10-05 100.60 True: 100.42 -0.19% -0.94
2021-10-06 100.32 True:  98.76 -1.59% -2.53
2021-10-07 100.61 True: 101.61  0.98% -1.55
2021-10-08 100.06 True:  99.48 -0.58% -2.13
2021-10-11  99.72 True: 101.63  1.88% -0.25
2021-10-12  99.94 True:  98.60 -1.35% -1.60
2021-10-13 100.02 True: 100.83  0.80% -0.80
2021-10-14 100.86 True: 102.09  1.20%  0.40
2021-10-15 100.66 True: 100.74  0.08%  0.48
2021-10-18 100.03 True: 100.00 -0.03%  0.45
Average error: 0.7%
Min: -3.50 Max: 7.28 Mid: 1.89 Epoch: 500000 DATA_LEN: 55
Nom: 36.61 FinalErr: 0.000095

2021-07-29 100.31 True:  99.54 -0.77% -0.77
2021-07-30  99.89 True:  99.68 -0.21% -0.97
2021-08-02  99.95 True: 100.00  0.05% -0.92
2021-08-03 100.55 True: 100.18 -0.38% -1.30
2021-08-04  99.58 True:  99.68  0.10% -1.20
2021-08-05 100.55 True: 100.92  0.37% -0.83
2021-08-09 100.31 True: 100.39  0.08% -0.75
2021-08-10 100.40 True: 100.67  0.26% -0.49
2021-08-11 100.44 True: 100.45  0.02% -0.47
2021-08-12 100.15 True:  99.55 -0.60% -1.07
2021-08-13 100.05 True:  99.17 -0.89% -1.96
2021-08-16 100.32 True:  99.54 -0.78% -2.74
2021-08-17  99.73 True:  98.94 -0.80% -3.54
2021-08-18  99.43 True:  99.93  0.50% -3.04
2021-08-19 100.05 True:  99.39 -0.66% -3.70
2021-08-20 100.44 True:  99.96 -0.48% -4.18
2021-08-23 100.40 True: 101.61  1.19% -2.98
2021-08-24 100.15 True: 100.56  0.41% -2.57
2021-08-25 100.16 True:  99.96 -0.19% -2.76
2021-08-26  99.82 True:  99.23 -0.59% -3.35
2021-08-27 100.44 True: 101.10  0.65% -2.70
2021-08-30 100.02 True:  99.30 -0.73% -3.43
2021-08-31 100.03 True: 101.76  1.70% -1.73
2021-09-01  99.99 True: 101.18  1.17% -0.56
2021-09-02 100.28 True: 100.34  0.06% -0.50
2021-09-03  99.99 True: 103.34  3.25%  2.75
2021-09-07  99.71 True: 100.99  1.27%  4.02
2021-09-08 100.04 True: 100.33  0.29%  4.31
2021-09-09  99.84 True: 100.33  0.48%  4.79
2021-09-10  99.66 True: 101.14  1.46%  6.25
2021-09-13 100.53 True: 100.64  0.12%  6.37
2021-09-14  99.61 True:  99.52 -0.09%  6.28
2021-09-15 100.47 True: 100.64  0.17%  6.45
2021-09-16 100.08 True:  99.20 -0.88%  5.56
2021-09-20  98.63 True:  98.23 -0.40%  5.16
2021-09-21 100.03 True:  99.84 -0.19%  4.97
2021-09-23 101.29 True: 101.47  0.18%  5.15
2021-09-24 100.20 True: 100.16 -0.03%  5.12
2021-09-27 100.27 True:  99.68 -0.59%  4.53
2021-09-28  99.06 True:  98.55 -0.52%  4.01
2021-09-29 100.38 True: 100.16 -0.22%  3.80
2021-09-30  99.10 True:  98.85 -0.25%  3.55
2021-10-01 100.83 True:  99.50 -1.34%  2.21
2021-10-04  99.48 True:  95.84 -3.80% -1.59
2021-10-05 100.63 True: 100.42 -0.22% -1.81
2021-10-06 100.34 True:  98.76 -1.61% -3.42
2021-10-07 100.65 True: 101.61  0.95% -2.47
2021-10-08 100.07 True:  99.48 -0.59% -3.06
2021-10-11  99.71 True: 101.63  1.89% -1.17
2021-10-12  99.94 True:  98.60 -1.36% -2.53
2021-10-13 100.03 True: 100.83  0.80% -1.73
2021-10-14 100.91 True: 102.09  1.16% -0.57
2021-10-15 100.69 True: 100.74  0.05% -0.53
2021-10-18 100.04 True: 100.00 -0.04% -0.57
2021-10-19 100.40 True: 101.17  0.76%  0.19
Average error: 0.7%
Min: -4.18 Max: 6.45 Mid: 1.14 Epoch: 500000 DATA_LEN: 55
Nom: 41.11 FinalErr: 0.000096

2021-07-30  99.87 True:  99.68 -0.19% -0.19
2021-08-02  99.93 True: 100.00  0.07% -0.12
2021-08-03 100.53 True: 100.18 -0.35% -0.47
2021-08-04  99.57 True:  99.68  0.11% -0.36
2021-08-05 100.52 True: 100.92  0.40%  0.04
2021-08-09 100.28 True: 100.39  0.11%  0.15
2021-08-10 100.37 True: 100.67  0.29%  0.44
2021-08-11 100.41 True: 100.45  0.04%  0.48
2021-08-12 100.13 True:  99.55 -0.58% -0.10
2021-08-13 100.03 True:  99.17 -0.87% -0.97
2021-08-16 100.29 True:  99.54 -0.75% -1.72
2021-08-17  99.72 True:  98.94 -0.78% -2.50
2021-08-18  99.42 True:  99.93  0.51% -1.99
2021-08-19 100.03 True:  99.39 -0.64% -2.63
2021-08-20 100.41 True:  99.96 -0.45% -3.08
2021-08-23 100.37 True: 101.61  1.22% -1.86
2021-08-24 100.13 True: 100.56  0.43% -1.43
2021-08-25 100.13 True:  99.96 -0.17% -1.60
2021-08-26  99.80 True:  99.23 -0.58% -2.17
2021-08-27 100.41 True: 101.10  0.68% -1.50
2021-08-30 100.00 True:  99.30 -0.71% -2.20
2021-08-31 100.01 True: 101.76  1.72% -0.49
2021-09-01  99.97 True: 101.18  1.19%  0.70
2021-09-02 100.25 True: 100.34  0.09%  0.79
2021-09-03  99.97 True: 103.34  3.27%  4.06
2021-09-07  99.69 True: 100.99  1.28%  5.34
2021-09-08 100.02 True: 100.33  0.31%  5.65
2021-09-09  99.82 True: 100.33  0.50%  6.15
2021-09-10  99.65 True: 101.14  1.47%  7.63
2021-09-13 100.50 True: 100.64  0.14%  7.77
2021-09-14  99.60 True:  99.52 -0.08%  7.69
2021-09-15 100.45 True: 100.64  0.19%  7.89
2021-09-16 100.06 True:  99.20 -0.86%  7.02
2021-09-20  98.64 True:  98.23 -0.41%  6.61
2021-09-21 100.01 True:  99.84 -0.17%  6.44
2021-09-23 101.25 True: 101.47  0.22%  6.66
2021-09-24 100.17 True: 100.16 -0.01%  6.65
2021-09-27 100.24 True:  99.68 -0.56%  6.09
2021-09-28  99.06 True:  98.55 -0.52%  5.57
2021-09-29 100.35 True: 100.16 -0.19%  5.38
2021-09-30  99.10 True:  98.85 -0.25%  5.13
2021-10-01 100.80 True:  99.50 -1.30%  3.83
2021-10-04  99.47 True:  95.84 -3.79%  0.03
2021-10-05 100.60 True: 100.42 -0.19% -0.15
2021-10-06 100.32 True:  98.76 -1.58% -1.74
2021-10-07 100.62 True: 101.61  0.98% -0.76
2021-10-08 100.05 True:  99.48 -0.57% -1.32
2021-10-11  99.70 True: 101.63  1.90%  0.58
2021-10-12  99.92 True:  98.60 -1.34% -0.76
2021-10-13 100.01 True: 100.83  0.82%  0.05
2021-10-14 100.87 True: 102.09  1.19%  1.25
2021-10-15 100.66 True: 100.74  0.08%  1.32
2021-10-18 100.02 True: 100.00 -0.02%  1.30
2021-10-19 100.37 True: 101.17  0.78%  2.09
2021-10-20 100.31 True:  98.85 -1.48%  0.61
Average error: 0.72%
Min: -3.08 Max: 7.89 Mid: 2.40 Epoch: 500000 DATA_LEN: 55
Nom: 33.64 FinalErr: 0.000098

2021-08-02  99.90 True: 100.00  0.10%  0.10
2021-08-03 100.49 True: 100.18 -0.31% -0.21
2021-08-04  99.54 True:  99.68  0.15% -0.06
2021-08-05 100.48 True: 100.92  0.44%  0.38
2021-08-09 100.23 True: 100.39  0.15%  0.53
2021-08-10 100.33 True: 100.67  0.33%  0.86
2021-08-11 100.37 True: 100.45  0.08%  0.94
2021-08-12 100.09 True:  99.55 -0.54%  0.40
2021-08-13 100.00 True:  99.17 -0.84% -0.44
2021-08-16 100.25 True:  99.54 -0.71% -1.15
2021-08-17  99.68 True:  98.94 -0.74% -1.90
2021-08-18  99.39 True:  99.93  0.54% -1.36
2021-08-19  99.99 True:  99.39 -0.60% -1.96
2021-08-20 100.38 True:  99.96 -0.41% -2.37
2021-08-23 100.34 True: 101.61  1.25% -1.12
2021-08-24 100.09 True: 100.56  0.47% -0.65
2021-08-25 100.10 True:  99.96 -0.13% -0.79
2021-08-26  99.76 True:  99.23 -0.54% -1.33
2021-08-27 100.38 True: 101.10  0.71% -0.61
2021-08-30  99.97 True:  99.30 -0.67% -1.29
2021-08-31  99.98 True: 101.76  1.75%  0.46
2021-09-01  99.94 True: 101.18  1.22%  1.69
2021-09-02 100.22 True: 100.34  0.12%  1.81
2021-09-03  99.93 True: 103.34  3.30%  5.11
2021-09-07  99.66 True: 100.99  1.32%  6.43
2021-09-08  99.98 True: 100.33  0.35%  6.77
2021-09-09  99.79 True: 100.33  0.53%  7.31
2021-09-10  99.61 True: 101.14  1.51%  8.81
2021-09-13 100.46 True: 100.64  0.18%  9.00
2021-09-14  99.56 True:  99.52 -0.04%  8.95
2021-09-15 100.41 True: 100.64  0.23%  9.18
2021-09-16 100.02 True:  99.20 -0.82%  8.36
2021-09-20  98.61 True:  98.23 -0.39%  7.97
2021-09-21  99.97 True:  99.84 -0.14%  7.84
2021-09-23 101.21 True: 101.47  0.26%  8.10
2021-09-24 100.13 True: 100.16  0.03%  8.13
2021-09-27 100.20 True:  99.68 -0.53%  7.60
2021-09-28  99.03 True:  98.55 -0.49%  7.11
2021-09-29 100.31 True: 100.16 -0.14%  6.97
2021-09-30  99.07 True:  98.85 -0.22%  6.74
2021-10-01 100.76 True:  99.50 -1.26%  5.48
2021-10-04  99.45 True:  95.84 -3.76%  1.72
2021-10-05 100.56 True: 100.42 -0.15%  1.57
2021-10-06 100.28 True:  98.76 -1.54%  0.03
2021-10-07 100.57 True: 101.61  1.02%  1.05
2021-10-08 100.01 True:  99.48 -0.53%  0.52
2021-10-11  99.66 True: 101.63  1.93%  2.45
2021-10-12  99.89 True:  98.60 -1.30%  1.15
2021-10-13  99.98 True: 100.83  0.84%  1.99
2021-10-14 100.83 True: 102.09  1.23%  3.23
2021-10-15 100.62 True: 100.74  0.12%  3.34
2021-10-18  99.99 True: 100.00  0.01%  3.36
2021-10-19 100.34 True: 101.17  0.82%  4.18
2021-10-20 100.27 True:  98.85 -1.44%  2.73
2021-10-21 100.08 True:  98.37 -1.74%  0.99
Average error: 0.75%
Min: -2.37 Max: 9.18 Mid: 3.40 Epoch: 500000 DATA_LEN: 55
Nom: 29.11 FinalErr: 0.000104

2021-08-03 100.47 True: 100.18 -0.29% -0.29
2021-08-04  99.52 True:  99.68  0.16% -0.13
2021-08-05 100.46 True: 100.92  0.45%  0.32
2021-08-09 100.22 True: 100.39  0.16%  0.48
2021-08-10 100.32 True: 100.67  0.34%  0.83
2021-08-11 100.36 True: 100.45  0.09%  0.92
2021-08-12 100.07 True:  99.55 -0.53%  0.40
2021-08-13  99.98 True:  99.17 -0.83% -0.43
2021-08-16 100.24 True:  99.54 -0.70% -1.13
2021-08-17  99.67 True:  98.94 -0.73% -1.86
2021-08-18  99.38 True:  99.93  0.55% -1.31
2021-08-19  99.98 True:  99.39 -0.59% -1.90
2021-08-20 100.36 True:  99.96 -0.40% -2.29
2021-08-23 100.32 True: 101.61  1.27% -1.02
2021-08-24 100.08 True: 100.56  0.48% -0.54
2021-08-25 100.08 True:  99.96 -0.12% -0.66
2021-08-26  99.75 True:  99.23 -0.53% -1.18
2021-08-27 100.36 True: 101.10  0.73% -0.46
2021-08-30  99.95 True:  99.30 -0.66% -1.11
2021-08-31  99.97 True: 101.76  1.77%  0.65
2021-09-01  99.93 True: 101.18  1.24%  1.89
2021-09-02 100.20 True: 100.34  0.14%  2.03
2021-09-03  99.92 True: 103.34  3.31%  5.34
2021-09-07  99.65 True: 100.99  1.33%  6.67
2021-09-08  99.96 True: 100.33  0.36%  7.03
2021-09-09  99.78 True: 100.33  0.55%  7.58
2021-09-10  99.60 True: 101.14  1.52%  9.10
2021-09-13 100.44 True: 100.64  0.20%  9.30
2021-09-14  99.55 True:  99.52 -0.03%  9.27
2021-09-15 100.39 True: 100.64  0.25%  9.51
2021-09-16 100.01 True:  99.20 -0.81%  8.70
2021-09-20  98.61 True:  98.23 -0.38%  8.33
2021-09-21  99.96 True:  99.84 -0.12%  8.20
2021-09-23 101.19 True: 101.47  0.28%  8.48
2021-09-24 100.12 True: 100.16  0.04%  8.52
2021-09-27 100.19 True:  99.68 -0.51%  8.01
2021-09-28  99.02 True:  98.55 -0.48%  7.53
2021-09-29 100.29 True: 100.16 -0.13%  7.40
2021-09-30  99.06 True:  98.85 -0.21%  7.19
2021-10-01 100.75 True:  99.50 -1.25%  5.94
2021-10-04  99.43 True:  95.84 -3.75%  2.19
2021-10-05 100.55 True: 100.42 -0.13%  2.06
2021-10-06 100.26 True:  98.76 -1.53%  0.53
2021-10-07 100.56 True: 101.61  1.03%  1.57
2021-10-08 100.00 True:  99.48 -0.52%  1.05
2021-10-11  99.65 True: 101.63  1.95%  3.00
2021-10-12  99.87 True:  98.60 -1.29%  1.71
2021-10-13  99.96 True: 100.83  0.86%  2.57
2021-10-14 100.82 True: 102.09  1.25%  3.82
2021-10-15 100.61 True: 100.74  0.13%  3.95
2021-10-18  99.97 True: 100.00  0.03%  3.98
2021-10-19 100.32 True: 101.17  0.84%  4.81
2021-10-20 100.26 True:  98.85 -1.43%  3.39
2021-10-21 100.07 True:  98.37 -1.73%  1.66
2021-10-22 100.13 True:  99.56 -0.57%  1.08
Average error: 0.76%
Min: -2.29 Max: 9.51 Mid: 3.61 Epoch: 500000 DATA_LEN: 55
Nom: 28.60 FinalErr: 0.000104

2021-08-04  99.54 True:  99.68  0.14%  0.14
2021-08-05 100.51 True: 100.92  0.41%  0.54
2021-08-09 100.28 True: 100.39  0.11%  0.65
2021-08-10 100.37 True: 100.67  0.30%  0.95
2021-08-11 100.40 True: 100.45  0.05%  1.00
2021-08-12 100.11 True:  99.55 -0.57%  0.44
2021-08-13 100.01 True:  99.17 -0.85% -0.41
2021-08-16 100.28 True:  99.54 -0.74% -1.15
2021-08-17  99.70 True:  98.94 -0.77% -1.92
2021-08-18  99.39 True:  99.93  0.54% -1.38
2021-08-19 100.02 True:  99.39 -0.63% -2.01
2021-08-20 100.40 True:  99.96 -0.44% -2.45
2021-08-23 100.36 True: 101.61  1.23% -1.21
2021-08-24 100.11 True: 100.56  0.45% -0.77
2021-08-25 100.12 True:  99.96 -0.15% -0.92
2021-08-26  99.78 True:  99.23 -0.56% -1.48
2021-08-27 100.40 True: 101.10  0.69% -0.79
2021-08-30  99.99 True:  99.30 -0.69% -1.48
2021-08-31 100.00 True: 101.76  1.73%  0.26
2021-09-01  99.95 True: 101.18  1.21%  1.47
2021-09-02 100.24 True: 100.34  0.10%  1.57
2021-09-03  99.95 True: 103.34  3.28%  4.85
2021-09-07  99.67 True: 100.99  1.30%  6.16
2021-09-08 100.00 True: 100.33  0.32%  6.48
2021-09-09  99.80 True: 100.33  0.52%  7.00
2021-09-10  99.62 True: 101.14  1.50%  8.50
2021-09-13 100.49 True: 100.64  0.15%  8.65
2021-09-14  99.57 True:  99.52 -0.05%  8.60
2021-09-15 100.44 True: 100.64  0.20%  8.80
2021-09-16 100.05 True:  99.20 -0.85%  7.95
2021-09-20  98.59 True:  98.23 -0.36%  7.59
2021-09-21  99.99 True:  99.84 -0.16%  7.43
2021-09-23 101.25 True: 101.47  0.22%  7.65
2021-09-24 100.16 True: 100.16  0.00%  7.65
2021-09-27 100.23 True:  99.68 -0.56%  7.09
2021-09-28  99.02 True:  98.55 -0.48%  6.61
2021-09-29 100.35 True: 100.16 -0.19%  6.43
2021-09-30  99.07 True:  98.85 -0.21%  6.21
2021-10-01 100.80 True:  99.50 -1.30%  4.91
2021-10-04  99.44 True:  95.84 -3.76%  1.15
2021-10-05 100.60 True: 100.42 -0.18%  0.97
2021-10-06 100.31 True:  98.76 -1.58% -0.61
2021-10-07 100.61 True: 101.61  0.98%  0.38
2021-10-08 100.03 True:  99.48 -0.55% -0.17
2021-10-11  99.68 True: 101.63  1.92%  1.75
2021-10-12  99.91 True:  98.60 -1.32%  0.43
2021-10-13  99.99 True: 100.83  0.84%  1.26
2021-10-14 100.87 True: 102.09  1.19%  2.46
2021-10-15 100.66 True: 100.74  0.08%  2.54
2021-10-18 100.00 True: 100.00 -0.00%  2.53
2021-10-19 100.36 True: 101.17  0.79%  3.33
2021-10-20 100.30 True:  98.85 -1.47%  1.86
2021-10-21 100.11 True:  98.37 -1.77%  0.09
2021-10-22 100.16 True:  99.56 -0.61% -0.52
2021-10-25 100.24 True: 101.63  1.37%  0.86
Average error: 0.77%
Min: -2.45 Max: 8.80 Mid: 3.18 Epoch: 500000 DATA_LEN: 55
Nom: 29.35 FinalErr: 0.000107

2021-08-05 100.51 True: 100.92  0.41%  0.41
2021-08-09 100.28 True: 100.39  0.11%  0.52
2021-08-10 100.36 True: 100.67  0.30%  0.81
2021-08-11 100.40 True: 100.45  0.05%  0.87
2021-08-12 100.11 True:  99.55 -0.57%  0.30
2021-08-13 100.01 True:  99.17 -0.85% -0.55
2021-08-16 100.28 True:  99.54 -0.74% -1.29
2021-08-17  99.71 True:  98.94 -0.77% -2.06
2021-08-18  99.40 True:  99.93  0.53% -1.53
2021-08-19 100.02 True:  99.39 -0.63% -2.16
2021-08-20 100.40 True:  99.96 -0.44% -2.60
2021-08-23 100.36 True: 101.61  1.23% -1.36
2021-08-24 100.11 True: 100.56  0.45% -0.92
2021-08-25 100.12 True:  99.96 -0.15% -1.07
2021-08-26  99.78 True:  99.23 -0.56% -1.63
2021-08-27 100.40 True: 101.10  0.69% -0.94
2021-08-30  99.99 True:  99.30 -0.69% -1.63
2021-08-31 100.00 True: 101.76  1.73%  0.10
2021-09-01  99.95 True: 101.18  1.21%  1.31
2021-09-02 100.24 True: 100.34  0.10%  1.41
2021-09-03  99.95 True: 103.34  3.28%  4.69
2021-09-07  99.68 True: 100.99  1.30%  5.99
2021-09-08 100.00 True: 100.33  0.32%  6.31
2021-09-09  99.80 True: 100.33  0.52%  6.83
2021-09-10  99.63 True: 101.14  1.49%  8.32
2021-09-13 100.49 True: 100.64  0.15%  8.48
2021-09-14  99.58 True:  99.52 -0.06%  8.42
2021-09-15 100.44 True: 100.64  0.20%  8.62
2021-09-16 100.05 True:  99.20 -0.85%  7.77
2021-09-20  98.61 True:  98.23 -0.38%  7.39
2021-09-21  99.99 True:  99.84 -0.16%  7.23
2021-09-23 101.25 True: 101.47  0.22%  7.45
2021-09-24 100.16 True: 100.16 -0.00%  7.45
2021-09-27 100.23 True:  99.68 -0.56%  6.90
2021-09-28  99.03 True:  98.55 -0.49%  6.41
2021-09-29 100.35 True: 100.16 -0.19%  6.22
2021-09-30  99.08 True:  98.85 -0.22%  6.00
2021-10-01 100.79 True:  99.50 -1.30%  4.70
2021-10-04  99.45 True:  95.84 -3.77%  0.93
2021-10-05 100.60 True: 100.42 -0.18%  0.75
2021-10-06 100.31 True:  98.76 -1.58% -0.82
2021-10-07 100.61 True: 101.61  0.99%  0.16
2021-10-08 100.03 True:  99.48 -0.55% -0.39
2021-10-11  99.68 True: 101.63  1.92%  1.53
2021-10-12  99.91 True:  98.60 -1.32%  0.20
2021-10-13  99.99 True: 100.83  0.84%  1.04
2021-10-14 100.87 True: 102.09  1.20%  2.24
2021-10-15 100.66 True: 100.74  0.08%  2.32
2021-10-18 100.00 True: 100.00 -0.00%  2.32
2021-10-19 100.36 True: 101.17  0.80%  3.11
2021-10-20 100.30 True:  98.85 -1.47%  1.64
2021-10-21 100.11 True:  98.37 -1.77% -0.13
2021-10-22 100.17 True:  99.56 -0.61% -0.74
2021-10-25 100.24 True: 101.63  1.37%  0.64
2021-10-26 100.12 True: 100.30  0.18%  0.82
Average error: 0.77%
Min: -2.60 Max: 8.62 Mid: 3.01 Epoch: 500000 DATA_LEN: 55
Nom: 30.41 FinalErr: 0.000107

2021-08-09 100.27 True: 100.39  0.12%  0.12
2021-08-10 100.35 True: 100.67  0.31%  0.43
2021-08-11 100.39 True: 100.45  0.07%  0.50
2021-08-12 100.10 True:  99.55 -0.55% -0.06
2021-08-13  99.99 True:  99.17 -0.83% -0.89
2021-08-16 100.27 True:  99.54 -0.73% -1.62
2021-08-17  99.69 True:  98.94 -0.75% -2.37
2021-08-18  99.37 True:  99.93  0.56% -1.81
2021-08-19 100.01 True:  99.39 -0.62% -2.43
2021-08-20 100.39 True:  99.96 -0.42% -2.86
2021-08-23 100.35 True: 101.61  1.25% -1.61
2021-08-24 100.10 True: 100.56  0.46% -1.15
2021-08-25 100.10 True:  99.96 -0.14% -1.29
2021-08-26  99.77 True:  99.23 -0.54% -1.83
2021-08-27 100.39 True: 101.10  0.70% -1.12
2021-08-30  99.97 True:  99.30 -0.68% -1.80
2021-08-31  99.98 True: 101.76  1.75% -0.05
2021-09-01  99.94 True: 101.18  1.23%  1.17
2021-09-02 100.22 True: 100.34  0.12%  1.29
2021-09-03  99.94 True: 103.34  3.30%  4.59
2021-09-07  99.66 True: 100.99  1.32%  5.90
2021-09-08  99.99 True: 100.33  0.34%  6.24
2021-09-09  99.79 True: 100.33  0.54%  6.78
2021-09-10  99.61 True: 101.14  1.51%  8.29
2021-09-13 100.48 True: 100.64  0.16%  8.45
2021-09-14  99.56 True:  99.52 -0.03%  8.42
2021-09-15 100.42 True: 100.64  0.21%  8.63
2021-09-16 100.03 True:  99.20 -0.84%  7.79
2021-09-20  98.58 True:  98.23 -0.35%  7.45
2021-09-21  99.98 True:  99.84 -0.14%  7.31
2021-09-23 101.24 True: 101.47  0.23%  7.53
2021-09-24 100.15 True: 100.16  0.01%  7.54
2021-09-27 100.22 True:  99.68 -0.54%  7.00
2021-09-28  99.00 True:  98.55 -0.46%  6.54
2021-09-29 100.34 True: 100.16 -0.18%  6.36
2021-09-30  99.05 True:  98.85 -0.20%  6.17
2021-10-01 100.79 True:  99.50 -1.29%  4.88
2021-10-04  99.43 True:  95.84 -3.74%  1.13
2021-10-05 100.59 True: 100.42 -0.17%  0.96
2021-10-06 100.30 True:  98.76 -1.56% -0.60
2021-10-07 100.60 True: 101.61  1.00%  0.39
2021-10-08 100.02 True:  99.48 -0.53% -0.14
2021-10-11  99.66 True: 101.63  1.94%  1.79
2021-10-12  99.89 True:  98.60 -1.31%  0.49
2021-10-13  99.97 True: 100.83  0.85%  1.34
2021-10-14 100.86 True: 102.09  1.21%  2.55
2021-10-15 100.65 True: 100.74  0.09%  2.64
2021-10-18  99.99 True: 100.00  0.01%  2.65
2021-10-19 100.35 True: 101.17  0.81%  3.46
2021-10-20 100.28 True:  98.85 -1.45%  2.00
2021-10-21 100.10 True:  98.37 -1.76%  0.25
2021-10-22 100.15 True:  99.56 -0.59% -0.35
2021-10-25 100.23 True: 101.63  1.38%  1.04
2021-10-26 100.11 True: 100.30  0.19%  1.23
2021-10-27  99.59 True:  99.20 -0.40%  0.83
Average error: 0.77%
Min: -2.86 Max: 8.63 Mid: 2.89 Epoch: 500000 DATA_LEN: 55
Nom: 32.12 FinalErr: 0.000107

2021-08-10 100.34 True: 100.67  0.32%  0.32
2021-08-11 100.38 True: 100.45  0.07%  0.39
2021-08-12 100.09 True:  99.55 -0.54% -0.15
2021-08-13  99.99 True:  99.17 -0.83% -0.98
2021-08-16 100.26 True:  99.54 -0.72% -1.70
2021-08-17  99.68 True:  98.94 -0.75% -2.44
2021-08-18  99.37 True:  99.93  0.56% -1.89
2021-08-19 100.00 True:  99.39 -0.61% -2.50
2021-08-20 100.38 True:  99.96 -0.42% -2.91
2021-08-23 100.34 True: 101.61  1.25% -1.66
2021-08-24 100.09 True: 100.56  0.47% -1.19
2021-08-25 100.10 True:  99.96 -0.13% -1.32
2021-08-26  99.76 True:  99.23 -0.54% -1.86
2021-08-27 100.38 True: 101.10  0.71% -1.15
2021-08-30  99.97 True:  99.30 -0.67% -1.82
2021-08-31  99.98 True: 101.76  1.75% -0.06
2021-09-01  99.93 True: 101.18  1.23%  1.17
2021-09-02 100.22 True: 100.34  0.12%  1.29
2021-09-03  99.93 True: 103.34  3.30%  4.59
2021-09-07  99.66 True: 100.99  1.32%  5.91
2021-09-08  99.98 True: 100.33  0.35%  6.26
2021-09-09  99.78 True: 100.33  0.54%  6.80
2021-09-10  99.61 True: 101.14  1.51%  8.32
2021-09-13 100.47 True: 100.64  0.17%  8.49
2021-09-14  99.55 True:  99.52 -0.03%  8.46
2021-09-15 100.42 True: 100.64  0.22%  8.68
2021-09-16 100.03 True:  99.20 -0.83%  7.85
2021-09-20  98.58 True:  98.23 -0.36%  7.50
2021-09-21  99.97 True:  99.84 -0.14%  7.36
2021-09-23 101.23 True: 101.47  0.24%  7.60
2021-09-24 100.14 True: 100.16  0.02%  7.62
2021-09-27 100.21 True:  99.68 -0.53%  7.09
2021-09-28  99.01 True:  98.55 -0.47%  6.62
2021-09-29 100.33 True: 100.16 -0.16%  6.46
2021-09-30  99.05 True:  98.85 -0.20%  6.26
2021-10-01 100.77 True:  99.50 -1.28%  4.98
2021-10-04  99.43 True:  95.84 -3.74%  1.24
2021-10-05 100.58 True: 100.42 -0.16%  1.08
2021-10-06 100.29 True:  98.76 -1.55% -0.47
2021-10-07 100.59 True: 101.61  1.01%  0.53
2021-10-08 100.01 True:  99.48 -0.53%  0.00
2021-10-11  99.66 True: 101.63  1.94%  1.94
2021-10-12  99.89 True:  98.60 -1.30%  0.64
2021-10-13  99.97 True: 100.83  0.86%  1.50
2021-10-14 100.85 True: 102.09  1.22%  2.72
2021-10-15 100.64 True: 100.74  0.10%  2.82
2021-10-18  99.98 True: 100.00  0.02%  2.84
2021-10-19 100.34 True: 101.17  0.82%  3.65
2021-10-20 100.27 True:  98.85 -1.44%  2.21
2021-10-21 100.09 True:  98.37 -1.75%  0.46
2021-10-22 100.14 True:  99.56 -0.59% -0.13
2021-10-25 100.22 True: 101.63  1.39%  1.27
2021-10-26 100.10 True: 100.30  0.20%  1.47
2021-10-27  99.59 True:  99.20 -0.39%  1.08
2021-10-28 100.33 True: 100.10 -0.23%  0.85
Average error: 0.77%
Min: -2.91 Max: 8.68 Mid: 2.88 Epoch: 500000 DATA_LEN: 55
Nom: 32.44 FinalErr: 0.000108

2021-08-11 100.42 True: 100.45  0.03%  0.03
2021-08-12 100.13 True:  99.55 -0.58% -0.55
2021-08-13  99.98 True:  99.17 -0.82% -1.37
2021-08-16 100.31 True:  99.54 -0.77% -2.14
2021-08-17  99.73 True:  98.94 -0.79% -2.93
2021-08-18  99.36 True:  99.93  0.57% -2.36
2021-08-19 100.05 True:  99.39 -0.66% -3.02
2021-08-20 100.42 True:  99.96 -0.45% -3.47
2021-08-23 100.37 True: 101.61  1.23% -2.25
2021-08-24 100.12 True: 100.56  0.44% -1.80
2021-08-25 100.12 True:  99.96 -0.16% -1.96
2021-08-26  99.78 True:  99.23 -0.56% -2.52
2021-08-27 100.41 True: 101.10  0.68% -1.84
2021-08-30  99.99 True:  99.30 -0.70% -2.54
2021-08-31 100.00 True: 101.76  1.73% -0.80
2021-09-01  99.94 True: 101.18  1.22%  0.42
2021-09-02 100.24 True: 100.34  0.10%  0.52
2021-09-03  99.95 True: 103.34  3.28%  3.80
2021-09-07  99.68 True: 100.99  1.29%  5.10
2021-09-08 100.02 True: 100.33  0.31%  5.40
2021-09-09  99.79 True: 100.33  0.53%  5.94
2021-09-10  99.62 True: 101.14  1.50%  7.44
2021-09-13 100.52 True: 100.64  0.12%  7.56
2021-09-14  99.56 True:  99.52 -0.03%  7.52
2021-09-15 100.46 True: 100.64  0.18%  7.70
2021-09-16 100.08 True:  99.20 -0.89%  6.82
2021-09-20  98.53 True:  98.23 -0.30%  6.51
2021-09-21 100.00 True:  99.84 -0.16%  6.35
2021-09-23 101.32 True: 101.47  0.16%  6.51
2021-09-24 100.19 True: 100.16 -0.02%  6.48
2021-09-27 100.26 True:  99.68 -0.59%  5.90
2021-09-28  98.97 True:  98.55 -0.43%  5.47
2021-09-29 100.42 True: 100.16 -0.25%  5.22
2021-09-30  99.02 True:  98.85 -0.17%  5.04
2021-10-01 100.84 True:  99.50 -1.34%  3.70
2021-10-04  99.40 True:  95.84 -3.71% -0.01
2021-10-05 100.65 True: 100.42 -0.23% -0.24
2021-10-06 100.36 True:  98.76 -1.62% -1.86
2021-10-07 100.65 True: 101.61  0.94% -0.92
2021-10-08 100.03 True:  99.48 -0.55% -1.47
2021-10-11  99.68 True: 101.63  1.92%  0.45
2021-10-12  99.92 True:  98.60 -1.33% -0.88
2021-10-13  99.96 True: 100.83  0.86% -0.01
2021-10-14 100.92 True: 102.09  1.15%  1.13
2021-10-15 100.70 True: 100.74  0.04%  1.17
2021-10-18 100.00 True: 100.00 -0.00%  1.17
2021-10-19 100.38 True: 101.17  0.78%  1.95
2021-10-20 100.31 True:  98.85 -1.48%  0.47
2021-10-21 100.14 True:  98.37 -1.80% -1.33
2021-10-22 100.17 True:  99.56 -0.61% -1.94
2021-10-25 100.28 True: 101.63  1.33% -0.61
2021-10-26 100.14 True: 100.30  0.16% -0.45
2021-10-27  99.59 True:  99.20 -0.39% -0.84
2021-10-28 100.34 True: 100.10 -0.24% -1.08
2021-10-29 100.47 True: 102.05  1.55%  0.48
Average error: 0.8%
Min: -3.47 Max: 7.70 Mid: 2.12 Epoch: 500000 DATA_LEN: 55
Nom: 35.34 FinalErr: 0.000112

2021-08-12 100.13 True:  99.55 -0.58% -0.58
2021-08-13  99.99 True:  99.17 -0.83% -1.41
2021-08-16 100.31 True:  99.54 -0.77% -2.18
2021-08-17  99.73 True:  98.94 -0.80% -2.98
2021-08-18  99.36 True:  99.93  0.57% -2.42
2021-08-19 100.05 True:  99.39 -0.66% -3.07
2021-08-20 100.42 True:  99.96 -0.46% -3.53
2021-08-23 100.37 True: 101.61  1.22% -2.30
2021-08-24 100.12 True: 100.56  0.44% -1.87
2021-08-25 100.13 True:  99.96 -0.16% -2.03
2021-08-26  99.79 True:  99.23 -0.56% -2.59
2021-08-27 100.41 True: 101.10  0.68% -1.91
2021-08-30 100.00 True:  99.30 -0.70% -2.61
2021-08-31 100.00 True: 101.76  1.73% -0.88
2021-09-01  99.94 True: 101.18  1.22%  0.34
2021-09-02 100.24 True: 100.34  0.10%  0.43
2021-09-03  99.96 True: 103.34  3.28%  3.71
2021-09-07  99.69 True: 100.99  1.29%  5.00
2021-09-08 100.02 True: 100.33  0.30%  5.30
2021-09-09  99.79 True: 100.33  0.53%  5.83
2021-09-10  99.62 True: 101.14  1.50%  7.33
2021-09-13 100.52 True: 100.64  0.12%  7.45
2021-09-14  99.56 True:  99.52 -0.04%  7.41
2021-09-15 100.46 True: 100.64  0.18%  7.59
2021-09-16 100.08 True:  99.20 -0.89%  6.70
2021-09-20  98.54 True:  98.23 -0.32%  6.38
2021-09-21 100.00 True:  99.84 -0.16%  6.22
2021-09-23 101.31 True: 101.47  0.16%  6.38
2021-09-24 100.19 True: 100.16 -0.03%  6.35
2021-09-27 100.26 True:  99.68 -0.59%  5.76
2021-09-28  98.98 True:  98.55 -0.44%  5.32
2021-09-29 100.42 True: 100.16 -0.25%  5.07
2021-09-30  99.03 True:  98.85 -0.18%  4.89
2021-10-01 100.84 True:  99.50 -1.34%  3.55
2021-10-04  99.41 True:  95.84 -3.72% -0.18
2021-10-05 100.65 True: 100.42 -0.23% -0.41
2021-10-06 100.36 True:  98.76 -1.62% -2.03
2021-10-07 100.65 True: 101.61  0.94% -1.09
2021-10-08 100.03 True:  99.48 -0.55% -1.63
2021-10-11  99.68 True: 101.63  1.92%  0.28
2021-10-12  99.92 True:  98.60 -1.34% -1.05
2021-10-13  99.96 True: 100.83  0.86% -0.20
2021-10-14 100.92 True: 102.09  1.15%  0.95
2021-10-15 100.70 True: 100.74  0.04%  0.99
2021-10-18 100.01 True: 100.00 -0.01%  0.99
2021-10-19 100.38 True: 101.17  0.78%  1.76
2021-10-20 100.31 True:  98.85 -1.48%  0.28
2021-10-21 100.14 True:  98.37 -1.80% -1.52
2021-10-22 100.17 True:  99.56 -0.62% -2.14
2021-10-25 100.28 True: 101.63  1.33% -0.80
2021-10-26 100.14 True: 100.30  0.16% -0.64
2021-10-27  99.59 True:  99.20 -0.40% -1.04
2021-10-28 100.34 True: 100.10 -0.24% -1.28
2021-10-29 100.47 True: 102.05  1.55%  0.27
2021-11-01 100.16 True: 100.33  0.17%  0.44
Average error: 0.8%
Min: -3.53 Max: 7.59 Mid: 2.03 Epoch: 500000 DATA_LEN: 55
Nom: 35.72 FinalErr: 0.000112

2021-08-13 100.01 True:  99.17 -0.85% -0.85
2021-08-16 100.36 True:  99.54 -0.82% -1.67
2021-08-17  99.74 True:  98.94 -0.81% -2.48
2021-08-18  99.35 True:  99.93  0.57% -1.90
2021-08-19 100.08 True:  99.39 -0.69% -2.59
2021-08-20 100.47 True:  99.96 -0.50% -3.10
2021-08-23 100.41 True: 101.61  1.18% -1.92
2021-08-24 100.16 True: 100.56  0.41% -1.51
2021-08-25 100.16 True:  99.96 -0.19% -1.71
2021-08-26  99.80 True:  99.23 -0.58% -2.29
2021-08-27 100.46 True: 101.10  0.63% -1.65
2021-08-30 100.02 True:  99.30 -0.73% -2.38
2021-08-31 100.03 True: 101.76  1.70% -0.68
2021-09-01  99.97 True: 101.18  1.20%  0.52
2021-09-02 100.28 True: 100.34  0.06%  0.58
2021-09-03  99.98 True: 103.34  3.25%  3.83
2021-09-07  99.70 True: 100.99  1.28%  5.11
2021-09-08 100.05 True: 100.33  0.27%  5.38
2021-09-09  99.81 True: 100.33  0.51%  5.90
2021-09-10  99.63 True: 101.14  1.49%  7.39
2021-09-13 100.58 True: 100.64  0.07%  7.46
2021-09-14  99.56 True:  99.52 -0.04%  7.41
2021-09-15 100.51 True: 100.64  0.13%  7.54
2021-09-16 100.12 True:  99.20 -0.92%  6.62
2021-09-20  98.48 True:  98.23 -0.25%  6.37
2021-09-21 100.03 True:  99.84 -0.19%  6.18
2021-09-23 101.39 True: 101.47  0.08%  6.26
2021-09-24 100.22 True: 100.16 -0.06%  6.20
2021-09-27 100.30 True:  99.68 -0.63%  5.57
2021-09-28  98.94 True:  98.55 -0.40%  5.16
2021-09-29 100.46 True: 100.16 -0.30%  4.86
2021-09-30  99.00 True:  98.85 -0.15%  4.71
2021-10-01 100.90 True:  99.50 -1.41%  3.31
2021-10-04  99.40 True:  95.84 -3.71% -0.41
2021-10-05 100.71 True: 100.42 -0.29% -0.70
2021-10-06 100.40 True:  98.76 -1.67% -2.36
2021-10-07 100.71 True: 101.61  0.89% -1.48
2021-10-08 100.06 True:  99.48 -0.58% -2.05
2021-10-11  99.69 True: 101.63  1.91% -0.15
2021-10-12  99.94 True:  98.60 -1.36% -1.51
2021-10-13  99.99 True: 100.83  0.84% -0.67
2021-10-14 100.99 True: 102.09  1.08%  0.41
2021-10-15 100.76 True: 100.74 -0.02%  0.39
2021-10-18 100.03 True: 100.00 -0.03%  0.36
2021-10-19 100.43 True: 101.17  0.73%  1.09
2021-10-20 100.36 True:  98.85 -1.53% -0.44
2021-10-21 100.17 True:  98.37 -1.84% -2.27
2021-10-22 100.21 True:  99.56 -0.65% -2.92
2021-10-25 100.32 True: 101.63  1.29% -1.63
2021-10-26 100.18 True: 100.30  0.13% -1.51
2021-10-27  99.60 True:  99.20 -0.40% -1.91
2021-10-28 100.39 True: 100.10 -0.28% -2.19
2021-10-29 100.52 True: 102.05  1.50% -0.69
2021-11-01 100.19 True: 100.33  0.13% -0.55
2021-11-03 100.53 True: 101.48  0.94%  0.38
Average error: 0.8%
Min: -3.10 Max: 7.54 Mid: 2.22 Epoch: 500000 DATA_LEN: 55
Nom: 32.72 FinalErr: 0.000112

2021-08-16 100.35 True:  99.54 -0.81% -0.81
2021-08-17  99.73 True:  98.94 -0.80% -1.60
2021-08-18  99.37 True:  99.93  0.56% -1.04
2021-08-19 100.07 True:  99.39 -0.68% -1.72
2021-08-20 100.47 True:  99.96 -0.50% -2.22
2021-08-23 100.42 True: 101.61  1.18% -1.04
2021-08-24 100.16 True: 100.56  0.41% -0.64
2021-08-25 100.16 True:  99.96 -0.20% -0.83
2021-08-26  99.80 True:  99.23 -0.58% -1.41
2021-08-27 100.46 True: 101.10  0.63% -0.78
2021-08-30 100.02 True:  99.30 -0.73% -1.51
2021-08-31 100.03 True: 101.76  1.70%  0.19
2021-09-01  99.98 True: 101.18  1.19%  1.38
2021-09-02 100.29 True: 100.34  0.05%  1.44
2021-09-03  99.98 True: 103.34  3.25%  4.69
2021-09-07  99.69 True: 100.99  1.28%  5.97
2021-09-08 100.04 True: 100.33  0.28%  6.25
2021-09-09  99.82 True: 100.33  0.51%  6.76
2021-09-10  99.63 True: 101.14  1.49%  8.25
2021-09-13 100.57 True: 100.64  0.07%  8.33
2021-09-14  99.57 True:  99.52 -0.05%  8.28
2021-09-15 100.51 True: 100.64  0.13%  8.41
2021-09-16 100.10 True:  99.20 -0.91%  7.50
2021-09-20  98.50 True:  98.23 -0.27%  7.24
2021-09-21 100.03 True:  99.84 -0.19%  7.05
2021-09-23 101.37 True: 101.47  0.10%  7.14
2021-09-24 100.22 True: 100.16 -0.05%  7.09
2021-09-27 100.29 True:  99.68 -0.62%  6.47
2021-09-28  98.96 True:  98.55 -0.42%  6.05
2021-09-29 100.44 True: 100.16 -0.27%  5.78
2021-09-30  99.02 True:  98.85 -0.16%  5.61
2021-10-01 100.89 True:  99.50 -1.40%  4.22
2021-10-04  99.42 True:  95.84 -3.73%  0.48
2021-10-05 100.69 True: 100.42 -0.27%  0.21
2021-10-06 100.39 True:  98.76 -1.65% -1.44
2021-10-07 100.70 True: 101.61  0.90% -0.54
2021-10-08 100.06 True:  99.48 -0.58% -1.12
2021-10-11  99.69 True: 101.63  1.91%  0.78
2021-10-12  99.94 True:  98.60 -1.36% -0.57
2021-10-13 100.00 True: 100.83  0.82%  0.25
2021-10-14 100.97 True: 102.09  1.10%  1.34
2021-10-15 100.75 True: 100.74 -0.01%  1.34
2021-10-18 100.04 True: 100.00 -0.04%  1.30
2021-10-19 100.42 True: 101.17  0.73%  2.03
2021-10-20 100.35 True:  98.85 -1.52%  0.51
2021-10-21 100.16 True:  98.37 -1.83% -1.32
2021-10-22 100.21 True:  99.56 -0.65% -1.97
2021-10-25 100.31 True: 101.63  1.31% -0.66
2021-10-26 100.17 True: 100.30  0.13% -0.53
2021-10-27  99.61 True:  99.20 -0.41% -0.94
2021-10-28 100.40 True: 100.10 -0.30% -1.24
2021-10-29 100.48 True: 102.05  1.54%  0.30
2021-11-01 100.20 True: 100.33  0.13%  0.43
2021-11-03 100.52 True: 101.48  0.95%  1.37
2021-11-04 100.17 True:  99.51 -0.66%  0.71
Average error: 0.8%
Min: -2.22 Max: 8.41 Mid: 3.10 Epoch: 500000 DATA_LEN: 55
Nom: 27.56 FinalErr: 0.000112

2021-08-17  99.73 True:  98.94 -0.79% -0.79
2021-08-18  99.36 True:  99.93  0.57% -0.23
2021-08-19 100.07 True:  99.39 -0.67% -0.90
2021-08-20 100.46 True:  99.96 -0.49% -1.40
2021-08-23 100.41 True: 101.61  1.19% -0.21
2021-08-24 100.15 True: 100.56  0.41%  0.20
2021-08-25 100.16 True:  99.96 -0.19%  0.01
2021-08-26  99.80 True:  99.23 -0.58% -0.57
2021-08-27 100.45 True: 101.10  0.64%  0.07
2021-08-30 100.02 True:  99.30 -0.72% -0.65
2021-08-31 100.02 True: 101.76  1.71%  1.06
2021-09-01  99.97 True: 101.18  1.19%  2.25
2021-09-02 100.28 True: 100.34  0.06%  2.31
2021-09-03  99.98 True: 103.34  3.26%  5.57
2021-09-07  99.69 True: 100.99  1.29%  6.86
2021-09-08 100.04 True: 100.33  0.28%  7.14
2021-09-09  99.81 True: 100.33  0.51%  7.65
2021-09-10  99.63 True: 101.14  1.49%  9.15
2021-09-13 100.56 True: 100.64  0.08%  9.23
2021-09-14  99.57 True:  99.52 -0.05%  9.18
2021-09-15 100.50 True: 100.64  0.14%  9.32
2021-09-16 100.10 True:  99.20 -0.90%  8.42
2021-09-20  98.50 True:  98.23 -0.27%  8.15
2021-09-21 100.02 True:  99.84 -0.19%  7.96
2021-09-23 101.37 True: 101.47  0.11%  8.07
2021-09-24 100.21 True: 100.16 -0.05%  8.02
2021-09-27 100.29 True:  99.68 -0.61%  7.40
2021-09-28  98.96 True:  98.55 -0.42%  6.98
2021-09-29 100.44 True: 100.16 -0.27%  6.71
2021-09-30  99.02 True:  98.85 -0.16%  6.55
2021-10-01 100.89 True:  99.50 -1.39%  5.16
2021-10-04  99.41 True:  95.84 -3.73%  1.43
2021-10-05 100.69 True: 100.42 -0.27%  1.16
2021-10-06 100.38 True:  98.76 -1.65% -0.48
2021-10-07 100.69 True: 101.61  0.91%  0.42
2021-10-08 100.06 True:  99.48 -0.58% -0.15
2021-10-11  99.69 True: 101.63  1.91%  1.76
2021-10-12  99.94 True:  98.60 -1.35%  0.41
2021-10-13 100.00 True: 100.83  0.83%  1.23
2021-10-14 100.97 True: 102.09  1.10%  2.33
2021-10-15 100.74 True: 100.74 -0.00%  2.33
2021-10-18 100.03 True: 100.00 -0.03%  2.30
2021-10-19 100.42 True: 101.17  0.74%  3.04
2021-10-20 100.35 True:  98.85 -1.52%  1.53
2021-10-21 100.16 True:  98.37 -1.82% -0.30
2021-10-22 100.20 True:  99.56 -0.65% -0.94
2021-10-25 100.30 True: 101.63  1.31%  0.37
2021-10-26 100.16 True: 100.30  0.14%  0.50
2021-10-27  99.60 True:  99.20 -0.41%  0.10
2021-10-28 100.39 True: 100.10 -0.29% -0.19
2021-10-29 100.48 True: 102.05  1.54%  1.35
2021-11-01 100.20 True: 100.33  0.13%  1.48
2021-11-03 100.51 True: 101.48  0.95%  2.43
2021-11-04 100.17 True:  99.51 -0.66%  1.78
2021-11-05 100.43 True:  99.67 -0.76%  1.02
Average error: 0.8%
Min: -1.40 Max: 9.32 Mid: 3.96 Epoch: 500000 DATA_LEN: 55
Nom: 22.53 FinalErr: 0.000112

2021-08-18  99.41 True:  99.93  0.52%  0.52
2021-08-19 100.07 True:  99.39 -0.68% -0.16
2021-08-20 100.44 True:  99.96 -0.48% -0.64
2021-08-23 100.39 True: 101.61  1.20%  0.57
2021-08-24 100.15 True: 100.56  0.41%  0.98
2021-08-25 100.15 True:  99.96 -0.19%  0.79
2021-08-26  99.82 True:  99.23 -0.60%  0.20
2021-08-27 100.43 True: 101.10  0.66%  0.86
2021-08-30 100.02 True:  99.30 -0.73%  0.13
2021-08-31 100.03 True: 101.76  1.70%  1.83
2021-09-01  99.97 True: 101.18  1.19%  3.02
2021-09-02 100.27 True: 100.34  0.07%  3.10
2021-09-03  99.98 True: 103.34  3.25%  6.35
2021-09-07  99.72 True: 100.99  1.26%  7.61
2021-09-08 100.05 True: 100.33  0.28%  7.88
2021-09-09  99.83 True: 100.33  0.50%  8.38
2021-09-10  99.66 True: 101.14  1.46%  9.84
2021-09-13 100.54 True: 100.64  0.10%  9.94
2021-09-14  99.60 True:  99.52 -0.08%  9.87
2021-09-15 100.48 True: 100.64  0.16% 10.03
2021-09-16 100.11 True:  99.20 -0.91%  9.11
2021-09-20  98.60 True:  98.23 -0.38%  8.74
2021-09-21 100.03 True:  99.84 -0.19%  8.54
2021-09-23 101.32 True: 101.47  0.15%  8.70
2021-09-24 100.21 True: 100.16 -0.05%  8.65
2021-09-27 100.29 True:  99.68 -0.61%  8.04
2021-09-28  99.03 True:  98.55 -0.49%  7.55
2021-09-29 100.43 True: 100.16 -0.27%  7.28
2021-09-30  99.08 True:  98.85 -0.23%  7.05
2021-10-01 100.85 True:  99.50 -1.35%  5.70
2021-10-04  99.45 True:  95.84 -3.76%  1.93
2021-10-05 100.66 True: 100.42 -0.25%  1.69
2021-10-06 100.38 True:  98.76 -1.64%  0.05
2021-10-07 100.67 True: 101.61  0.93%  0.98
2021-10-08 100.06 True:  99.48 -0.58%  0.40
2021-10-11  99.71 True: 101.63  1.88%  2.28
2021-10-12  99.95 True:  98.60 -1.37%  0.92
2021-10-13  99.99 True: 100.83  0.83%  1.75
2021-10-14 100.93 True: 102.09  1.14%  2.88
2021-10-15 100.71 True: 100.74  0.03%  2.91
2021-10-18 100.03 True: 100.00 -0.03%  2.88
2021-10-19 100.40 True: 101.17  0.76%  3.63
2021-10-20 100.33 True:  98.85 -1.51%  2.13
2021-10-21 100.16 True:  98.37 -1.83%  0.30
2021-10-22 100.20 True:  99.56 -0.64% -0.34
2021-10-25 100.30 True: 101.63  1.31%  0.98
2021-10-26 100.17 True: 100.30  0.14%  1.11
2021-10-27  99.63 True:  99.20 -0.43%  0.68
2021-10-28 100.36 True: 100.10 -0.26%  0.42
2021-10-29 100.48 True: 102.05  1.54%  1.95
2021-11-01 100.19 True: 100.33  0.14%  2.10
2021-11-03 100.49 True: 101.48  0.97%  3.07
2021-11-04 100.18 True:  99.51 -0.67%  2.40
2021-11-05 100.42 True:  99.67 -0.74%  1.66
2021-11-08 100.25 True:  99.84 -0.42%  1.24
Average error: 0.8%
Min: -0.64 Max: 10.03 Mid: 4.69 Epoch: 500000 DATA_LEN: 55
Nom: 17.59 FinalErr: 0.000111

2021-08-19 100.03 True:  99.39 -0.64% -0.64
2021-08-20 100.42 True:  99.96 -0.46% -1.10
2021-08-23 100.37 True: 101.61  1.23%  0.13
2021-08-24 100.11 True: 100.56  0.45%  0.58
2021-08-25 100.11 True:  99.96 -0.15%  0.43
2021-08-26  99.76 True:  99.23 -0.53% -0.10
2021-08-27 100.41 True: 101.10  0.68%  0.58
2021-08-30  99.97 True:  99.30 -0.68% -0.10
2021-08-31  99.98 True: 101.76  1.75%  1.65
2021-09-01  99.92 True: 101.18  1.24%  2.90
2021-09-02 100.24 True: 100.34  0.11%  3.00
2021-09-03  99.93 True: 103.34  3.30%  6.30
2021-09-07  99.65 True: 100.99  1.33%  7.63
2021-09-08 100.01 True: 100.33  0.32%  7.95
2021-09-09  99.76 True: 100.33  0.56%  8.51
2021-09-10  99.58 True: 101.14  1.54% 10.05
2021-09-13 100.53 True: 100.64  0.11% 10.16
2021-09-14  99.52 True:  99.52  0.01% 10.17
2021-09-15 100.47 True: 100.64  0.17% 10.34
2021-09-16 100.07 True:  99.20 -0.87%  9.47
2021-09-20  98.43 True:  98.23 -0.20%  9.26
2021-09-21  99.98 True:  99.84 -0.14%  9.12
2021-09-23 101.35 True: 101.47  0.12%  9.24
2021-09-24 100.18 True: 100.16 -0.02%  9.22
2021-09-27 100.26 True:  99.68 -0.58%  8.64
2021-09-28  98.90 True:  98.55 -0.36%  8.28
2021-09-29 100.42 True: 100.16 -0.26%  8.03
2021-09-30  98.96 True:  98.85 -0.10%  7.92
2021-10-01 100.86 True:  99.50 -1.36%  6.56
2021-10-04  99.35 True:  95.84 -3.66%  2.90
2021-10-05 100.66 True: 100.42 -0.24%  2.66
2021-10-06 100.36 True:  98.76 -1.62%  1.03
2021-10-07 100.66 True: 101.61  0.93%  1.97
2021-10-08 100.01 True:  99.48 -0.53%  1.44
2021-10-11  99.64 True: 101.63  1.95%  3.39
2021-10-12  99.90 True:  98.60 -1.31%  2.08
2021-10-13  99.94 True: 100.83  0.88%  2.96
2021-10-14 100.94 True: 102.09  1.12%  4.09
2021-10-15 100.71 True: 100.74  0.03%  4.11
2021-10-18  99.99 True: 100.00  0.01%  4.12
2021-10-19 100.38 True: 101.17  0.78%  4.90
2021-10-20 100.31 True:  98.85 -1.48%  3.42
2021-10-21 100.13 True:  98.37 -1.79%  1.63
2021-10-22 100.16 True:  99.56 -0.60%  1.03
2021-10-25 100.28 True: 101.63  1.34%  2.37
2021-10-26 100.13 True: 100.30  0.17%  2.54
2021-10-27  99.55 True:  99.20 -0.35%  2.19
2021-10-28 100.34 True: 100.10 -0.24%  1.95
2021-10-29 100.47 True: 102.05  1.55%  3.50
2021-11-01 100.15 True: 100.33  0.18%  3.68
2021-11-03 100.48 True: 101.48  0.98%  4.66
2021-11-04 100.15 True:  99.51 -0.63%  4.03
2021-11-05 100.40 True:  99.67 -0.72%  3.31
2021-11-08 100.22 True:  99.84 -0.39%  2.92
2021-11-09  99.86 True:  98.53 -1.35%  1.58
Average error: 0.8%
Min: -1.10 Max: 10.34 Mid: 4.62 Epoch: 500000 DATA_LEN: 55
Nom: 23.38 FinalErr: 0.000114

2021-08-20 100.42 True:  99.96 -0.46% -0.46
2021-08-23 100.37 True: 101.61  1.22%  0.76
2021-08-24 100.11 True: 100.56  0.45%  1.22
2021-08-25 100.11 True:  99.96 -0.15%  1.07
2021-08-26  99.74 True:  99.23 -0.52%  0.55
2021-08-27 100.41 True: 101.10  0.67%  1.23
2021-08-30  99.97 True:  99.30 -0.67%  0.55
2021-08-31  99.98 True: 101.76  1.76%  2.31
2021-09-01  99.92 True: 101.18  1.25%  3.55
2021-09-02 100.24 True: 100.34  0.10%  3.66
2021-09-03  99.93 True: 103.34  3.30%  6.96
2021-09-07  99.63 True: 100.99  1.34%  8.30
2021-09-08 100.00 True: 100.33  0.33%  8.63
2021-09-09  99.76 True: 100.33  0.57%  9.20
2021-09-10  99.57 True: 101.14  1.55% 10.76
2021-09-13 100.53 True: 100.64  0.11% 10.87
2021-09-14  99.50 True:  99.52  0.02% 10.88
2021-09-15 100.47 True: 100.64  0.17% 11.06
2021-09-16 100.06 True:  99.20 -0.86% 10.19
2021-09-20  98.40 True:  98.23 -0.17% 10.03
2021-09-21  99.98 True:  99.84 -0.14%  9.89
2021-09-23 101.36 True: 101.47  0.11% 10.00
2021-09-24 100.17 True: 100.16 -0.01%  9.99
2021-09-27 100.25 True:  99.68 -0.58%  9.42
2021-09-28  98.87 True:  98.55 -0.33%  9.08
2021-09-29 100.41 True: 100.16 -0.24%  8.84
2021-09-30  98.93 True:  98.85 -0.08%  8.76
2021-10-01 100.86 True:  99.50 -1.37%  7.39
2021-10-04  99.34 True:  95.84 -3.65%  3.74
2021-10-05 100.66 True: 100.42 -0.24%  3.50
2021-10-06 100.35 True:  98.76 -1.61%  1.88
2021-10-07 100.67 True: 101.61  0.93%  2.81
2021-10-08 100.01 True:  99.48 -0.53%  2.28
2021-10-11  99.63 True: 101.63  1.97%  4.25
2021-10-12  99.89 True:  98.60 -1.30%  2.95
2021-10-13  99.94 True: 100.83  0.88%  3.83
2021-10-14 100.95 True: 102.09  1.12%  4.95
2021-10-15 100.72 True: 100.74  0.02%  4.97
2021-10-18  99.98 True: 100.00  0.02%  4.99
2021-10-19 100.38 True: 101.17  0.78%  5.77
2021-10-20 100.31 True:  98.85 -1.48%  4.29
2021-10-21 100.12 True:  98.37 -1.78%  2.51
2021-10-22 100.16 True:  99.56 -0.60%  1.90
2021-10-25 100.27 True: 101.63  1.34%  3.25
2021-10-26 100.12 True: 100.30  0.18%  3.43
2021-10-27  99.54 True:  99.20 -0.34%  3.08
2021-10-28 100.35 True: 100.10 -0.24%  2.84
2021-10-29 100.46 True: 102.05  1.56%  4.40
2021-11-01 100.15 True: 100.33  0.18%  4.58
2021-11-03 100.48 True: 101.48  0.98%  5.56
2021-11-04 100.13 True:  99.51 -0.62%  4.94
2021-11-05 100.40 True:  99.67 -0.72%  4.22
2021-11-08 100.22 True:  99.84 -0.39%  3.83
2021-11-09  99.85 True:  98.53 -1.34%  2.49
2021-11-10  99.88 True:  99.27 -0.61%  1.88
Average error: 0.8%
Min: -0.46 Max: 11.06 Mid: 5.30 Epoch: 500000 DATA_LEN: 55
Nom: 20.30 FinalErr: 0.000113

2021-08-23 100.40 True: 101.61  1.19%  1.19
2021-08-24 100.15 True: 100.56  0.41%  1.61
2021-08-25 100.15 True:  99.96 -0.19%  1.42
2021-08-26  99.80 True:  99.23 -0.58%  0.85
2021-08-27 100.44 True: 101.10  0.65%  1.49
2021-08-30 100.02 True:  99.30 -0.72%  0.77
2021-08-31 100.02 True: 101.76  1.71%  2.48
2021-09-01  99.96 True: 101.18  1.20%  3.68
2021-09-02 100.27 True: 100.34  0.07%  3.75
2021-09-03  99.97 True: 103.34  3.26%  7.01
2021-09-07  99.70 True: 100.99  1.28%  8.29
2021-09-08 100.04 True: 100.33  0.28%  8.58
2021-09-09  99.81 True: 100.33  0.52%  9.09
2021-09-10  99.63 True: 101.14  1.49% 10.58
2021-09-13 100.56 True: 100.64  0.08% 10.67
2021-09-14  99.57 True:  99.52 -0.05% 10.62
2021-09-15 100.50 True: 100.64  0.14% 10.77
2021-09-16 100.10 True:  99.20 -0.91%  9.86
2021-09-20  98.51 True:  98.23 -0.28%  9.58
2021-09-21 100.02 True:  99.84 -0.18%  9.39
2021-09-23 101.36 True: 101.47  0.11%  9.50
2021-09-24 100.21 True: 100.16 -0.05%  9.45
2021-09-27 100.29 True:  99.68 -0.61%  8.84
2021-09-28  98.96 True:  98.55 -0.42%  8.42
2021-09-29 100.44 True: 100.16 -0.28%  8.14
2021-09-30  99.02 True:  98.85 -0.17%  7.97
2021-10-01 100.88 True:  99.50 -1.38%  6.58
2021-10-04  99.41 True:  95.84 -3.72%  2.86
2021-10-05 100.68 True: 100.42 -0.27%  2.59
2021-10-06 100.38 True:  98.76 -1.65%  0.94
2021-10-07 100.69 True: 101.61  0.91%  1.85
2021-10-08 100.05 True:  99.48 -0.57%  1.28
2021-10-11  99.69 True: 101.63  1.91%  3.19
2021-10-12  99.94 True:  98.60 -1.35%  1.84
2021-10-13  99.98 True: 100.83  0.84%  2.67
2021-10-14 100.96 True: 102.09  1.11%  3.78
2021-10-15 100.74 True: 100.74  0.00%  3.78
2021-10-18 100.03 True: 100.00 -0.03%  3.76
2021-10-19 100.41 True: 101.17  0.75%  4.50
2021-10-20 100.34 True:  98.85 -1.51%  2.99
2021-10-21 100.16 True:  98.37 -1.82%  1.17
2021-10-22 100.20 True:  99.56 -0.64%  0.53
2021-10-25 100.30 True: 101.63  1.31%  1.83
2021-10-26 100.16 True: 100.30  0.14%  1.97
2021-10-27  99.60 True:  99.20 -0.40%  1.57
2021-10-28 100.37 True: 100.10 -0.27%  1.29
2021-10-29 100.49 True: 102.05  1.53%  2.82
2021-11-01 100.19 True: 100.33  0.14%  2.96
2021-11-03 100.51 True: 101.48  0.96%  3.92
2021-11-04 100.18 True:  99.51 -0.66%  3.25
2021-11-05 100.43 True:  99.67 -0.75%  2.50
2021-11-08 100.26 True:  99.84 -0.42%  2.08
2021-11-09  99.90 True:  98.53 -1.39%  0.69
2021-11-10  99.94 True:  99.27 -0.67%  0.02
2021-11-11  99.89 True: 101.40  1.49%  1.51
Average error: 0.83%
Min: 0.02 Max: 10.77 Mid: 5.39 Epoch: 500000 DATA_LEN: 55
Nom: 13.87 FinalErr: 0.000117

2021-08-24 100.14 True: 100.56  0.42%  0.42
2021-08-25 100.14 True:  99.96 -0.18%  0.24
2021-08-26  99.80 True:  99.23 -0.58% -0.34
2021-08-27 100.43 True: 101.10  0.66%  0.32
2021-08-30 100.01 True:  99.30 -0.72% -0.40
2021-08-31 100.02 True: 101.76  1.71%  1.32
2021-09-01  99.96 True: 101.18  1.21%  2.52
2021-09-02 100.26 True: 100.34  0.08%  2.60
2021-09-03  99.97 True: 103.34  3.26%  5.86
2021-09-07  99.70 True: 100.99  1.27%  7.13
2021-09-08 100.04 True: 100.33  0.28%  7.42
2021-09-09  99.81 True: 100.33  0.52%  7.93
2021-09-10  99.63 True: 101.14  1.49%  9.42
2021-09-13 100.55 True: 100.64  0.09%  9.51
2021-09-14  99.57 True:  99.52 -0.05%  9.46
2021-09-15 100.49 True: 100.64  0.15%  9.61
2021-09-16 100.11 True:  99.20 -0.91%  8.70
2021-09-20  98.54 True:  98.23 -0.31%  8.39
2021-09-21 100.02 True:  99.84 -0.18%  8.21
2021-09-23 101.35 True: 101.47  0.13%  8.33
2021-09-24 100.21 True: 100.16 -0.05%  8.28
2021-09-27 100.29 True:  99.68 -0.61%  7.67
2021-09-28  98.98 True:  98.55 -0.44%  7.23
2021-09-29 100.45 True: 100.16 -0.28%  6.95
2021-09-30  99.04 True:  98.85 -0.18%  6.76
2021-10-01 100.87 True:  99.50 -1.37%  5.39
2021-10-04  99.41 True:  95.84 -3.73%  1.67
2021-10-05 100.68 True: 100.42 -0.26%  1.41
2021-10-06 100.38 True:  98.76 -1.65% -0.24
2021-10-07 100.68 True: 101.61  0.92%  0.68
2021-10-08 100.05 True:  99.48 -0.57%  0.11
2021-10-11  99.70 True: 101.63  1.90%  2.01
2021-10-12  99.94 True:  98.60 -1.36%  0.66
2021-10-13  99.97 True: 100.83  0.85%  1.50
2021-10-14 100.95 True: 102.09  1.12%  2.62
2021-10-15 100.73 True: 100.74  0.01%  2.64
2021-10-18 100.02 True: 100.00 -0.02%  2.61
2021-10-19 100.40 True: 101.17  0.76%  3.37
2021-10-20 100.33 True:  98.85 -1.51%  1.86
2021-10-21 100.16 True:  98.37 -1.82%  0.04
2021-10-22 100.19 True:  99.56 -0.63% -0.60
2021-10-25 100.30 True: 101.63  1.31%  0.71
2021-10-26 100.16 True: 100.30  0.14%  0.85
2021-10-27  99.60 True:  99.20 -0.41%  0.45
2021-10-28 100.36 True: 100.10 -0.26%  0.19
2021-10-29 100.50 True: 102.05  1.52%  1.71
2021-11-01 100.18 True: 100.33  0.15%  1.86
2021-11-03 100.50 True: 101.48  0.96%  2.82
2021-11-04 100.18 True:  99.51 -0.67%  2.15
2021-11-05 100.42 True:  99.67 -0.75%  1.41
2021-11-08 100.25 True:  99.84 -0.41%  0.99
2021-11-09  99.90 True:  98.53 -1.39% -0.39
2021-11-10  99.95 True:  99.27 -0.69% -1.08
2021-11-11  99.90 True: 101.40  1.49%  0.41
2021-11-12 100.42 True: 101.15  0.72%  1.13
Average error: 0.82%
Min: -1.08 Max: 9.61 Mid: 4.26 Epoch: 500000 DATA_LEN: 55
Nom: 20.65 FinalErr: 0.000116

2021-08-25 100.13 True:  99.96 -0.17% -0.17
2021-08-26  99.79 True:  99.23 -0.57% -0.74
2021-08-27 100.42 True: 101.10  0.67% -0.07
2021-08-30 100.00 True:  99.30 -0.71% -0.77
2021-08-31 100.01 True: 101.76  1.73%  0.95
2021-09-01  99.95 True: 101.18  1.22%  2.17
2021-09-02 100.25 True: 100.34  0.09%  2.26
2021-09-03  99.96 True: 103.34  3.27%  5.53
2021-09-07  99.69 True: 100.99  1.28%  6.81
2021-09-08 100.03 True: 100.33  0.29%  7.11
2021-09-09  99.80 True: 100.33  0.53%  7.64
2021-09-10  99.62 True: 101.14  1.50%  9.13
2021-09-13 100.54 True: 100.64  0.10%  9.24
2021-09-14  99.56 True:  99.52 -0.04%  9.20
2021-09-15 100.47 True: 100.64  0.17%  9.36
2021-09-16 100.10 True:  99.20 -0.90%  8.46
2021-09-20  98.53 True:  98.23 -0.30%  8.16
2021-09-21 100.01 True:  99.84 -0.17%  7.99
2021-09-23 101.33 True: 101.47  0.14%  8.13
2021-09-24 100.20 True: 100.16 -0.04%  8.09
2021-09-27 100.28 True:  99.68 -0.60%  7.49
2021-09-28  98.97 True:  98.55 -0.43%  7.06
2021-09-29 100.44 True: 100.16 -0.27%  6.79
2021-09-30  99.03 True:  98.85 -0.18%  6.61
2021-10-01 100.85 True:  99.50 -1.36%  5.26
2021-10-04  99.40 True:  95.84 -3.72%  1.54
2021-10-05 100.67 True: 100.42 -0.25%  1.29
2021-10-06 100.37 True:  98.76 -1.64% -0.34
2021-10-07 100.67 True: 101.61  0.93%  0.58
2021-10-08 100.03 True:  99.48 -0.55%  0.03
2021-10-11  99.68 True: 101.63  1.91%  1.94
2021-10-12  99.93 True:  98.60 -1.34%  0.60
2021-10-13  99.96 True: 100.83  0.86%  1.46
2021-10-14 100.94 True: 102.09  1.13%  2.59
2021-10-15 100.71 True: 100.74  0.02%  2.61
2021-10-18 100.01 True: 100.00 -0.01%  2.60
2021-10-19 100.39 True: 101.17  0.77%  3.37
2021-10-20 100.32 True:  98.85 -1.49%  1.88
2021-10-21 100.15 True:  98.37 -1.81%  0.06
2021-10-22 100.18 True:  99.56 -0.62% -0.56
2021-10-25 100.29 True: 101.63  1.32%  0.76
2021-10-26 100.15 True: 100.30  0.15%  0.91
2021-10-27  99.59 True:  99.20 -0.40%  0.52
2021-10-28 100.35 True: 100.10 -0.25%  0.27
2021-10-29 100.49 True: 102.05  1.53%  1.80
2021-11-01 100.17 True: 100.33  0.16%  1.97
2021-11-03 100.49 True: 101.48  0.98%  2.94
2021-11-04 100.17 True:  99.51 -0.66%  2.29
2021-11-05 100.41 True:  99.67 -0.73%  1.55
2021-11-08 100.24 True:  99.84 -0.40%  1.15
2021-11-09  99.89 True:  98.53 -1.38% -0.23
2021-11-10  99.94 True:  99.27 -0.67% -0.90
2021-11-11  99.88 True: 101.40  1.50%  0.60
2021-11-12 100.41 True: 101.15  0.73%  1.33
2021-11-15 100.24 True: 100.00 -0.24%  1.09
Average error: 0.82%
Min: -0.90 Max: 9.36 Mid: 4.23 Epoch: 500000 DATA_LEN: 55
Nom: 19.38 FinalErr: 0.000115

2021-08-26  99.80 True:  99.23 -0.57% -0.57
2021-08-27 100.43 True: 101.10  0.66%  0.09
2021-08-30 100.01 True:  99.30 -0.71% -0.62
2021-08-31 100.01 True: 101.76  1.72%  1.10
2021-09-01  99.95 True: 101.18  1.21%  2.31
2021-09-02 100.26 True: 100.34  0.08%  2.39
2021-09-03  99.97 True: 103.34  3.27%  5.66
2021-09-07  99.70 True: 100.99  1.28%  6.94
2021-09-08 100.04 True: 100.33  0.29%  7.22
2021-09-09  99.80 True: 100.33  0.52%  7.75
2021-09-10  99.63 True: 101.14  1.49%  9.24
2021-09-13 100.55 True: 100.64  0.10%  9.33
2021-09-14  99.57 True:  99.52 -0.04%  9.29
2021-09-15 100.48 True: 100.64  0.16%  9.45
2021-09-16 100.10 True:  99.20 -0.91%  8.54
2021-09-20  98.53 True:  98.23 -0.30%  8.24
2021-09-21 100.01 True:  99.84 -0.18%  8.06
2021-09-23 101.34 True: 101.47  0.13%  8.19
2021-09-24 100.21 True: 100.16 -0.04%  8.15
2021-09-27 100.28 True:  99.68 -0.61%  7.54
2021-09-28  98.97 True:  98.55 -0.43%  7.11
2021-09-29 100.44 True: 100.16 -0.28%  6.83
2021-09-30  99.03 True:  98.85 -0.18%  6.65
2021-10-01 100.86 True:  99.50 -1.37%  5.28
2021-10-04  99.40 True:  95.84 -3.72%  1.57
2021-10-05 100.67 True: 100.42 -0.26%  1.31
2021-10-06 100.38 True:  98.76 -1.65% -0.34
2021-10-07 100.68 True: 101.61  0.92%  0.58
2021-10-08 100.04 True:  99.48 -0.56%  0.02
2021-10-11  99.69 True: 101.63  1.91%  1.93
2021-10-12  99.93 True:  98.60 -1.35%  0.58
2021-10-13  99.97 True: 100.83  0.85%  1.44
2021-10-14 100.95 True: 102.09  1.12%  2.56
2021-10-15 100.72 True: 100.74  0.02%  2.57
2021-10-18 100.02 True: 100.00 -0.02%  2.56
2021-10-19 100.40 True: 101.17  0.76%  3.32
2021-10-20 100.33 True:  98.85 -1.50%  1.82
2021-10-21 100.16 True:  98.37 -1.82% -0.00
2021-10-22 100.19 True:  99.56 -0.63% -0.63
2021-10-25 100.30 True: 101.63  1.31%  0.68
2021-10-26 100.16 True: 100.30  0.14%  0.82
2021-10-27  99.59 True:  99.20 -0.40%  0.42
2021-10-28 100.35 True: 100.10 -0.25%  0.17
2021-10-29 100.50 True: 102.05  1.52%  1.69
2021-11-01 100.17 True: 100.33  0.16%  1.85
2021-11-03 100.50 True: 101.48  0.97%  2.82
2021-11-04 100.18 True:  99.51 -0.66%  2.15
2021-11-05 100.41 True:  99.67 -0.74%  1.41
2021-11-08 100.25 True:  99.84 -0.41%  1.00
2021-11-09  99.89 True:  98.53 -1.38% -0.38
2021-11-10  99.95 True:  99.27 -0.68% -1.06
2021-11-11  99.89 True: 101.40  1.49%  0.43
2021-11-12 100.42 True: 101.15  0.73%  1.16
2021-11-15 100.25 True: 100.00 -0.25%  0.91
2021-11-16 100.31 True: 100.49  0.18%  1.09
Average error: 0.82%
Min: -1.06 Max: 9.45 Mid: 4.19 Epoch: 500000 DATA_LEN: 55
Nom: 20.45 FinalErr: 0.000115

2021-08-27 100.42 True: 101.10  0.67%  0.67
2021-08-30 100.00 True:  99.30 -0.70% -0.03
2021-08-31 100.00 True: 101.76  1.73%  1.70
2021-09-01  99.94 True: 101.18  1.22%  2.92
2021-09-02 100.25 True: 100.34  0.09%  3.01
2021-09-03  99.96 True: 103.34  3.28%  6.29
2021-09-07  99.68 True: 100.99  1.29%  7.58
2021-09-08 100.03 True: 100.33  0.30%  7.87
2021-09-09  99.79 True: 100.33  0.54%  8.41
2021-09-10  99.61 True: 101.14  1.51%  9.92
2021-09-13 100.54 True: 100.64  0.10% 10.02
2021-09-14  99.55 True:  99.52 -0.03%  9.99
2021-09-15 100.48 True: 100.64  0.16% 10.15
2021-09-16 100.10 True:  99.20 -0.90%  9.25
2021-09-20  98.49 True:  98.23 -0.26%  8.99
2021-09-21 100.00 True:  99.84 -0.17%  8.82
2021-09-23 101.35 True: 101.47  0.12%  8.94
2021-09-24 100.20 True: 100.16 -0.04%  8.90
2021-09-27 100.28 True:  99.68 -0.60%  8.30
2021-09-28  98.94 True:  98.55 -0.40%  7.90
2021-09-29 100.45 True: 100.16 -0.28%  7.61
2021-09-30  99.00 True:  98.85 -0.15%  7.47
2021-10-01 100.87 True:  99.50 -1.37%  6.10
2021-10-04  99.38 True:  95.84 -3.69%  2.40
2021-10-05 100.68 True: 100.42 -0.26%  2.14
2021-10-06 100.38 True:  98.76 -1.64%  0.50
2021-10-07 100.68 True: 101.61  0.92%  1.42
2021-10-08 100.03 True:  99.48 -0.55%  0.87
2021-10-11  99.67 True: 101.63  1.92%  2.79
2021-10-12  99.92 True:  98.60 -1.34%  1.45
2021-10-13  99.95 True: 100.83  0.87%  2.32
2021-10-14 100.95 True: 102.09  1.12%  3.44
2021-10-15 100.72 True: 100.74  0.01%  3.45
2021-10-18 100.01 True: 100.00 -0.01%  3.44
2021-10-19 100.39 True: 101.17  0.76%  4.21
2021-10-20 100.32 True:  98.85 -1.50%  2.71
2021-10-21 100.15 True:  98.37 -1.81%  0.90
2021-10-22 100.18 True:  99.56 -0.62%  0.28
2021-10-25 100.30 True: 101.63  1.32%  1.59
2021-10-26 100.15 True: 100.30  0.15%  1.75
2021-10-27  99.58 True:  99.20 -0.38%  1.36
2021-10-28 100.35 True: 100.10 -0.25%  1.12
2021-10-29 100.50 True: 102.05  1.52%  2.64
2021-11-01 100.16 True: 100.33  0.17%  2.81
2021-11-03 100.49 True: 101.48  0.97%  3.77
2021-11-04 100.17 True:  99.51 -0.66%  3.11
2021-11-05 100.41 True:  99.67 -0.74%  2.38
2021-11-08 100.24 True:  99.84 -0.40%  1.97
2021-11-09  99.88 True:  98.53 -1.37%  0.60
2021-11-10  99.94 True:  99.27 -0.68% -0.07
2021-11-11  99.88 True: 101.40  1.50%  1.43
2021-11-12 100.42 True: 101.15  0.73%  2.16
2021-11-15 100.25 True: 100.00 -0.25%  1.91
2021-11-16 100.30 True: 100.49  0.19%  2.10
2021-11-17  99.71 True:  99.03 -0.69%  1.40
Average error: 0.82%
Min: -0.07 Max: 10.15 Mid: 5.04 Epoch: 500000 DATA_LEN: 55
Nom: 14.45 FinalErr: 0.000116

2021-08-30  99.99 True:  99.30 -0.70% -0.70
2021-08-31 100.00 True: 101.76  1.74%  1.04
2021-09-01  99.93 True: 101.18  1.23%  2.27
2021-09-02 100.24 True: 100.34  0.11%  2.37
2021-09-03  99.95 True: 103.34  3.28%  5.65
2021-09-07  99.69 True: 100.99  1.28%  6.94
2021-09-08 100.03 True: 100.33  0.30%  7.24
2021-09-09  99.79 True: 100.33  0.54%  7.77
2021-09-10  99.62 True: 101.14  1.50%  9.27
2021-09-13 100.52 True: 100.64  0.12%  9.39
2021-09-14  99.56 True:  99.52 -0.04%  9.35
2021-09-15 100.46 True: 100.64  0.18%  9.53
2021-09-16 100.09 True:  99.20 -0.90%  8.63
2021-09-20  98.55 True:  98.23 -0.32%  8.31
2021-09-21 100.00 True:  99.84 -0.16%  8.15
2021-09-23 101.32 True: 101.47  0.16%  8.31
2021-09-24 100.19 True: 100.16 -0.03%  8.28
2021-09-27 100.27 True:  99.68 -0.59%  7.69
2021-09-28  98.97 True:  98.55 -0.43%  7.25
2021-09-29 100.43 True: 100.16 -0.27%  6.98
2021-09-30  99.03 True:  98.85 -0.18%  6.80
2021-10-01 100.84 True:  99.50 -1.34%  5.46
2021-10-04  99.39 True:  95.84 -3.71%  1.75
2021-10-05 100.65 True: 100.42 -0.24%  1.52
2021-10-06 100.37 True:  98.76 -1.63% -0.11
2021-10-07 100.65 True: 101.61  0.94%  0.83
2021-10-08 100.02 True:  99.48 -0.54%  0.29
2021-10-11  99.68 True: 101.63  1.91%  2.20
2021-10-12  99.92 True:  98.60 -1.34%  0.86
2021-10-13  99.95 True: 100.83  0.88%  1.74
2021-10-14 100.92 True: 102.09  1.15%  2.88
2021-10-15 100.70 True: 100.74  0.04%  2.92
2021-10-18 100.00 True: 100.00 -0.00%  2.92
2021-10-19 100.38 True: 101.17  0.78%  3.70
2021-10-20 100.31 True:  98.85 -1.48%  2.22
2021-10-21 100.14 True:  98.37 -1.81%  0.42
2021-10-22 100.17 True:  99.56 -0.61% -0.19
2021-10-25 100.29 True: 101.63  1.33%  1.13
2021-10-26 100.14 True: 100.30  0.16%  1.29
2021-10-27  99.58 True:  99.20 -0.39%  0.90
2021-10-28 100.33 True: 100.10 -0.23%  0.68
2021-10-29 100.49 True: 102.05  1.53%  2.21
2021-11-01 100.15 True: 100.33  0.18%  2.39
2021-11-03 100.48 True: 101.48  0.99%  3.37
2021-11-04 100.17 True:  99.51 -0.65%  2.72
2021-11-05 100.39 True:  99.67 -0.72%  2.00
2021-11-08 100.23 True:  99.84 -0.39%  1.61
2021-11-09  99.88 True:  98.53 -1.37%  0.24
2021-11-10  99.95 True:  99.27 -0.68% -0.44
2021-11-11  99.88 True: 101.40  1.50%  1.06
2021-11-12 100.40 True: 101.15  0.74%  1.80
2021-11-15 100.24 True: 100.00 -0.24%  1.56
2021-11-16 100.29 True: 100.49  0.20%  1.76
2021-11-17  99.72 True:  99.03 -0.70%  1.06
2021-11-18  99.86 True: 100.00  0.14%  1.21
Average error: 0.81%
Min: -0.70 Max: 9.53 Mid: 4.42 Epoch: 500000 DATA_LEN: 55
Nom: 18.61 FinalErr: 0.000115

2021-08-31 100.01 True: 101.76  1.72%  1.72
2021-09-01  99.95 True: 101.18  1.22%  2.94
2021-09-02 100.25 True: 100.34  0.09%  3.04
2021-09-03  99.96 True: 103.34  3.27%  6.30
2021-09-07  99.71 True: 100.99  1.27%  7.58
2021-09-08 100.04 True: 100.33  0.29%  7.87
2021-09-09  99.80 True: 100.33  0.52%  8.39
2021-09-10  99.63 True: 101.14  1.49%  9.87
2021-09-13 100.53 True: 100.64  0.11%  9.98
2021-09-14  99.57 True:  99.52 -0.05%  9.93
2021-09-15 100.47 True: 100.64  0.17% 10.10
2021-09-16 100.10 True:  99.20 -0.91%  9.20
2021-09-20  98.57 True:  98.23 -0.34%  8.86
2021-09-21 100.01 True:  99.84 -0.17%  8.68
2021-09-23 101.32 True: 101.47  0.15%  8.84
2021-09-24 100.20 True: 100.16 -0.04%  8.80
2021-09-27 100.28 True:  99.68 -0.60%  8.20
2021-09-28  98.99 True:  98.55 -0.45%  7.74
2021-09-29 100.44 True: 100.16 -0.27%  7.47
2021-09-30  99.05 True:  98.85 -0.20%  7.27
2021-10-01 100.84 True:  99.50 -1.35%  5.92
2021-10-04  99.41 True:  95.84 -3.73%  2.20
2021-10-05 100.66 True: 100.42 -0.24%  1.96
2021-10-06 100.37 True:  98.76 -1.64%  0.32
2021-10-07 100.66 True: 101.61  0.94%  1.25
2021-10-08 100.03 True:  99.48 -0.55%  0.70
2021-10-11  99.70 True: 101.63  1.90%  2.60
2021-10-12  99.93 True:  98.60 -1.35%  1.25
2021-10-13  99.96 True: 100.83  0.86%  2.11
2021-10-14 100.93 True: 102.09  1.14%  3.25
2021-10-15 100.71 True: 100.74  0.03%  3.29
2021-10-18 100.01 True: 100.00 -0.01%  3.27
2021-10-19 100.39 True: 101.17  0.77%  4.05
2021-10-20 100.32 True:  98.85 -1.49%  2.56
2021-10-21 100.15 True:  98.37 -1.81%  0.74
2021-10-22 100.18 True:  99.56 -0.62%  0.12
2021-10-25 100.29 True: 101.63  1.32%  1.44
2021-10-26 100.15 True: 100.30  0.15%  1.59
2021-10-27  99.60 True:  99.20 -0.40%  1.18
2021-10-28 100.34 True: 100.10 -0.24%  0.95
2021-10-29 100.49 True: 102.05  1.53%  2.47
2021-11-01 100.16 True: 100.33  0.17%  2.64
2021-11-03 100.48 True: 101.48  0.98%  3.62
2021-11-04 100.17 True:  99.51 -0.66%  2.96
2021-11-05 100.40 True:  99.67 -0.73%  2.23
2021-11-08 100.24 True:  99.84 -0.40%  1.83
2021-11-09  99.89 True:  98.53 -1.38%  0.45
2021-11-10  99.95 True:  99.27 -0.69% -0.24
2021-11-11  99.89 True: 101.40  1.49%  1.25
2021-11-12 100.41 True: 101.15  0.74%  1.99
2021-11-15 100.25 True: 100.00 -0.25%  1.74
2021-11-16 100.30 True: 100.49  0.19%  1.93
2021-11-17  99.73 True:  99.03 -0.71%  1.22
2021-11-18  99.87 True: 100.00  0.13%  1.35
2021-11-19  99.84 True:  99.84 -0.01%  1.34
Average error: 0.8%
Min: -0.24 Max: 10.10 Mid: 4.93 Epoch: 500000 DATA_LEN: 55
Nom: 15.26 FinalErr: 0.000114

2021-09-01  99.91 True: 101.18  1.26%  1.26
2021-09-02 100.21 True: 100.34  0.13%  1.38
2021-09-03  99.93 True: 103.34  3.30%  4.69
2021-09-07  99.67 True: 100.99  1.31%  6.00
2021-09-08 100.00 True: 100.33  0.32%  6.32
2021-09-09  99.76 True: 100.33  0.56%  6.89
2021-09-10  99.59 True: 101.14  1.53%  8.41
2021-09-13 100.51 True: 100.64  0.13%  8.55
2021-09-14  99.53 True:  99.52 -0.01%  8.54
2021-09-15 100.44 True: 100.64  0.20%  8.74
2021-09-16 100.07 True:  99.20 -0.88%  7.86
2021-09-20  98.50 True:  98.23 -0.27%  7.59
2021-09-21  99.97 True:  99.84 -0.14%  7.45
2021-09-23 101.31 True: 101.47  0.16%  7.62
2021-09-24 100.17 True: 100.16 -0.01%  7.61
2021-09-27 100.25 True:  99.68 -0.57%  7.04
2021-09-28  98.93 True:  98.55 -0.39%  6.64
2021-09-29 100.42 True: 100.16 -0.26%  6.39
2021-09-30  98.99 True:  98.85 -0.14%  6.25
2021-10-01 100.82 True:  99.50 -1.33%  4.92
2021-10-04  99.36 True:  95.84 -3.67%  1.25
2021-10-05 100.64 True: 100.42 -0.22%  1.02
2021-10-06 100.35 True:  98.76 -1.61% -0.59
2021-10-07 100.64 True: 101.61  0.96%  0.37
2021-10-08 100.00 True:  99.48 -0.52% -0.15
2021-10-11  99.65 True: 101.63  1.94%  1.79
2021-10-12  99.90 True:  98.60 -1.31%  0.48
2021-10-13  99.92 True: 100.83  0.90%  1.38
2021-10-14 100.91 True: 102.09  1.16%  2.54
2021-10-15 100.68 True: 100.74  0.05%  2.59
2021-10-18  99.98 True: 100.00  0.02%  2.62
2021-10-19 100.36 True: 101.17  0.80%  3.42
2021-10-20 100.29 True:  98.85 -1.46%  1.96
2021-10-21 100.12 True:  98.37 -1.78%  0.18
2021-10-22 100.14 True:  99.56 -0.59% -0.41
2021-10-25 100.27 True: 101.63  1.34%  0.93
2021-10-26 100.12 True: 100.30  0.18%  1.12
2021-10-27  99.55 True:  99.20 -0.36%  0.76
2021-10-28 100.30 True: 100.10 -0.20%  0.56
2021-10-29 100.48 True: 102.05  1.54%  2.10
2021-11-01 100.12 True: 100.33  0.20%  2.30
2021-11-03 100.46 True: 101.48  1.01%  3.31
2021-11-04 100.15 True:  99.51 -0.63%  2.67
2021-11-05 100.37 True:  99.67 -0.70%  1.97
2021-11-08 100.20 True:  99.84 -0.37%  1.61
2021-11-09  99.85 True:  98.53 -1.34%  0.26
2021-11-10  99.93 True:  99.27 -0.66% -0.40
2021-11-11  99.86 True: 101.40  1.53%  1.13
2021-11-12 100.38 True: 101.15  0.76%  1.89
2021-11-15 100.22 True: 100.00 -0.22%  1.66
2021-11-16 100.27 True: 100.49  0.21%  1.88
2021-11-17  99.69 True:  99.03 -0.67%  1.21
2021-11-18  99.83 True: 100.00  0.17%  1.39
2021-11-19  99.81 True:  99.84  0.02%  1.41
2021-11-23 100.49 True: 100.16 -0.33%  1.08
Average error: 0.77%
Min: -0.59 Max: 8.74 Mid: 4.07 Epoch: 500000 DATA_LEN: 55
Nom: 17.88 FinalErr: 0.000109

2021-09-02 100.18 True: 100.34  0.16%  0.16
2021-09-03  99.89 True: 103.34  3.34%  3.50
2021-09-07  99.62 True: 100.99  1.35%  4.86
2021-09-08  99.97 True: 100.33  0.36%  5.21
2021-09-09  99.72 True: 100.33  0.61%  5.82
2021-09-10  99.55 True: 101.14  1.57%  7.39
2021-09-13 100.48 True: 100.64  0.16%  7.55
2021-09-14  99.48 True:  99.52  0.04%  7.59
2021-09-15 100.42 True: 100.64  0.22%  7.81
2021-09-16 100.04 True:  99.20 -0.85%  6.97
2021-09-20  98.43 True:  98.23 -0.20%  6.77
2021-09-21  99.94 True:  99.84 -0.10%  6.67
2021-09-23 101.30 True: 101.47  0.17%  6.84
2021-09-24 100.14 True: 100.16  0.02%  6.86
2021-09-27 100.22 True:  99.68 -0.54%  6.32
2021-09-28  98.87 True:  98.55 -0.33%  5.99
2021-09-29 100.40 True: 100.16 -0.24%  5.75
2021-09-30  98.93 True:  98.85 -0.08%  5.67
2021-10-01 100.81 True:  99.50 -1.31%  4.36
2021-10-04  99.30 True:  95.84 -3.61%  0.75
2021-10-05 100.62 True: 100.42 -0.20%  0.54
2021-10-06 100.32 True:  98.76 -1.59% -1.04
2021-10-07 100.62 True: 101.61  0.98% -0.07
2021-10-08  99.96 True:  99.48 -0.48% -0.55
2021-10-11  99.61 True: 101.63  1.98%  1.44
2021-10-12  99.86 True:  98.60 -1.28%  0.16
2021-10-13  99.87 True: 100.83  0.95%  1.11
2021-10-14 100.90 True: 102.09  1.17%  2.28
2021-10-15 100.67 True: 100.74  0.07%  2.35
2021-10-18  99.94 True: 100.00  0.06%  2.41
2021-10-19 100.33 True: 101.17  0.83%  3.24
2021-10-20 100.26 True:  98.85 -1.43%  1.82
2021-10-21 100.09 True:  98.37 -1.75%  0.06
2021-10-22 100.11 True:  99.56 -0.55% -0.49
2021-10-25 100.24 True: 101.63  1.37%  0.88
2021-10-26 100.09 True: 100.30  0.21%  1.10
2021-10-27  99.51 True:  99.20 -0.31%  0.79
2021-10-28 100.27 True: 100.10 -0.17%  0.62
2021-10-29 100.46 True: 102.05  1.56%  2.18
2021-11-01 100.09 True: 100.33  0.24%  2.42
2021-11-03 100.43 True: 101.48  1.03%  3.45
2021-11-04 100.12 True:  99.51 -0.61%  2.84
2021-11-05 100.35 True:  99.67 -0.67%  2.17
2021-11-08 100.17 True:  99.84 -0.34%  1.83
2021-11-09  99.81 True:  98.53 -1.30%  0.53
2021-11-10  99.90 True:  99.27 -0.63% -0.10
2021-11-11  99.82 True: 101.40  1.56%  1.46
2021-11-12 100.36 True: 101.15  0.79%  2.25
2021-11-15 100.20 True: 100.00 -0.20%  2.05
2021-11-16 100.25 True: 100.49  0.24%  2.29
2021-11-17  99.64 True:  99.03 -0.62%  1.66
2021-11-18  99.78 True: 100.00  0.22%  1.88
2021-11-19  99.78 True:  99.84  0.06%  1.94
2021-11-23 100.47 True: 100.16 -0.31%  1.63
2021-11-24 100.15 True:  99.51 -0.64%  0.99
Average error: 0.76%
Min: -1.04 Max: 7.81 Mid: 3.38 Epoch: 500000 DATA_LEN: 55
Nom: 22.97 FinalErr: 0.000107

2021-09-03  99.84 True: 103.34  3.39%  3.39
2021-09-07  99.54 True: 100.99  1.43%  4.83
2021-09-08  99.97 True: 100.33  0.36%  5.19
2021-09-09  99.61 True: 100.33  0.72%  5.90
2021-09-10  99.42 True: 101.14  1.70%  7.60
2021-09-13 100.58 True: 100.64  0.07%  7.67
2021-09-14  99.32 True:  99.52  0.20%  7.87
2021-09-15 100.48 True: 100.64  0.16%  8.03
2021-09-16 100.08 True:  99.20 -0.88%  7.15
2021-09-20  97.97 True:  98.23  0.27%  7.42
2021-09-21  99.90 True:  99.84 -0.06%  7.35
2021-09-23 101.53 True: 101.47 -0.05%  7.30
2021-09-24 100.17 True: 100.16 -0.01%  7.29
2021-09-27 100.28 True:  99.68 -0.60%  6.69
2021-09-28  98.52 True:  98.55  0.02%  6.72
2021-09-29 100.55 True: 100.16 -0.38%  6.34
2021-09-30  98.62 True:  98.85  0.24%  6.57
2021-10-01 100.95 True:  99.50 -1.46%  5.12
2021-10-04  99.05 True:  95.84 -3.35%  1.77
2021-10-05 100.76 True: 100.42 -0.34%  1.43
2021-10-06 100.42 True:  98.76 -1.69% -0.26
2021-10-07 100.74 True: 101.61  0.86%  0.60
2021-10-08  99.90 True:  99.48 -0.42%  0.17
2021-10-11  99.51 True: 101.63  2.08%  2.26
2021-10-12  99.82 True:  98.60 -1.24%  1.02
2021-10-13  99.76 True: 100.83  1.06%  2.08
2021-10-14 101.06 True: 102.09  1.01%  3.09
2021-10-15 100.79 True: 100.74 -0.05%  3.04
2021-10-18  99.89 True: 100.00  0.11%  3.14
2021-10-19 100.37 True: 101.17  0.79%  3.93
2021-10-20 100.29 True:  98.85 -1.46%  2.48
2021-10-21 100.12 True:  98.37 -1.78%  0.70
2021-10-22 100.09 True:  99.56 -0.54%  0.16
2021-10-25 100.32 True: 101.63  1.30%  1.46
2021-10-26 100.10 True: 100.30  0.20%  1.66
2021-10-27  99.34 True:  99.20 -0.14%  1.52
2021-10-28 100.25 True: 100.10 -0.15%  1.38
2021-10-29 100.64 True: 102.05  1.38%  2.76
2021-11-01 100.05 True: 100.33  0.28%  3.04
2021-11-03 100.51 True: 101.48  0.95%  3.99
2021-11-04 100.18 True:  99.51 -0.67%  3.32
2021-11-05 100.40 True:  99.67 -0.72%  2.60
2021-11-08 100.18 True:  99.84 -0.34%  2.26
2021-11-09  99.73 True:  98.53 -1.22%  1.04
2021-11-10  99.97 True:  99.27 -0.70%  0.34
2021-11-11  99.78 True: 101.40  1.60%  1.94
2021-11-12 100.43 True: 101.15  0.72%  2.66
2021-11-15 100.30 True: 100.00 -0.30%  2.36
2021-11-16 100.33 True: 100.49  0.15%  2.51
2021-11-17  99.53 True:  99.03 -0.50%  2.01
2021-11-18  99.64 True: 100.00  0.36%  2.37
2021-11-19  99.80 True:  99.84  0.04%  2.40
2021-11-23 100.59 True: 100.16 -0.43%  1.98
2021-11-24 100.21 True:  99.51 -0.70%  1.27
2021-11-26  96.50 True:  96.22 -0.29%  0.99
Average error: 0.76%
Min: -0.26 Max: 8.03 Mid: 3.88 Epoch: 500000 DATA_LEN: 55
Nom: 15.03 FinalErr: 0.000107

2021-09-07  99.56 True: 100.99  1.42%  1.42
2021-09-08  99.95 True: 100.33  0.38%  1.79
2021-09-09  99.62 True: 100.33  0.70%  2.49
2021-09-10  99.44 True: 101.14  1.68%  4.17
2021-09-13 100.48 True: 100.64  0.16%  4.33
2021-09-14  99.35 True:  99.52  0.17%  4.50
2021-09-15 100.40 True: 100.64  0.24%  4.74
2021-09-16 100.05 True:  99.20 -0.85%  3.89
2021-09-20  97.98 True:  98.23  0.26%  4.15
2021-09-21  99.89 True:  99.84 -0.05%  4.09
2021-09-23 101.21 True: 101.47  0.26%  4.35
2021-09-24 100.13 True: 100.16  0.03%  4.38
2021-09-27 100.22 True:  99.68 -0.55%  3.84
2021-09-28  98.56 True:  98.55 -0.02%  3.82
2021-09-29 100.45 True: 100.16 -0.28%  3.53
2021-09-30  98.66 True:  98.85  0.20%  3.73
2021-10-01 100.78 True:  99.50 -1.29%  2.45
2021-10-04  99.09 True:  95.84 -3.40% -0.95
2021-10-05 100.63 True: 100.42 -0.21% -1.16
2021-10-06 100.34 True:  98.76 -1.61% -2.77
2021-10-07 100.61 True: 101.61  0.98% -1.79
2021-10-08  99.90 True:  99.48 -0.42% -2.20
2021-10-11  99.53 True: 101.63  2.06% -0.14
2021-10-12  99.82 True:  98.60 -1.23% -1.37
2021-10-13  99.77 True: 100.83  1.06% -0.32
2021-10-14 100.87 True: 102.09  1.20%  0.88
2021-10-15 100.66 True: 100.74  0.08%  0.96
2021-10-18  99.88 True: 100.00  0.12%  1.08
2021-10-19 100.30 True: 101.17  0.85%  1.93
2021-10-20 100.23 True:  98.85 -1.40%  0.53
2021-10-21 100.08 True:  98.37 -1.75% -1.22
2021-10-22 100.06 True:  99.56 -0.51% -1.72
2021-10-25 100.25 True: 101.63  1.36% -0.37
2021-10-26 100.07 True: 100.30  0.23% -0.13
2021-10-27  99.37 True:  99.20 -0.17% -0.30
2021-10-28 100.20 True: 100.10 -0.10% -0.41
2021-10-29 100.53 True: 102.05  1.49%  1.09
2021-11-01 100.02 True: 100.33  0.30%  1.39
2021-11-03 100.42 True: 101.48  1.04%  2.43
2021-11-04 100.14 True:  99.51 -0.63%  1.80
2021-11-05 100.33 True:  99.67 -0.65%  1.15
2021-11-08 100.14 True:  99.84 -0.30%  0.85
2021-11-09  99.74 True:  98.53 -1.23% -0.38
2021-11-10  99.94 True:  99.27 -0.68% -1.06
2021-11-11  99.78 True: 101.40  1.60%  0.54
2021-11-12 100.35 True: 101.15  0.79%  1.34
2021-11-15 100.24 True: 100.00 -0.24%  1.10
2021-11-16 100.27 True: 100.49  0.22%  1.32
2021-11-17  99.55 True:  99.03 -0.52%  0.79
2021-11-18  99.66 True: 100.00  0.34%  1.13
2021-11-19  99.79 True:  99.84  0.05%  1.18
2021-11-23 100.49 True: 100.16 -0.32%  0.85
2021-11-24 100.16 True:  99.51 -0.66%  0.20
2021-11-26  96.37 True:  96.22 -0.16%  0.04
2021-11-29 100.48 True: 101.08  0.59%  0.63
Average error: 0.71%
Min: -2.77 Max: 4.74 Mid: 0.99 Epoch: 500000 DATA_LEN: 55
Nom: 45.20 FinalErr: 0.000088

2021-09-08  99.93 True: 100.33  0.40%  0.40
2021-09-09  99.59 True: 100.33  0.74%  1.13
2021-09-10  99.39 True: 101.14  1.72%  2.86
2021-09-13 100.49 True: 100.64  0.16%  3.01
2021-09-14  99.30 True:  99.52  0.22%  3.24
2021-09-15 100.41 True: 100.64  0.23%  3.47
2021-09-16 100.04 True:  99.20 -0.84%  2.63
2021-09-20  97.82 True:  98.23  0.42%  3.05
2021-09-21  99.87 True:  99.84 -0.03%  3.02
2021-09-23 101.24 True: 101.47  0.23%  3.25
2021-09-24 100.12 True: 100.16  0.04%  3.29
2021-09-27 100.22 True:  99.68 -0.54%  2.74
2021-09-28  98.45 True:  98.55  0.10%  2.84
2021-09-29 100.46 True: 100.16 -0.29%  2.55
2021-09-30  98.55 True:  98.85  0.31%  2.85
2021-10-01 100.80 True:  99.50 -1.31%  1.55
2021-10-04  99.02 True:  95.84 -3.32% -1.77
2021-10-05 100.64 True: 100.42 -0.22% -2.00
2021-10-06 100.35 True:  98.76 -1.61% -3.61
2021-10-07 100.63 True: 101.61  0.97% -2.64
2021-10-08  99.88 True:  99.48 -0.39% -3.04
2021-10-11  99.49 True: 101.63  2.11% -0.93
2021-10-12  99.79 True:  98.60 -1.21% -2.14
2021-10-13  99.74 True: 100.83  1.08% -1.05
2021-10-14 100.89 True: 102.09  1.17%  0.12
2021-10-15 100.67 True: 100.74  0.07%  0.19
2021-10-18  99.86 True: 100.00  0.14%  0.32
2021-10-19 100.30 True: 101.17  0.85%  1.18
2021-10-20 100.23 True:  98.85 -1.40% -0.22
2021-10-21 100.07 True:  98.37 -1.73% -1.96
2021-10-22 100.05 True:  99.56 -0.50% -2.45
2021-10-25 100.25 True: 101.63  1.36% -1.09
2021-10-26 100.06 True: 100.30  0.24% -0.85
2021-10-27  99.32 True:  99.20 -0.12% -0.97
2021-10-28 100.20 True: 100.10 -0.10% -1.07
2021-10-29 100.54 True: 102.05  1.48%  0.42
2021-11-01 100.01 True: 100.33  0.32%  0.73
2021-11-03 100.43 True: 101.48  1.03%  1.77
2021-11-04 100.13 True:  99.51 -0.62%  1.15
2021-11-05 100.33 True:  99.67 -0.66%  0.49
2021-11-08 100.13 True:  99.84 -0.30%  0.20
2021-11-09  99.71 True:  98.53 -1.19% -1.00
2021-11-10  99.93 True:  99.27 -0.66% -1.66
2021-11-11  99.75 True: 101.40  1.63% -0.03
2021-11-12 100.36 True: 101.15  0.79%  0.76
2021-11-15 100.23 True: 100.00 -0.23%  0.53
2021-11-16 100.27 True: 100.49  0.22%  0.75
2021-11-17  99.50 True:  99.03 -0.48%  0.26
2021-11-18  99.63 True: 100.00  0.37%  0.64
2021-11-19  99.76 True:  99.84  0.07%  0.71
2021-11-23 100.50 True: 100.16 -0.33%  0.38
2021-11-24 100.16 True:  99.51 -0.65% -0.27
2021-11-26  96.06 True:  96.22  0.16% -0.11
2021-11-29 100.49 True: 101.08  0.58%  0.47
2021-11-30  97.73 True:  97.41 -0.33%  0.14
Average error: 0.7%
Min: -3.61 Max: 3.47 Mid: -0.07 Epoch: 500000 DATA_LEN: 55
Nom: 52.92 FinalErr: 0.000085

2021-09-09  99.58 True: 100.33  0.74%  0.74
2021-09-10  99.39 True: 101.14  1.73%  2.47
2021-09-13 100.48 True: 100.64  0.16%  2.63
2021-09-14  99.29 True:  99.52  0.23%  2.86
2021-09-15 100.40 True: 100.64  0.24%  3.10
2021-09-16 100.03 True:  99.20 -0.83%  2.26
2021-09-20  97.81 True:  98.23  0.43%  2.69
2021-09-21  99.87 True:  99.84 -0.03%  2.66
2021-09-23 101.24 True: 101.47  0.23%  2.89
2021-09-24 100.12 True: 100.16  0.04%  2.94
2021-09-27 100.21 True:  99.68 -0.54%  2.40
2021-09-28  98.45 True:  98.55  0.10%  2.50
2021-09-29 100.45 True: 100.16 -0.29%  2.22
2021-09-30  98.55 True:  98.85  0.31%  2.53
2021-10-01 100.80 True:  99.50 -1.30%  1.22
2021-10-04  99.02 True:  95.84 -3.32% -2.09
2021-10-05 100.64 True: 100.42 -0.22% -2.31
2021-10-06 100.34 True:  98.76 -1.61% -3.92
2021-10-07 100.62 True: 101.61  0.97% -2.95
2021-10-08  99.87 True:  99.48 -0.39% -3.34
2021-10-11  99.48 True: 101.63  2.11% -1.23
2021-10-12  99.79 True:  98.60 -1.20% -2.43
2021-10-13  99.73 True: 100.83  1.09% -1.34
2021-10-14 100.89 True: 102.09  1.18% -0.16
2021-10-15 100.67 True: 100.74  0.07% -0.09
2021-10-18  99.86 True: 100.00  0.14%  0.05
2021-10-19 100.30 True: 101.17  0.86%  0.90
2021-10-20 100.23 True:  98.85 -1.40% -0.49
2021-10-21 100.07 True:  98.37 -1.73% -2.22
2021-10-22 100.05 True:  99.56 -0.49% -2.71
2021-10-25 100.25 True: 101.63  1.36% -1.35
2021-10-26 100.05 True: 100.30  0.25% -1.10
2021-10-27  99.31 True:  99.20 -0.11% -1.21
2021-10-28 100.20 True: 100.10 -0.09% -1.31
2021-10-29 100.53 True: 102.05  1.49%  0.18
2021-11-01 100.01 True: 100.33  0.32%  0.50
2021-11-03 100.43 True: 101.48  1.04%  1.54
2021-11-04 100.12 True:  99.51 -0.61%  0.93
2021-11-05 100.33 True:  99.67 -0.65%  0.28
2021-11-08 100.13 True:  99.84 -0.29% -0.02
2021-11-09  99.70 True:  98.53 -1.19% -1.21
2021-11-10  99.92 True:  99.27 -0.65% -1.86
2021-11-11  99.74 True: 101.40  1.64% -0.22
2021-11-12 100.35 True: 101.15  0.79%  0.57
2021-11-15 100.23 True: 100.00 -0.23%  0.34
2021-11-16 100.26 True: 100.49  0.22%  0.57
2021-11-17  99.50 True:  99.03 -0.48%  0.09
2021-11-18  99.62 True: 100.00  0.38%  0.47
2021-11-19  99.76 True:  99.84  0.08%  0.55
2021-11-23 100.49 True: 100.16 -0.33%  0.22
2021-11-24 100.15 True:  99.51 -0.64% -0.43
2021-11-26  96.07 True:  96.22  0.15% -0.27
2021-11-29 100.49 True: 101.08  0.58%  0.31
2021-11-30  97.73 True:  97.41 -0.33% -0.02
2021-12-01  98.83 True:  98.89  0.06%  0.04
Average error: 0.69%
Min: -3.92 Max: 3.10 Mid: -0.41 Epoch: 500000 DATA_LEN: 55
Nom: 56.46 FinalErr: 0.000084

2021-09-10  99.37 True: 101.14  1.74%  1.74
2021-09-13 100.47 True: 100.64  0.17%  1.92
2021-09-14  99.28 True:  99.52  0.24%  2.16
2021-09-15 100.39 True: 100.64  0.25%  2.41
2021-09-16 100.02 True:  99.20 -0.82%  1.59
2021-09-20  97.80 True:  98.23  0.44%  2.03
2021-09-21  99.85 True:  99.84 -0.01%  2.02
2021-09-23 101.23 True: 101.47  0.24%  2.26
2021-09-24 100.10 True: 100.16  0.06%  2.32
2021-09-27 100.20 True:  99.68 -0.52%  1.79
2021-09-28  98.43 True:  98.55  0.12%  1.91
2021-09-29 100.44 True: 100.16 -0.27%  1.64
2021-09-30  98.53 True:  98.85  0.33%  1.96
2021-10-01 100.79 True:  99.50 -1.29%  0.67
2021-10-04  99.00 True:  95.84 -3.30% -2.63
2021-10-05 100.63 True: 100.42 -0.21% -2.84
2021-10-06 100.33 True:  98.76 -1.59% -4.43
2021-10-07 100.61 True: 101.61  0.98% -3.45
2021-10-08  99.86 True:  99.48 -0.38% -3.82
2021-10-11  99.47 True: 101.63  2.13% -1.70
2021-10-12  99.77 True:  98.60 -1.19% -2.88
2021-10-13  99.72 True: 100.83  1.10% -1.78
2021-10-14 100.88 True: 102.09  1.19% -0.59
2021-10-15 100.66 True: 100.74  0.08% -0.51
2021-10-18  99.84 True: 100.00  0.16% -0.35
2021-10-19 100.28 True: 101.17  0.87%  0.52
2021-10-20 100.21 True:  98.85 -1.38% -0.86
2021-10-21 100.05 True:  98.37 -1.72% -2.58
2021-10-22 100.03 True:  99.56 -0.48% -3.06
2021-10-25 100.23 True: 101.63  1.38% -1.68
2021-10-26 100.04 True: 100.30  0.26% -1.42
2021-10-27  99.30 True:  99.20 -0.10% -1.51
2021-10-28 100.18 True: 100.10 -0.08% -1.59
2021-10-29 100.52 True: 102.05  1.50% -0.09
2021-11-01  99.99 True: 100.33  0.34%  0.24
2021-11-03 100.41 True: 101.48  1.05%  1.29
2021-11-04 100.11 True:  99.51 -0.60%  0.69
2021-11-05 100.31 True:  99.67 -0.64%  0.06
2021-11-08 100.11 True:  99.84 -0.28% -0.22
2021-11-09  99.69 True:  98.53 -1.17% -1.40
2021-11-10  99.91 True:  99.27 -0.64% -2.04
2021-11-11  99.73 True: 101.40  1.65% -0.39
2021-11-12 100.34 True: 101.15  0.81%  0.42
2021-11-15 100.22 True: 100.00 -0.22%  0.20
2021-11-16 100.25 True: 100.49  0.24%  0.44
2021-11-17  99.48 True:  99.03 -0.46% -0.02
2021-11-18  99.61 True: 100.00  0.39%  0.37
2021-11-19  99.74 True:  99.84  0.09%  0.46
2021-11-23 100.48 True: 100.16 -0.32%  0.15
2021-11-24 100.14 True:  99.51 -0.63% -0.48
2021-11-26  96.05 True:  96.22  0.17% -0.31
2021-11-29 100.47 True: 101.08  0.60%  0.29
2021-11-30  97.72 True:  97.41 -0.31% -0.02
2021-12-01  98.82 True:  98.89  0.07%  0.05
2021-12-02 101.04 True: 100.90 -0.14% -0.09
Average error: 0.68%
Min: -4.43 Max: 2.41 Mid: -1.01 Epoch: 500000 DATA_LEN: 55
Nom: 63.37 FinalErr: 0.000083

2021-09-13 100.47 True: 100.64  0.17%  0.17
2021-09-14  99.26 True:  99.52  0.26%  0.44
2021-09-15 100.39 True: 100.64  0.25%  0.69
2021-09-16 100.00 True:  99.20 -0.81% -0.12
2021-09-20  97.75 True:  98.23  0.49%  0.38
2021-09-21  99.84 True:  99.84 -0.00%  0.37
2021-09-23 101.24 True: 101.47  0.23%  0.60
2021-09-24 100.09 True: 100.16  0.07%  0.67
2021-09-27 100.19 True:  99.68 -0.52%  0.15
2021-09-28  98.40 True:  98.55  0.15%  0.30
2021-09-29 100.43 True: 100.16 -0.27%  0.04
2021-09-30  98.50 True:  98.85  0.36%  0.40
2021-10-01 100.79 True:  99.50 -1.29% -0.90
2021-10-04  98.98 True:  95.84 -3.28% -4.18
2021-10-05 100.62 True: 100.42 -0.21% -4.38
2021-10-06 100.32 True:  98.76 -1.59% -5.97
2021-10-07 100.61 True: 101.61  0.98% -4.98
2021-10-08  99.85 True:  99.48 -0.37% -5.35
2021-10-11  99.45 True: 101.63  2.14% -3.21
2021-10-12  99.76 True:  98.60 -1.17% -4.38
2021-10-13  99.71 True: 100.83  1.11% -3.28
2021-10-14 100.88 True: 102.09  1.19% -2.09
2021-10-15 100.66 True: 100.74  0.08% -2.01
2021-10-18  99.84 True: 100.00  0.16% -1.84
2021-10-19 100.28 True: 101.17  0.87% -0.97
2021-10-20 100.21 True:  98.85 -1.38% -2.35
2021-10-21 100.05 True:  98.37 -1.71% -4.05
2021-10-22 100.03 True:  99.56 -0.47% -4.53
2021-10-25 100.23 True: 101.63  1.38% -3.14
2021-10-26 100.03 True: 100.30  0.27% -2.87
2021-10-27  99.28 True:  99.20 -0.08% -2.95
2021-10-28 100.18 True: 100.10 -0.08% -3.03
2021-10-29 100.51 True: 102.05  1.51% -1.52
2021-11-01  99.99 True: 100.33  0.34% -1.19
2021-11-03 100.41 True: 101.48  1.05% -0.13
2021-11-04 100.10 True:  99.51 -0.59% -0.72
2021-11-05 100.31 True:  99.67 -0.64% -1.36
2021-11-08 100.11 True:  99.84 -0.27% -1.63
2021-11-09  99.68 True:  98.53 -1.16% -2.79
2021-11-10  99.89 True:  99.27 -0.62% -3.41
2021-11-11  99.72 True: 101.40  1.66% -1.75
2021-11-12 100.33 True: 101.15  0.81% -0.94
2021-11-15 100.21 True: 100.00 -0.21% -1.15
2021-11-16 100.24 True: 100.49  0.25% -0.90
2021-11-17  99.47 True:  99.03 -0.45% -1.35
2021-11-18  99.60 True: 100.00  0.40% -0.95
2021-11-19  99.72 True:  99.84  0.11% -0.83
2021-11-23 100.48 True: 100.16 -0.31% -1.14
2021-11-24 100.13 True:  99.51 -0.62% -1.77
2021-11-26  96.00 True:  96.22  0.23% -1.54
2021-11-29 100.47 True: 101.08  0.60% -0.94
2021-11-30  97.68 True:  97.41 -0.28% -1.22
2021-12-01  98.79 True:  98.89  0.10% -1.11
2021-12-02 101.04 True: 100.90 -0.15% -1.26
2021-12-03  99.80 True: 100.54  0.74% -0.52
Average error: 0.66%
Min: -5.97 Max: 0.69 Mid: -2.64 Epoch: 500000 DATA_LEN: 55
Nom: 81.79 FinalErr: 0.000079

Time: 13 min 34 sec.

