         date     Predict    True  diff   acc
0  2024-01-29  100.230003  101.10  0.87  0.87
1  2024-01-30  100.260002   98.62 -1.64 -0.77
2  2024-01-31  100.089996  100.65  0.56 -0.21
3  2024-02-01  100.279999  100.83  0.55  0.34
4  2024-02-02  100.379997  100.64  0.26  0.60
5  2024-02-05  100.169998   99.45 -0.73 -0.13
6  2024-02-06  100.199997   99.07 -1.13 -1.26
7  2024-02-07  100.269997  101.23  0.96 -0.30
8  2024-02-08  100.309998  101.72  1.41  1.11
9  2024-02-12  100.239998  101.41  1.17  2.28
10 2024-02-13  100.180000  100.49  0.31  2.59
11 2024-02-14  100.250000  101.05  0.80  3.39
12 2024-02-15  100.260002  101.54  1.28  4.67
13 2024-02-16  100.199997   99.40 -0.79  3.88
14 2024-02-20  100.190002   99.40 -0.79  3.09
15 2024-02-21  100.250000  101.49  1.24  4.33
16 2024-02-23  100.360001  101.42  1.05  5.38
17 2024-02-26  100.220001   99.76 -0.46  4.92
18 2024-02-27  100.180000  100.00 -0.18  4.74
19 2024-02-28  100.220001   99.26 -0.96  3.78
20 2024-02-29  100.180000  100.96  0.78  4.56
21 2024-03-01  100.250000  102.43  2.17  6.73
22 2024-03-04  100.220001   99.21 -1.01  5.72
23 2024-03-05  100.080002   99.69 -0.40  5.32
24 2024-03-06  100.199997  101.43  1.23  6.55
25 2024-03-07  100.160004   98.28 -1.88  4.67
26 2024-03-08  100.129997   98.28 -1.85  2.82
27 2024-03-11  100.220001   98.67 -1.55  1.27
28 2024-03-12  100.320000  101.78  1.45  2.72
29 2024-03-13  100.230003   98.50 -1.73  0.99
30 2024-03-14  100.220001   99.83 -0.39  0.60
31 2024-03-15  100.220001  101.15  0.93  1.53
32 2024-03-18  100.239998  101.53  1.29  2.82
33 2024-03-20  100.529999  102.63  2.08  4.90
34 2024-03-21  100.309998  100.95  0.64  5.54
35 2024-03-22  100.129997   99.48 -0.64  4.90
36 2024-03-25  100.180000   99.03 -1.14  3.76
37 2024-03-26  100.220001  100.26  0.04  3.80
38 2024-03-27  100.320000  100.38  0.06  3.86
39 2024-03-28  100.230003   99.83 -0.40  3.46
40 2024-04-01  100.180000   98.98 -1.19  2.27
41 2024-04-02  100.110001   99.02 -1.10  1.17
42 2024-04-03  100.220001  101.26  1.04  2.21
43 2024-04-04  100.059998   97.85 -2.21  0.00
Mean Absolute Error: 1.01%
Epoch: 682, Final Loss: 0.000125
Norm: 15.77
===
         date     Predict    True  diff   acc
0  2024-01-30  100.250000   98.62 -1.63 -1.63
1  2024-01-31  100.050003  100.65  0.60 -1.03
2  2024-02-01  100.279999  100.83  0.55 -0.48
3  2024-02-02  100.400002  100.64  0.24 -0.24
4  2024-02-05  100.150002   99.45 -0.70 -0.94
5  2024-02-06  100.190002   99.07 -1.11 -2.05
6  2024-02-07  100.269997  101.23  0.96 -1.09
7  2024-02-08  100.309998  101.72  1.41  0.32
8  2024-02-12  100.230003  101.41  1.18  1.50
9  2024-02-13  100.160004  100.49  0.33  1.83
10 2024-02-14  100.239998  101.05  0.81  2.64
11 2024-02-15  100.260002  101.54  1.28  3.92
12 2024-02-16  100.180000   99.40 -0.77  3.15
13 2024-02-20  100.169998   99.40 -0.77  2.38
14 2024-02-21  100.239998  101.49  1.25  3.63
15 2024-02-23  100.379997  101.42  1.04  4.67
16 2024-02-26  100.199997   99.76 -0.44  4.23
17 2024-02-27  100.160004  100.00 -0.16  4.07
18 2024-02-28  100.209999   99.26 -0.94  3.13
19 2024-02-29  100.160004  100.96  0.80  3.93
20 2024-03-01  100.239998  102.43  2.18  6.11
21 2024-03-04  100.209999   99.21 -1.00  5.11
22 2024-03-05  100.040001   99.69 -0.36  4.75
23 2024-03-06  100.169998  101.43  1.25  6.00
24 2024-03-07  100.129997   98.28 -1.85  4.15
25 2024-03-08  100.099998   98.28 -1.82  2.33
26 2024-03-11  100.209999   98.67 -1.54  0.79
27 2024-03-12  100.330002  101.78  1.44  2.23
28 2024-03-13  100.220001   98.50 -1.72  0.51
29 2024-03-14  100.199997   99.83 -0.38  0.13
30 2024-03-15  100.199997  101.15  0.95  1.08
31 2024-03-18  100.230003  101.53  1.30  2.38
32 2024-03-20  100.580002  102.63  2.03  4.41
33 2024-03-21  100.309998  100.95  0.64  5.05
34 2024-03-22  100.089996   99.48 -0.61  4.44
35 2024-03-25  100.150002   99.03 -1.12  3.32
36 2024-03-26  100.209999  100.26  0.06  3.38
37 2024-03-27  100.330002  100.38  0.05  3.43
38 2024-03-28  100.220001   99.83 -0.39  3.04
39 2024-04-01  100.150002   98.98 -1.17  1.87
40 2024-04-02  100.080002   99.02 -1.06  0.81
41 2024-04-03  100.199997  101.26  1.06  1.87
42 2024-04-04  100.019997   97.85 -2.17 -0.30
43 2024-04-05  100.320000  100.56  0.24 -0.06
Mean Absolute Error: 0.99%
Epoch: 443, Final Loss: 0.000122
Norm: 24.39
===
         date     Predict    True  diff   acc
0  2024-01-31  100.099998  100.65  0.55  0.55
1  2024-02-01  100.309998  100.83  0.52  1.07
2  2024-02-02  100.419998  100.64  0.22  1.29
3  2024-02-05  100.190002   99.45 -0.74  0.55
4  2024-02-06  100.230003   99.07 -1.15 -0.60
5  2024-02-07  100.300003  101.23  0.93  0.33
6  2024-02-08  100.339996  101.72  1.38  1.71
7  2024-02-12  100.260002  101.41  1.14  2.85
8  2024-02-13  100.199997  100.49  0.29  3.14
9  2024-02-14  100.269997  101.05  0.77  3.91
10 2024-02-15  100.290001  101.54  1.25  5.16
11 2024-02-16  100.220001   99.40 -0.82  4.34
12 2024-02-20  100.209999   99.40 -0.81  3.53
13 2024-02-21  100.269997  101.49  1.21  4.74
14 2024-02-23  100.400002  101.42  1.01  5.75
15 2024-02-26  100.239998   99.76 -0.48  5.27
16 2024-02-27  100.199997  100.00 -0.20  5.07
17 2024-02-28  100.250000   99.26 -0.98  4.09
18 2024-02-29  100.199997  100.96  0.76  4.85
19 2024-03-01  100.269997  102.43  2.15  7.00
20 2024-03-04  100.250000   99.21 -1.03  5.97
21 2024-03-05  100.089996   99.69 -0.41  5.56
22 2024-03-06  100.220001  101.43  1.21  6.77
23 2024-03-07  100.180000   98.28 -1.89  4.88
24 2024-03-08  100.150002   98.28 -1.87  3.01
25 2024-03-11  100.250000   98.67 -1.58  1.43
26 2024-03-12  100.360001  101.78  1.41  2.84
27 2024-03-13  100.260002   98.50 -1.76  1.08
28 2024-03-14  100.239998   99.83 -0.42  0.66
29 2024-03-15  100.239998  101.15  0.91  1.57
30 2024-03-18  100.269997  101.53  1.26  2.83
31 2024-03-20  100.589996  102.63  2.03  4.86
32 2024-03-21  100.339996  100.95  0.61  5.47
33 2024-03-22  100.139999   99.48 -0.66  4.81
34 2024-03-25  100.199997   99.03 -1.16  3.65
35 2024-03-26  100.239998  100.26  0.02  3.67
36 2024-03-27  100.360001  100.38  0.03  3.70
37 2024-03-28  100.260002   99.83 -0.42  3.28
38 2024-04-01  100.190002   98.98 -1.21  2.07
39 2024-04-02  100.129997   99.02 -1.11  0.96
40 2024-04-03  100.239998  101.26  1.02  1.98
41 2024-04-04  100.070000   97.85 -2.22 -0.24
42 2024-04-05  100.349998  100.56  0.21 -0.03
43 2024-04-08  100.250000  100.27  0.02 -0.01
Mean Absolute Error: 0.95%
Epoch: 564, Final Loss: 0.000117
Norm: 7.76
===
         date     Predict    True  diff   acc
0  2024-02-01  100.309998  100.83  0.52  0.52
1  2024-02-02  100.430000  100.64  0.21  0.73
2  2024-02-05  100.169998   99.45 -0.72  0.01
3  2024-02-06  100.209999   99.07 -1.14 -1.13
4  2024-02-07  100.300003  101.23  0.93 -0.20
5  2024-02-08  100.339996  101.72  1.38  1.18
6  2024-02-12  100.250000  101.41  1.15  2.33
7  2024-02-13  100.180000  100.49  0.31  2.64
8  2024-02-14  100.260002  101.05  0.78  3.42
9  2024-02-15  100.279999  101.54  1.25  4.67
10 2024-02-16  100.199997   99.40 -0.80  3.87
11 2024-02-20  100.190002   99.40 -0.79  3.08
12 2024-02-21  100.269997  101.49  1.22  4.30
13 2024-02-23  100.410004  101.42  1.00  5.30
14 2024-02-26  100.230003   99.76 -0.47  4.83
15 2024-02-27  100.180000  100.00 -0.18  4.65
16 2024-02-28  100.239998   99.26 -0.97  3.68
17 2024-02-29  100.180000  100.96  0.78  4.46
18 2024-03-01  100.269997  102.43  2.16  6.62
19 2024-03-04  100.230003   99.21 -1.02  5.60
20 2024-03-05  100.059998   99.69 -0.38  5.22
21 2024-03-06  100.199997  101.43  1.23  6.45
22 2024-03-07  100.160004   98.28 -1.87  4.58
23 2024-03-08  100.120003   98.28 -1.84  2.74
24 2024-03-11  100.239998   98.67 -1.56  1.18
25 2024-03-12  100.360001  101.78  1.41  2.59
26 2024-03-13  100.250000   98.50 -1.74  0.85
27 2024-03-14  100.230003   99.83 -0.40  0.45
28 2024-03-15  100.230003  101.15  0.92  1.37
29 2024-03-18  100.260002  101.53  1.27  2.64
30 2024-03-20  100.620003  102.63  1.99  4.63
31 2024-03-21  100.339996  100.95  0.61  5.24
32 2024-03-22  100.120003   99.48 -0.63  4.61
33 2024-03-25  100.180000   99.03 -1.15  3.46
34 2024-03-26  100.230003  100.26  0.03  3.49
35 2024-03-27  100.360001  100.38  0.02  3.51
36 2024-03-28  100.250000   99.83 -0.41  3.10
37 2024-04-01  100.180000   98.98 -1.19  1.91
38 2024-04-02  100.099998   99.02 -1.08  0.83
39 2024-04-03  100.230003  101.26  1.03  1.86
40 2024-04-04  100.029999   97.85 -2.19 -0.33
41 2024-04-05  100.349998  100.56  0.21 -0.12
42 2024-04-08  100.239998  100.27  0.03 -0.09
43 2024-04-09  100.220001  100.27  0.05 -0.04
Mean Absolute Error: 0.93%
Epoch: 387, Final Loss: 0.000115
Norm: 14.06
===
         date     Predict    True  diff   acc
0  2024-02-02  100.349998  100.64  0.29  0.29
1  2024-02-05  100.139999   99.45 -0.69 -0.40
2  2024-02-06  100.169998   99.07 -1.10 -1.50
3  2024-02-07  100.239998  101.23  0.99 -0.51
4  2024-02-08  100.269997  101.72  1.45  0.94
5  2024-02-12  100.199997  101.41  1.20  2.14
6  2024-02-13  100.139999  100.49  0.34  2.48
7  2024-02-14  100.209999  101.05  0.84  3.32
8  2024-02-15  100.230003  101.54  1.31  4.63
9  2024-02-16  100.160004   99.40 -0.76  3.87
10 2024-02-20  100.160004   99.40 -0.76  3.11
11 2024-02-21  100.209999  101.49  1.27  4.38
12 2024-02-23  100.330002  101.42  1.08  5.46
13 2024-02-26  100.180000   99.76 -0.42  5.04
14 2024-02-27  100.150002  100.00 -0.14  4.90
15 2024-02-28  100.190002   99.26 -0.92  3.98
16 2024-02-29  100.150002  100.96  0.82  4.80
17 2024-03-01  100.209999  102.43  2.21  7.01
18 2024-03-04  100.190002   99.21 -0.98  6.03
19 2024-03-05  100.050003   99.69 -0.36  5.67
20 2024-03-06  100.160004  101.43  1.27  6.94
21 2024-03-07  100.129997   98.28 -1.84  5.10
22 2024-03-08  100.099998   98.28 -1.82  3.28
23 2024-03-11  100.190002   98.67 -1.52  1.76
24 2024-03-12  100.290001  101.78  1.48  3.24
25 2024-03-13  100.199997   98.50 -1.70  1.54
26 2024-03-14  100.190002   99.83 -0.36  1.18
27 2024-03-15  100.180000  101.15  0.97  2.15
28 2024-03-18  100.209999  101.53  1.32  3.47
29 2024-03-20  100.500000  102.63  2.11  5.58
30 2024-03-21  100.269997  100.95  0.67  6.25
31 2024-03-22  100.089996   99.48 -0.61  5.64
32 2024-03-25  100.139999   99.03 -1.11  4.53
33 2024-03-26  100.190002  100.26  0.08  4.61
34 2024-03-27  100.290001  100.38  0.09  4.70
35 2024-03-28  100.199997   99.83 -0.36  4.34
36 2024-04-01  100.139999   98.98 -1.16  3.18
37 2024-04-02  100.080002   99.02 -1.06  2.12
38 2024-04-03  100.180000  101.26  1.08  3.20
39 2024-04-04  100.019997   97.85 -2.18  1.02
40 2024-04-05  100.279999  100.56  0.28  1.30
41 2024-04-08  100.190002  100.27  0.08  1.38
42 2024-04-09  100.180000  100.27  0.09  1.47
43 2024-04-10  100.169998   98.65 -1.52 -0.05
Mean Absolute Error: 0.97%
Epoch: 675, Final Loss: 0.000122
Norm: 17.04
===
         date     Predict    True  diff   acc
0  2024-02-05  100.139999   99.45 -0.70 -0.70
1  2024-02-06  100.190002   99.07 -1.12 -1.82
2  2024-02-07  100.290001  101.23  0.94 -0.88
3  2024-02-08  100.330002  101.72  1.39  0.51
4  2024-02-12  100.230003  101.41  1.17  1.68
5  2024-02-13  100.150002  100.49  0.34  2.02
6  2024-02-14  100.250000  101.05  0.80  2.82
7  2024-02-15  100.269997  101.54  1.27  4.09
8  2024-02-16  100.180000   99.40 -0.78  3.31
9  2024-02-20  100.169998   99.40 -0.77  2.54
10 2024-02-21  100.250000  101.49  1.23  3.77
11 2024-02-23  100.410004  101.42  1.00  4.77
12 2024-02-26  100.199997   99.76 -0.45  4.32
13 2024-02-27  100.160004  100.00 -0.15  4.17
14 2024-02-28  100.220001   99.26 -0.95  3.22
15 2024-02-29  100.160004  100.96  0.81  4.03
16 2024-03-01  100.250000  102.43  2.17  6.20
17 2024-03-04  100.209999   99.21 -1.00  5.20
18 2024-03-05  100.019997   99.69 -0.33  4.87
19 2024-03-06  100.180000  101.43  1.25  6.12
20 2024-03-07  100.129997   98.28 -1.84  4.28
21 2024-03-08  100.089996   98.28 -1.81  2.47
22 2024-03-11  100.220001   98.67 -1.55  0.92
23 2024-03-12  100.360001  101.78  1.41  2.33
24 2024-03-13  100.230003   98.50 -1.73  0.60
25 2024-03-14  100.209999   99.83 -0.38  0.22
26 2024-03-15  100.209999  101.15  0.94  1.16
27 2024-03-18  100.239998  101.53  1.29  2.45
28 2024-03-20  100.660004  102.63  1.96  4.41
29 2024-03-21  100.339996  100.95  0.61  5.02
30 2024-03-22  100.080002   99.48 -0.60  4.42
31 2024-03-25  100.150002   99.03 -1.12  3.30
32 2024-03-26  100.209999  100.26  0.05  3.35
33 2024-03-27  100.349998  100.38  0.03  3.38
34 2024-03-28  100.230003   99.83 -0.39  2.99
35 2024-04-01  100.150002   98.98 -1.17  1.82
36 2024-04-02  100.059998   99.02 -1.04  0.78
37 2024-04-03  100.209999  101.26  1.05  1.83
38 2024-04-04   99.989998   97.85 -2.14 -0.31
39 2024-04-05  100.339996  100.56  0.22 -0.09
40 2024-04-08  100.220001  100.27  0.05 -0.04
41 2024-04-09  100.199997  100.27  0.07  0.03
42 2024-04-10  100.190002   98.65 -1.54 -1.51
43 2024-04-11  100.220001  101.69  1.47 -0.04
Mean Absolute Error: 0.98%
Epoch: 330, Final Loss: 0.000122
Norm: 22.19
===
         date     Predict    True  diff   acc
0  2024-02-06  100.169998   99.07 -1.10 -1.10
1  2024-02-07  100.260002  101.23  0.98 -0.12
2  2024-02-08  100.290001  101.72  1.42  1.30
3  2024-02-12  100.209999  101.41  1.20  2.50
4  2024-02-13  100.129997  100.49  0.35  2.85
5  2024-02-14  100.220001  101.05  0.83  3.68
6  2024-02-15  100.239998  101.54  1.30  4.98
7  2024-02-16  100.160004   99.40 -0.76  4.22
8  2024-02-20  100.150002   99.40 -0.75  3.47
9  2024-02-21  100.220001  101.49  1.26  4.73
10 2024-02-23  100.370003  101.42  1.04  5.77
11 2024-02-26  100.180000   99.76 -0.43  5.34
12 2024-02-27  100.139999  100.00 -0.14  5.20
13 2024-02-28  100.190002   99.26 -0.93  4.27
14 2024-02-29  100.139999  100.96  0.82  5.09
15 2024-03-01  100.220001  102.43  2.20  7.29
16 2024-03-04  100.190002   99.21 -0.98  6.31
17 2024-03-05  100.019997   99.69 -0.33  5.98
18 2024-03-06  100.160004  101.43  1.27  7.25
19 2024-03-07  100.110001   98.28 -1.83  5.42
20 2024-03-08  100.080002   98.28 -1.80  3.62
21 2024-03-11  100.190002   98.67 -1.52  2.10
22 2024-03-12  100.320000  101.78  1.45  3.55
23 2024-03-13  100.209999   98.50 -1.70  1.85
24 2024-03-14  100.190002   99.83 -0.36  1.49
25 2024-03-15  100.190002  101.15  0.96  2.45
26 2024-03-18  100.220001  101.53  1.31  3.76
27 2024-03-20  100.589996  102.63  2.03  5.79
28 2024-03-21  100.300003  100.95  0.65  6.44
29 2024-03-22  100.070000   99.48 -0.59  5.85
30 2024-03-25  100.129997   99.03 -1.10  4.75
31 2024-03-26  100.190002  100.26  0.07  4.82
32 2024-03-27  100.309998  100.38  0.07  4.89
33 2024-03-28  100.199997   99.83 -0.37  4.52
34 2024-04-01  100.129997   98.98 -1.15  3.37
35 2024-04-02  100.050003   99.02 -1.04  2.33
36 2024-04-03  100.180000  101.26  1.08  3.41
37 2024-04-04   99.989998   97.85 -2.14  1.27
38 2024-04-05  100.309998  100.56  0.26  1.53
39 2024-04-08  100.199997  100.27  0.07  1.60
40 2024-04-09  100.180000  100.27  0.09  1.69
41 2024-04-10  100.160004   98.65 -1.52  0.17
42 2024-04-11  100.190002  101.69  1.50  1.67
43 2024-04-12  100.029999   98.26 -1.76 -0.09
Mean Absolute Error: 1.01%
Epoch: 375, Final Loss: 0.000130
Norm: 12.04
===
         date     Predict    True  diff   acc
0  2024-02-07  100.260002  101.23  0.97  0.97
1  2024-02-08  100.300003  101.72  1.42  2.39
2  2024-02-12  100.209999  101.41  1.19  3.58
3  2024-02-13  100.129997  100.49  0.35  3.93
4  2024-02-14  100.220001  101.05  0.83  4.76
5  2024-02-15  100.239998  101.54  1.30  6.06
6  2024-02-16  100.160004   99.40 -0.75  5.31
7  2024-02-20  100.150002   99.40 -0.75  4.56
8  2024-02-21  100.220001  101.49  1.26  5.82
9  2024-02-23  100.379997  101.42  1.04  6.86
10 2024-02-26  100.180000   99.76 -0.43  6.43
11 2024-02-27  100.139999  100.00 -0.14  6.29
12 2024-02-28  100.190002   99.26 -0.93  5.36
13 2024-02-29  100.139999  100.96  0.82  6.18
14 2024-03-01  100.220001  102.43  2.20  8.38
15 2024-03-04  100.190002   99.21 -0.98  7.40
16 2024-03-05  100.010002   99.69 -0.32  7.08
17 2024-03-06  100.150002  101.43  1.27  8.35
18 2024-03-07  100.110001   98.28 -1.83  6.52
19 2024-03-08  100.070000   98.28 -1.80  4.72
20 2024-03-11  100.190002   98.67 -1.52  3.20
21 2024-03-12  100.320000  101.78  1.45  4.65
22 2024-03-13  100.209999   98.50 -1.70  2.95
23 2024-03-14  100.190002   99.83 -0.36  2.59
24 2024-03-15  100.190002  101.15  0.96  3.55
25 2024-03-18  100.220001  101.53  1.31  4.86
26 2024-03-20  100.599998  102.63  2.01  6.87
27 2024-03-21  100.300003  100.95  0.64  7.51
28 2024-03-22  100.070000   99.48 -0.58  6.93
29 2024-03-25  100.129997   99.03 -1.10  5.83
30 2024-03-26  100.190002  100.26  0.07  5.90
31 2024-03-27  100.320000  100.38  0.06  5.96
32 2024-03-28  100.199997   99.83 -0.37  5.59
33 2024-04-01  100.129997   98.98 -1.15  4.44
34 2024-04-02  100.050003   99.02 -1.03  3.41
35 2024-04-03  100.180000  101.26  1.08  4.49
36 2024-04-04   99.980003   97.85 -2.13  2.36
37 2024-04-05  100.309998  100.56  0.25  2.61
38 2024-04-08  100.199997  100.27  0.07  2.68
39 2024-04-09  100.180000  100.27  0.09  2.77
40 2024-04-10  100.160004   98.65 -1.52  1.25
41 2024-04-11  100.190002  101.69  1.49  2.74
42 2024-04-12  100.019997   98.26 -1.76  0.98
43 2024-04-15  100.190002   99.12 -1.07 -0.09
Mean Absolute Error: 1.01%
Epoch: 326, Final Loss: 0.000129
Norm: -14.30
===
         date     Predict    True  diff   acc
0  2024-02-08  100.250000  101.72  1.46  1.46
1  2024-02-12  100.180000  101.41  1.23  2.69
2  2024-02-13  100.110001  100.49  0.38  3.07
3  2024-02-14  100.190002  101.05  0.86  3.93
4  2024-02-15  100.209999  101.54  1.33  5.26
5  2024-02-16  100.129997   99.40 -0.73  4.53
6  2024-02-20  100.120003   99.40 -0.72  3.81
7  2024-02-21  100.190002  101.49  1.30  5.11
8  2024-02-23  100.320000  101.42  1.09  6.20
9  2024-02-26  100.150002   99.76 -0.40  5.80
10 2024-02-27  100.110001  100.00 -0.11  5.69
11 2024-02-28  100.160004   99.26 -0.90  4.79
12 2024-02-29  100.110001  100.96  0.85  5.64
13 2024-03-01  100.190002  102.43  2.23  7.87
14 2024-03-04  100.160004   99.21 -0.95  6.92
15 2024-03-05  100.000000   99.69 -0.32  6.60
16 2024-03-06  100.129997  101.43  1.30  7.90
17 2024-03-07  100.089996   98.28 -1.81  6.09
18 2024-03-08  100.059998   98.28 -1.78  4.31
19 2024-03-11  100.160004   98.67 -1.49  2.82
20 2024-03-12  100.279999  101.78  1.50  4.32
21 2024-03-13  100.169998   98.50 -1.67  2.65
22 2024-03-14  100.160004   99.83 -0.33  2.32
23 2024-03-15  100.160004  101.15  0.99  3.31
24 2024-03-18  100.180000  101.53  1.35  4.66
25 2024-03-20  100.519997  102.63  2.10  6.76
26 2024-03-21  100.260002  100.95  0.69  7.45
27 2024-03-22  100.050003   99.48 -0.57  6.88
28 2024-03-25  100.110001   99.03 -1.08  5.80
29 2024-03-26  100.160004  100.26  0.11  5.91
30 2024-03-27  100.269997  100.38  0.11  6.02
31 2024-03-28  100.169998   99.83 -0.34  5.68
32 2024-04-01  100.110001   98.98 -1.13  4.55
33 2024-04-02  100.040001   99.02 -1.02  3.53
34 2024-04-03  100.150002  101.26  1.11  4.64
35 2024-04-04   99.980003   97.85 -2.13  2.51
36 2024-04-05  100.260002  100.56  0.30  2.81
37 2024-04-08  100.160004  100.27  0.10  2.91
38 2024-04-09  100.150002  100.27  0.12  3.03
39 2024-04-10  100.139999   98.65 -1.49  1.54
40 2024-04-11  100.160004  101.69  1.53  3.07
41 2024-04-12  100.010002   98.26 -1.75  1.32
42 2024-04-15  100.160004   99.12 -1.04  0.28
43 2024-04-16  100.199997   99.85 -0.35 -0.07
Mean Absolute Error: 1.00%
Epoch: 500, Final Loss: 0.000129
Norm: -4.59
===
         date     Predict    True  diff   acc
0  2024-02-12  100.089996  101.41  1.31  1.31
1  2024-02-13  100.010002  100.49  0.48  1.79
2  2024-02-14  100.110001  101.05  0.94  2.73
3  2024-02-15  100.129997  101.54  1.41  4.14
4  2024-02-16  100.040001   99.40 -0.64  3.50
5  2024-02-20  100.029999   99.40 -0.63  2.87
6  2024-02-21  100.110001  101.49  1.38  4.25
7  2024-02-23  100.269997  101.42  1.14  5.39
8  2024-02-26  100.059998   99.76 -0.31  5.08
9  2024-02-27  100.019997  100.00 -0.02  5.06
10 2024-02-28  100.080002   99.26 -0.81  4.25
11 2024-02-29  100.019997  100.96  0.94  5.19
12 2024-03-01  100.110001  102.43  2.31  7.50
13 2024-03-04  100.070000   99.21 -0.86  6.64
14 2024-03-05   99.879997   99.69 -0.19  6.45
15 2024-03-06  100.040001  101.43  1.39  7.84
16 2024-03-07   99.989998   98.28 -1.71  6.13
17 2024-03-08   99.949997   98.28 -1.68  4.45
18 2024-03-11  100.080002   98.67 -1.41  3.04
19 2024-03-12  100.220001  101.78  1.56  4.60
20 2024-03-13  100.089996   98.50 -1.59  3.01
21 2024-03-14  100.070000   99.83 -0.24  2.77
22 2024-03-15  100.070000  101.15  1.08  3.85
23 2024-03-18  100.099998  101.53  1.43  5.28
24 2024-03-20  100.510002  102.63  2.11  7.39
25 2024-03-21  100.190002  100.95  0.75  8.14
26 2024-03-22   99.940002   99.48 -0.46  7.68
27 2024-03-25  100.010002   99.03 -0.98  6.70
28 2024-03-26  100.070000  100.26  0.19  6.89
29 2024-03-27  100.209999  100.38  0.17  7.06
30 2024-03-28  100.089996   99.83 -0.25  6.81
31 2024-04-01  100.010002   98.98 -1.03  5.78
32 2024-04-02   99.919998   99.02 -0.90  4.88
33 2024-04-03  100.059998  101.26  1.19  6.07
34 2024-04-04   99.849998   97.85 -2.00  4.07
35 2024-04-05  100.199997  100.56  0.36  4.43
36 2024-04-08  100.080002  100.27  0.19  4.62
37 2024-04-09  100.059998  100.27  0.21  4.83
38 2024-04-10  100.040001   98.65 -1.39  3.44
39 2024-04-11  100.080002  101.69  1.61  5.05
40 2024-04-12   99.889999   98.26 -1.63  3.42
41 2024-04-15  100.070000   99.12 -0.95  2.47
42 2024-04-16  100.129997   99.85 -0.28  2.19
43 2024-04-17  100.019997   97.77 -2.25 -0.06
Mean Absolute Error: 1.01%
Epoch: 300, Final Loss: 0.000133
Norm: -20.06
===
         date     Predict    True  diff   acc
0  2024-02-13  100.000000  100.49  0.49  0.49
1  2024-02-14  100.050003  101.05  1.00  1.49
2  2024-02-15  100.059998  101.54  1.48  2.97
3  2024-02-16  100.010002   99.40 -0.61  2.36
4  2024-02-20  100.010002   99.40 -0.61  1.75
5  2024-02-21  100.050003  101.49  1.44  3.19
6  2024-02-23  100.139999  101.42  1.28  4.47
7  2024-02-26  100.029999   99.76 -0.27  4.20
8  2024-02-27  100.000000  100.00  0.00  4.20
9  2024-02-28  100.029999   99.26 -0.77  3.43
10 2024-02-29  100.000000  100.96  0.96  4.39
11 2024-03-01  100.050003  102.43  2.38  6.77
12 2024-03-04  100.029999   99.21 -0.82  5.95
13 2024-03-05   99.930000   99.69 -0.24  5.71
14 2024-03-06  100.010002  101.43  1.42  7.13
15 2024-03-07   99.980003   98.28 -1.70  5.43
16 2024-03-08   99.959999   98.28 -1.69  3.74
17 2024-03-11  100.029999   98.67 -1.36  2.38
18 2024-03-12  100.110001  101.78  1.67  4.05
19 2024-03-13  100.040001   98.50 -1.54  2.51
20 2024-03-14  100.029999   99.83 -0.20  2.31
21 2024-03-15  100.029999  101.15  1.12  3.43
22 2024-03-18  100.050003  101.53  1.49  4.92
23 2024-03-20  100.269997  102.63  2.36  7.28
24 2024-03-21  100.099998  100.95  0.85  8.13
25 2024-03-22   99.959999   99.48 -0.48  7.65
26 2024-03-25  100.000000   99.03 -0.97  6.68
27 2024-03-26  100.029999  100.26  0.23  6.91
28 2024-03-27  100.110001  100.38  0.28  7.19
29 2024-03-28  100.040001   99.83 -0.20  6.99
30 2024-04-01   99.989998   98.98 -1.02  5.97
31 2024-04-02   99.949997   99.02 -0.93  5.04
32 2024-04-03  100.029999  101.26  1.23  6.27
33 2024-04-04   99.910004   97.85 -2.06  4.21
34 2024-04-05  100.099998  100.56  0.46  4.67
35 2024-04-08  100.029999  100.27  0.23  4.90
36 2024-04-09  100.019997  100.27  0.24  5.14
37 2024-04-10  100.019997   98.65 -1.37  3.77
38 2024-04-11  100.029999  101.69  1.66  5.43
39 2024-04-12   99.930000   98.26 -1.67  3.76
40 2024-04-15  100.029999   99.12 -0.91  2.85
41 2024-04-16  100.059998   99.85 -0.21  2.64
42 2024-04-17  100.000000   97.77 -2.23  0.41
43 2024-04-18  100.040001   99.70 -0.35  0.06
Mean Absolute Error: 1.01%
Epoch: 921, Final Loss: 0.000136
Norm: -4.53
===
         date     Predict    True  diff   acc
0  2024-02-14  100.019997  101.05  1.03  1.03
1  2024-02-15  100.029999  101.54  1.51  2.54
2  2024-02-16   99.970001   99.40 -0.57  1.97
3  2024-02-20   99.959999   99.40 -0.56  1.41
4  2024-02-21  100.019997  101.49  1.47  2.88
5  2024-02-23  100.129997  101.42  1.28  4.16
6  2024-02-26   99.989998   99.76 -0.23  3.93
7  2024-02-27   99.949997  100.00  0.05  3.98
8  2024-02-28   99.989998   99.26 -0.73  3.25
9  2024-02-29   99.949997  100.96  1.01  4.26
10 2024-03-01  100.019997  102.43  2.41  6.67
11 2024-03-04   99.989998   99.21 -0.78  5.89
12 2024-03-05   99.849998   99.69 -0.17  5.72
13 2024-03-06   99.970001  101.43  1.46  7.18
14 2024-03-07   99.930000   98.28 -1.65  5.53
15 2024-03-08   99.900002   98.28 -1.63  3.90
16 2024-03-11   99.989998   98.67 -1.33  2.57
17 2024-03-12  100.089996  101.78  1.68  4.25
18 2024-03-13  100.010002   98.50 -1.51  2.74
19 2024-03-14   99.989998   99.83 -0.17  2.57
20 2024-03-15   99.989998  101.15  1.16  3.73
21 2024-03-18  100.010002  101.53  1.52  5.25
22 2024-03-20  100.309998  102.63  2.32  7.57
23 2024-03-21  100.080002  100.95  0.87  8.44
24 2024-03-22   99.900002   99.48 -0.42  8.02
25 2024-03-25   99.949997   99.03 -0.92  7.10
26 2024-03-26   99.989998  100.26  0.27  7.37
27 2024-03-27  100.089996  100.38  0.29  7.66
28 2024-03-28  100.000000   99.83 -0.17  7.49
29 2024-04-01   99.949997   98.98 -0.97  6.52
30 2024-04-02   99.879997   99.02 -0.87  5.65
31 2024-04-03   99.989998  101.26  1.27  6.92
32 2024-04-04   99.830002   97.85 -1.99  4.93
33 2024-04-05  100.080002  100.56  0.48  5.41
34 2024-04-08  100.000000  100.27  0.27  5.68
35 2024-04-09   99.980003  100.27  0.28  5.96
36 2024-04-10   99.970001   98.65 -1.33  4.63
37 2024-04-11  100.000000  101.69  1.70  6.33
38 2024-04-12   99.860001   98.26 -1.60  4.73
39 2024-04-15   99.989998   99.12 -0.87  3.86
40 2024-04-16  100.029999   99.85 -0.18  3.68
41 2024-04-17   99.959999   97.77 -2.19  1.49
42 2024-04-18  100.010002   99.70 -0.31  1.18
43 2024-04-19  100.040001   98.80 -1.24 -0.06
Mean Absolute Error: 1.02%
Epoch: 659, Final Loss: 0.000136
Norm: -14.71
===
         date     Predict    True  diff   acc
0  2024-02-15  100.040001  101.54  1.50  1.50
1  2024-02-16   99.980003   99.40 -0.58  0.92
2  2024-02-20   99.970001   99.40 -0.57  0.35
3  2024-02-21  100.029999  101.49  1.46  1.81
4  2024-02-23  100.139999  101.42  1.27  3.08
5  2024-02-26  100.000000   99.76 -0.24  2.84
6  2024-02-27   99.959999  100.00  0.04  2.88
7  2024-02-28  100.010002   99.26 -0.74  2.14
8  2024-02-29   99.959999  100.96  1.00  3.14
9  2024-03-01  100.029999  102.43  2.40  5.54
10 2024-03-04  100.000000   99.21 -0.79  4.75
11 2024-03-05   99.870003   99.69 -0.18  4.57
12 2024-03-06   99.980003  101.43  1.45  6.02
13 2024-03-07   99.940002   98.28 -1.66  4.36
14 2024-03-08   99.919998   98.28 -1.64  2.72
15 2024-03-11  100.000000   98.67 -1.34  1.38
16 2024-03-12  100.099998  101.78  1.67  3.05
17 2024-03-13  100.019997   98.50 -1.52  1.53
18 2024-03-14  100.000000   99.83 -0.18  1.35
19 2024-03-15  100.000000  101.15  1.15  2.50
20 2024-03-18  100.019997  101.53  1.51  4.01
21 2024-03-20  100.309998  102.63  2.31  6.32
22 2024-03-21  100.089996  100.95  0.86  7.18
23 2024-03-22   99.910004   99.48 -0.43  6.75
24 2024-03-25   99.959999   99.03 -0.93  5.82
25 2024-03-26  100.000000  100.26  0.26  6.08
26 2024-03-27  100.099998  100.38  0.28  6.36
27 2024-03-28  100.010002   99.83 -0.18  6.18
28 2024-04-01   99.959999   98.98 -0.98  5.20
29 2024-04-02   99.900002   99.02 -0.88  4.32
30 2024-04-03  100.000000  101.26  1.26  5.58
31 2024-04-04   99.839996   97.85 -2.00  3.58
32 2024-04-05  100.089996  100.56  0.47  4.05
33 2024-04-08  100.010002  100.27  0.26  4.31
34 2024-04-09   99.989998  100.27  0.27  4.58
35 2024-04-10   99.980003   98.65 -1.34  3.24
36 2024-04-11  100.010002  101.69  1.68  4.92
37 2024-04-12   99.879997   98.26 -1.61  3.31
38 2024-04-15  100.000000   99.12 -0.89  2.42
39 2024-04-16  100.040001   99.85 -0.19  2.23
40 2024-04-17   99.970001   97.77 -2.20  0.03
41 2024-04-18  100.019997   99.70 -0.33 -0.30
42 2024-04-19  100.050003   98.80 -1.25 -1.55
43 2024-04-22  100.080002  101.57  1.49 -0.06
Mean Absolute Error: 1.03%
Epoch: 667, Final Loss: 0.000139
Norm: 17.07
===
         date     Predict    True  diff   acc
0  2024-02-16   99.949997   99.40 -0.55 -0.55
1  2024-02-20   99.940002   99.40 -0.54 -1.09
2  2024-02-21  100.019997  101.49  1.47  0.38
3  2024-02-23  100.169998  101.42  1.25  1.63
4  2024-02-26   99.970001   99.76 -0.22  1.41
5  2024-02-27   99.930000  100.00  0.07  1.48
6  2024-02-28   99.980003   99.26 -0.72  0.76
7  2024-02-29   99.930000  100.96  1.04  1.80
8  2024-03-01  100.010002  102.43  2.41  4.21
9  2024-03-04   99.980003   99.21 -0.77  3.44
10 2024-03-05   99.800003   99.69 -0.12  3.32
11 2024-03-06   99.949997  101.43  1.48  4.80
12 2024-03-07   99.900002   98.28 -1.62  3.18
13 2024-03-08   99.870003   98.28 -1.59  1.59
14 2024-03-11   99.980003   98.67 -1.32  0.27
15 2024-03-12  100.110001  101.78  1.66  1.93
16 2024-03-13  100.000000   98.50 -1.50  0.43
17 2024-03-14   99.980003   99.83 -0.15  0.28
18 2024-03-15   99.980003  101.15  1.17  1.45
19 2024-03-18  100.010002  101.53  1.52  2.97
20 2024-03-20  100.389999  102.63  2.23  5.20
21 2024-03-21  100.089996  100.95  0.85  6.05
22 2024-03-22   99.860001   99.48 -0.38  5.67
23 2024-03-25   99.919998   99.03 -0.89  4.78
24 2024-03-26   99.980003  100.26  0.28  5.06
25 2024-03-27  100.110001  100.38  0.27  5.33
26 2024-03-28  100.000000   99.83 -0.16  5.17
27 2024-04-01   99.919998   98.98 -0.94  4.23
28 2024-04-02   99.839996   99.02 -0.82  3.41
29 2024-04-03   99.970001  101.26  1.29  4.70
30 2024-04-04   99.769997   97.85 -1.93  2.77
31 2024-04-05  100.099998  100.56  0.46  3.23
32 2024-04-08   99.989998  100.27  0.28  3.51
33 2024-04-09   99.970001  100.27  0.30  3.81
34 2024-04-10   99.959999   98.65 -1.31  2.50
35 2024-04-11   99.989998  101.69  1.71  4.21
36 2024-04-12   99.809998   98.26 -1.55  2.66
37 2024-04-15   99.980003   99.12 -0.86  1.80
38 2024-04-16  100.029999   99.85 -0.18  1.62
39 2024-04-17   99.930000   97.77 -2.17 -0.55
40 2024-04-18  100.000000   99.70 -0.31 -0.86
41 2024-04-19  100.050003   98.80 -1.24 -2.10
42 2024-04-22  100.080002  101.57  1.49 -0.61
43 2024-04-23  100.059998  100.61  0.55 -0.06
Mean Absolute Error: 0.99%
Epoch: 331, Final Loss: 0.000131
Norm: 25.03
===
         date     Predict    True  diff   acc
0  2024-02-20   99.949997   99.40 -0.55 -0.55
1  2024-02-21  100.019997  101.49  1.47  0.92
2  2024-02-23  100.150002  101.42  1.27  2.19
3  2024-02-26   99.980003   99.76 -0.22  1.97
4  2024-02-27   99.940002  100.00  0.06  2.03
5  2024-02-28   99.989998   99.26 -0.73  1.30
6  2024-02-29   99.940002  100.96  1.02  2.32
7  2024-03-01  100.019997  102.43  2.41  4.73
8  2024-03-04   99.989998   99.21 -0.78  3.95
9  2024-03-05   99.830002   99.69 -0.14  3.81
10 2024-03-06   99.959999  101.43  1.47  5.28
11 2024-03-07   99.919998   98.28 -1.64  3.64
12 2024-03-08   99.889999   98.28 -1.61  2.03
13 2024-03-11   99.989998   98.67 -1.32  0.71
14 2024-03-12  100.099998  101.78  1.67  2.38
15 2024-03-13  100.000000   98.50 -1.50  0.88
16 2024-03-14   99.980003   99.83 -0.16  0.72
17 2024-03-15   99.980003  101.15  1.17  1.89
18 2024-03-18  100.010002  101.53  1.52  3.41
19 2024-03-20  100.339996  102.63  2.28  5.69
20 2024-03-21  100.080002  100.95  0.86  6.55
21 2024-03-22   99.879997   99.48 -0.40  6.15
22 2024-03-25   99.940002   99.03 -0.91  5.24
23 2024-03-26   99.989998  100.26  0.28  5.52
24 2024-03-27  100.099998  100.38  0.28  5.80
25 2024-03-28  100.000000   99.83 -0.17  5.63
26 2024-04-01   99.930000   98.98 -0.96  4.67
27 2024-04-02   99.860001   99.02 -0.85  3.82
28 2024-04-03   99.980003  101.26  1.28  5.10
29 2024-04-04   99.800003   97.85 -1.96  3.14
30 2024-04-05  100.089996  100.56  0.47  3.61
31 2024-04-08   99.989998  100.27  0.28  3.89
32 2024-04-09   99.980003  100.27  0.29  4.18
33 2024-04-10   99.959999   98.65 -1.32  2.86
34 2024-04-11   99.989998  101.69  1.70  4.56
35 2024-04-12   99.839996   98.26 -1.58  2.98
36 2024-04-15   99.989998   99.12 -0.87  2.11
37 2024-04-16  100.029999   99.85 -0.18  1.93
38 2024-04-17   99.949997   97.77 -2.18 -0.25
39 2024-04-18  100.010002   99.70 -0.31 -0.56
40 2024-04-19  100.040001   98.80 -1.24 -1.80
41 2024-04-22  100.070000  101.57  1.50 -0.30
42 2024-04-23  100.059998  100.61  0.55  0.25
43 2024-04-24  100.010002   99.70 -0.31 -0.06
Mean Absolute Error: 0.99%
Epoch: 526, Final Loss: 0.000133
Norm: 20.84
===
         date     Predict    True  diff   acc
0  2024-02-21  100.029999  101.49  1.46  1.46
1  2024-02-23  100.190002  101.42  1.22  2.68
2  2024-02-26   99.989998   99.76 -0.23  2.45
3  2024-02-27   99.940002  100.00  0.06  2.51
4  2024-02-28  100.000000   99.26 -0.73  1.78
5  2024-02-29   99.940002  100.96  1.03  2.81
6  2024-03-01  100.029999  102.43  2.40  5.21
7  2024-03-04  100.000000   99.21 -0.78  4.43
8  2024-03-05   99.800003   99.69 -0.12  4.31
9  2024-03-06   99.959999  101.43  1.47  5.78
10 2024-03-07   99.910004   98.28 -1.63  4.15
11 2024-03-08   99.870003   98.28 -1.60  2.55
12 2024-03-11  100.000000   98.67 -1.33  1.22
13 2024-03-12  100.139999  101.78  1.64  2.86
14 2024-03-13  100.010002   98.50 -1.51  1.35
15 2024-03-14   99.989998   99.83 -0.17  1.18
16 2024-03-15   99.989998  101.15  1.16  2.34
17 2024-03-18  100.019997  101.53  1.51  3.85
18 2024-03-20  100.440002  102.63  2.18  6.03
19 2024-03-21  100.120003  100.95  0.83  6.86
20 2024-03-22   99.860001   99.48 -0.38  6.48
21 2024-03-25   99.930000   99.03 -0.90  5.58
22 2024-03-26   99.989998  100.26  0.27  5.85
23 2024-03-27  100.129997  100.38  0.25  6.10
24 2024-03-28  100.010002   99.83 -0.18  5.92
25 2024-04-01   99.930000   98.98 -0.95  4.97
26 2024-04-02   99.839996   99.02 -0.83  4.14
27 2024-04-03   99.989998  101.26  1.27  5.41
28 2024-04-04   99.769997   97.85 -1.93  3.48
29 2024-04-05  100.120003  100.56  0.44  3.92
30 2024-04-08  100.000000  100.27  0.27  4.19
31 2024-04-09   99.980003  100.27  0.29  4.48
32 2024-04-10   99.970001   98.65 -1.32  3.16
33 2024-04-11  100.000000  101.69  1.69  4.85
34 2024-04-12   99.809998   98.26 -1.55  3.30
35 2024-04-15   99.989998   99.12 -0.88  2.42
36 2024-04-16  100.050003   99.85 -0.20  2.22
37 2024-04-17   99.940002   97.77 -2.18  0.04
38 2024-04-18  100.019997   99.70 -0.32 -0.28
39 2024-04-19  100.059998   98.80 -1.26 -1.54
40 2024-04-22  100.099998  101.57  1.47 -0.07
41 2024-04-23  100.080002  100.61  0.53  0.46
42 2024-04-24  100.019997   99.70 -0.32  0.14
43 2024-04-25   99.879997   99.67 -0.21 -0.07
Mean Absolute Error: 0.98%
Epoch: 320, Final Loss: 0.000129
Norm: 17.50
===
         date     Predict    True  diff   acc
0  2024-02-23  100.120003  101.42  1.30  1.30
1  2024-02-26   99.989998   99.76 -0.23  1.07
2  2024-02-27   99.959999  100.00  0.04  1.11
3  2024-02-28   99.989998   99.26 -0.73  0.38
4  2024-02-29   99.959999  100.96  1.01  1.39
5  2024-03-01  100.019997  102.43  2.41  3.80
6  2024-03-04   99.989998   99.21 -0.78  3.02
7  2024-03-05   99.870003   99.69 -0.19  2.83
8  2024-03-06   99.970001  101.43  1.46  4.29
9  2024-03-07   99.940002   98.28 -1.66  2.63
10 2024-03-08   99.910004   98.28 -1.64  0.99
11 2024-03-11   99.989998   98.67 -1.33 -0.34
12 2024-03-12  100.080002  101.78  1.69  1.35
13 2024-03-13  100.000000   98.50 -1.50 -0.15
14 2024-03-14   99.989998   99.83 -0.17 -0.32
15 2024-03-15   99.989998  101.15  1.16  0.84
16 2024-03-18  100.010002  101.53  1.52  2.36
17 2024-03-20  100.269997  102.63  2.36  4.72
18 2024-03-21  100.070000  100.95  0.88  5.60
19 2024-03-22   99.910004   99.48 -0.43  5.17
20 2024-03-25   99.949997   99.03 -0.92  4.25
21 2024-03-26   99.989998  100.26  0.27  4.52
22 2024-03-27  100.080002  100.38  0.30  4.82
23 2024-03-28  100.000000   99.83 -0.17  4.65
24 2024-04-01   99.949997   98.98 -0.97  3.68
25 2024-04-02   99.900002   99.02 -0.88  2.80
26 2024-04-03   99.989998  101.26  1.27  4.07
27 2024-04-04   99.849998   97.85 -2.01  2.06
28 2024-04-05  100.070000  100.56  0.49  2.55
29 2024-04-08  100.000000  100.27  0.27  2.82
30 2024-04-09   99.980003  100.27  0.28  3.10
31 2024-04-10   99.980003   98.65 -1.33  1.77
32 2024-04-11  100.000000  101.69  1.70  3.47
33 2024-04-12   99.879997   98.26 -1.62  1.85
34 2024-04-15   99.989998   99.12 -0.88  0.97
35 2024-04-16  100.029999   99.85 -0.18  0.79
36 2024-04-17   99.959999   97.77 -2.19 -1.40
37 2024-04-18  100.010002   99.70 -0.31 -1.71
38 2024-04-19  100.040001   98.80 -1.23 -2.94
39 2024-04-22  100.059998  101.57  1.51 -1.43
40 2024-04-23  100.050003  100.61  0.56 -0.87
41 2024-04-24  100.010002   99.70 -0.31 -1.18
42 2024-04-25   99.919998   99.67 -0.25 -1.43
43 2024-04-29  100.099998  101.52  1.42 -0.01
Mean Absolute Error: 1.00%
Epoch: 817, Final Loss: 0.000135
Norm: 34.31
===
         date     Predict    True  diff   acc
0  2024-02-26   99.940002   99.76 -0.19 -0.19
1  2024-02-27   99.900002  100.00  0.10 -0.09
2  2024-02-28   99.949997   99.26 -0.69 -0.78
3  2024-02-29   99.900002  100.96  1.07  0.29
4  2024-03-01   99.980003  102.43  2.44  2.73
5  2024-03-04   99.949997   99.21 -0.74  1.99
6  2024-03-05   99.769997   99.69 -0.09  1.90
7  2024-03-06   99.910004  101.43  1.51  3.41
8  2024-03-07   99.870003   98.28 -1.59  1.82
9  2024-03-08   99.839996   98.28 -1.56  0.26
10 2024-03-11   99.949997   98.67 -1.29 -1.03
11 2024-03-12  100.080002  101.78  1.70  0.67
12 2024-03-13   99.970001   98.50 -1.47 -0.80
13 2024-03-14   99.949997   99.83 -0.12 -0.92
14 2024-03-15   99.949997  101.15  1.21  0.29
15 2024-03-18   99.980003  101.53  1.56  1.85
16 2024-03-20  100.349998  102.63  2.27  4.12
17 2024-03-21  100.059998  100.95  0.89  5.01
18 2024-03-22   99.830002   99.48 -0.35  4.66
19 2024-03-25   99.889999   99.03 -0.86  3.80
20 2024-03-26   99.949997  100.26  0.32  4.12
21 2024-03-27  100.080002  100.38  0.30  4.42
22 2024-03-28   99.959999   99.83 -0.13  4.29
23 2024-04-01   99.889999   98.98 -0.91  3.38
24 2024-04-02   99.809998   99.02 -0.80  2.58
25 2024-04-03   99.940002  101.26  1.32  3.90
26 2024-04-04   99.750000   97.85 -1.90  2.00
27 2024-04-05  100.070000  100.56  0.50  2.50
28 2024-04-08   99.959999  100.27  0.31  2.81
29 2024-04-09   99.940002  100.27  0.33  3.14
30 2024-04-10   99.919998   98.65 -1.28  1.86
31 2024-04-11   99.949997  101.69  1.74  3.60
32 2024-04-12   99.790001   98.26 -1.53  2.07
33 2024-04-15   99.949997   99.12 -0.83  1.24
34 2024-04-16  100.000000   99.85 -0.15  1.09
35 2024-04-17   99.900002   97.77 -2.14 -1.05
36 2024-04-18   99.970001   99.70 -0.28 -1.33
37 2024-04-19  100.010002   98.80 -1.21 -2.54
38 2024-04-22  100.040001  101.57  1.52 -1.02
39 2024-04-23  100.029999  100.61  0.58 -0.44
40 2024-04-24   99.970001   99.70 -0.27 -0.71
41 2024-04-25   99.849998   99.67 -0.18 -0.89
42 2024-04-29  100.099998  101.52  1.42  0.53
43 2024-04-30   99.879997   99.28 -0.60 -0.07
Mean Absolute Error: 0.96%
Epoch: 361, Final Loss: 0.000128
Norm: 32.72
===
         date     Predict    True  diff   acc
0  2024-02-27   99.910004  100.00  0.09  0.09
1  2024-02-28   99.959999   99.26 -0.70 -0.61
2  2024-02-29   99.910004  100.96  1.05  0.44
3  2024-03-01   99.989998  102.43  2.44  2.88
4  2024-03-04   99.959999   99.21 -0.75  2.13
5  2024-03-05   99.790001   99.69 -0.11  2.02
6  2024-03-06   99.930000  101.43  1.50  3.52
7  2024-03-07   99.889999   98.28 -1.60  1.92
8  2024-03-08   99.849998   98.28 -1.58  0.34
9  2024-03-11   99.959999   98.67 -1.29 -0.95
10 2024-03-12  100.080002  101.78  1.69  0.74
11 2024-03-13   99.970001   98.50 -1.47 -0.73
12 2024-03-14   99.959999   99.83 -0.13 -0.86
13 2024-03-15   99.949997  101.15  1.20  0.34
14 2024-03-18   99.980003  101.53  1.55  1.89
15 2024-03-20  100.339996  102.63  2.29  4.18
16 2024-03-21  100.059998  100.95  0.89  5.07
17 2024-03-22   99.849998   99.48 -0.36  4.71
18 2024-03-25   99.910004   99.03 -0.87  3.84
19 2024-03-26   99.959999  100.26  0.31  4.15
20 2024-03-27  100.080002  100.38  0.30  4.45
21 2024-03-28   99.970001   99.83 -0.14  4.31
22 2024-04-01   99.900002   98.98 -0.92  3.39
23 2024-04-02   99.830002   99.02 -0.81  2.58
24 2024-04-03   99.949997  101.26  1.31  3.89
25 2024-04-04   99.760002   97.85 -1.92  1.97
26 2024-04-05  100.070000  100.56  0.49  2.46
27 2024-04-08   99.959999  100.27  0.30  2.76
28 2024-04-09   99.949997  100.27  0.32  3.08
29 2024-04-10   99.930000   98.65 -1.29  1.79
30 2024-04-11   99.959999  101.69  1.73  3.52
31 2024-04-12   99.800003   98.26 -1.54  1.98
32 2024-04-15   99.959999   99.12 -0.84  1.14
33 2024-04-16  100.010002   99.85 -0.15  0.99
34 2024-04-17   99.919998   97.77 -2.15 -1.16
35 2024-04-18   99.980003   99.70 -0.28 -1.44
36 2024-04-19  100.019997   98.80 -1.21 -2.65
37 2024-04-22  100.050003  101.57  1.52 -1.13
38 2024-04-23  100.029999  100.61  0.58 -0.55
39 2024-04-24   99.980003   99.70 -0.28 -0.83
40 2024-04-25   99.860001   99.67 -0.19 -1.02
41 2024-04-29  100.099998  101.52  1.42  0.40
42 2024-04-30   99.889999   99.28 -0.61 -0.21
43 2024-05-01   99.739998   99.92  0.18 -0.03
Mean Absolute Error: 0.96%
Epoch: 431, Final Loss: 0.000128
Norm: 33.94
===
         date     Predict    True  diff   acc
0  2024-02-28  100.000000   99.26 -0.74 -0.74
1  2024-02-29   99.949997  100.96  1.02  0.28
2  2024-03-01  100.040001  102.43  2.39  2.67
3  2024-03-04  100.000000   99.21 -0.79  1.88
4  2024-03-05   99.820000   99.69 -0.13  1.75
5  2024-03-06   99.970001  101.43  1.46  3.21
6  2024-03-07   99.919998   98.28 -1.64  1.57
7  2024-03-08   99.879997   98.28 -1.61 -0.04
8  2024-03-11  100.000000   98.67 -1.34 -1.38
9  2024-03-12  100.139999  101.78  1.63  0.25
10 2024-03-13  100.019997   98.50 -1.52 -1.27
11 2024-03-14  100.000000   99.83 -0.17 -1.44
12 2024-03-15  100.000000  101.15  1.15 -0.29
13 2024-03-18  100.029999  101.53  1.50  1.21
14 2024-03-20  100.430000  102.63  2.19  3.40
15 2024-03-21  100.120003  100.95  0.83  4.23
16 2024-03-22   99.870003   99.48 -0.39  3.84
17 2024-03-25   99.940002   99.03 -0.91  2.93
18 2024-03-26  100.000000  100.26  0.26  3.19
19 2024-03-27  100.139999  100.38  0.24  3.43
20 2024-03-28  100.019997   99.83 -0.18  3.25
21 2024-04-01   99.940002   98.98 -0.96  2.29
22 2024-04-02   99.849998   99.02 -0.84  1.45
23 2024-04-03   99.989998  101.26  1.27  2.72
24 2024-04-04   99.779999   97.85 -1.94  0.78
25 2024-04-05  100.129997  100.56  0.43  1.21
26 2024-04-08  100.010002  100.27  0.26  1.47
27 2024-04-09   99.989998  100.27  0.28  1.75
28 2024-04-10   99.980003   98.65 -1.33  0.42
29 2024-04-11  100.010002  101.69  1.69  2.11
30 2024-04-12   99.830002   98.26 -1.57  0.54
31 2024-04-15  100.000000   99.12 -0.88 -0.34
32 2024-04-16  100.059998   99.85 -0.20 -0.54
33 2024-04-17   99.949997   97.77 -2.19 -2.73
34 2024-04-18  100.029999   99.70 -0.33 -3.06
35 2024-04-19  100.070000   98.80 -1.26 -4.32
36 2024-04-22  100.099998  101.57  1.46 -2.86
37 2024-04-23  100.089996  100.61  0.52 -2.34
38 2024-04-24  100.029999   99.70 -0.33 -2.67
39 2024-04-25   99.889999   99.67 -0.22 -2.89
40 2024-04-29  100.160004  101.52  1.36 -1.53
41 2024-04-30   99.919998   99.28 -0.65 -2.18
42 2024-05-01   99.760002   99.92  0.17 -2.01
43 2024-05-06  100.269997  102.21  1.94 -0.07
Mean Absolute Error: 1.00%
Epoch: 304, Final Loss: 0.000135
Norm: 49.71
===
         date     Predict    True  diff   acc
0  2024-02-29   99.949997  100.96  1.01  1.01
1  2024-03-01  100.040001  102.43  2.39  3.40
2  2024-03-04  100.010002   99.21 -0.80  2.60
3  2024-03-05   99.830002   99.69 -0.14  2.46
4  2024-03-06   99.970001  101.43  1.46  3.92
5  2024-03-07   99.930000   98.28 -1.64  2.28
6  2024-03-08   99.889999   98.28 -1.61  0.67
7  2024-03-11  100.010002   98.67 -1.34 -0.67
8  2024-03-12  100.139999  101.78  1.64  0.97
9  2024-03-13  100.019997   98.50 -1.52 -0.55
10 2024-03-14  100.000000   99.83 -0.18 -0.73
11 2024-03-15  100.000000  101.15  1.15  0.42
12 2024-03-18  100.029999  101.53  1.50  1.92
13 2024-03-20  100.419998  102.63  2.20  4.12
14 2024-03-21  100.120003  100.95  0.83  4.95
15 2024-03-22   99.879997   99.48 -0.40  4.55
16 2024-03-25   99.949997   99.03 -0.92  3.63
17 2024-03-26  100.000000  100.26  0.26  3.89
18 2024-03-27  100.129997  100.38  0.25  4.14
19 2024-03-28  100.019997   99.83 -0.19  3.95
20 2024-04-01   99.940002   98.98 -0.97  2.98
21 2024-04-02   99.860001   99.02 -0.85  2.13
22 2024-04-03  100.000000  101.26  1.26  3.39
23 2024-04-04   99.800003   97.85 -1.95  1.44
24 2024-04-05  100.129997  100.56  0.44  1.88
25 2024-04-08  100.010002  100.27  0.26  2.14
26 2024-04-09   99.989998  100.27  0.27  2.41
27 2024-04-10   99.980003   98.65 -1.34  1.07
28 2024-04-11  100.010002  101.69  1.68  2.75
29 2024-04-12   99.839996   98.26 -1.58  1.17
30 2024-04-15  100.000000   99.12 -0.89  0.28
31 2024-04-16  100.059998   99.85 -0.21  0.07
32 2024-04-17   99.959999   97.77 -2.19 -2.12
33 2024-04-18  100.029999   99.70 -0.33 -2.45
34 2024-04-19  100.070000   98.80 -1.26 -3.71
35 2024-04-22  100.099998  101.57  1.47 -2.24
36 2024-04-23  100.089996  100.61  0.52 -1.72
37 2024-04-24  100.029999   99.70 -0.33 -2.05
38 2024-04-25   99.900002   99.67 -0.23 -2.28
39 2024-04-29  100.160004  101.52  1.36 -0.92
40 2024-04-30   99.930000   99.28 -0.65 -1.57
41 2024-05-01   99.769997   99.92  0.16 -1.41
42 2024-05-06  100.260002  102.21  1.95  0.54
43 2024-05-07  100.080002   99.48 -0.59 -0.05
Mean Absolute Error: 1.00%
Epoch: 330, Final Loss: 0.000135
Norm: 42.26
===
         date     Predict    True  diff   acc
0  2024-03-01   99.989998  102.43  2.44  2.44
1  2024-03-04   99.959999   99.21 -0.75  1.69
2  2024-03-05   99.769997   99.69 -0.08  1.61
3  2024-03-06   99.919998  101.43  1.51  3.12
4  2024-03-07   99.870003   98.28 -1.59  1.53
5  2024-03-08   99.830002   98.28 -1.56 -0.03
6  2024-03-11   99.959999   98.67 -1.29 -1.32
7  2024-03-12  100.099998  101.78  1.68  0.36
8  2024-03-13   99.970001   98.50 -1.47 -1.11
9  2024-03-14   99.949997   99.83 -0.13 -1.24
10 2024-03-15   99.949997  101.15  1.20 -0.04
11 2024-03-18   99.989998  101.53  1.55  1.51
12 2024-03-20  100.389999  102.63  2.23  3.74
13 2024-03-21  100.070000  100.95  0.87  4.61
14 2024-03-22   99.830002   99.48 -0.34  4.27
15 2024-03-25   99.900002   99.03 -0.86  3.41
16 2024-03-26   99.949997  100.26  0.31  3.72
17 2024-03-27  100.089996  100.38  0.29  4.01
18 2024-03-28   99.970001   99.83 -0.14  3.87
19 2024-04-01   99.889999   98.98 -0.91  2.96
20 2024-04-02   99.809998   99.02 -0.79  2.17
21 2024-04-03   99.949997  101.26  1.31  3.48
22 2024-04-04   99.739998   97.85 -1.89  1.59
23 2024-04-05  100.080002  100.56  0.48  2.07
24 2024-04-08   99.959999  100.27  0.31  2.38
25 2024-04-09   99.940002  100.27  0.33  2.71
26 2024-04-10   99.930000   98.65 -1.28  1.43
27 2024-04-11   99.959999  101.69  1.73  3.16
28 2024-04-12   99.779999   98.26 -1.52  1.64
29 2024-04-15   99.949997   99.12 -0.84  0.80
30 2024-04-16  100.010002   99.85 -0.16  0.64
31 2024-04-17   99.910004   97.77 -2.14 -1.50
32 2024-04-18   99.980003   99.70 -0.28 -1.78
33 2024-04-19  100.019997   98.80 -1.22 -3.00
34 2024-04-22  100.059998  101.57  1.51 -1.49
35 2024-04-23  100.040001  100.61  0.57 -0.92
36 2024-04-24   99.980003   99.70 -0.28 -1.20
37 2024-04-25   99.849998   99.67 -0.17 -1.37
38 2024-04-29  100.120003  101.52  1.40  0.03
39 2024-04-30   99.879997   99.28 -0.60 -0.57
40 2024-05-01   99.709999   99.92  0.22 -0.35
41 2024-05-06  100.220001  102.21  1.99  1.64
42 2024-05-07  100.029999   99.48 -0.55  1.09
43 2024-05-08  100.080002   98.96 -1.12 -0.03
Mean Absolute Error: 1.00%
Epoch: 305, Final Loss: 0.000135
Norm: 39.03
===
         date     Predict    True  diff   acc
0  2024-03-04   99.910004   99.21 -0.70 -0.70
1  2024-03-05   99.739998   99.69 -0.05 -0.75
2  2024-03-06   99.879997  101.43  1.55  0.80
3  2024-03-07   99.830002   98.28 -1.55 -0.75
4  2024-03-08   99.800003   98.28 -1.53 -2.28
5  2024-03-11   99.910004   98.67 -1.25 -3.53
6  2024-03-12  100.040001  101.78  1.74 -1.79
7  2024-03-13   99.930000   98.50 -1.43 -3.22
8  2024-03-14   99.910004   99.83 -0.08 -3.30
9  2024-03-15   99.910004  101.15  1.24 -2.06
10 2024-03-18   99.940002  101.53  1.60 -0.46
11 2024-03-20  100.300003  102.63  2.32  1.86
12 2024-03-21  100.019997  100.95  0.93  2.79
13 2024-03-22   99.790001   99.48 -0.31  2.48
14 2024-03-25   99.860001   99.03 -0.83  1.65
15 2024-03-26   99.910004  100.26  0.35  2.00
16 2024-03-27  100.029999  100.38  0.35  2.35
17 2024-03-28   99.919998   99.83 -0.09  2.26
18 2024-04-01   99.849998   98.98 -0.87  1.39
19 2024-04-02   99.779999   99.02 -0.76  0.63
20 2024-04-03   99.900002  101.26  1.36  1.99
21 2024-04-04   99.709999   97.85 -1.87  0.12
22 2024-04-05  100.019997  100.56  0.54  0.66
23 2024-04-08   99.919998  100.27  0.35  1.01
24 2024-04-09   99.900002  100.27  0.37  1.38
25 2024-04-10   99.889999   98.65 -1.24  0.14
26 2024-04-11   99.910004  101.69  1.78  1.92
27 2024-04-12   99.750000   98.26 -1.49  0.43
28 2024-04-15   99.910004   99.12 -0.79 -0.36
29 2024-04-16   99.959999   99.85 -0.11 -0.47
30 2024-04-17   99.870003   97.77 -2.10 -2.57
31 2024-04-18   99.930000   99.70 -0.24 -2.81
32 2024-04-19   99.970001   98.80 -1.17 -3.98
33 2024-04-22  100.000000  101.57  1.57 -2.41
34 2024-04-23   99.989998  100.61  0.62 -1.79
35 2024-04-24   99.930000   99.70 -0.24 -2.03
36 2024-04-25   99.809998   99.67 -0.14 -2.17
37 2024-04-29  100.059998  101.52  1.46 -0.71
38 2024-04-30   99.839996   99.28 -0.56 -1.27
39 2024-05-01   99.690002   99.92  0.24 -1.03
40 2024-05-06  100.150002  102.21  2.06  1.03
41 2024-05-07   99.980003   99.48 -0.50  0.53
42 2024-05-08  100.019997   98.96 -1.06 -0.53
43 2024-05-09  100.010002  100.48  0.47 -0.06
Mean Absolute Error: 0.95%
Epoch: 389, Final Loss: 0.000124
Norm: 57.90
===
         date     Predict    True  diff   acc
0  2024-03-05   99.769997   99.69 -0.08 -0.08
1  2024-03-06   99.879997  101.43  1.55  1.47
2  2024-03-07   99.849998   98.28 -1.57 -0.10
3  2024-03-08   99.820000   98.28 -1.54 -1.64
4  2024-03-11   99.910004   98.67 -1.25 -2.89
5  2024-03-12  100.019997  101.78  1.76 -1.13
6  2024-03-13   99.930000   98.50 -1.43 -2.56
7  2024-03-14   99.910004   99.83 -0.09 -2.65
8  2024-03-15   99.910004  101.15  1.24 -1.41
9  2024-03-18   99.930000  101.53  1.60  0.19
10 2024-03-20  100.239998  102.63  2.38  2.57
11 2024-03-21  100.000000  100.95  0.95  3.52
12 2024-03-22   99.809998   99.48 -0.33  3.19
13 2024-03-25   99.870003   99.03 -0.84  2.35
14 2024-03-26   99.910004  100.26  0.35  2.70
15 2024-03-27  100.019997  100.38  0.36  3.06
16 2024-03-28   99.919998   99.83 -0.09  2.97
17 2024-04-01   99.860001   98.98 -0.89  2.08
18 2024-04-02   99.800003   99.02 -0.78  1.30
19 2024-04-03   99.910004  101.26  1.35  2.65
20 2024-04-04   99.739998   97.85 -1.90  0.75
21 2024-04-05  100.010002  100.56  0.55  1.30
22 2024-04-08   99.919998  100.27  0.35  1.65
23 2024-04-09   99.900002  100.27  0.37  2.02
24 2024-04-10   99.889999   98.65 -1.25  0.77
25 2024-04-11   99.919998  101.69  1.78  2.55
26 2024-04-12   99.779999   98.26 -1.52  1.03
27 2024-04-15   99.910004   99.12 -0.80  0.23
28 2024-04-16   99.949997   99.85 -0.10  0.13
29 2024-04-17   99.870003   97.77 -2.11 -1.98
30 2024-04-18   99.930000   99.70 -0.24 -2.22
31 2024-04-19   99.959999   98.80 -1.16 -3.38
32 2024-04-22   99.989998  101.57  1.58 -1.80
33 2024-04-23   99.980003  100.61  0.63 -1.17
34 2024-04-24   99.930000   99.70 -0.23 -1.40
35 2024-04-25   99.830002   99.67 -0.16 -1.56
36 2024-04-29  100.029999  101.52  1.49 -0.07
37 2024-04-30   99.849998   99.28 -0.58 -0.65
38 2024-05-01   99.720001   99.92  0.21 -0.44
39 2024-05-06  100.120003  102.21  2.10  1.66
40 2024-05-07   99.970001   99.48 -0.49  1.17
41 2024-05-08  100.010002   98.96 -1.05  0.12
42 2024-05-09   99.989998  100.48  0.48  0.60
43 2024-05-10   99.959999   99.28 -0.68 -0.08
Mean Absolute Error: 0.96%
Epoch: 621, Final Loss: 0.000126
Norm: 47.83
===
         date     Predict    True  diff   acc
0  2024-03-06   99.879997  101.43  1.54  1.54
1  2024-03-07   99.839996   98.28 -1.56 -0.02
2  2024-03-08   99.809998   98.28 -1.53 -1.55
3  2024-03-11   99.919998   98.67 -1.25 -2.80
4  2024-03-12  100.040001  101.78  1.73 -1.07
5  2024-03-13   99.930000   98.50 -1.44 -2.51
6  2024-03-14   99.919998   99.83 -0.09 -2.60
7  2024-03-15   99.910004  101.15  1.24 -1.36
8  2024-03-18   99.949997  101.53  1.59  0.23
9  2024-03-20  100.309998  102.63  2.31  2.54
10 2024-03-21  100.029999  100.95  0.92  3.46
11 2024-03-22   99.800003   99.48 -0.32  3.14
12 2024-03-25   99.860001   99.03 -0.83  2.31
13 2024-03-26   99.919998  100.26  0.35  2.66
14 2024-03-27  100.040001  100.38  0.34  3.00
15 2024-03-28   99.930000   99.83 -0.10  2.90
16 2024-04-01   99.860001   98.98 -0.88  2.02
17 2024-04-02   99.779999   99.02 -0.77  1.25
18 2024-04-03   99.910004  101.26  1.35  2.60
19 2024-04-04   99.720001   97.85 -1.88  0.72
20 2024-04-05  100.029999  100.56  0.53  1.25
21 2024-04-08   99.919998  100.27  0.34  1.59
22 2024-04-09   99.910004  100.27  0.36  1.95
23 2024-04-10   99.900002   98.65 -1.25  0.70
24 2024-04-11   99.919998  101.69  1.77  2.47
25 2024-04-12   99.760002   98.26 -1.50  0.97
26 2024-04-15   99.919998   99.12 -0.80  0.17
27 2024-04-16   99.970001   99.85 -0.12  0.05
28 2024-04-17   99.870003   97.77 -2.11 -2.06
29 2024-04-18   99.940002   99.70 -0.25 -2.31
30 2024-04-19   99.980003   98.80 -1.18 -3.49
31 2024-04-22  100.010002  101.57  1.56 -1.93
32 2024-04-23  100.000000  100.61  0.61 -1.32
33 2024-04-24   99.940002   99.70 -0.24 -1.56
34 2024-04-25   99.820000   99.67 -0.15 -1.71
35 2024-04-29  100.059998  101.52  1.46 -0.25
36 2024-04-30   99.849998   99.28 -0.57 -0.82
37 2024-05-01   99.690002   99.92  0.23 -0.59
38 2024-05-06  100.160004  102.21  2.05  1.46
39 2024-05-07   99.989998   99.48 -0.50  0.96
40 2024-05-08  100.029999   98.96 -1.07 -0.11
41 2024-05-09  100.010002  100.48  0.46  0.35
42 2024-05-10   99.970001   99.28 -0.69 -0.34
43 2024-05-13   99.930000  100.20  0.28 -0.06
Mean Absolute Error: 0.96%
Epoch: 391, Final Loss: 0.000124
Norm: 49.35
===
         date     Predict    True  diff   acc
0  2024-03-07   99.830002   98.28 -1.55 -1.55
1  2024-03-08   99.800003   98.28 -1.52 -3.07
2  2024-03-11   99.910004   98.67 -1.24 -4.31
3  2024-03-12  100.029999  101.78  1.75 -2.56
4  2024-03-13   99.919998   98.50 -1.42 -3.98
5  2024-03-14   99.900002   99.83 -0.08 -4.06
6  2024-03-15   99.900002  101.15  1.25 -2.81
7  2024-03-18   99.930000  101.53  1.60 -1.21
8  2024-03-20  100.290001  102.63  2.34  1.13
9  2024-03-21  100.010002  100.95  0.94  2.07
10 2024-03-22   99.790001   99.48 -0.31  1.76
11 2024-03-25   99.849998   99.03 -0.82  0.94
12 2024-03-26   99.900002  100.26  0.36  1.30
13 2024-03-27  100.029999  100.38  0.36  1.66
14 2024-03-28   99.919998   99.83 -0.09  1.57
15 2024-04-01   99.849998   98.98 -0.87  0.70
16 2024-04-02   99.779999   99.02 -0.76 -0.06
17 2024-04-03   99.900002  101.26  1.36  1.30
18 2024-04-04   99.709999   97.85 -1.87 -0.57
19 2024-04-05  100.019997  100.56  0.55 -0.02
20 2024-04-08   99.910004  100.27  0.36  0.34
21 2024-04-09   99.889999  100.27  0.37  0.71
22 2024-04-10   99.879997   98.65 -1.24 -0.53
23 2024-04-11   99.910004  101.69  1.78  1.25
24 2024-04-12   99.750000   98.26 -1.49 -0.24
25 2024-04-15   99.910004   99.12 -0.79 -1.03
26 2024-04-16   99.949997   99.85 -0.10 -1.13
27 2024-04-17   99.860001   97.77 -2.10 -3.23
28 2024-04-18   99.930000   99.70 -0.23 -3.46
29 2024-04-19   99.970001   98.80 -1.16 -4.62
30 2024-04-22  100.000000  101.57  1.57 -3.05
31 2024-04-23   99.980003  100.61  0.63 -2.42
32 2024-04-24   99.930000   99.70 -0.23 -2.65
33 2024-04-25   99.809998   99.67 -0.14 -2.79
34 2024-04-29  100.050003  101.52  1.47 -1.32
35 2024-04-30   99.839996   99.28 -0.56 -1.88
36 2024-05-01   99.690002   99.92  0.24 -1.64
37 2024-05-06  100.139999  102.21  2.07  0.43
38 2024-05-07   99.970001   99.48 -0.49 -0.06
39 2024-05-08  100.019997   98.96 -1.06 -1.12
40 2024-05-09  100.000000  100.48  0.48 -0.64
41 2024-05-10   99.959999   99.28 -0.68 -1.32
42 2024-05-13   99.910004  100.20  0.29 -1.03
43 2024-05-14   99.959999  100.95  1.00 -0.03
Mean Absolute Error: 0.94%
Epoch: 413, Final Loss: 0.000121
Norm: 68.61
===
         date     Predict    True  diff   acc
0  2024-03-08   99.839996   98.28 -1.57 -1.57
1  2024-03-11   99.949997   98.67 -1.29 -2.86
2  2024-03-12  100.080002  101.78  1.70 -1.16
3  2024-03-13   99.970001   98.50 -1.47 -2.63
4  2024-03-14   99.949997   99.83 -0.12 -2.75
5  2024-03-15   99.949997  101.15  1.20 -1.55
6  2024-03-18   99.980003  101.53  1.56  0.01
7  2024-03-20  100.339996  102.63  2.28  2.29
8  2024-03-21  100.059998  100.95  0.89  3.18
9  2024-03-22   99.839996   99.48 -0.35  2.83
10 2024-03-25   99.900002   99.03 -0.87  1.96
11 2024-03-26   99.949997  100.26  0.31  2.27
12 2024-03-27  100.070000  100.38  0.31  2.58
13 2024-03-28   99.970001   99.83 -0.13  2.45
14 2024-04-01   99.889999   98.98 -0.92  1.53
15 2024-04-02   99.820000   99.02 -0.80  0.73
16 2024-04-03   99.940002  101.26  1.32  2.05
17 2024-04-04   99.750000   97.85 -1.91  0.14
18 2024-04-05  100.070000  100.56  0.50  0.64
19 2024-04-08   99.959999  100.27  0.31  0.95
20 2024-04-09   99.940002  100.27  0.33  1.28
21 2024-04-10   99.930000   98.65 -1.28  0.00
22 2024-04-11   99.959999  101.69  1.74  1.74
23 2024-04-12   99.790001   98.26 -1.53  0.21
24 2024-04-15   99.949997   99.12 -0.83 -0.62
25 2024-04-16  100.000000   99.85 -0.15 -0.77
26 2024-04-17   99.910004   97.77 -2.14 -2.91
27 2024-04-18   99.970001   99.70 -0.28 -3.19
28 2024-04-19  100.010002   98.80 -1.21 -4.40
29 2024-04-22  100.040001  101.57  1.53 -2.87
30 2024-04-23  100.029999  100.61  0.58 -2.29
31 2024-04-24   99.970001   99.70 -0.28 -2.57
32 2024-04-25   99.849998   99.67 -0.18 -2.75
33 2024-04-29  100.099998  101.52  1.42 -1.33
34 2024-04-30   99.879997   99.28 -0.60 -1.93
35 2024-05-01   99.730003   99.92  0.20 -1.73
36 2024-05-06  100.190002  102.21  2.02  0.29
37 2024-05-07  100.019997   99.48 -0.54 -0.25
38 2024-05-08  100.059998   98.96 -1.10 -1.35
39 2024-05-09  100.050003  100.48  0.43 -0.92
40 2024-05-10  100.010002   99.28 -0.73 -1.65
41 2024-05-13   99.959999  100.20  0.24 -1.41
42 2024-05-14  100.000000  100.95  0.95 -0.46
43 2024-05-15   99.930000  100.35  0.41 -0.05
Mean Absolute Error: 0.92%
Epoch: 397, Final Loss: 0.000116
Norm: 57.39
===
         date     Predict    True  diff   acc
0  2024-03-11   99.980003   98.67 -1.31 -1.31
1  2024-03-12  100.110001  101.78  1.67  0.36
2  2024-03-13   99.989998   98.50 -1.49 -1.13
3  2024-03-14   99.980003   99.83 -0.15 -1.28
4  2024-03-15   99.970001  101.15  1.18 -0.10
5  2024-03-18  100.000000  101.53  1.53  1.43
6  2024-03-20  100.379997  102.63  2.24  3.67
7  2024-03-21  100.089996  100.95  0.86  4.53
8  2024-03-22   99.860001   99.48 -0.38  4.15
9  2024-03-25   99.919998   99.03 -0.89  3.26
10 2024-03-26   99.980003  100.26  0.29  3.55
11 2024-03-27  100.099998  100.38  0.28  3.83
12 2024-03-28   99.989998   99.83 -0.16  3.67
13 2024-04-01   99.919998   98.98 -0.94  2.73
14 2024-04-02   99.839996   99.02 -0.82  1.91
15 2024-04-03   99.970001  101.26  1.29  3.20
16 2024-04-04   99.769997   97.85 -1.93  1.27
17 2024-04-05  100.099998  100.56  0.47  1.74
18 2024-04-08   99.980003  100.27  0.28  2.02
19 2024-04-09   99.959999  100.27  0.30  2.32
20 2024-04-10   99.949997   98.65 -1.31  1.01
21 2024-04-11   99.980003  101.69  1.71  2.72
22 2024-04-12   99.809998   98.26 -1.55  1.17
23 2024-04-15   99.980003   99.12 -0.86  0.31
24 2024-04-16  100.029999   99.85 -0.18  0.13
25 2024-04-17   99.930000   97.77 -2.16 -2.03
26 2024-04-18  100.000000   99.70 -0.30 -2.33
27 2024-04-19  100.040001   98.80 -1.24 -3.57
28 2024-04-22  100.070000  101.57  1.50 -2.07
29 2024-04-23  100.059998  100.61  0.55 -1.52
30 2024-04-24  100.000000   99.70 -0.30 -1.82
31 2024-04-25   99.870003   99.67 -0.20 -2.02
32 2024-04-29  100.129997  101.52  1.39 -0.63
33 2024-04-30   99.900002   99.28 -0.63 -1.26
34 2024-05-01   99.739998   99.92  0.18 -1.08
35 2024-05-06  100.230003  102.21  1.98  0.90
36 2024-05-07  100.050003   99.48 -0.56  0.34
37 2024-05-08  100.089996   98.96 -1.13 -0.79
38 2024-05-09  100.080002  100.48  0.40 -0.39
39 2024-05-10  100.029999   99.28 -0.75 -1.14
40 2024-05-13   99.980003  100.20  0.22 -0.92
41 2024-05-14  100.029999  100.95  0.92  0.00
42 2024-05-15   99.959999  100.35  0.39  0.39
43 2024-05-16  100.000000   99.58 -0.42 -0.03
Mean Absolute Error: 0.89%
Epoch: 350, Final Loss: 0.000111
Norm: 43.70
===
         date     Predict    True  diff   acc
0  2024-03-12  100.120003  101.78  1.65  1.65
1  2024-03-13  100.029999   98.50 -1.53  0.12
2  2024-03-14  100.019997   99.83 -0.19 -0.07
3  2024-03-15  100.019997  101.15  1.13  1.06
4  2024-03-18  100.040001  101.53  1.49  2.55
5  2024-03-20  100.320000  102.63  2.30  4.85
6  2024-03-21  100.099998  100.95  0.84  5.69
7  2024-03-22   99.930000   99.48 -0.45  5.24
8  2024-03-25   99.980003   99.03 -0.95  4.29
9  2024-03-26  100.019997  100.26  0.24  4.53
10 2024-03-27  100.120003  100.38  0.26  4.79
11 2024-03-28  100.029999   99.83 -0.20  4.59
12 2024-04-01   99.980003   98.98 -1.00  3.59
13 2024-04-02   99.919998   99.02 -0.90  2.69
14 2024-04-03  100.019997  101.26  1.24  3.93
15 2024-04-04   99.860001   97.85 -2.02  1.91
16 2024-04-05  100.110001  100.56  0.45  2.36
17 2024-04-08  100.029999  100.27  0.24  2.60
18 2024-04-09  100.010002  100.27  0.26  2.86
19 2024-04-10  100.000000   98.65 -1.36  1.50
20 2024-04-11  100.019997  101.69  1.67  3.17
21 2024-04-12   99.900002   98.26 -1.63  1.54
22 2024-04-15  100.019997   99.12 -0.90  0.64
23 2024-04-16  100.059998   99.85 -0.21  0.43
24 2024-04-17   99.989998   97.77 -2.22 -1.79
25 2024-04-18  100.040001   99.70 -0.34 -2.13
26 2024-04-19  100.070000   98.80 -1.26 -3.39
27 2024-04-22  100.089996  101.57  1.48 -1.91
28 2024-04-23  100.080002  100.61  0.53 -1.38
29 2024-04-24  100.040001   99.70 -0.34 -1.72
30 2024-04-25   99.940002   99.67 -0.27 -1.99
31 2024-04-29  100.129997  101.52  1.39 -0.60
32 2024-04-30   99.959999   99.28 -0.69 -1.29
33 2024-05-01   99.839996   99.92  0.08 -1.21
34 2024-05-06  100.209999  102.21  2.00  0.79
35 2024-05-07  100.070000   99.48 -0.59  0.20
36 2024-05-08  100.110001   98.96 -1.15 -0.95
37 2024-05-09  100.099998  100.48  0.38 -0.57
38 2024-05-10  100.059998   99.28 -0.78 -1.35
39 2024-05-13  100.029999  100.20  0.17 -1.18
40 2024-05-14  100.059998  100.95  0.89 -0.29
41 2024-05-15  100.010002  100.35  0.34  0.05
42 2024-05-16  100.040001   99.58 -0.46 -0.41
43 2024-05-17  100.059998  100.42  0.36 -0.05
Mean Absolute Error: 0.88%
Epoch: 696, Final Loss: 0.000110
Norm: 36.78
===
         date     Predict    True  diff   acc
0  2024-03-13  100.029999   98.50 -1.53 -1.53
1  2024-03-14  100.010002   99.83 -0.19 -1.72
2  2024-03-15  100.010002  101.15  1.14 -0.58
3  2024-03-18  100.040001  101.53  1.50  0.92
4  2024-03-20  100.370003  102.63  2.25  3.17
5  2024-03-21  100.110001  100.95  0.84  4.01
6  2024-03-22   99.910004   99.48 -0.42  3.59
7  2024-03-25   99.959999   99.03 -0.93  2.66
8  2024-03-26  100.010002  100.26  0.25  2.91
9  2024-03-27  100.120003  100.38  0.26  3.17
10 2024-03-28  100.019997   99.83 -0.19  2.98
11 2024-04-01   99.959999   98.98 -0.98  2.00
12 2024-04-02   99.889999   99.02 -0.87  1.13
13 2024-04-03  100.010002  101.26  1.25  2.38
14 2024-04-04   99.830002   97.85 -1.99  0.39
15 2024-04-05  100.120003  100.56  0.45  0.84
16 2024-04-08  100.019997  100.27  0.25  1.09
17 2024-04-09  100.000000  100.27  0.27  1.36
18 2024-04-10   99.989998   98.65 -1.35  0.01
19 2024-04-11  100.019997  101.69  1.68  1.69
20 2024-04-12   99.870003   98.26 -1.60  0.09
21 2024-04-15  100.010002   99.12 -0.89 -0.80
22 2024-04-16  100.059998   99.85 -0.21 -1.01
23 2024-04-17   99.970001   97.77 -2.20 -3.21
24 2024-04-18  100.029999   99.70 -0.34 -3.55
25 2024-04-19  100.070000   98.80 -1.26 -4.81
26 2024-04-22  100.099998  101.57  1.47 -3.34
27 2024-04-23  100.080002  100.61  0.53 -2.81
28 2024-04-24  100.029999   99.70 -0.33 -3.14
29 2024-04-25   99.919998   99.67 -0.25 -3.39
30 2024-04-29  100.139999  101.52  1.37 -2.02
31 2024-04-30   99.949997   99.28 -0.67 -2.69
32 2024-05-01   99.809998   99.92  0.12 -2.57
33 2024-05-06  100.230003  102.21  1.98 -0.59
34 2024-05-07  100.070000   99.48 -0.59 -1.18
35 2024-05-08  100.120003   98.96 -1.15 -2.33
36 2024-05-09  100.099998  100.48  0.38 -1.95
37 2024-05-10  100.059998   99.28 -0.78 -2.73
38 2024-05-13  100.019997  100.20  0.18 -2.55
39 2024-05-14  100.059998  100.95  0.89 -1.66
40 2024-05-15  100.000000  100.35  0.35 -1.31
41 2024-05-16  100.029999   99.58 -0.45 -1.76
42 2024-05-17  100.059998  100.42  0.36 -1.40
43 2024-05-20  100.000000  101.38  1.39 -0.01
Mean Absolute Error: 0.87%
Epoch: 519, Final Loss: 0.000107
Norm: 54.42
===
         date     Predict    True  diff   acc
0  2024-03-14  100.019997   99.83 -0.20 -0.20
1  2024-03-15  100.019997  101.15  1.13  0.93
2  2024-03-18  100.050003  101.53  1.48  2.41
3  2024-03-20  100.389999  102.63  2.23  4.64
4  2024-03-21  100.120003  100.95  0.82  5.46
5  2024-03-22   99.919998   99.48 -0.43  5.03
6  2024-03-25   99.970001   99.03 -0.94  4.09
7  2024-03-26  100.019997  100.26  0.24  4.33
8  2024-03-27  100.139999  100.38  0.24  4.57
9  2024-03-28  100.040001   99.83 -0.20  4.37
10 2024-04-01   99.970001   98.98 -0.99  3.38
11 2024-04-02   99.900002   99.02 -0.88  2.50
12 2024-04-03  100.019997  101.26  1.24  3.74
13 2024-04-04   99.839996   97.85 -1.99  1.75
14 2024-04-05  100.129997  100.56  0.43  2.18
15 2024-04-08  100.029999  100.27  0.24  2.42
16 2024-04-09  100.010002  100.27  0.25  2.67
17 2024-04-10  100.000000   98.65 -1.36  1.31
18 2024-04-11  100.029999  101.69  1.66  2.97
19 2024-04-12   99.879997   98.26 -1.61  1.36
20 2024-04-15  100.019997   99.12 -0.91  0.45
21 2024-04-16  100.070000   99.85 -0.22  0.23
22 2024-04-17   99.980003   97.77 -2.21 -1.98
23 2024-04-18  100.040001   99.70 -0.35 -2.33
24 2024-04-19  100.080002   98.80 -1.27 -3.60
25 2024-04-22  100.110001  101.57  1.46 -2.14
26 2024-04-23  100.099998  100.61  0.51 -1.63
27 2024-04-24  100.040001   99.70 -0.35 -1.98
28 2024-04-25   99.930000   99.67 -0.26 -2.24
29 2024-04-29  100.160004  101.52  1.36 -0.88
30 2024-04-30   99.959999   99.28 -0.68 -1.56
31 2024-05-01   99.809998   99.92  0.11 -1.45
32 2024-05-06  100.250000  102.21  1.96  0.51
33 2024-05-07  100.089996   99.48 -0.60 -0.09
34 2024-05-08  100.129997   98.96 -1.17 -1.26
35 2024-05-09  100.110001  100.48  0.36 -0.90
36 2024-05-10  100.070000   99.28 -0.80 -1.70
37 2024-05-13  100.029999  100.20  0.17 -1.53
38 2024-05-14  100.070000  100.95  0.88 -0.65
39 2024-05-15  100.010002  100.35  0.34 -0.31
40 2024-05-16  100.050003   99.58 -0.47 -0.78
41 2024-05-17  100.080002  100.42  0.35 -0.43
42 2024-05-20  100.010002  101.38  1.38  0.95
43 2024-05-21  100.029999   99.00 -1.03 -0.08
Mean Absolute Error: 0.86%
Epoch: 494, Final Loss: 0.000104
Norm: 38.85
===
         date     Predict    True  diff   acc
0  2024-03-15  100.019997  101.15  1.13  1.13
1  2024-03-18  100.050003  101.53  1.48  2.61
2  2024-03-20  100.449997  102.63  2.17  4.78
3  2024-03-21  100.139999  100.95  0.81  5.59
4  2024-03-22   99.900002   99.48 -0.42  5.17
5  2024-03-25   99.970001   99.03 -0.93  4.24
6  2024-03-26  100.019997  100.26  0.24  4.48
7  2024-03-27  100.160004  100.38  0.22  4.70
8  2024-03-28  100.040001   99.83 -0.21  4.49
9  2024-04-01   99.959999   98.98 -0.98  3.51
10 2024-04-02   99.879997   99.02 -0.86  2.65
11 2024-04-03  100.019997  101.26  1.24  3.89
12 2024-04-04   99.809998   97.85 -1.96  1.93
13 2024-04-05  100.150002  100.56  0.41  2.34
14 2024-04-08  100.029999  100.27  0.24  2.58
15 2024-04-09  100.010002  100.27  0.26  2.84
16 2024-04-10  100.000000   98.65 -1.35  1.49
17 2024-04-11  100.029999  101.69  1.66  3.15
18 2024-04-12   99.849998   98.26 -1.59  1.56
19 2024-04-15  100.019997   99.12 -0.91  0.65
20 2024-04-16  100.080002   99.85 -0.23  0.42
21 2024-04-17   99.980003   97.77 -2.21 -1.79
22 2024-04-18  100.050003   99.70 -0.35 -2.14
23 2024-04-19  100.089996   98.80 -1.29 -3.43
24 2024-04-22  100.129997  101.57  1.44 -1.99
25 2024-04-23  100.110001  100.61  0.50 -1.49
26 2024-04-24  100.050003   99.70 -0.35 -1.84
27 2024-04-25   99.919998   99.67 -0.24 -2.08
28 2024-04-29  100.180000  101.52  1.34 -0.74
29 2024-04-30   99.949997   99.28 -0.67 -1.41
30 2024-05-01   99.779999   99.92  0.14 -1.27
31 2024-05-06  100.290001  102.21  1.92  0.65
32 2024-05-07  100.099998   99.48 -0.61  0.04
33 2024-05-08  100.150002   98.96 -1.19 -1.15
34 2024-05-09  100.129997  100.48  0.35 -0.80
35 2024-05-10  100.080002   99.28 -0.81 -1.61
36 2024-05-13  100.029999  100.20  0.17 -1.44
37 2024-05-14  100.080002  100.95  0.87 -0.57
38 2024-05-15  100.010002  100.35  0.34 -0.23
39 2024-05-16  100.050003   99.58 -0.47 -0.70
40 2024-05-17  100.089996  100.42  0.34 -0.36
41 2024-05-20  100.000000  101.38  1.38  1.02
42 2024-05-21  100.029999   99.00 -1.03 -0.01
43 2024-05-22  100.000000   99.98 -0.03 -0.04
Mean Absolute Error: 0.85%
Epoch: 305, Final Loss: 0.000102
Norm: 37.58
===
         date     Predict    True  diff   acc
0  2024-03-18  100.010002  101.53  1.53  1.53
1  2024-03-20  100.419998  102.63  2.20  3.73
2  2024-03-21  100.099998  100.95  0.85  4.58
3  2024-03-22   99.839996   99.48 -0.36  4.22
4  2024-03-25   99.910004   99.03 -0.88  3.34
5  2024-03-26   99.970001  100.26  0.29  3.63
6  2024-03-27  100.120003  100.38  0.26  3.89
7  2024-03-28   99.989998   99.83 -0.16  3.73
8  2024-04-01   99.910004   98.98 -0.93  2.80
9  2024-04-02   99.820000   99.02 -0.81  1.99
10 2024-04-03   99.970001  101.26  1.29  3.28
11 2024-04-04   99.750000   97.85 -1.91  1.37
12 2024-04-05  100.110001  100.56  0.46  1.83
13 2024-04-08   99.980003  100.27  0.28  2.11
14 2024-04-09   99.959999  100.27  0.31  2.42
15 2024-04-10   99.949997   98.65 -1.30  1.12
16 2024-04-11   99.980003  101.69  1.71  2.83
17 2024-04-12   99.800003   98.26 -1.53  1.30
18 2024-04-15   99.970001   99.12 -0.86  0.44
19 2024-04-16  100.029999   99.85 -0.18  0.26
20 2024-04-17   99.930000   97.77 -2.16 -1.90
21 2024-04-18  100.000000   99.70 -0.31 -2.21
22 2024-04-19  100.050003   98.80 -1.24 -3.45
23 2024-04-22  100.080002  101.57  1.49 -1.96
24 2024-04-23  100.059998  100.61  0.54 -1.42
25 2024-04-24  100.000000   99.70 -0.30 -1.72
26 2024-04-25   99.860001   99.67 -0.19 -1.91
27 2024-04-29  100.139999  101.52  1.38 -0.53
28 2024-04-30   99.889999   99.28 -0.62 -1.15
29 2024-05-01   99.720001   99.92  0.20 -0.95
30 2024-05-06  100.250000  102.21  1.96  1.01
31 2024-05-07  100.050003   99.48 -0.57  0.44
32 2024-05-08  100.099998   98.96 -1.14 -0.70
33 2024-05-09  100.080002  100.48  0.39 -0.31
34 2024-05-10  100.040001   99.28 -0.76 -1.07
35 2024-05-13   99.980003  100.20  0.22 -0.85
36 2024-05-14  100.029999  100.95  0.92  0.07
37 2024-05-15   99.959999  100.35  0.39  0.46
38 2024-05-16  100.000000   99.58 -0.42  0.04
39 2024-05-17  100.040001  100.42  0.38  0.42
40 2024-05-20   99.959999  101.38  1.43  1.85
41 2024-05-21   99.989998   99.00 -0.99  0.86
42 2024-05-22   99.949997   99.98  0.02  0.88
43 2024-05-23   99.769997   98.84 -0.93 -0.05
Mean Absolute Error: 0.84%
Epoch: 330, Final Loss: 0.000100
Norm: 42.34
===
         date     Predict    True  diff   acc
0  2024-03-20  100.389999  102.63  2.23  2.23
1  2024-03-21  100.080002  100.95  0.87  3.10
2  2024-03-22   99.839996   99.48 -0.35  2.75
3  2024-03-25   99.900002   99.03 -0.87  1.88
4  2024-03-26   99.959999  100.26  0.30  2.18
5  2024-03-27  100.099998  100.38  0.29  2.47
6  2024-03-28   99.980003   99.83 -0.14  2.33
7  2024-04-01   99.900002   98.98 -0.92  1.41
8  2024-04-02   99.820000   99.02 -0.80  0.61
9  2024-04-03   99.949997  101.26  1.31  1.92
10 2024-04-04   99.750000   97.85 -1.90  0.02
11 2024-04-05  100.089996  100.56  0.48  0.50
12 2024-04-08   99.970001  100.27  0.30  0.80
13 2024-04-09   99.949997  100.27  0.32  1.12
14 2024-04-10   99.940002   98.65 -1.29 -0.17
15 2024-04-11   99.970001  101.69  1.73  1.56
16 2024-04-12   99.790001   98.26 -1.53  0.03
17 2024-04-15   99.959999   99.12 -0.84 -0.81
18 2024-04-16  100.019997   99.85 -0.16 -0.97
19 2024-04-17   99.910004   97.77 -2.15 -3.12
20 2024-04-18   99.989998   99.70 -0.29 -3.41
21 2024-04-19  100.029999   98.80 -1.22 -4.63
22 2024-04-22  100.059998  101.57  1.51 -3.12
23 2024-04-23  100.050003  100.61  0.56 -2.56
24 2024-04-24   99.989998   99.70 -0.29 -2.85
25 2024-04-25   99.849998   99.67 -0.18 -3.03
26 2024-04-29  100.120003  101.52  1.40 -1.63
27 2024-04-30   99.879997   99.28 -0.61 -2.24
28 2024-05-01   99.720001   99.92  0.21 -2.03
29 2024-05-06  100.220001  102.21  1.99 -0.04
30 2024-05-07  100.029999   99.48 -0.55 -0.59
31 2024-05-08  100.080002   98.96 -1.12 -1.71
32 2024-05-09  100.070000  100.48  0.41 -1.30
33 2024-05-10  100.019997   99.28 -0.74 -2.04
34 2024-05-13   99.970001  100.20  0.23 -1.81
35 2024-05-14  100.019997  100.95  0.93 -0.88
36 2024-05-15   99.940002  100.35  0.41 -0.47
37 2024-05-16   99.989998   99.58 -0.41 -0.88
38 2024-05-17  100.019997  100.42  0.40 -0.48
39 2024-05-20   99.940002  101.38  1.44  0.96
40 2024-05-21   99.970001   99.00 -0.97 -0.01
41 2024-05-22   99.940002   99.98  0.04  0.03
42 2024-05-23   99.769997   98.84 -0.93 -0.90
43 2024-05-24   99.970001  100.85  0.88 -0.02
Mean Absolute Error: 0.83%
Epoch: 309, Final Loss: 0.000098
Norm: 59.64
===
         date     Predict    True  diff   acc
0  2024-03-21  100.050003  100.95  0.90  0.90
1  2024-03-22   99.779999   99.48 -0.30  0.60
2  2024-03-25   99.849998   99.03 -0.82 -0.22
3  2024-03-26   99.919998  100.26  0.35  0.13
4  2024-03-27  100.070000  100.38  0.31  0.44
5  2024-03-28   99.940002   99.83 -0.10  0.34
6  2024-04-01   99.849998   98.98 -0.87 -0.53
7  2024-04-02   99.760002   99.02 -0.74 -1.27
8  2024-04-03   99.910004  101.26  1.35  0.08
9  2024-04-04   99.680000   97.85 -1.84 -1.76
10 2024-04-05  100.059998  100.56  0.51 -1.25
11 2024-04-08   99.930000  100.27  0.34 -0.91
12 2024-04-09   99.900002  100.27  0.36 -0.55
13 2024-04-10   99.889999   98.65 -1.25 -1.80
14 2024-04-11   99.919998  101.69  1.77 -0.03
15 2024-04-12   99.730003   98.26 -1.47 -1.50
16 2024-04-15   99.919998   99.12 -0.80 -2.30
17 2024-04-16   99.980003   99.85 -0.13 -2.43
18 2024-04-17   99.870003   97.77 -2.10 -4.53
19 2024-04-18   99.949997   99.70 -0.25 -4.78
20 2024-04-19   99.989998   98.80 -1.19 -5.97
21 2024-04-22  100.029999  101.57  1.54 -4.43
22 2024-04-23  100.010002  100.61  0.60 -3.83
23 2024-04-24   99.949997   99.70 -0.25 -4.08
24 2024-04-25   99.800003   99.67 -0.13 -4.21
25 2024-04-29  100.089996  101.52  1.43 -2.78
26 2024-04-30   99.830002   99.28 -0.56 -3.34
27 2024-05-01   99.650002   99.92  0.28 -3.06
28 2024-05-06  100.209999  102.21  2.00 -1.06
29 2024-05-07  100.000000   99.48 -0.52 -1.58
30 2024-05-08  100.050003   98.96 -1.09 -2.67
31 2024-05-09  100.029999  100.48  0.44 -2.23
32 2024-05-10   99.980003   99.28 -0.71 -2.94
33 2024-05-13   99.930000  100.20  0.27 -2.67
34 2024-05-14   99.980003  100.95  0.97 -1.70
35 2024-05-15   99.900002  100.35  0.45 -1.25
36 2024-05-16   99.949997   99.58 -0.37 -1.62
37 2024-05-17   99.989998  100.42  0.44 -1.18
38 2024-05-20   99.900002  101.38  1.49  0.31
39 2024-05-21   99.930000   99.00 -0.93 -0.62
40 2024-05-22   99.889999   99.98  0.08 -0.54
41 2024-05-23   99.699997   98.84 -0.86 -1.40
42 2024-05-24   99.919998  100.85  0.92 -0.48
43 2024-05-28   99.849998  100.27  0.43 -0.05
Mean Absolute Error: 0.78%
Epoch: 444, Final Loss: 0.000087
Norm: 86.17
===
         date     Predict    True  diff   acc
0  2024-03-22   99.750000   99.48 -0.27 -0.27
1  2024-03-25   99.809998   99.03 -0.78 -1.05
2  2024-03-26   99.849998  100.26  0.41 -0.64
3  2024-03-27   99.959999  100.38  0.42 -0.22
4  2024-03-28   99.870003   99.83 -0.03 -0.25
5  2024-04-01   99.809998   98.98 -0.83 -1.08
6  2024-04-02   99.739998   99.02 -0.72 -1.80
7  2024-04-03   99.849998  101.26  1.41 -0.39
8  2024-04-04   99.680000   97.85 -1.84 -2.23
9  2024-04-05   99.949997  100.56  0.61 -1.62
10 2024-04-08   99.860001  100.27  0.41 -1.21
11 2024-04-09   99.839996  100.27  0.42 -0.79
12 2024-04-10   99.830002   98.65 -1.19 -1.98
13 2024-04-11   99.860001  101.69  1.84 -0.14
14 2024-04-12   99.720001   98.26 -1.46 -1.60
15 2024-04-15   99.849998   99.12 -0.74 -2.34
16 2024-04-16   99.900002   99.85 -0.05 -2.39
17 2024-04-17   99.820000   97.77 -2.05 -4.44
18 2024-04-18   99.870003   99.70 -0.18 -4.62
19 2024-04-19   99.910004   98.80 -1.10 -5.72
20 2024-04-22   99.930000  101.57  1.64 -4.08
21 2024-04-23   99.919998  100.61  0.69 -3.39
22 2024-04-24   99.870003   99.70 -0.18 -3.57
23 2024-04-25   99.769997   99.67 -0.10 -3.67
24 2024-04-29   99.980003  101.52  1.54 -2.13
25 2024-04-30   99.790001   99.28 -0.52 -2.65
26 2024-05-01   99.660004   99.92  0.27 -2.38
27 2024-05-06  100.059998  102.21  2.15 -0.23
28 2024-05-07   99.910004   99.48 -0.43 -0.66
29 2024-05-08   99.949997   98.96 -0.99 -1.65
30 2024-05-09   99.940002  100.48  0.54 -1.11
31 2024-05-10   99.900002   99.28 -0.62 -1.73
32 2024-05-13   99.860001  100.20  0.34 -1.39
33 2024-05-14   99.900002  100.95  1.05 -0.34
34 2024-05-15   99.839996  100.35  0.51  0.17
35 2024-05-16   99.879997   99.58 -0.30 -0.13
36 2024-05-17   99.900002  100.42  0.52  0.39
37 2024-05-20   99.839996  101.38  1.55  1.94
38 2024-05-21   99.860001   99.00 -0.86  1.08
39 2024-05-22   99.839996   99.98  0.14  1.22
40 2024-05-23   99.699997   98.84 -0.86  0.36
41 2024-05-24   99.860001  100.85  0.99  1.35
42 2024-05-28   99.800003  100.27  0.47  1.82
43 2024-05-29   99.769997   97.93 -1.85 -0.03
Mean Absolute Error: 0.82%
Epoch: 610, Final Loss: 0.000095
Norm: 74.28
===
         date     Predict    True  diff   acc
0  2024-03-25   99.820000   99.03 -0.79 -0.79
1  2024-03-26   99.870003  100.26  0.39 -0.40
2  2024-03-27   99.980003  100.38  0.40  0.00
3  2024-03-28   99.879997   99.83 -0.05 -0.05
4  2024-04-01   99.820000   98.98 -0.84 -0.89
5  2024-04-02   99.750000   99.02 -0.74 -1.63
6  2024-04-03   99.860001  101.26  1.40 -0.23
7  2024-04-04   99.699997   97.85 -1.86 -2.09
8  2024-04-05   99.970001  100.56  0.59 -1.50
9  2024-04-08   99.879997  100.27  0.39 -1.11
10 2024-04-09   99.860001  100.27  0.41 -0.70
11 2024-04-10   99.849998   98.65 -1.21 -1.91
12 2024-04-11   99.870003  101.69  1.82 -0.09
13 2024-04-12   99.730003   98.26 -1.47 -1.56
14 2024-04-15   99.870003   99.12 -0.75 -2.31
15 2024-04-16   99.910004   99.85 -0.06 -2.37
16 2024-04-17   99.830002   97.77 -2.07 -4.44
17 2024-04-18   99.889999   99.70 -0.19 -4.63
18 2024-04-19   99.919998   98.80 -1.12 -5.75
19 2024-04-22   99.949997  101.57  1.62 -4.13
20 2024-04-23   99.940002  100.61  0.67 -3.46
21 2024-04-24   99.889999   99.70 -0.19 -3.65
22 2024-04-25   99.779999   99.67 -0.11 -3.76
23 2024-04-29  100.000000  101.52  1.52 -2.24
24 2024-04-30   99.809998   99.28 -0.53 -2.77
25 2024-05-01   99.669998   99.92  0.25 -2.52
26 2024-05-06  100.080002  102.21  2.13 -0.39
27 2024-05-07   99.930000   99.48 -0.45 -0.84
28 2024-05-08   99.970001   98.96 -1.01 -1.85
29 2024-05-09   99.949997  100.48  0.52 -1.33
30 2024-05-10   99.919998   99.28 -0.64 -1.97
31 2024-05-13   99.879997  100.20  0.32 -1.65
32 2024-05-14   99.910004  100.95  1.04 -0.61
33 2024-05-15   99.849998  100.35  0.49 -0.12
34 2024-05-16   99.889999   99.58 -0.31 -0.43
35 2024-05-17   99.919998  100.42  0.50  0.07
36 2024-05-20   99.860001  101.38  1.53  1.60
37 2024-05-21   99.879997   99.00 -0.88  0.72
38 2024-05-22   99.849998   99.98  0.12  0.84
39 2024-05-23   99.709999   98.84 -0.87 -0.03
40 2024-05-24   99.870003  100.85  0.97  0.94
41 2024-05-28   99.820000  100.27  0.45  1.39
42 2024-05-29   99.790001   97.93 -1.86 -0.47
43 2024-05-30   99.720001  100.13  0.41 -0.06
Mean Absolute Error: 0.82%
Epoch: 583, Final Loss: 0.000095
Norm: 77.41
===
         date     Predict    True  diff   acc
0  2024-03-26   99.919998  100.26  0.34  0.34
1  2024-03-27  100.050003  100.38  0.33  0.67
2  2024-03-28   99.940002   99.83 -0.11  0.56
3  2024-04-01   99.860001   98.98 -0.89 -0.33
4  2024-04-02   99.779999   99.02 -0.77 -1.10
5  2024-04-03   99.919998  101.26  1.34  0.24
6  2024-04-04   99.720001   97.85 -1.88 -1.64
7  2024-04-05  100.040001  100.56  0.52 -1.12
8  2024-04-08   99.930000  100.27  0.34 -0.78
9  2024-04-09   99.910004  100.27  0.36 -0.42
10 2024-04-10   99.900002   98.65 -1.26 -1.68
11 2024-04-11   99.930000  101.69  1.76  0.08
12 2024-04-12   99.760002   98.26 -1.50 -1.42
13 2024-04-15   99.919998   99.12 -0.81 -2.23
14 2024-04-16   99.980003   99.85 -0.12 -2.35
15 2024-04-17   99.879997   97.77 -2.11 -4.46
16 2024-04-18   99.949997   99.70 -0.25 -4.71
17 2024-04-19   99.989998   98.80 -1.18 -5.89
18 2024-04-22  100.019997  101.57  1.55 -4.34
19 2024-04-23  100.010002  100.61  0.60 -3.74
20 2024-04-24   99.949997   99.70 -0.25 -3.99
21 2024-04-25   99.820000   99.67 -0.15 -4.14
22 2024-04-29  100.080002  101.52  1.44 -2.70
23 2024-04-30   99.849998   99.28 -0.58 -3.28
24 2024-05-01   99.690002   99.92  0.24 -3.04
25 2024-05-06  100.180000  102.21  2.04 -1.00
26 2024-05-07  100.000000   99.48 -0.51 -1.51
27 2024-05-08  100.040001   98.96 -1.08 -2.59
28 2024-05-09  100.019997  100.48  0.45 -2.14
29 2024-05-10   99.980003   99.28 -0.70 -2.84
30 2024-05-13   99.930000  100.20  0.27 -2.57
31 2024-05-14   99.980003  100.95  0.97 -1.60
32 2024-05-15   99.900002  100.35  0.44 -1.16
33 2024-05-16   99.949997   99.58 -0.37 -1.53
34 2024-05-17   99.980003  100.42  0.44 -1.09
35 2024-05-20   99.910004  101.38  1.48  0.39
36 2024-05-21   99.930000   99.00 -0.93 -0.54
37 2024-05-22   99.900002   99.98  0.07 -0.47
38 2024-05-23   99.739998   98.84 -0.90 -1.37
39 2024-05-24   99.930000  100.85  0.92 -0.45
40 2024-05-28   99.860001  100.27  0.41 -0.04
41 2024-05-29   99.820000   97.93 -1.90 -1.94
42 2024-05-30   99.739998  100.13  0.38 -1.56
43 2024-05-31  100.150002  101.66  1.51 -0.05
Mean Absolute Error: 0.83%
Epoch: 337, Final Loss: 0.000098
Norm: 89.02
===
         date     Predict    True  diff   acc
0  2024-03-27  100.040001  100.38  0.34  0.34
1  2024-03-28   99.930000   99.83 -0.10  0.24
2  2024-04-01   99.860001   98.98 -0.88 -0.64
3  2024-04-02   99.779999   99.02 -0.77 -1.41
4  2024-04-03   99.910004  101.26  1.35 -0.06
5  2024-04-04   99.720001   97.85 -1.88 -1.94
6  2024-04-05  100.029999  100.56  0.53 -1.41
7  2024-04-08   99.919998  100.27  0.34 -1.07
8  2024-04-09   99.900002  100.27  0.36 -0.71
9  2024-04-10   99.889999   98.65 -1.25 -1.96
10 2024-04-11   99.919998  101.69  1.77 -0.19
11 2024-04-12   99.760002   98.26 -1.50 -1.69
12 2024-04-15   99.919998   99.12 -0.80 -2.49
13 2024-04-16   99.970001   99.85 -0.11 -2.60
14 2024-04-17   99.870003   97.77 -2.11 -4.71
15 2024-04-18   99.940002   99.70 -0.24 -4.95
16 2024-04-19   99.980003   98.80 -1.17 -6.12
17 2024-04-22  100.010002  101.57  1.56 -4.56
18 2024-04-23   99.989998  100.61  0.61 -3.95
19 2024-04-24   99.940002   99.70 -0.24 -4.19
20 2024-04-25   99.820000   99.67 -0.15 -4.34
21 2024-04-29  100.059998  101.52  1.46 -2.88
22 2024-04-30   99.849998   99.28 -0.57 -3.45
23 2024-05-01   99.690002   99.92  0.23 -3.22
24 2024-05-06  100.150002  102.21  2.06 -1.16
25 2024-05-07   99.980003   99.48 -0.50 -1.66
26 2024-05-08  100.029999   98.96 -1.07 -2.73
27 2024-05-09  100.010002  100.48  0.46 -2.27
28 2024-05-10   99.970001   99.28 -0.69 -2.96
29 2024-05-13   99.919998  100.20  0.28 -2.68
30 2024-05-14   99.970001  100.95  0.98 -1.70
31 2024-05-15   99.900002  100.35  0.45 -1.25
32 2024-05-16   99.940002   99.58 -0.36 -1.61
33 2024-05-17   99.970001  100.42  0.45 -1.16
34 2024-05-20   99.900002  101.38  1.48  0.32
35 2024-05-21   99.930000   99.00 -0.93 -0.61
36 2024-05-22   99.900002   99.98  0.08 -0.53
37 2024-05-23   99.739998   98.84 -0.90 -1.43
38 2024-05-24   99.919998  100.85  0.93 -0.50
39 2024-05-28   99.860001  100.27  0.41 -0.09
40 2024-05-29   99.820000   97.93 -1.90 -1.99
41 2024-05-30   99.750000  100.13  0.38 -1.61
42 2024-05-31  100.129997  101.66  1.53 -0.08
43 2024-06-03   99.779999   99.80  0.02 -0.06
Mean Absolute Error: 0.82%
Epoch: 413, Final Loss: 0.000098
Norm: 93.81
===
         date     Predict    True  diff   acc
0  2024-03-28   99.919998   99.83 -0.09 -0.09
1  2024-04-01   99.849998   98.98 -0.87 -0.96
2  2024-04-02   99.769997   99.02 -0.76 -1.72
3  2024-04-03   99.900002  101.26  1.36 -0.36
4  2024-04-04   99.709999   97.85 -1.87 -2.23
5  2024-04-05  100.019997  100.56  0.54 -1.69
6  2024-04-08   99.910004  100.27  0.36 -1.33
7  2024-04-09   99.889999  100.27  0.37 -0.96
8  2024-04-10   99.879997   98.65 -1.24 -2.20
9  2024-04-11   99.910004  101.69  1.78 -0.42
10 2024-04-12   99.750000   98.26 -1.49 -1.91
11 2024-04-15   99.910004   99.12 -0.79 -2.70
12 2024-04-16   99.959999   99.85 -0.10 -2.80
13 2024-04-17   99.860001   97.77 -2.10 -4.90
14 2024-04-18   99.930000   99.70 -0.23 -5.13
15 2024-04-19   99.970001   98.80 -1.16 -6.29
16 2024-04-22  100.000000  101.57  1.57 -4.72
17 2024-04-23   99.980003  100.61  0.63 -4.09
18 2024-04-24   99.930000   99.70 -0.23 -4.32
19 2024-04-25   99.809998   99.67 -0.14 -4.46
20 2024-04-29  100.050003  101.52  1.47 -2.99
21 2024-04-30   99.839996   99.28 -0.56 -3.55
22 2024-05-01   99.680000   99.92  0.24 -3.31
23 2024-05-06  100.150002  102.21  2.07 -1.24
24 2024-05-07   99.970001   99.48 -0.49 -1.73
25 2024-05-08  100.019997   98.96 -1.06 -2.79
26 2024-05-09  100.000000  100.48  0.47 -2.32
27 2024-05-10   99.959999   99.28 -0.68 -3.00
28 2024-05-13   99.910004  100.20  0.29 -2.71
29 2024-05-14   99.959999  100.95  0.99 -1.72
30 2024-05-15   99.889999  100.35  0.46 -1.26
31 2024-05-16   99.930000   99.58 -0.35 -1.61
32 2024-05-17   99.959999  100.42  0.46 -1.15
33 2024-05-20   99.889999  101.38  1.50  0.35
34 2024-05-21   99.919998   99.00 -0.92 -0.57
35 2024-05-22   99.889999   99.98  0.09 -0.48
36 2024-05-23   99.730003   98.84 -0.89 -1.37
37 2024-05-24   99.910004  100.85  0.94 -0.43
38 2024-05-28   99.849998  100.27  0.43  0.00
39 2024-05-29   99.809998   97.93 -1.88 -1.88
40 2024-05-30   99.730003  100.13  0.39 -1.49
41 2024-05-31  100.120003  101.66  1.54  0.05
42 2024-06-03   99.769997   99.80  0.04  0.09
43 2024-06-04   99.849998   99.73 -0.13 -0.04
Mean Absolute Error: 0.82%
Epoch: 384, Final Loss: 0.000098
Norm: 94.13
===
         date     Predict    True  diff   acc
0  2024-04-01   99.879997   98.98 -0.90 -0.90
1  2024-04-02   99.800003   99.02 -0.79 -1.69
2  2024-04-03   99.930000  101.26  1.34 -0.35
3  2024-04-04   99.739998   97.85 -1.89 -2.24
4  2024-04-05  100.050003  100.56  0.52 -1.72
5  2024-04-08   99.940002  100.27  0.33 -1.39
6  2024-04-09   99.919998  100.27  0.35 -1.04
7  2024-04-10   99.910004   98.65 -1.27 -2.31
8  2024-04-11   99.940002  101.69  1.76 -0.55
9  2024-04-12   99.779999   98.26 -1.51 -2.06
10 2024-04-15   99.930000   99.12 -0.82 -2.88
11 2024-04-16   99.980003   99.85 -0.13 -3.01
12 2024-04-17   99.889999   97.77 -2.12 -5.13
13 2024-04-18   99.949997   99.70 -0.26 -5.39
14 2024-04-19   99.989998   98.80 -1.19 -6.58
15 2024-04-22  100.019997  101.57  1.55 -5.03
16 2024-04-23  100.010002  100.61  0.60 -4.43
17 2024-04-24   99.949997   99.70 -0.26 -4.69
18 2024-04-25   99.830002   99.67 -0.16 -4.85
19 2024-04-29  100.080002  101.52  1.44 -3.41
20 2024-04-30   99.860001   99.28 -0.59 -4.00
21 2024-05-01   99.709999   99.92  0.22 -3.78
22 2024-05-06  100.169998  102.21  2.04 -1.74
23 2024-05-07  100.000000   99.48 -0.52 -2.26
24 2024-05-08  100.040001   98.96 -1.08 -3.34
25 2024-05-09  100.029999  100.48  0.45 -2.89
26 2024-05-10   99.989998   99.28 -0.71 -3.60
27 2024-05-13   99.940002  100.20  0.26 -3.34
28 2024-05-14   99.980003  100.95  0.97 -2.37
29 2024-05-15   99.910004  100.35  0.43 -1.94
30 2024-05-16   99.959999   99.58 -0.38 -2.32
31 2024-05-17   99.989998  100.42  0.43 -1.89
32 2024-05-20   99.919998  101.38  1.47 -0.42
33 2024-05-21   99.940002   99.00 -0.94 -1.36
34 2024-05-22   99.910004   99.98  0.06 -1.30
35 2024-05-23   99.760002   98.84 -0.91 -2.21
36 2024-05-24   99.940002  100.85  0.91 -1.30
37 2024-05-28   99.870003  100.27  0.40 -0.90
38 2024-05-29   99.839996   97.93 -1.91 -2.81
39 2024-05-30   99.760002  100.13  0.37 -2.44
40 2024-05-31  100.150002  101.66  1.51 -0.93
41 2024-06-03   99.790001   99.80  0.01 -0.92
42 2024-06-04   99.879997   99.73 -0.15 -1.07
43 2024-06-05  100.059998  101.09  1.04 -0.03
Mean Absolute Error: 0.84%
Epoch: 400, Final Loss: 0.000100
Norm: 105.14
===
         date     Predict    True  diff   acc
0  2024-04-02   99.809998   99.02 -0.79 -0.79
1  2024-04-03   99.930000  101.26  1.33  0.54
2  2024-04-04   99.750000   97.85 -1.90 -1.36
3  2024-04-05  100.040001  100.56  0.52 -0.84
4  2024-04-08   99.940002  100.27  0.33 -0.51
5  2024-04-09   99.919998  100.27  0.34 -0.17
6  2024-04-10   99.910004   98.65 -1.27 -1.44
7  2024-04-11   99.940002  101.69  1.75  0.31
8  2024-04-12   99.779999   98.26 -1.52 -1.21
9  2024-04-15   99.930000   99.12 -0.82 -2.03
10 2024-04-16   99.980003   99.85 -0.13 -2.16
11 2024-04-17   99.889999   97.77 -2.13 -4.29
12 2024-04-18   99.959999   99.70 -0.26 -4.55
13 2024-04-19   99.989998   98.80 -1.19 -5.74
14 2024-04-22  100.019997  101.57  1.55 -4.19
15 2024-04-23  100.010002  100.61  0.60 -3.59
16 2024-04-24   99.959999   99.70 -0.26 -3.85
17 2024-04-25   99.839996   99.67 -0.17 -4.02
18 2024-04-29  100.070000  101.52  1.45 -2.57
19 2024-04-30   99.870003   99.28 -0.59 -3.16
20 2024-05-01   99.720001   99.92  0.21 -2.95
21 2024-05-06  100.160004  102.21  2.05 -0.90
22 2024-05-07  100.000000   99.48 -0.52 -1.42
23 2024-05-08  100.040001   98.96 -1.08 -2.50
24 2024-05-09  100.019997  100.48  0.45 -2.05
25 2024-05-10   99.989998   99.28 -0.71 -2.76
26 2024-05-13   99.940002  100.20  0.26 -2.50
27 2024-05-14   99.980003  100.95  0.97 -1.53
28 2024-05-15   99.919998  100.35  0.43 -1.10
29 2024-05-16   99.959999   99.58 -0.38 -1.48
30 2024-05-17   99.989998  100.42  0.43 -1.05
31 2024-05-20   99.919998  101.38  1.47  0.42
32 2024-05-21   99.940002   99.00 -0.94 -0.52
33 2024-05-22   99.910004   99.98  0.06 -0.46
34 2024-05-23   99.760002   98.84 -0.92 -1.38
35 2024-05-24   99.940002  100.85  0.91 -0.47
36 2024-05-28   99.879997  100.27  0.40 -0.07
37 2024-05-29   99.839996   97.93 -1.92 -1.99
38 2024-05-30   99.769997  100.13  0.36 -1.63
39 2024-05-31  100.139999  101.66  1.52 -0.11
40 2024-06-03   99.800003   99.80  0.00 -0.11
41 2024-06-04   99.879997   99.73 -0.16 -0.27
42 2024-06-05  100.050003  101.09  1.04  0.77
43 2024-06-06   99.910004   99.09 -0.82 -0.05
Mean Absolute Error: 0.84%
Epoch: 448, Final Loss: 0.000100
Norm: 87.40
===
         date     Predict    True  diff   acc
0  2024-04-03   99.949997  101.26  1.31  1.31
1  2024-04-04   99.750000   97.85 -1.91 -0.60
2  2024-04-05  100.070000  100.56  0.49 -0.11
3  2024-04-08   99.959999  100.27  0.31  0.20
4  2024-04-09   99.940002  100.27  0.33  0.53
5  2024-04-10   99.930000   98.65 -1.29 -0.76
6  2024-04-11   99.959999  101.69  1.73  0.97
7  2024-04-12   99.790001   98.26 -1.53 -0.56
8  2024-04-15   99.949997   99.12 -0.84 -1.40
9  2024-04-16  100.000000   99.85 -0.15 -1.55
10 2024-04-17   99.910004   97.77 -2.14 -3.69
11 2024-04-18   99.980003   99.70 -0.28 -3.97
12 2024-04-19  100.019997   98.80 -1.21 -5.18
13 2024-04-22  100.050003  101.57  1.52 -3.66
14 2024-04-23  100.029999  100.61  0.58 -3.08
15 2024-04-24   99.980003   99.70 -0.28 -3.36
16 2024-04-25   99.849998   99.67 -0.18 -3.54
17 2024-04-29  100.099998  101.52  1.42 -2.12
18 2024-04-30   99.879997   99.28 -0.61 -2.73
19 2024-05-01   99.720001   99.92  0.20 -2.53
20 2024-05-06  100.199997  102.21  2.01 -0.52
21 2024-05-07  100.019997   99.48 -0.54 -1.06
22 2024-05-08  100.070000   98.96 -1.11 -2.17
23 2024-05-09  100.050003  100.48  0.42 -1.75
24 2024-05-10  100.010002   99.28 -0.73 -2.48
25 2024-05-13   99.959999  100.20  0.24 -2.24
26 2024-05-14  100.010002  100.95  0.95 -1.29
27 2024-05-15   99.930000  100.35  0.41 -0.88
28 2024-05-16   99.980003   99.58 -0.40 -1.28
29 2024-05-17  100.010002  100.42  0.41 -0.87
30 2024-05-20   99.940002  101.38  1.45  0.58
31 2024-05-21   99.959999   99.00 -0.96 -0.38
32 2024-05-22   99.930000   99.98  0.04 -0.34
33 2024-05-23   99.769997   98.84 -0.93 -1.27
34 2024-05-24   99.959999  100.85  0.89 -0.38
35 2024-05-28   99.889999  100.27  0.38  0.00
36 2024-05-29   99.860001   97.93 -1.93 -1.93
37 2024-05-30   99.779999  100.13  0.35 -1.58
38 2024-05-31  100.169998  101.66  1.48 -0.10
39 2024-06-03   99.809998   99.80 -0.01 -0.11
40 2024-06-04   99.900002   99.73 -0.17 -0.28
41 2024-06-05  100.080002  101.09  1.01  0.73
42 2024-06-06   99.930000   99.09 -0.84 -0.11
43 2024-06-07  100.010002  100.07  0.06 -0.05
Mean Absolute Error: 0.82%
Epoch: 361, Final Loss: 0.000098
Norm: 79.04
===
