Thu Jun 13 04:22:11 UTC 2024
         date  prediction  actual  diff   acc
0  2024-02-01  100.300003  100.83  0.53  0.53
1  2024-02-02  100.419998  100.64  0.22  0.75
2  2024-02-05  100.180000   99.45 -0.73  0.02
3  2024-02-06  100.209999   99.07 -1.14 -1.12
4  2024-02-07  100.290001  101.23  0.94 -0.18
5  2024-02-08  100.330002  101.72  1.39  1.21
6  2024-02-12  100.250000  101.41  1.15  2.36
7  2024-02-13  100.180000  100.49  0.30  2.66
8  2024-02-14  100.260002  101.05  0.78  3.44
9  2024-02-15  100.279999  101.54  1.26  4.70
10 2024-02-16  100.209999   99.40 -0.80  3.90
11 2024-02-20  100.199997   99.40 -0.80  3.10
12 2024-02-21  100.260002  101.49  1.22  4.32
13 2024-02-23  100.400002  101.42  1.02  5.34
14 2024-02-26  100.230003   99.76 -0.47  4.87
15 2024-02-27  100.190002  100.00 -0.19  4.68
16 2024-02-28  100.239998   99.26 -0.97  3.71
17 2024-02-29  100.190002  100.96  0.77  4.48
18 2024-03-01  100.260002  102.43  2.16  6.64
19 2024-03-04  100.230003   99.21 -1.02  5.62
20 2024-03-05  100.070000   99.69 -0.39  5.23
21 2024-03-06  100.199997  101.43  1.22  6.45
22 2024-03-07  100.160004   98.28 -1.88  4.57
23 2024-03-08  100.129997   98.28 -1.85  2.72
24 2024-03-11  100.239998   98.67 -1.57  1.15
25 2024-03-12  100.349998  101.78  1.42  2.57
26 2024-03-13  100.250000   98.50 -1.74  0.83
27 2024-03-14  100.230003   99.83 -0.41  0.42
28 2024-03-15  100.230003  101.15  0.92  1.34
29 2024-03-18  100.260002  101.53  1.27  2.61
30 2024-03-20  100.599998  102.63  2.02  4.63
31 2024-03-21  100.330002  100.95  0.61  5.24
32 2024-03-22  100.129997   99.48 -0.64  4.60
33 2024-03-25  100.180000   99.03 -1.15  3.45
34 2024-03-26  100.230003  100.26  0.03  3.48
35 2024-03-27  100.349998  100.38  0.03  3.51
36 2024-03-28  100.250000   99.83 -0.41  3.10
37 2024-04-01  100.180000   98.98 -1.20  1.90
38 2024-04-02  100.110001   99.02 -1.09  0.81
39 2024-04-03  100.230003  101.26  1.03  1.84
40 2024-04-04  100.050003   97.85 -2.20 -0.36
41 2024-04-05  100.339996  100.56  0.22 -0.14
42 2024-04-08  100.239998  100.27  0.03 -0.11
43 2024-04-09  100.220001  100.27  0.04 -0.07
Mean Absolute Error: 0.94%
Epoch: 497, Final Loss: 0.000116
Norm: 13.53
===
         date  prediction  actual  diff   acc
0  2024-02-02  100.389999  100.64  0.25  0.25
1  2024-02-05  100.120003   99.45 -0.67 -0.42
2  2024-02-06  100.160004   99.07 -1.09 -1.51
3  2024-02-07  100.250000  101.23  0.98 -0.53
4  2024-02-08  100.290001  101.72  1.43  0.90
5  2024-02-12  100.199997  101.41  1.20  2.10
6  2024-02-13  100.129997  100.49  0.36  2.46
7  2024-02-14  100.220001  101.05  0.83  3.29
8  2024-02-15  100.239998  101.54  1.30  4.59
9  2024-02-16  100.150002   99.40 -0.75  3.84
10 2024-02-20  100.150002   99.40 -0.75  3.09
11 2024-02-21  100.220001  101.49  1.27  4.36
12 2024-02-23  100.370003  101.42  1.04  5.40
13 2024-02-26  100.180000   99.76 -0.42  4.98
14 2024-02-27  100.129997  100.00 -0.13  4.85
15 2024-02-28  100.190002   99.26 -0.92  3.93
16 2024-02-29  100.139999  100.96  0.83  4.76
17 2024-03-01  100.220001  102.43  2.20  6.96
18 2024-03-04  100.190002   99.21 -0.97  5.99
19 2024-03-05  100.010002   99.69 -0.32  5.67
20 2024-03-06  100.150002  101.43  1.27  6.94
21 2024-03-07  100.110001   98.28 -1.82  5.12
22 2024-03-08  100.070000   98.28 -1.79  3.33
23 2024-03-11  100.190002   98.67 -1.52  1.81
24 2024-03-12  100.320000  101.78  1.46  3.27
25 2024-03-13  100.199997   98.50 -1.70  1.57
26 2024-03-14  100.180000   99.83 -0.36  1.21
27 2024-03-15  100.180000  101.15  0.97  2.18
28 2024-03-18  100.209999  101.53  1.32  3.50
29 2024-03-20  100.589996  102.63  2.03  5.53
30 2024-03-21  100.300003  100.95  0.65  6.18
31 2024-03-22  100.059998   99.48 -0.58  5.60
32 2024-03-25  100.129997   99.03 -1.10  4.50
33 2024-03-26  100.180000  100.26  0.08  4.58
34 2024-03-27  100.309998  100.38  0.07  4.65
35 2024-03-28  100.199997   99.83 -0.37  4.28
36 2024-04-01  100.129997   98.98 -1.14  3.14
37 2024-04-02  100.050003   99.02 -1.03  2.11
38 2024-04-03  100.180000  101.26  1.08  3.19
39 2024-04-04   99.980003   97.85 -2.13  1.06
40 2024-04-05  100.300003  100.56  0.26  1.32
41 2024-04-08  100.190002  100.27  0.08  1.40
42 2024-04-09  100.169998  100.27  0.09  1.49
43 2024-04-10  100.160004   98.65 -1.51 -0.02
Mean Absolute Error: 0.96%
Epoch: 343, Final Loss: 0.000119
Norm: 17.59
===
         date  prediction  actual  diff   acc
0  2024-02-05  100.139999   99.45 -0.69 -0.69
1  2024-02-06  100.190002   99.07 -1.12 -1.81
2  2024-02-07  100.290001  101.23  0.94 -0.87
3  2024-02-08  100.339996  101.72  1.38  0.51
4  2024-02-12  100.239998  101.41  1.17  1.68
5  2024-02-13  100.150002  100.49  0.34  2.02
6  2024-02-14  100.250000  101.05  0.80  2.82
7  2024-02-15  100.269997  101.54  1.27  4.09
8  2024-02-16  100.180000   99.40 -0.77  3.32
9  2024-02-20  100.169998   99.40 -0.77  2.55
10 2024-02-21  100.250000  101.49  1.23  3.78
11 2024-02-23  100.419998  101.42  0.99  4.77
12 2024-02-26  100.199997   99.76 -0.45  4.32
13 2024-02-27  100.150002  100.00 -0.15  4.17
14 2024-02-28  100.220001   99.26 -0.95  3.22
15 2024-02-29  100.160004  100.96  0.81  4.03
16 2024-03-01  100.250000  102.43  2.17  6.20
17 2024-03-04  100.209999   99.21 -1.00  5.20
18 2024-03-05  100.010002   99.69 -0.33  4.87
19 2024-03-06  100.169998  101.43  1.25  6.12
20 2024-03-07  100.129997   98.28 -1.84  4.28
21 2024-03-08  100.080002   98.28 -1.81  2.47
22 2024-03-11  100.220001   98.67 -1.55  0.92
23 2024-03-12  100.360001  101.78  1.41  2.33
24 2024-03-13  100.230003   98.50 -1.73  0.60
25 2024-03-14  100.209999   99.83 -0.38  0.22
26 2024-03-15  100.209999  101.15  0.94  1.16
27 2024-03-18  100.239998  101.53  1.28  2.44
28 2024-03-20  100.669998  102.63  1.94  4.38
29 2024-03-21  100.339996  100.95  0.61  4.99
30 2024-03-22  100.080002   99.48 -0.59  4.40
31 2024-03-25  100.150002   99.03 -1.12  3.28
32 2024-03-26  100.209999  100.26  0.05  3.33
33 2024-03-27  100.360001  100.38  0.02  3.35
34 2024-03-28  100.230003   99.83 -0.39  2.96
35 2024-04-01  100.150002   98.98 -1.16  1.80
36 2024-04-02  100.059998   99.02 -1.04  0.76
37 2024-04-03  100.199997  101.26  1.05  1.81
38 2024-04-04   99.980003   97.85 -2.13 -0.32
39 2024-04-05  100.349998  100.56  0.21 -0.11
40 2024-04-08  100.220001  100.27  0.05 -0.06
41 2024-04-09  100.199997  100.27  0.07  0.01
42 2024-04-10  100.180000   98.65 -1.54 -1.53
43 2024-04-11  100.220001  101.69  1.47 -0.06
Mean Absolute Error: 0.98%
Epoch: 369, Final Loss: 0.000122
Norm: 21.85
===
         date  prediction  actual  diff   acc
0  2024-02-06  100.169998   99.07 -1.10 -1.10
1  2024-02-07  100.260002  101.23  0.98 -0.12
2  2024-02-08  100.300003  101.72  1.42  1.30
3  2024-02-12  100.209999  101.41  1.20  2.50
4  2024-02-13  100.129997  100.49  0.35  2.85
5  2024-02-14  100.220001  101.05  0.83  3.68
6  2024-02-15  100.239998  101.54  1.30  4.98
7  2024-02-16  100.160004   99.40 -0.76  4.22
8  2024-02-20  100.150002   99.40 -0.75  3.47
9  2024-02-21  100.220001  101.49  1.26  4.73
10 2024-02-23  100.370003  101.42  1.04  5.77
11 2024-02-26  100.180000   99.76 -0.43  5.34
12 2024-02-27  100.139999  100.00 -0.14  5.20
13 2024-02-28  100.190002   99.26 -0.93  4.27
14 2024-02-29  100.139999  100.96  0.82  5.09
15 2024-03-01  100.220001  102.43  2.20  7.29
16 2024-03-04  100.190002   99.21 -0.98  6.31
17 2024-03-05  100.010002   99.69 -0.33  5.98
18 2024-03-06  100.150002  101.43  1.27  7.25
19 2024-03-07  100.110001   98.28 -1.83  5.42
20 2024-03-08  100.080002   98.28 -1.80  3.62
21 2024-03-11  100.190002   98.67 -1.52  2.10
22 2024-03-12  100.320000  101.78  1.45  3.55
23 2024-03-13  100.209999   98.50 -1.70  1.85
24 2024-03-14  100.190002   99.83 -0.36  1.49
25 2024-03-15  100.180000  101.15  0.96  2.45
26 2024-03-18  100.220001  101.53  1.31  3.76
27 2024-03-20  100.589996  102.63  2.03  5.79
28 2024-03-21  100.300003  100.95  0.65  6.44
29 2024-03-22  100.070000   99.48 -0.59  5.85
30 2024-03-25  100.129997   99.03 -1.10  4.75
31 2024-03-26  100.190002  100.26  0.07  4.82
32 2024-03-27  100.320000  100.38  0.06  4.88
33 2024-03-28  100.199997   99.83 -0.37  4.51
34 2024-04-01  100.129997   98.98 -1.15  3.36
35 2024-04-02  100.050003   99.02 -1.03  2.33
36 2024-04-03  100.180000  101.26  1.08  3.41
37 2024-04-04   99.989998   97.85 -2.14  1.27
38 2024-04-05  100.309998  100.56  0.25  1.52
39 2024-04-08  100.199997  100.27  0.07  1.59
40 2024-04-09  100.180000  100.27  0.09  1.68
41 2024-04-10  100.160004   98.65 -1.52  0.16
42 2024-04-11  100.190002  101.69  1.50  1.66
43 2024-04-12  100.029999   98.26 -1.76 -0.10
Mean Absolute Error: 1.01%
Epoch: 358, Final Loss: 0.000129
Norm: 11.92
===
         date  prediction  actual  diff   acc
0  2024-02-07  100.260002  101.23  0.97  0.97
1  2024-02-08  100.300003  101.72  1.41  2.38
2  2024-02-12  100.209999  101.41  1.19  3.57
3  2024-02-13  100.129997  100.49  0.36  3.93
4  2024-02-14  100.220001  101.05  0.82  4.75
5  2024-02-15  100.250000  101.54  1.29  6.04
6  2024-02-16  100.160004   99.40 -0.75  5.29
7  2024-02-20  100.150002   99.40 -0.75  4.54
8  2024-02-21  100.230003  101.49  1.26  5.80
9  2024-02-23  100.389999  101.42  1.03  6.83
10 2024-02-26  100.180000   99.76 -0.43  6.40
11 2024-02-27  100.129997  100.00 -0.13  6.27
12 2024-02-28  100.190002   99.26 -0.93  5.34
13 2024-02-29  100.139999  100.96  0.83  6.17
14 2024-03-01  100.230003  102.43  2.20  8.37
15 2024-03-04  100.190002   99.21 -0.98  7.39
16 2024-03-05  100.000000   99.69 -0.31  7.08
17 2024-03-06  100.150002  101.43  1.27  8.35
18 2024-03-07  100.110001   98.28 -1.82  6.53
19 2024-03-08  100.070000   98.28 -1.79  4.74
20 2024-03-11  100.190002   98.67 -1.52  3.22
21 2024-03-12  100.330002  101.78  1.44  4.66
22 2024-03-13  100.209999   98.50 -1.70  2.96
23 2024-03-14  100.190002   99.83 -0.36  2.60
24 2024-03-15  100.180000  101.15  0.96  3.56
25 2024-03-18  100.220001  101.53  1.31  4.87
26 2024-03-20  100.629997  102.63  1.99  6.86
27 2024-03-21  100.309998  100.95  0.64  7.50
28 2024-03-22  100.059998   99.48 -0.58  6.92
29 2024-03-25  100.129997   99.03 -1.10  5.82
30 2024-03-26  100.190002  100.26  0.07  5.89
31 2024-03-27  100.330002  100.38  0.05  5.94
32 2024-03-28  100.209999   99.83 -0.37  5.57
33 2024-04-01  100.129997   98.98 -1.14  4.43
34 2024-04-02  100.040001   99.02 -1.02  3.41
35 2024-04-03  100.180000  101.26  1.08  4.49
36 2024-04-04   99.970001   97.85 -2.12  2.37
37 2024-04-05  100.320000  100.56  0.24  2.61
38 2024-04-08  100.199997  100.27  0.07  2.68
39 2024-04-09  100.180000  100.27  0.09  2.77
40 2024-04-10  100.160004   98.65 -1.51  1.26
41 2024-04-11  100.190002  101.69  1.49  2.75
42 2024-04-12  100.010002   98.26 -1.75  1.00
43 2024-04-15  100.190002   99.12 -1.07 -0.07
Mean Absolute Error: 1.00%
Epoch: 303, Final Loss: 0.000128
Norm: -14.05
===
         date  prediction  actual  diff   acc
0  2024-02-08  100.239998  101.72  1.48  1.48
1  2024-02-12  100.169998  101.41  1.23  2.71
2  2024-02-13  100.120003  100.49  0.37  3.08
3  2024-02-14  100.180000  101.05  0.86  3.94
4  2024-02-15  100.199997  101.54  1.34  5.28
5  2024-02-16  100.139999   99.40 -0.73  4.55
6  2024-02-20  100.129997   99.40 -0.73  3.82
7  2024-02-21  100.180000  101.49  1.30  5.12
8  2024-02-23  100.290001  101.42  1.12  6.24
9  2024-02-26  100.150002   99.76 -0.40  5.84
10 2024-02-27  100.120003  100.00 -0.12  5.72
11 2024-02-28  100.160004   99.26 -0.90  4.82
12 2024-02-29  100.120003  100.96  0.84  5.66
13 2024-03-01  100.180000  102.43  2.24  7.90
14 2024-03-04  100.160004   99.21 -0.95  6.95
15 2024-03-05  100.029999   99.69 -0.34  6.61
16 2024-03-06  100.129997  101.43  1.29  7.90
17 2024-03-07  100.099998   98.28 -1.82  6.08
18 2024-03-08  100.070000   98.28 -1.80  4.28
19 2024-03-11  100.160004   98.67 -1.49  2.79
20 2024-03-12  100.260002  101.78  1.52  4.31
21 2024-03-13  100.169998   98.50 -1.67  2.64
22 2024-03-14  100.160004   99.83 -0.33  2.31
23 2024-03-15  100.160004  101.15  0.99  3.30
24 2024-03-18  100.180000  101.53  1.35  4.65
25 2024-03-20  100.459999  102.63  2.16  6.81
26 2024-03-21  100.239998  100.95  0.71  7.52
27 2024-03-22  100.070000   99.48 -0.59  6.93
28 2024-03-25  100.120003   99.03 -1.08  5.85
29 2024-03-26  100.160004  100.26  0.10  5.95
30 2024-03-27  100.250000  100.38  0.13  6.08
31 2024-03-28  100.169998   99.83 -0.34  5.74
32 2024-04-01  100.110001   98.98 -1.13  4.61
33 2024-04-02  100.050003   99.02 -1.04  3.57
34 2024-04-03  100.150002  101.26  1.10  4.67
35 2024-04-04  100.000000   97.85 -2.16  2.51
36 2024-04-05  100.250000  100.56  0.31  2.82
37 2024-04-08  100.160004  100.27  0.10  2.92
38 2024-04-09  100.150002  100.27  0.12  3.04
39 2024-04-10  100.139999   98.65 -1.49  1.55
40 2024-04-11  100.160004  101.69  1.53  3.08
41 2024-04-12  100.029999   98.26 -1.77  1.31
42 2024-04-15  100.160004   99.12 -1.04  0.27
43 2024-04-16  100.199997   99.85 -0.35 -0.08
Mean Absolute Error: 1.01%
Epoch: 760, Final Loss: 0.000131
Norm: -4.59
===
         date  prediction  actual  diff   acc
0  2024-02-12  100.099998  101.41  1.31  1.31
1  2024-02-13  100.010002  100.49  0.48  1.79
2  2024-02-14  100.110001  101.05  0.94  2.73
3  2024-02-15  100.139999  101.54  1.40  4.13
4  2024-02-16  100.040001   99.40 -0.63  3.50
5  2024-02-20  100.029999   99.40 -0.63  2.87
6  2024-02-21  100.110001  101.49  1.37  4.24
7  2024-02-23  100.290001  101.42  1.12  5.36
8  2024-02-26  100.059998   99.76 -0.31  5.05
9  2024-02-27  100.010002  100.00 -0.01  5.04
10 2024-02-28  100.080002   99.26 -0.81  4.23
11 2024-02-29  100.010002  100.96  0.95  5.18
12 2024-03-01  100.110001  102.43  2.31  7.49
13 2024-03-04  100.070000   99.21 -0.86  6.63
14 2024-03-05   99.860001   99.69 -0.18  6.45
15 2024-03-06  100.029999  101.43  1.40  7.85
16 2024-03-07   99.980003   98.28 -1.70  6.15
17 2024-03-08   99.940002   98.28 -1.66  4.49
18 2024-03-11  100.080002   98.67 -1.41  3.08
19 2024-03-12  100.230003  101.78  1.54  4.62
20 2024-03-13  100.089996   98.50 -1.59  3.03
21 2024-03-14  100.070000   99.83 -0.24  2.79
22 2024-03-15  100.070000  101.15  1.08  3.87
23 2024-03-18  100.110001  101.53  1.43  5.30
24 2024-03-20  100.550003  102.63  2.06  7.36
25 2024-03-21  100.199997  100.95  0.74  8.10
26 2024-03-22   99.930000   99.48 -0.45  7.65
27 2024-03-25  100.010002   99.03 -0.97  6.68
28 2024-03-26  100.070000  100.26  0.19  6.87
29 2024-03-27  100.220001  100.38  0.16  7.03
30 2024-03-28  100.089996   99.83 -0.26  6.77
31 2024-04-01  100.000000   98.98 -1.02  5.75
32 2024-04-02   99.910004   99.02 -0.89  4.86
33 2024-04-03  100.059998  101.26  1.19  6.05
34 2024-04-04   99.830002   97.85 -1.99  4.06
35 2024-04-05  100.209999  100.56  0.35  4.41
36 2024-04-08  100.080002  100.27  0.19  4.60
37 2024-04-09  100.059998  100.27  0.21  4.81
38 2024-04-10  100.040001   98.65 -1.40  3.41
39 2024-04-11  100.080002  101.69  1.61  5.02
40 2024-04-12   99.879997   98.26 -1.62  3.40
41 2024-04-15  100.070000   99.12 -0.95  2.45
42 2024-04-16  100.129997   99.85 -0.28  2.17
43 2024-04-17  100.019997   97.77 -2.25 -0.08
Mean Absolute Error: 1.00%
Epoch: 526, Final Loss: 0.000132
Norm: -20.47
===
         date  prediction  actual  diff   acc
0  2024-02-13   99.980003  100.49  0.51  0.51
1  2024-02-14  100.059998  101.05  0.99  1.50
2  2024-02-15  100.080002  101.54  1.46  2.96
3  2024-02-16  100.000000   99.40 -0.60  2.36
4  2024-02-20  100.000000   99.40 -0.60  1.76
5  2024-02-21  100.059998  101.49  1.42  3.18
6  2024-02-23  100.199997  101.42  1.21  4.39
7  2024-02-26  100.029999   99.76 -0.27  4.12
8  2024-02-27   99.980003  100.00  0.02  4.14
9  2024-02-28  100.040001   99.26 -0.77  3.37
10 2024-02-29   99.989998  100.96  0.98  4.35
11 2024-03-01  100.059998  102.43  2.36  6.71
12 2024-03-04  100.029999   99.21 -0.82  5.89
13 2024-03-05   99.870003   99.69 -0.18  5.71
14 2024-03-06  100.000000  101.43  1.43  7.14
15 2024-03-07   99.959999   98.28 -1.68  5.46
16 2024-03-08   99.930000   98.28 -1.65  3.81
17 2024-03-11  100.040001   98.67 -1.37  2.44
18 2024-03-12  100.160004  101.78  1.62  4.06
19 2024-03-13  100.050003   98.50 -1.55  2.51
20 2024-03-14  100.029999   99.83 -0.21  2.30
21 2024-03-15  100.029999  101.15  1.12  3.42
22 2024-03-18  100.059998  101.53  1.47  4.89
23 2024-03-20  100.410004  102.63  2.21  7.10
24 2024-03-21  100.139999  100.95  0.81  7.91
25 2024-03-22   99.919998   99.48 -0.44  7.47
26 2024-03-25   99.980003   99.03 -0.95  6.52
27 2024-03-26  100.029999  100.26  0.23  6.75
28 2024-03-27  100.150002  100.38  0.23  6.98
29 2024-03-28  100.050003   99.83 -0.21  6.77
30 2024-04-01   99.980003   98.98 -1.00  5.77
31 2024-04-02   99.900002   99.02 -0.89  4.88
32 2024-04-03  100.029999  101.26  1.23  6.11
33 2024-04-04   99.839996   97.85 -2.00  4.11
34 2024-04-05  100.139999  100.56  0.42  4.53
35 2024-04-08  100.040001  100.27  0.23  4.76
36 2024-04-09  100.019997  100.27  0.25  5.01
37 2024-04-10  100.010002   98.65 -1.36  3.65
38 2024-04-11  100.040001  101.69  1.65  5.30
39 2024-04-12   99.879997   98.26 -1.62  3.68
40 2024-04-15  100.029999   99.12 -0.91  2.77
41 2024-04-16  100.080002   99.85 -0.23  2.54
42 2024-04-17   99.989998   97.77 -2.22  0.32
43 2024-04-18  100.059998   99.70 -0.36 -0.04
Mean Absolute Error: 0.99%
Epoch: 433, Final Loss: 0.000131
Norm: -4.74
===
         date  prediction  actual  diff   acc
0  2024-02-14  100.019997  101.05  1.03  1.03
1  2024-02-15  100.040001  101.54  1.50  2.53
2  2024-02-16   99.959999   99.40 -0.56  1.97
3  2024-02-20   99.959999   99.40 -0.56  1.41
4  2024-02-21  100.019997  101.49  1.46  2.87
5  2024-02-23  100.160004  101.42  1.26  4.13
6  2024-02-26   99.989998   99.76 -0.23  3.90
7  2024-02-27   99.940002  100.00  0.06  3.96
8  2024-02-28   99.989998   99.26 -0.73  3.23
9  2024-02-29   99.949997  100.96  1.02  4.25
10 2024-03-01  100.019997  102.43  2.40  6.65
11 2024-03-04   99.989998   99.21 -0.78  5.87
12 2024-03-05   99.830002   99.69 -0.14  5.73
13 2024-03-06   99.959999  101.43  1.47  7.20
14 2024-03-07   99.919998   98.28 -1.64  5.56
15 2024-03-08   99.889999   98.28 -1.61  3.95
16 2024-03-11   99.989998   98.67 -1.33  2.62
17 2024-03-12  100.110001  101.78  1.66  4.28
18 2024-03-13  100.010002   98.50 -1.51  2.77
19 2024-03-14   99.989998   99.83 -0.17  2.60
20 2024-03-15   99.989998  101.15  1.16  3.76
21 2024-03-18  100.019997  101.53  1.51  5.27
22 2024-03-20  100.360001  102.63  2.26  7.53
23 2024-03-21  100.089996  100.95  0.85  8.38
24 2024-03-22   99.879997   99.48 -0.40  7.98
25 2024-03-25   99.940002   99.03 -0.91  7.07
26 2024-03-26   99.989998  100.26  0.27  7.34
27 2024-03-27  100.110001  100.38  0.27  7.61
28 2024-03-28  100.010002   99.83 -0.17  7.44
29 2024-04-01   99.940002   98.98 -0.96  6.48
30 2024-04-02   99.870003   99.02 -0.85  5.63
31 2024-04-03   99.989998  101.26  1.27  6.90
32 2024-04-04   99.800003   97.85 -1.96  4.94
33 2024-04-05  100.099998  100.56  0.46  5.40
34 2024-04-08  100.000000  100.27  0.27  5.67
35 2024-04-09   99.980003  100.27  0.29  5.96
36 2024-04-10   99.970001   98.65 -1.32  4.64
37 2024-04-11  100.000000  101.69  1.70  6.34
38 2024-04-12   99.839996   98.26 -1.58  4.76
39 2024-04-15   99.989998   99.12 -0.87  3.89
40 2024-04-16  100.040001   99.85 -0.19  3.70
41 2024-04-17   99.949997   97.77 -2.18  1.52
42 2024-04-18  100.010002   99.70 -0.32  1.20
43 2024-04-19  100.050003   98.80 -1.25 -0.05
Mean Absolute Error: 1.01%
Epoch: 480, Final Loss: 0.000134
Norm: -14.69
===
         date  prediction  actual  diff   acc
0  2024-02-15  100.059998  101.54  1.48  1.48
1  2024-02-16   99.970001   99.40 -0.57  0.91
2  2024-02-20   99.959999   99.40 -0.56  0.35
3  2024-02-21  100.040001  101.49  1.45  1.80
4  2024-02-23  100.190002  101.42  1.23  3.03
5  2024-02-26   99.989998   99.76 -0.24  2.79
6  2024-02-27   99.949997  100.00  0.05  2.84
7  2024-02-28  100.010002   99.26 -0.74  2.10
8  2024-02-29   99.949997  100.96  1.01  3.11
9  2024-03-01  100.040001  102.43  2.39  5.50
10 2024-03-04  100.000000   99.21 -0.79  4.71
11 2024-03-05   99.820000   99.69 -0.14  4.57
12 2024-03-06   99.970001  101.43  1.46  6.03
13 2024-03-07   99.919998   98.28 -1.64  4.39
14 2024-03-08   99.889999   98.28 -1.61  2.78
15 2024-03-11  100.010002   98.67 -1.34  1.44
16 2024-03-12  100.139999  101.78  1.64  3.08
17 2024-03-13  100.019997   98.50 -1.52  1.56
18 2024-03-14  100.000000   99.83 -0.18  1.38
19 2024-03-15  100.000000  101.15  1.15  2.53
20 2024-03-18  100.029999  101.53  1.50  4.03
21 2024-03-20  100.419998  102.63  2.20  6.23
22 2024-03-21  100.120003  100.95  0.83  7.06
23 2024-03-22   99.879997   99.48 -0.40  6.66
24 2024-03-25   99.949997   99.03 -0.91  5.75
25 2024-03-26  100.000000  100.26  0.26  6.01
26 2024-03-27  100.129997  100.38  0.25  6.26
27 2024-03-28  100.019997   99.83 -0.18  6.08
28 2024-04-01   99.940002   98.98 -0.96  5.12
29 2024-04-02   99.860001   99.02 -0.85  4.27
30 2024-04-03  100.000000  101.26  1.26  5.53
31 2024-04-04   99.790001   97.85 -1.95  3.58
32 2024-04-05  100.120003  100.56  0.44  4.02
33 2024-04-08  100.010002  100.27  0.26  4.28
34 2024-04-09   99.989998  100.27  0.28  4.56
35 2024-04-10   99.980003   98.65 -1.33  3.23
36 2024-04-11  100.010002  101.69  1.68  4.91
37 2024-04-12   99.839996   98.26 -1.57  3.34
38 2024-04-15  100.000000   99.12 -0.88  2.46
39 2024-04-16  100.050003   99.85 -0.20  2.26
40 2024-04-17   99.959999   97.77 -2.19  0.07
41 2024-04-18  100.029999   99.70 -0.33 -0.26
42 2024-04-19  100.070000   98.80 -1.26 -1.52
43 2024-04-22  100.099998  101.57  1.47 -0.05
Mean Absolute Error: 1.01%
Epoch: 331, Final Loss: 0.000136
Norm: 17.13
===
         date  prediction  actual  diff   acc
0  2024-02-16   99.959999   99.40 -0.56 -0.56
1  2024-02-20   99.949997   99.40 -0.55 -1.11
2  2024-02-21  100.010002  101.49  1.48  0.37
3  2024-02-23  100.110001  101.42  1.30  1.67
4  2024-02-26   99.980003   99.76 -0.22  1.45
5  2024-02-27   99.940002  100.00  0.06  1.51
6  2024-02-28   99.980003   99.26 -0.72  0.79
7  2024-02-29   99.949997  100.96  1.02  1.81
8  2024-03-01  100.010002  102.43  2.42  4.23
9  2024-03-04   99.980003   99.21 -0.77  3.46
10 2024-03-05   99.849998   99.69 -0.17  3.29
11 2024-03-06   99.959999  101.43  1.47  4.76
12 2024-03-07   99.930000   98.28 -1.64  3.12
13 2024-03-08   99.900002   98.28 -1.62  1.50
14 2024-03-11   99.980003   98.67 -1.32  0.18
15 2024-03-12  100.080002  101.78  1.70  1.88
16 2024-03-13   99.989998   98.50 -1.49  0.39
17 2024-03-14   99.980003   99.83 -0.15  0.24
18 2024-03-15   99.980003  101.15  1.17  1.41
19 2024-03-18  100.000000  101.53  1.53  2.94
20 2024-03-20  100.269997  102.63  2.35  5.29
21 2024-03-21  100.059998  100.95  0.89  6.18
22 2024-03-22   99.900002   99.48 -0.41  5.77
23 2024-03-25   99.940002   99.03 -0.91  4.86
24 2024-03-26   99.980003  100.26  0.28  5.14
25 2024-03-27  100.070000  100.38  0.31  5.45
26 2024-03-28   99.989998   99.83 -0.16  5.29
27 2024-04-01   99.940002   98.98 -0.96  4.33
28 2024-04-02   99.879997   99.02 -0.87  3.46
29 2024-04-03   99.980003  101.26  1.28  4.74
30 2024-04-04   99.830002   97.85 -1.99  2.75
31 2024-04-05  100.070000  100.56  0.50  3.25
32 2024-04-08   99.989998  100.27  0.28  3.53
33 2024-04-09   99.970001  100.27  0.29  3.82
34 2024-04-10   99.959999   98.65 -1.32  2.50
35 2024-04-11   99.980003  101.69  1.71  4.21
36 2024-04-12   99.860001   98.26 -1.60  2.61
37 2024-04-15   99.980003   99.12 -0.86  1.75
38 2024-04-16  100.019997   99.85 -0.17  1.58
39 2024-04-17   99.949997   97.77 -2.18 -0.60
40 2024-04-18  100.000000   99.70 -0.30 -0.90
41 2024-04-19  100.029999   98.80 -1.22 -2.12
42 2024-04-22  100.050003  101.57  1.52 -0.60
43 2024-04-23  100.040001  100.61  0.57 -0.03
Mean Absolute Error: 1.01%
Epoch: 767, Final Loss: 0.000135
Norm: 25.18
===
         date  prediction  actual  diff   acc
0  2024-02-20   99.940002   99.40 -0.54 -0.54
1  2024-02-21  100.019997  101.49  1.46  0.92
2  2024-02-23  100.190002  101.42  1.23  2.15
3  2024-02-26   99.980003   99.76 -0.22  1.93
4  2024-02-27   99.930000  100.00  0.07  2.00
5  2024-02-28   99.989998   99.26 -0.73  1.27
6  2024-02-29   99.930000  100.96  1.03  2.30
7  2024-03-01  100.019997  102.43  2.40  4.70
8  2024-03-04   99.989998   99.21 -0.78  3.92
9  2024-03-05   99.790001   99.69 -0.10  3.82
10 2024-03-06   99.949997  101.43  1.48  5.30
11 2024-03-07   99.900002   98.28 -1.62  3.68
12 2024-03-08   99.860001   98.28 -1.59  2.09
13 2024-03-11   99.989998   98.67 -1.32  0.77
14 2024-03-12  100.129997  101.78  1.64  2.41
15 2024-03-13  100.000000   98.50 -1.50  0.91
16 2024-03-14   99.980003   99.83 -0.16  0.75
17 2024-03-15   99.980003  101.15  1.17  1.92
18 2024-03-18  100.019997  101.53  1.52  3.44
19 2024-03-20  100.440002  102.63  2.18  5.62
20 2024-03-21  100.110001  100.95  0.84  6.46
21 2024-03-22   99.849998   99.48 -0.37  6.09
22 2024-03-25   99.919998   99.03 -0.89  5.20
23 2024-03-26   99.980003  100.26  0.28  5.48
24 2024-03-27  100.129997  100.38  0.25  5.73
25 2024-03-28  100.000000   99.83 -0.17  5.56
26 2024-04-01   99.919998   98.98 -0.94  4.62
27 2024-04-02   99.830002   99.02 -0.82  3.80
28 2024-04-03   99.980003  101.26  1.28  5.08
29 2024-04-04   99.760002   97.85 -1.92  3.16
30 2024-04-05  100.120003  100.56  0.44  3.60
31 2024-04-08   99.989998  100.27  0.27  3.87
32 2024-04-09   99.970001  100.27  0.30  4.17
33 2024-04-10   99.959999   98.65 -1.31  2.86
34 2024-04-11   99.989998  101.69  1.70  4.56
35 2024-04-12   99.800003   98.26 -1.54  3.02
36 2024-04-15   99.980003   99.12 -0.87  2.15
37 2024-04-16  100.040001   99.85 -0.19  1.96
38 2024-04-17   99.940002   97.77 -2.17 -0.21
39 2024-04-18  100.010002   99.70 -0.32 -0.53
40 2024-04-19  100.059998   98.80 -1.25 -1.78
41 2024-04-22  100.089996  101.57  1.48 -0.30
42 2024-04-23  100.070000  100.61  0.53  0.23
43 2024-04-24  100.010002   99.70 -0.31 -0.08
Mean Absolute Error: 0.98%
Epoch: 338, Final Loss: 0.000130
Norm: 20.63
===
         date  prediction  actual  diff   acc
0  2024-02-21  100.019997  101.49  1.46  1.46
1  2024-02-23  100.160004  101.42  1.26  2.72
2  2024-02-26   99.989998   99.76 -0.23  2.49
3  2024-02-27   99.949997  100.00  0.05  2.54
4  2024-02-28  100.000000   99.26 -0.73  1.81
5  2024-02-29   99.949997  100.96  1.02  2.83
6  2024-03-01  100.019997  102.43  2.40  5.23
7  2024-03-04  100.000000   99.21 -0.78  4.45
8  2024-03-05   99.839996   99.69 -0.15  4.30
9  2024-03-06   99.959999  101.43  1.46  5.76
10 2024-03-07   99.919998   98.28 -1.64  4.12
11 2024-03-08   99.889999   98.28 -1.62  2.50
12 2024-03-11  100.000000   98.67 -1.33  1.17
13 2024-03-12  100.110001  101.78  1.66  2.83
14 2024-03-13  100.010002   98.50 -1.51  1.32
15 2024-03-14   99.989998   99.83 -0.17  1.15
16 2024-03-15   99.989998  101.15  1.16  2.31
17 2024-03-18  100.019997  101.53  1.51  3.82
18 2024-03-20  100.360001  102.63  2.26  6.08
19 2024-03-21  100.089996  100.95  0.85  6.93
20 2024-03-22   99.889999   99.48 -0.40  6.53
21 2024-03-25   99.940002   99.03 -0.91  5.62
22 2024-03-26   99.989998  100.26  0.27  5.89
23 2024-03-27  100.110001  100.38  0.27  6.16
24 2024-03-28  100.010002   99.83 -0.17  5.99
25 2024-04-01   99.940002   98.98 -0.96  5.03
26 2024-04-02   99.870003   99.02 -0.85  4.18
27 2024-04-03   99.989998  101.26  1.27  5.45
28 2024-04-04   99.809998   97.85 -1.97  3.48
29 2024-04-05  100.099998  100.56  0.46  3.94
30 2024-04-08  100.000000  100.27  0.27  4.21
31 2024-04-09   99.980003  100.27  0.28  4.49
32 2024-04-10   99.970001   98.65 -1.33  3.16
33 2024-04-11  100.000000  101.69  1.69  4.85
34 2024-04-12   99.849998   98.26 -1.58  3.27
35 2024-04-15   99.989998   99.12 -0.88  2.39
36 2024-04-16  100.040001   99.85 -0.19  2.20
37 2024-04-17   99.949997   97.77 -2.19  0.01
38 2024-04-18  100.019997   99.70 -0.32 -0.31
39 2024-04-19  100.050003   98.80 -1.25 -1.56
40 2024-04-22  100.080002  101.57  1.49 -0.07
41 2024-04-23  100.070000  100.61  0.54  0.47
42 2024-04-24  100.010002   99.70 -0.32  0.15
43 2024-04-25   99.900002   99.67 -0.23 -0.08
Mean Absolute Error: 0.98%
Epoch: 484, Final Loss: 0.000132
Norm: 17.43
===
         date  prediction  actual  diff   acc
0  2024-02-23  100.190002  101.42  1.22  1.22
1  2024-02-26   99.980003   99.76 -0.23  0.99
2  2024-02-27   99.930000  100.00  0.07  1.06
3  2024-02-28   99.989998   99.26 -0.73  0.33
4  2024-02-29   99.940002  100.96  1.03  1.36
5  2024-03-01  100.029999  102.43  2.40  3.76
6  2024-03-04   99.989998   99.21 -0.78  2.98
7  2024-03-05   99.800003   99.69 -0.11  2.87
8  2024-03-06   99.949997  101.43  1.47  4.34
9  2024-03-07   99.910004   98.28 -1.63  2.71
10 2024-03-08   99.870003   98.28 -1.59  1.12
11 2024-03-11   99.989998   98.67 -1.33 -0.21
12 2024-03-12  100.139999  101.78  1.64  1.43
13 2024-03-13  100.010002   98.50 -1.51 -0.08
14 2024-03-14   99.989998   99.83 -0.16 -0.24
15 2024-03-15   99.989998  101.15  1.16  0.92
16 2024-03-18  100.019997  101.53  1.51  2.43
17 2024-03-20  100.440002  102.63  2.18  4.61
18 2024-03-21  100.110001  100.95  0.83  5.44
19 2024-03-22   99.860001   99.48 -0.38  5.06
20 2024-03-25   99.930000   99.03 -0.90  4.16
21 2024-03-26   99.989998  100.26  0.27  4.43
22 2024-03-27  100.129997  100.38  0.25  4.68
23 2024-03-28  100.010002   99.83 -0.17  4.51
24 2024-04-01   99.930000   98.98 -0.95  3.56
25 2024-04-02   99.839996   99.02 -0.82  2.74
26 2024-04-03   99.980003  101.26  1.28  4.02
27 2024-04-04   99.769997   97.85 -1.92  2.10
28 2024-04-05  100.120003  100.56  0.44  2.54
29 2024-04-08  100.000000  100.27  0.27  2.81
30 2024-04-09   99.980003  100.27  0.29  3.10
31 2024-04-10   99.959999   98.65 -1.32  1.78
32 2024-04-11  100.000000  101.69  1.70  3.48
33 2024-04-12   99.809998   98.26 -1.55  1.93
34 2024-04-15   99.989998   99.12 -0.87  1.06
35 2024-04-16  100.050003   99.85 -0.20  0.86
36 2024-04-17   99.940002   97.77 -2.17 -1.31
37 2024-04-18  100.019997   99.70 -0.32 -1.63
38 2024-04-19  100.059998   98.80 -1.26 -2.89
39 2024-04-22  100.099998  101.57  1.47 -1.42
40 2024-04-23  100.080002  100.61  0.53 -0.89
41 2024-04-24  100.019997   99.70 -0.32 -1.21
42 2024-04-25   99.879997   99.67 -0.21 -1.42
43 2024-04-29  100.160004  101.52  1.36 -0.06
Mean Absolute Error: 0.97%
Epoch: 323, Final Loss: 0.000129
Norm: 33.97
===
         date  prediction  actual  diff   acc
0  2024-02-26   99.940002   99.76 -0.19 -0.19
1  2024-02-27   99.900002  100.00  0.10 -0.09
2  2024-02-28   99.949997   99.26 -0.69 -0.78
3  2024-02-29   99.910004  100.96  1.06  0.28
4  2024-03-01   99.980003  102.43  2.45  2.73
5  2024-03-04   99.949997   99.21 -0.74  1.99
6  2024-03-05   99.800003   99.69 -0.11  1.88
7  2024-03-06   99.919998  101.43  1.51  3.39
8  2024-03-07   99.879997   98.28 -1.60  1.79
9  2024-03-08   99.849998   98.28 -1.58  0.21
10 2024-03-11   99.949997   98.67 -1.29 -1.08
11 2024-03-12  100.059998  101.78  1.72  0.64
12 2024-03-13   99.959999   98.50 -1.46 -0.82
13 2024-03-14   99.949997   99.83 -0.12 -0.94
14 2024-03-15   99.949997  101.15  1.21  0.27
15 2024-03-18   99.970001  101.53  1.56  1.83
16 2024-03-20  100.290001  102.63  2.33  4.16
17 2024-03-21  100.040001  100.95  0.91  5.07
18 2024-03-22   99.849998   99.48 -0.37  4.70
19 2024-03-25   99.900002   99.03 -0.87  3.83
20 2024-03-26   99.949997  100.26  0.31  4.14
21 2024-03-27  100.059998  100.38  0.32  4.46
22 2024-03-28   99.959999   99.83 -0.13  4.33
23 2024-04-01   99.900002   98.98 -0.92  3.41
24 2024-04-02   99.830002   99.02 -0.82  2.59
25 2024-04-03   99.940002  101.26  1.32  3.91
26 2024-04-04   99.769997   97.85 -1.93  1.98
27 2024-04-05  100.050003  100.56  0.51  2.49
28 2024-04-08   99.949997  100.27  0.31  2.80
29 2024-04-09   99.940002  100.27  0.33  3.13
30 2024-04-10   99.930000   98.65 -1.28  1.85
31 2024-04-11   99.949997  101.69  1.74  3.59
32 2024-04-12   99.809998   98.26 -1.55  2.04
33 2024-04-15   99.949997   99.12 -0.83  1.21
34 2024-04-16   99.989998   99.85 -0.14  1.07
35 2024-04-17   99.910004   97.77 -2.14 -1.07
36 2024-04-18   99.970001   99.70 -0.27 -1.34
37 2024-04-19  100.000000   98.80 -1.20 -2.54
38 2024-04-22  100.029999  101.57  1.54 -1.00
39 2024-04-23  100.019997  100.61  0.59 -0.41
40 2024-04-24   99.970001   99.70 -0.27 -0.68
41 2024-04-25   99.860001   99.67 -0.19 -0.87
42 2024-04-29  100.080002  101.52  1.44  0.57
43 2024-04-30   99.889999   99.28 -0.61 -0.04
Mean Absolute Error: 0.97%
Epoch: 565, Final Loss: 0.000129
Norm: 32.85
===
         date  prediction  actual  diff   acc
0  2024-02-27   99.900002  100.00  0.10  0.10
1  2024-02-28   99.959999   99.26 -0.70 -0.60
2  2024-02-29   99.910004  100.96  1.06  0.46
3  2024-03-01   99.989998  102.43  2.43  2.89
4  2024-03-04   99.959999   99.21 -0.75  2.14
5  2024-03-05   99.779999   99.69 -0.09  2.05
6  2024-03-06   99.919998  101.43  1.51  3.56
7  2024-03-07   99.879997   98.28 -1.60  1.96
8  2024-03-08   99.839996   98.28 -1.57  0.39
9  2024-03-11   99.959999   98.67 -1.29 -0.90
10 2024-03-12  100.099998  101.78  1.68  0.78
11 2024-03-13   99.980003   98.50 -1.48 -0.70
12 2024-03-14   99.959999   99.83 -0.13 -0.83
13 2024-03-15   99.949997  101.15  1.20  0.37
14 2024-03-18   99.989998  101.53  1.55  1.92
15 2024-03-20  100.379997  102.63  2.24  4.16
16 2024-03-21  100.070000  100.95  0.87  5.03
17 2024-03-22   99.830002   99.48 -0.35  4.68
18 2024-03-25   99.900002   99.03 -0.87  3.81
19 2024-03-26   99.959999  100.26  0.31  4.12
20 2024-03-27  100.089996  100.38  0.29  4.41
21 2024-03-28   99.970001   99.83 -0.14  4.27
22 2024-04-01   99.900002   98.98 -0.92  3.35
23 2024-04-02   99.809998   99.02 -0.80  2.55
24 2024-04-03   99.949997  101.26  1.31  3.86
25 2024-04-04   99.750000   97.85 -1.90  1.96
26 2024-04-05  100.080002  100.56  0.48  2.44
27 2024-04-08   99.959999  100.27  0.30  2.74
28 2024-04-09   99.949997  100.27  0.32  3.06
29 2024-04-10   99.930000   98.65 -1.29  1.77
30 2024-04-11   99.959999  101.69  1.73  3.50
31 2024-04-12   99.790001   98.26 -1.53  1.97
32 2024-04-15   99.959999   99.12 -0.84  1.13
33 2024-04-16  100.010002   99.85 -0.16  0.97
34 2024-04-17   99.910004   97.77 -2.14 -1.17
35 2024-04-18   99.980003   99.70 -0.29 -1.46
36 2024-04-19  100.019997   98.80 -1.22 -2.68
37 2024-04-22  100.059998  101.57  1.51 -1.17
38 2024-04-23  100.040001  100.61  0.57 -0.60
39 2024-04-24   99.980003   99.70 -0.28 -0.88
40 2024-04-25   99.849998   99.67 -0.18 -1.06
41 2024-04-29  100.110001  101.52  1.41  0.35
42 2024-04-30   99.879997   99.28 -0.61 -0.26
43 2024-05-01   99.720001   99.92  0.21 -0.05
Mean Absolute Error: 0.96%
Epoch: 314, Final Loss: 0.000127
Norm: 34.11
===
         date  prediction  actual  diff   acc
0  2024-02-28  100.000000   99.26 -0.74 -0.74
1  2024-02-29   99.970001  100.96  1.00  0.26
2  2024-03-01  100.019997  102.43  2.40  2.66
3  2024-03-04  100.000000   99.21 -0.79  1.87
4  2024-03-05   99.889999   99.69 -0.20  1.67
5  2024-03-06   99.980003  101.43  1.45  3.12
6  2024-03-07   99.949997   98.28 -1.67  1.45
7  2024-03-08   99.930000   98.28 -1.65 -0.20
8  2024-03-11  100.000000   98.67 -1.34 -1.54
9  2024-03-12  100.080002  101.78  1.69  0.15
10 2024-03-13  100.010002   98.50 -1.51 -1.36
11 2024-03-14  100.000000   99.83 -0.18 -1.54
12 2024-03-15  100.000000  101.15  1.15 -0.39
13 2024-03-18  100.019997  101.53  1.51  1.12
14 2024-03-20  100.250000  102.63  2.37  3.49
15 2024-03-21  100.070000  100.95  0.88  4.37
16 2024-03-22   99.930000   99.48 -0.44  3.93
17 2024-03-25   99.970001   99.03 -0.93  3.00
18 2024-03-26  100.000000  100.26  0.26  3.26
19 2024-03-27  100.080002  100.38  0.30  3.56
20 2024-03-28  100.010002   99.83 -0.18  3.38
21 2024-04-01   99.959999   98.98 -0.98  2.40
22 2024-04-02   99.910004   99.02 -0.90  1.50
23 2024-04-03  100.000000  101.26  1.26  2.76
24 2024-04-04   99.870003   97.85 -2.03  0.73
25 2024-04-05  100.080002  100.56  0.49  1.22
26 2024-04-08  100.010002  100.27  0.26  1.48
27 2024-04-09   99.989998  100.27  0.27  1.75
28 2024-04-10   99.989998   98.65 -1.34  0.41
29 2024-04-11  100.000000  101.69  1.69  2.10
30 2024-04-12   99.900002   98.26 -1.63  0.47
31 2024-04-15  100.000000   99.12 -0.88 -0.41
32 2024-04-16  100.029999   99.85 -0.18 -0.59
33 2024-04-17   99.970001   97.77 -2.20 -2.79
34 2024-04-18  100.019997   99.70 -0.32 -3.11
35 2024-04-19  100.040001   98.80 -1.24 -4.35
36 2024-04-22  100.059998  101.57  1.51 -2.84
37 2024-04-23  100.050003  100.61  0.56 -2.28
38 2024-04-24  100.019997   99.70 -0.32 -2.60
39 2024-04-25   99.940002   99.67 -0.26 -2.86
40 2024-04-29  100.099998  101.52  1.42 -1.44
41 2024-04-30   99.949997   99.28 -0.68 -2.12
42 2024-05-01   99.849998   99.92  0.07 -2.05
43 2024-05-06  100.160004  102.21  2.05  0.00
Mean Absolute Error: 1.03%
Epoch: 859, Final Loss: 0.000142
Norm: 49.89
===
         date  prediction  actual  diff   acc
0  2024-02-29   99.949997  100.96  1.01  1.01
1  2024-03-01  100.040001  102.43  2.39  3.40
2  2024-03-04  100.010002   99.21 -0.80  2.60
3  2024-03-05   99.830002   99.69 -0.14  2.46
4  2024-03-06   99.970001  101.43  1.46  3.92
5  2024-03-07   99.930000   98.28 -1.64  2.28
6  2024-03-08   99.889999   98.28 -1.61  0.67
7  2024-03-11  100.010002   98.67 -1.34 -0.67
8  2024-03-12  100.139999  101.78  1.64  0.97
9  2024-03-13  100.019997   98.50 -1.52 -0.55
10 2024-03-14  100.000000   99.83 -0.18 -0.73
11 2024-03-15  100.000000  101.15  1.15  0.42
12 2024-03-18  100.029999  101.53  1.50  1.92
13 2024-03-20  100.419998  102.63  2.20  4.12
14 2024-03-21  100.120003  100.95  0.83  4.95
15 2024-03-22   99.879997   99.48 -0.40  4.55
16 2024-03-25   99.949997   99.03 -0.92  3.63
17 2024-03-26  100.000000  100.26  0.26  3.89
18 2024-03-27  100.129997  100.38  0.25  4.14
19 2024-03-28  100.019997   99.83 -0.19  3.95
20 2024-04-01   99.940002   98.98 -0.97  2.98
21 2024-04-02   99.860001   99.02 -0.85  2.13
22 2024-04-03  100.000000  101.26  1.26  3.39
23 2024-04-04   99.800003   97.85 -1.95  1.44
24 2024-04-05  100.129997  100.56  0.44  1.88
25 2024-04-08  100.010002  100.27  0.26  2.14
26 2024-04-09   99.989998  100.27  0.27  2.41
27 2024-04-10   99.980003   98.65 -1.34  1.07
28 2024-04-11  100.010002  101.69  1.68  2.75
29 2024-04-12   99.839996   98.26 -1.58  1.17
30 2024-04-15  100.000000   99.12 -0.89  0.28
31 2024-04-16  100.059998   99.85 -0.21  0.07
32 2024-04-17   99.959999   97.77 -2.19 -2.12
33 2024-04-18  100.029999   99.70 -0.33 -2.45
34 2024-04-19  100.070000   98.80 -1.26 -3.71
35 2024-04-22  100.099998  101.57  1.47 -2.24
36 2024-04-23  100.089996  100.61  0.52 -1.72
37 2024-04-24  100.029999   99.70 -0.33 -2.05
38 2024-04-25   99.900002   99.67 -0.23 -2.28
39 2024-04-29  100.160004  101.52  1.36 -0.92
40 2024-04-30   99.930000   99.28 -0.65 -1.57
41 2024-05-01   99.769997   99.92  0.16 -1.41
42 2024-05-06  100.260002  102.21  1.95  0.54
43 2024-05-07  100.080002   99.48 -0.59 -0.05
Mean Absolute Error: 1.00%
Epoch: 333, Final Loss: 0.000135
Norm: 42.26
===
         date  prediction  actual  diff   acc
0  2024-03-01   99.980003  102.43  2.44  2.44
1  2024-03-04   99.959999   99.21 -0.75  1.69
2  2024-03-05   99.820000   99.69 -0.13  1.56
3  2024-03-06   99.930000  101.43  1.50  3.06
4  2024-03-07   99.900002   98.28 -1.62  1.44
5  2024-03-08   99.870003   98.28 -1.59 -0.15
6  2024-03-11   99.959999   98.67 -1.29 -1.44
7  2024-03-12  100.059998  101.78  1.72  0.28
8  2024-03-13   99.970001   98.50 -1.47 -1.19
9  2024-03-14   99.959999   99.83 -0.13 -1.32
10 2024-03-15   99.949997  101.15  1.20 -0.12
11 2024-03-18   99.980003  101.53  1.55  1.43
12 2024-03-20  100.269997  102.63  2.36  3.79
13 2024-03-21  100.040001  100.95  0.91  4.70
14 2024-03-22   99.860001   99.48 -0.38  4.32
15 2024-03-25   99.910004   99.03 -0.88  3.44
16 2024-03-26   99.959999  100.26  0.31  3.75
17 2024-03-27  100.059998  100.38  0.33  4.08
18 2024-03-28   99.970001   99.83 -0.13  3.95
19 2024-04-01   99.910004   98.98 -0.93  3.02
20 2024-04-02   99.849998   99.02 -0.83  2.19
21 2024-04-03   99.949997  101.26  1.31  3.50
22 2024-04-04   99.800003   97.85 -1.96  1.54
23 2024-04-05  100.050003  100.56  0.51  2.05
24 2024-04-08   99.959999  100.27  0.31  2.36
25 2024-04-09   99.949997  100.27  0.32  2.68
26 2024-04-10   99.940002   98.65 -1.29  1.39
27 2024-04-11   99.959999  101.69  1.73  3.12
28 2024-04-12   99.830002   98.26 -1.57  1.55
29 2024-04-15   99.959999   99.12 -0.84  0.71
30 2024-04-16  100.000000   99.85 -0.15  0.56
31 2024-04-17   99.919998   97.77 -2.15 -1.59
32 2024-04-18   99.980003   99.70 -0.28 -1.87
33 2024-04-19  100.010002   98.80 -1.20 -3.07
34 2024-04-22  100.029999  101.57  1.54 -1.53
35 2024-04-23  100.019997  100.61  0.59 -0.94
36 2024-04-24   99.980003   99.70 -0.28 -1.22
37 2024-04-25   99.879997   99.67 -0.21 -1.43
38 2024-04-29  100.070000  101.52  1.45  0.02
39 2024-04-30   99.900002   99.28 -0.62 -0.60
40 2024-05-01   99.779999   99.92  0.15 -0.45
41 2024-05-06  100.150002  102.21  2.06  1.61
42 2024-05-07  100.010002   99.48 -0.53  1.08
43 2024-05-08  100.050003   98.96 -1.09 -0.01
Mean Absolute Error: 1.01%
Epoch: 681, Final Loss: 0.000139
Norm: 39.38
===
         date  prediction  actual  diff   acc
0  2024-03-04   99.910004   99.21 -0.70 -0.70
1  2024-03-05   99.739998   99.69 -0.05 -0.75
2  2024-03-06   99.879997  101.43  1.55  0.80
3  2024-03-07   99.830002   98.28 -1.55 -0.75
4  2024-03-08   99.800003   98.28 -1.53 -2.28
5  2024-03-11   99.910004   98.67 -1.25 -3.53
6  2024-03-12  100.040001  101.78  1.74 -1.79
7  2024-03-13   99.930000   98.50 -1.43 -3.22
8  2024-03-14   99.910004   99.83 -0.08 -3.30
9  2024-03-15   99.910004  101.15  1.24 -2.06
10 2024-03-18   99.940002  101.53  1.60 -0.46
11 2024-03-20  100.300003  102.63  2.32  1.86
12 2024-03-21  100.019997  100.95  0.93  2.79
13 2024-03-22   99.790001   99.48 -0.31  2.48
14 2024-03-25   99.860001   99.03 -0.83  1.65
15 2024-03-26   99.910004  100.26  0.35  2.00
16 2024-03-27  100.029999  100.38  0.35  2.35
17 2024-03-28   99.919998   99.83 -0.09  2.26
18 2024-04-01   99.849998   98.98 -0.87  1.39
19 2024-04-02   99.779999   99.02 -0.76  0.63
20 2024-04-03   99.900002  101.26  1.36  1.99
21 2024-04-04   99.709999   97.85 -1.87  0.12
22 2024-04-05  100.029999  100.56  0.54  0.66
23 2024-04-08   99.919998  100.27  0.35  1.01
24 2024-04-09   99.900002  100.27  0.37  1.38
25 2024-04-10   99.889999   98.65 -1.24  0.14
26 2024-04-11   99.910004  101.69  1.78  1.92
27 2024-04-12   99.750000   98.26 -1.49  0.43
28 2024-04-15   99.910004   99.12 -0.79 -0.36
29 2024-04-16   99.959999   99.85 -0.11 -0.47
30 2024-04-17   99.870003   97.77 -2.10 -2.57
31 2024-04-18   99.930000   99.70 -0.24 -2.81
32 2024-04-19   99.970001   98.80 -1.17 -3.98
33 2024-04-22  100.000000  101.57  1.57 -2.41
34 2024-04-23   99.989998  100.61  0.62 -1.79
35 2024-04-24   99.930000   99.70 -0.24 -2.03
36 2024-04-25   99.809998   99.67 -0.14 -2.17
37 2024-04-29  100.059998  101.52  1.46 -0.71
38 2024-04-30   99.839996   99.28 -0.56 -1.27
39 2024-05-01   99.680000   99.92  0.24 -1.03
40 2024-05-06  100.150002  102.21  2.06  1.03
41 2024-05-07   99.980003   99.48 -0.50  0.53
42 2024-05-08  100.019997   98.96 -1.06 -0.53
43 2024-05-09  100.010002  100.48  0.47 -0.06
Mean Absolute Error: 0.95%
Epoch: 383, Final Loss: 0.000124
Norm: 57.90
===
         date  prediction  actual  diff   acc
0  2024-03-05   99.730003   99.69 -0.04 -0.04
1  2024-03-06   99.870003  101.43  1.55  1.51
2  2024-03-07   99.830002   98.28 -1.55 -0.04
3  2024-03-08   99.790001   98.28 -1.52 -1.56
4  2024-03-11   99.910004   98.67 -1.25 -2.81
5  2024-03-12  100.040001  101.78  1.73 -1.08
6  2024-03-13   99.930000   98.50 -1.43 -2.51
7  2024-03-14   99.910004   99.83 -0.08 -2.59
8  2024-03-15   99.910004  101.15  1.25 -1.34
9  2024-03-18   99.940002  101.53  1.60  0.26
10 2024-03-20  100.330002  102.63  2.30  2.56
11 2024-03-21  100.019997  100.95  0.92  3.48
12 2024-03-22   99.790001   99.48 -0.31  3.17
13 2024-03-25   99.849998   99.03 -0.82  2.35
14 2024-03-26   99.910004  100.26  0.35  2.70
15 2024-03-27  100.040001  100.38  0.34  3.04
16 2024-03-28   99.919998   99.83 -0.09  2.95
17 2024-04-01   99.849998   98.98 -0.87  2.08
18 2024-04-02   99.769997   99.02 -0.75  1.33
19 2024-04-03   99.900002  101.26  1.36  2.69
20 2024-04-04   99.699997   97.85 -1.86  0.83
21 2024-04-05  100.029999  100.56  0.53  1.36
22 2024-04-08   99.919998  100.27  0.35  1.71
23 2024-04-09   99.900002  100.27  0.37  2.08
24 2024-04-10   99.889999   98.65 -1.24  0.84
25 2024-04-11   99.910004  101.69  1.78  2.62
26 2024-04-12   99.739998   98.26 -1.48  1.14
27 2024-04-15   99.910004   99.12 -0.79  0.35
28 2024-04-16   99.959999   99.85 -0.11  0.24
29 2024-04-17   99.860001   97.77 -2.10 -1.86
30 2024-04-18   99.930000   99.70 -0.24 -2.10
31 2024-04-19   99.980003   98.80 -1.17 -3.27
32 2024-04-22  100.010002  101.57  1.56 -1.71
33 2024-04-23   99.989998  100.61  0.62 -1.09
34 2024-04-24   99.930000   99.70 -0.24 -1.33
35 2024-04-25   99.809998   99.67 -0.13 -1.46
36 2024-04-29  100.059998  101.52  1.46  0.00
37 2024-04-30   99.830002   99.28 -0.56 -0.56
38 2024-05-01   99.669998   99.92  0.25 -0.31
39 2024-05-06  100.169998  102.21  2.05  1.74
40 2024-05-07   99.980003   99.48 -0.50  1.24
41 2024-05-08  100.029999   98.96 -1.07  0.17
42 2024-05-09  100.010002  100.48  0.46  0.63
43 2024-05-10   99.970001   99.28 -0.69 -0.06
Mean Absolute Error: 0.95%
Epoch: 325, Final Loss: 0.000123
Norm: 47.56
===
         date  prediction  actual  diff   acc
0  2024-03-06   99.889999  101.43  1.54  1.54
1  2024-03-07   99.849998   98.28 -1.57 -0.03
2  2024-03-08   99.820000   98.28 -1.54 -1.57
3  2024-03-11   99.919998   98.67 -1.26 -2.83
4  2024-03-12  100.040001  101.78  1.74 -1.09
5  2024-03-13   99.930000   98.50 -1.43 -2.52
6  2024-03-14   99.919998   99.83 -0.09 -2.61
7  2024-03-15   99.919998  101.15  1.24 -1.37
8  2024-03-18   99.940002  101.53  1.59  0.22
9  2024-03-20  100.279999  102.63  2.34  2.56
10 2024-03-21  100.019997  100.95  0.93  3.49
11 2024-03-22   99.809998   99.48 -0.33  3.16
12 2024-03-25   99.870003   99.03 -0.84  2.32
13 2024-03-26   99.919998  100.26  0.35  2.67
14 2024-03-27  100.029999  100.38  0.35  3.02
15 2024-03-28   99.930000   99.83 -0.10  2.92
16 2024-04-01   99.870003   98.98 -0.89  2.03
17 2024-04-02   99.790001   99.02 -0.78  1.25
18 2024-04-03   99.910004  101.26  1.35  2.60
19 2024-04-04   99.730003   97.85 -1.89  0.71
20 2024-04-05  100.029999  100.56  0.54  1.25
21 2024-04-08   99.919998  100.27  0.34  1.59
22 2024-04-09   99.910004  100.27  0.36  1.95
23 2024-04-10   99.900002   98.65 -1.25  0.70
24 2024-04-11   99.919998  101.69  1.77  2.47
25 2024-04-12   99.769997   98.26 -1.51  0.96
26 2024-04-15   99.919998   99.12 -0.80  0.16
27 2024-04-16   99.970001   99.85 -0.11  0.05
28 2024-04-17   99.879997   97.77 -2.11 -2.06
29 2024-04-18   99.940002   99.70 -0.24 -2.30
30 2024-04-19   99.980003   98.80 -1.17 -3.47
31 2024-04-22  100.010002  101.57  1.56 -1.91
32 2024-04-23   99.989998  100.61  0.62 -1.29
33 2024-04-24   99.940002   99.70 -0.24 -1.53
34 2024-04-25   99.830002   99.67 -0.16 -1.69
35 2024-04-29  100.050003  101.52  1.47 -0.22
36 2024-04-30   99.849998   99.28 -0.58 -0.80
37 2024-05-01   99.709999   99.92  0.22 -0.58
38 2024-05-06  100.139999  102.21  2.07  1.49
39 2024-05-07   99.980003   99.48 -0.50  0.99
40 2024-05-08  100.019997   98.96 -1.06 -0.07
41 2024-05-09  100.010002  100.48  0.47  0.40
42 2024-05-10   99.970001   99.28 -0.69 -0.29
43 2024-05-13   99.930000  100.20  0.27 -0.02
Mean Absolute Error: 0.96%
Epoch: 492, Final Loss: 0.000125
Norm: 49.57
===
         date  prediction  actual  diff   acc
0  2024-03-07   99.849998   98.28 -1.57 -1.57
1  2024-03-08   99.820000   98.28 -1.55 -3.12
2  2024-03-11   99.910004   98.67 -1.24 -4.36
3  2024-03-12  100.010002  101.78  1.77 -2.59
4  2024-03-13   99.919998   98.50 -1.42 -4.01
5  2024-03-14   99.910004   99.83 -0.08 -4.09
6  2024-03-15   99.910004  101.15  1.25 -2.84
7  2024-03-18   99.930000  101.53  1.60 -1.24
8  2024-03-20  100.220001  102.63  2.41  1.17
9  2024-03-21   99.989998  100.95  0.96  2.13
10 2024-03-22   99.820000   99.48 -0.33  1.80
11 2024-03-25   99.870003   99.03 -0.83  0.97
12 2024-03-26   99.910004  100.26  0.36  1.33
13 2024-03-27  100.010002  100.38  0.37  1.70
14 2024-03-28   99.919998   99.83 -0.09  1.61
15 2024-04-01   99.860001   98.98 -0.88  0.73
16 2024-04-02   99.800003   99.02 -0.79 -0.06
17 2024-04-03   99.900002  101.26  1.36  1.30
18 2024-04-04   99.750000   97.85 -1.91 -0.61
19 2024-04-05  100.000000  100.56  0.56 -0.05
20 2024-04-08   99.910004  100.27  0.35  0.30
21 2024-04-09   99.900002  100.27  0.37  0.67
22 2024-04-10   99.889999   98.65 -1.25 -0.58
23 2024-04-11   99.910004  101.69  1.78  1.20
24 2024-04-12   99.779999   98.26 -1.52 -0.32
25 2024-04-15   99.910004   99.12 -0.79 -1.11
26 2024-04-16   99.949997   99.85 -0.10 -1.21
27 2024-04-17   99.870003   97.77 -2.11 -3.32
28 2024-04-18   99.930000   99.70 -0.23 -3.55
29 2024-04-19   99.959999   98.80 -1.15 -4.70
30 2024-04-22   99.980003  101.57  1.59 -3.11
31 2024-04-23   99.970001  100.61  0.64 -2.47
32 2024-04-24   99.930000   99.70 -0.23 -2.70
33 2024-04-25   99.830002   99.67 -0.16 -2.86
34 2024-04-29  100.019997  101.52  1.50 -1.36
35 2024-04-30   99.849998   99.28 -0.58 -1.94
36 2024-05-01   99.730003   99.92  0.20 -1.74
37 2024-05-06  100.099998  102.21  2.11  0.37
38 2024-05-07   99.959999   99.48 -0.48 -0.11
39 2024-05-08  100.000000   98.96 -1.04 -1.15
40 2024-05-09   99.980003  100.48  0.49 -0.66
41 2024-05-10   99.949997   99.28 -0.67 -1.33
42 2024-05-13   99.910004  100.20  0.29 -1.04
43 2024-05-14   99.949997  100.95  1.00 -0.04
Mean Absolute Error: 0.95%
Epoch: 693, Final Loss: 0.000124
Norm: 68.23
===
         date  prediction  actual  diff   acc
0  2024-03-08   99.830002   98.28 -1.56 -1.56
1  2024-03-11   99.949997   98.67 -1.29 -2.85
2  2024-03-12  100.089996  101.78  1.69 -1.16
3  2024-03-13   99.970001   98.50 -1.47 -2.63
4  2024-03-14   99.949997   99.83 -0.12 -2.75
5  2024-03-15   99.949997  101.15  1.20 -1.55
6  2024-03-18   99.980003  101.53  1.55  0.00
7  2024-03-20  100.370003  102.63  2.26  2.26
8  2024-03-21  100.059998  100.95  0.88  3.14
9  2024-03-22   99.830002   99.48 -0.34  2.80
10 2024-03-25   99.889999   99.03 -0.86  1.94
11 2024-03-26   99.949997  100.26  0.31  2.25
12 2024-03-27  100.080002  100.38  0.30  2.55
13 2024-03-28   99.970001   99.83 -0.13  2.42
14 2024-04-01   99.889999   98.98 -0.91  1.51
15 2024-04-02   99.809998   99.02 -0.79  0.72
16 2024-04-03   99.940002  101.26  1.32  2.04
17 2024-04-04   99.739998   97.85 -1.90  0.14
18 2024-04-05  100.070000  100.56  0.49  0.63
19 2024-04-08   99.959999  100.27  0.31  0.94
20 2024-04-09   99.940002  100.27  0.33  1.27
21 2024-04-10   99.930000   98.65 -1.28 -0.01
22 2024-04-11   99.949997  101.69  1.74  1.73
23 2024-04-12   99.779999   98.26 -1.52  0.21
24 2024-04-15   99.949997   99.12 -0.83 -0.62
25 2024-04-16  100.000000   99.85 -0.15 -0.77
26 2024-04-17   99.900002   97.77 -2.14 -2.91
27 2024-04-18   99.970001   99.70 -0.28 -3.19
28 2024-04-19  100.019997   98.80 -1.21 -4.40
29 2024-04-22  100.050003  101.57  1.52 -2.88
30 2024-04-23  100.029999  100.61  0.58 -2.30
31 2024-04-24   99.970001   99.70 -0.28 -2.58
32 2024-04-25   99.839996   99.67 -0.17 -2.75
33 2024-04-29  100.099998  101.52  1.42 -1.33
34 2024-04-30   99.870003   99.28 -0.60 -1.93
35 2024-05-01   99.709999   99.92  0.21 -1.72
36 2024-05-06  100.209999  102.21  2.00  0.28
37 2024-05-07  100.019997   99.48 -0.54 -0.26
38 2024-05-08  100.070000   98.96 -1.11 -1.37
39 2024-05-09  100.050003  100.48  0.42 -0.95
40 2024-05-10  100.010002   99.28 -0.73 -1.68
41 2024-05-13   99.959999  100.20  0.24 -1.44
42 2024-05-14  100.000000  100.95  0.95 -0.49
43 2024-05-15   99.930000  100.35  0.42 -0.07
Mean Absolute Error: 0.92%
Epoch: 323, Final Loss: 0.000115
Norm: 57.43
===
         date  prediction  actual  diff   acc
0  2024-03-11   99.980003   98.67 -1.31 -1.31
1  2024-03-12  100.099998  101.78  1.67  0.36
2  2024-03-13   99.989998   98.50 -1.49 -1.13
3  2024-03-14   99.980003   99.83 -0.15 -1.28
4  2024-03-15   99.970001  101.15  1.18 -0.10
5  2024-03-18  100.000000  101.53  1.53  1.43
6  2024-03-20  100.360001  102.63  2.26  3.69
7  2024-03-21  100.080002  100.95  0.86  4.55
8  2024-03-22   99.860001   99.48 -0.38  4.17
9  2024-03-25   99.919998   99.03 -0.89  3.28
10 2024-03-26   99.980003  100.26  0.29  3.57
11 2024-03-27  100.099998  100.38  0.28  3.85
12 2024-03-28   99.989998   99.83 -0.16  3.69
13 2024-04-01   99.919998   98.98 -0.94  2.75
14 2024-04-02   99.849998   99.02 -0.83  1.92
15 2024-04-03   99.970001  101.26  1.29  3.21
16 2024-04-04   99.779999   97.85 -1.94  1.27
17 2024-04-05  100.089996  100.56  0.47  1.74
18 2024-04-08   99.980003  100.27  0.28  2.02
19 2024-04-09   99.970001  100.27  0.30  2.32
20 2024-04-10   99.949997   98.65 -1.31  1.01
21 2024-04-11   99.980003  101.69  1.71  2.72
22 2024-04-12   99.820000   98.26 -1.56  1.16
23 2024-04-15   99.980003   99.12 -0.86  0.30
24 2024-04-16  100.029999   99.85 -0.18  0.12
25 2024-04-17   99.930000   97.77 -2.17 -2.05
26 2024-04-18  100.000000   99.70 -0.30 -2.35
27 2024-04-19  100.040001   98.80 -1.23 -3.58
28 2024-04-22  100.070000  101.57  1.50 -2.08
29 2024-04-23  100.050003  100.61  0.55 -1.53
30 2024-04-24  100.000000   99.70 -0.30 -1.83
31 2024-04-25   99.879997   99.67 -0.21 -2.04
32 2024-04-29  100.120003  101.52  1.40 -0.64
33 2024-04-30   99.910004   99.28 -0.63 -1.27
34 2024-05-01   99.760002   99.92  0.17 -1.10
35 2024-05-06  100.220001  102.21  2.00  0.90
36 2024-05-07  100.040001   99.48 -0.56  0.34
37 2024-05-08  100.089996   98.96 -1.13 -0.79
38 2024-05-09  100.070000  100.48  0.40 -0.39
39 2024-05-10  100.029999   99.28 -0.75 -1.14
40 2024-05-13   99.989998  100.20  0.22 -0.92
41 2024-05-14  100.029999  100.95  0.92  0.00
42 2024-05-15   99.959999  100.35  0.39  0.39
43 2024-05-16  100.000000   99.58 -0.42 -0.03
Mean Absolute Error: 0.89%
Epoch: 408, Final Loss: 0.000111
Norm: 43.67
===
         date  prediction  actual  diff   acc
0  2024-03-12  100.150002  101.78  1.63  1.63
1  2024-03-13  100.029999   98.50 -1.53  0.10
2  2024-03-14  100.010002   99.83 -0.19 -0.09
3  2024-03-15  100.010002  101.15  1.14  1.05
4  2024-03-18  100.040001  101.53  1.49  2.54
5  2024-03-20  100.419998  102.63  2.20  4.74
6  2024-03-21  100.129997  100.95  0.82  5.56
7  2024-03-22   99.889999   99.48 -0.41  5.15
8  2024-03-25   99.959999   99.03 -0.93  4.22
9  2024-03-26  100.010002  100.26  0.25  4.47
10 2024-03-27  100.139999  100.38  0.24  4.71
11 2024-03-28  100.029999   99.83 -0.20  4.51
12 2024-04-01   99.959999   98.98 -0.98  3.53
13 2024-04-02   99.879997   99.02 -0.86  2.67
14 2024-04-03  100.010002  101.26  1.25  3.92
15 2024-04-04   99.809998   97.85 -1.97  1.95
16 2024-04-05  100.139999  100.56  0.43  2.38
17 2024-04-08  100.019997  100.27  0.25  2.63
18 2024-04-09  100.000000  100.27  0.26  2.89
19 2024-04-10   99.989998   98.65 -1.35  1.54
20 2024-04-11  100.019997  101.69  1.67  3.21
21 2024-04-12   99.849998   98.26 -1.59  1.62
22 2024-04-15  100.010002   99.12 -0.90  0.72
23 2024-04-16  100.070000   99.85 -0.22  0.50
24 2024-04-17   99.970001   97.77 -2.20 -1.70
25 2024-04-18  100.040001   99.70 -0.34 -2.04
26 2024-04-19  100.080002   98.80 -1.27 -3.31
27 2024-04-22  100.110001  101.57  1.46 -1.85
28 2024-04-23  100.099998  100.61  0.51 -1.34
29 2024-04-24  100.040001   99.70 -0.34 -1.68
30 2024-04-25   99.910004   99.67 -0.24 -1.92
31 2024-04-29  100.169998  101.52  1.35 -0.57
32 2024-04-30   99.940002   99.28 -0.67 -1.24
33 2024-05-01   99.779999   99.92  0.14 -1.10
34 2024-05-06  100.269997  102.21  1.94  0.84
35 2024-05-07  100.089996   99.48 -0.60  0.24
36 2024-05-08  100.129997   98.96 -1.17 -0.93
37 2024-05-09  100.120003  100.48  0.36 -0.57
38 2024-05-10  100.070000   99.28 -0.79 -1.36
39 2024-05-13  100.019997  100.20  0.18 -1.18
40 2024-05-14  100.070000  100.95  0.88 -0.30
41 2024-05-15  100.000000  100.35  0.35  0.05
42 2024-05-16  100.040001   99.58 -0.46 -0.41
43 2024-05-17  100.070000  100.42  0.35 -0.06
Mean Absolute Error: 0.87%
Epoch: 340, Final Loss: 0.000107
Norm: 36.64
===
         date  prediction  actual  diff   acc
0  2024-03-13  100.029999   98.50 -1.53 -1.53
1  2024-03-14  100.010002   99.83 -0.18 -1.71
2  2024-03-15  100.010002  101.15  1.15 -0.56
3  2024-03-18  100.040001  101.53  1.49  0.93
4  2024-03-20  100.430000  102.63  2.19  3.12
5  2024-03-21  100.120003  100.95  0.82  3.94
6  2024-03-22   99.879997   99.48 -0.40  3.54
7  2024-03-25   99.949997   99.03 -0.92  2.62
8  2024-03-26  100.010002  100.26  0.25  2.87
9  2024-03-27  100.139999  100.38  0.24  3.11
10 2024-03-28  100.019997   99.83 -0.19  2.92
11 2024-04-01   99.949997   98.98 -0.97  1.95
12 2024-04-02   99.870003   99.02 -0.85  1.10
13 2024-04-03  100.000000  101.26  1.26  2.36
14 2024-04-04   99.800003   97.85 -1.95  0.41
15 2024-04-05  100.129997  100.56  0.43  0.84
16 2024-04-08  100.019997  100.27  0.25  1.09
17 2024-04-09  100.000000  100.27  0.27  1.36
18 2024-04-10   99.980003   98.65 -1.34  0.02
19 2024-04-11  100.010002  101.69  1.68  1.70
20 2024-04-12   99.839996   98.26 -1.58  0.12
21 2024-04-15  100.010002   99.12 -0.89 -0.77
22 2024-04-16  100.059998   99.85 -0.21 -0.98
23 2024-04-17   99.959999   97.77 -2.19 -3.17
24 2024-04-18  100.029999   99.70 -0.34 -3.51
25 2024-04-19  100.080002   98.80 -1.27 -4.78
26 2024-04-22  100.110001  101.57  1.46 -3.32
27 2024-04-23  100.089996  100.61  0.52 -2.80
28 2024-04-24  100.029999   99.70 -0.34 -3.14
29 2024-04-25   99.900002   99.67 -0.23 -3.37
30 2024-04-29  100.169998  101.52  1.35 -2.02
31 2024-04-30   99.930000   99.28 -0.66 -2.68
32 2024-05-01   99.769997   99.92  0.16 -2.52
33 2024-05-06  100.269997  102.21  1.94 -0.58
34 2024-05-07  100.080002   99.48 -0.60 -1.18
35 2024-05-08  100.129997   98.96 -1.17 -2.35
36 2024-05-09  100.110001  100.48  0.36 -1.99
37 2024-05-10  100.070000   99.28 -0.79 -2.78
38 2024-05-13  100.019997  100.20  0.18 -2.60
39 2024-05-14  100.059998  100.95  0.89 -1.71
40 2024-05-15   99.989998  100.35  0.36 -1.35
41 2024-05-16  100.040001   99.58 -0.45 -1.80
42 2024-05-17  100.070000  100.42  0.35 -1.45
43 2024-05-20   99.989998  101.38  1.39 -0.06
Mean Absolute Error: 0.86%
Epoch: 314, Final Loss: 0.000105
Norm: 54.13
===
         date  prediction  actual  diff   acc
0  2024-03-14  100.019997   99.83 -0.20 -0.20
1  2024-03-15  100.019997  101.15  1.13  0.93
2  2024-03-18  100.050003  101.53  1.48  2.41
3  2024-03-20  100.400002  102.63  2.22  4.63
4  2024-03-21  100.129997  100.95  0.82  5.45
5  2024-03-22   99.910004   99.48 -0.43  5.02
6  2024-03-25   99.970001   99.03 -0.94  4.08
7  2024-03-26  100.019997  100.26  0.24  4.32
8  2024-03-27  100.139999  100.38  0.24  4.56
9  2024-03-28  100.040001   99.83 -0.20  4.36
10 2024-04-01   99.970001   98.98 -0.99  3.37
11 2024-04-02   99.889999   99.02 -0.88  2.49
12 2024-04-03  100.019997  101.26  1.24  3.73
13 2024-04-04   99.830002   97.85 -1.99  1.74
14 2024-04-05  100.129997  100.56  0.43  2.17
15 2024-04-08  100.029999  100.27  0.24  2.41
16 2024-04-09  100.010002  100.27  0.26  2.67
17 2024-04-10  100.000000   98.65 -1.35  1.32
18 2024-04-11  100.029999  101.69  1.66  2.98
19 2024-04-12   99.870003   98.26 -1.61  1.37
20 2024-04-15  100.019997   99.12 -0.90  0.47
21 2024-04-16  100.070000   99.85 -0.22  0.25
22 2024-04-17   99.980003   97.77 -2.21 -1.96
23 2024-04-18  100.040001   99.70 -0.35 -2.31
24 2024-04-19  100.080002   98.80 -1.28 -3.59
25 2024-04-22  100.110001  101.57  1.46 -2.13
26 2024-04-23  100.099998  100.61  0.51 -1.62
27 2024-04-24  100.040001   99.70 -0.35 -1.97
28 2024-04-25   99.930000   99.67 -0.26 -2.23
29 2024-04-29  100.160004  101.52  1.36 -0.87
30 2024-04-30   99.949997   99.28 -0.68 -1.55
31 2024-05-01   99.809998   99.92  0.12 -1.43
32 2024-05-06  100.250000  102.21  1.96  0.53
33 2024-05-07  100.089996   99.48 -0.60 -0.07
34 2024-05-08  100.129997   98.96 -1.17 -1.24
35 2024-05-09  100.120003  100.48  0.36 -0.88
36 2024-05-10  100.080002   99.28 -0.80 -1.68
37 2024-05-13  100.029999  100.20  0.17 -1.51
38 2024-05-14  100.070000  100.95  0.88 -0.63
39 2024-05-15  100.010002  100.35  0.34 -0.29
40 2024-05-16  100.050003   99.58 -0.47 -0.76
41 2024-05-17  100.080002  100.42  0.34 -0.42
42 2024-05-20  100.010002  101.38  1.38  0.96
43 2024-05-21  100.029999   99.00 -1.03 -0.07
Mean Absolute Error: 0.86%
Epoch: 429, Final Loss: 0.000104
Norm: 38.94
===
         date  prediction  actual  diff   acc
0  2024-03-15  100.019997  101.15  1.13  1.13
1  2024-03-18  100.050003  101.53  1.48  2.61
2  2024-03-20  100.400002  102.63  2.22  4.83
3  2024-03-21  100.129997  100.95  0.82  5.65
4  2024-03-22   99.919998   99.48 -0.43  5.22
5  2024-03-25   99.980003   99.03 -0.94  4.28
6  2024-03-26  100.029999  100.26  0.24  4.52
7  2024-03-27  100.139999  100.38  0.24  4.76
8  2024-03-28  100.040001   99.83 -0.21  4.55
9  2024-04-01   99.970001   98.98 -0.99  3.56
10 2024-04-02   99.900002   99.02 -0.88  2.68
11 2024-04-03  100.019997  101.26  1.24  3.92
12 2024-04-04   99.839996   97.85 -1.99  1.93
13 2024-04-05  100.139999  100.56  0.43  2.36
14 2024-04-08  100.029999  100.27  0.23  2.59
15 2024-04-09  100.019997  100.27  0.25  2.84
16 2024-04-10  100.000000   98.65 -1.36  1.48
17 2024-04-11  100.029999  101.69  1.66  3.14
18 2024-04-12   99.879997   98.26 -1.61  1.53
19 2024-04-15  100.029999   99.12 -0.91  0.62
20 2024-04-16  100.070000   99.85 -0.22  0.40
21 2024-04-17   99.989998   97.77 -2.22 -1.82
22 2024-04-18  100.050003   99.70 -0.35 -2.17
23 2024-04-19  100.089996   98.80 -1.28 -3.45
24 2024-04-22  100.120003  101.57  1.45 -2.00
25 2024-04-23  100.099998  100.61  0.51 -1.49
26 2024-04-24  100.050003   99.70 -0.35 -1.84
27 2024-04-25   99.930000   99.67 -0.26 -2.10
28 2024-04-29  100.160004  101.52  1.35 -0.75
29 2024-04-30   99.959999   99.28 -0.68 -1.43
30 2024-05-01   99.809998   99.92  0.11 -1.32
31 2024-05-06  100.260002  102.21  1.95  0.63
32 2024-05-07  100.089996   99.48 -0.61  0.02
33 2024-05-08  100.129997   98.96 -1.17 -1.15
34 2024-05-09  100.120003  100.48  0.36 -0.79
35 2024-05-10  100.080002   99.28 -0.80 -1.59
36 2024-05-13  100.029999  100.20  0.17 -1.42
37 2024-05-14  100.070000  100.95  0.88 -0.54
38 2024-05-15  100.010002  100.35  0.34 -0.20
39 2024-05-16  100.050003   99.58 -0.47 -0.67
40 2024-05-17  100.080002  100.42  0.34 -0.33
41 2024-05-20  100.010002  101.38  1.37  1.04
42 2024-05-21  100.040001   99.00 -1.03  0.01
43 2024-05-22  100.010002   99.98 -0.03 -0.02
Mean Absolute Error: 0.85%
Epoch: 475, Final Loss: 0.000104
Norm: 37.69
===
         date  prediction  actual  diff   acc
0  2024-03-18  100.010002  101.53  1.53  1.53
1  2024-03-20  100.389999  102.63  2.23  3.76
2  2024-03-21  100.089996  100.95  0.86  4.62
3  2024-03-22   99.849998   99.48 -0.37  4.25
4  2024-03-25   99.919998   99.03 -0.89  3.36
5  2024-03-26   99.980003  100.26  0.29  3.65
6  2024-03-27  100.110001  100.38  0.27  3.92
7  2024-03-28   99.989998   99.83 -0.16  3.76
8  2024-04-01   99.919998   98.98 -0.94  2.82
9  2024-04-02   99.830002   99.02 -0.82  2.00
10 2024-04-03   99.970001  101.26  1.29  3.29
11 2024-04-04   99.769997   97.85 -1.92  1.37
12 2024-04-05  100.099998  100.56  0.46  1.83
13 2024-04-08   99.980003  100.27  0.28  2.11
14 2024-04-09   99.959999  100.27  0.30  2.41
15 2024-04-10   99.949997   98.65 -1.31  1.10
16 2024-04-11   99.980003  101.69  1.71  2.81
17 2024-04-12   99.809998   98.26 -1.55  1.26
18 2024-04-15   99.980003   99.12 -0.86  0.40
19 2024-04-16  100.029999   99.85 -0.18  0.22
20 2024-04-17   99.930000   97.77 -2.16 -1.94
21 2024-04-18  100.000000   99.70 -0.31 -2.25
22 2024-04-19  100.040001   98.80 -1.24 -3.49
23 2024-04-22  100.080002  101.57  1.49 -2.00
24 2024-04-23  100.059998  100.61  0.55 -1.45
25 2024-04-24  100.000000   99.70 -0.30 -1.75
26 2024-04-25   99.870003   99.67 -0.20 -1.95
27 2024-04-29  100.129997  101.52  1.39 -0.56
28 2024-04-30   99.900002   99.28 -0.63 -1.19
29 2024-05-01   99.739998   99.92  0.19 -1.00
30 2024-05-06  100.230003  102.21  1.98  0.98
31 2024-05-07  100.050003   99.48 -0.57  0.41
32 2024-05-08  100.099998   98.96 -1.14 -0.73
33 2024-05-09  100.080002  100.48  0.40 -0.33
34 2024-05-10  100.029999   99.28 -0.76 -1.09
35 2024-05-13   99.980003  100.20  0.22 -0.87
36 2024-05-14  100.029999  100.95  0.92  0.05
37 2024-05-15   99.959999  100.35  0.39  0.44
38 2024-05-16  100.000000   99.58 -0.42  0.02
39 2024-05-17  100.040001  100.42  0.39  0.41
40 2024-05-20   99.959999  101.38  1.43  1.84
41 2024-05-21   99.989998   99.00 -0.99  0.85
42 2024-05-22   99.959999   99.98  0.02  0.87
43 2024-05-23   99.790001   98.84 -0.95 -0.08
Mean Absolute Error: 0.85%
Epoch: 324, Final Loss: 0.000101
Norm: 42.05
===
         date  prediction  actual  diff   acc
0  2024-03-20  100.370003  102.63  2.25  2.25
1  2024-03-21  100.070000  100.95  0.87  3.12
2  2024-03-22   99.839996   99.48 -0.36  2.76
3  2024-03-25   99.910004   99.03 -0.87  1.89
4  2024-03-26   99.959999  100.26  0.30  2.19
5  2024-03-27  100.089996  100.38  0.29  2.48
6  2024-03-28   99.980003   99.83 -0.14  2.34
7  2024-04-01   99.900002   98.98 -0.92  1.42
8  2024-04-02   99.820000   99.02 -0.81  0.61
9  2024-04-03   99.949997  101.26  1.31  1.92
10 2024-04-04   99.750000   97.85 -1.91  0.01
11 2024-04-05  100.080002  100.56  0.48  0.49
12 2024-04-08   99.970001  100.27  0.30  0.79
13 2024-04-09   99.949997  100.27  0.32  1.11
14 2024-04-10   99.940002   98.65 -1.29 -0.18
15 2024-04-11   99.970001  101.69  1.73  1.55
16 2024-04-12   99.800003   98.26 -1.53  0.02
17 2024-04-15   99.959999   99.12 -0.84 -0.82
18 2024-04-16  100.010002   99.85 -0.16 -0.98
19 2024-04-17   99.919998   97.77 -2.15 -3.13
20 2024-04-18   99.989998   99.70 -0.29 -3.42
21 2024-04-19  100.029999   98.80 -1.22 -4.64
22 2024-04-22  100.059998  101.57  1.51 -3.13
23 2024-04-23  100.040001  100.61  0.57 -2.56
24 2024-04-24   99.989998   99.70 -0.29 -2.85
25 2024-04-25   99.860001   99.67 -0.19 -3.04
26 2024-04-29  100.110001  101.52  1.41 -1.63
27 2024-04-30   99.889999   99.28 -0.61 -2.24
28 2024-05-01   99.730003   99.92  0.20 -2.04
29 2024-05-06  100.209999  102.21  2.00 -0.04
30 2024-05-07  100.029999   99.48 -0.55 -0.59
31 2024-05-08  100.080002   98.96 -1.12 -1.71
32 2024-05-09  100.059998  100.48  0.41 -1.30
33 2024-05-10  100.019997   99.28 -0.74 -2.04
34 2024-05-13   99.970001  100.20  0.23 -1.81
35 2024-05-14  100.019997  100.95  0.94 -0.87
36 2024-05-15   99.940002  100.35  0.40 -0.47
37 2024-05-16   99.989998   99.58 -0.41 -0.88
38 2024-05-17  100.019997  100.42  0.40 -0.48
39 2024-05-20   99.940002  101.38  1.44  0.96
40 2024-05-21   99.970001   99.00 -0.97 -0.01
41 2024-05-22   99.940002   99.98  0.03  0.02
42 2024-05-23   99.769997   98.84 -0.93 -0.91
43 2024-05-24   99.970001  100.85  0.88 -0.03
Mean Absolute Error: 0.83%
Epoch: 333, Final Loss: 0.000098
Norm: 59.41
===
         date  prediction  actual  diff   acc
0  2024-03-21  100.040001  100.95  0.91  0.91
1  2024-03-22   99.779999   99.48 -0.30  0.61
2  2024-03-25   99.860001   99.03 -0.83 -0.22
3  2024-03-26   99.919998  100.26  0.35  0.13
4  2024-03-27  100.059998  100.38  0.32  0.45
5  2024-03-28   99.930000   99.83 -0.10  0.35
6  2024-04-01   99.849998   98.98 -0.87 -0.52
7  2024-04-02   99.760002   99.02 -0.75 -1.27
8  2024-04-03   99.910004  101.26  1.35  0.08
9  2024-04-04   99.690002   97.85 -1.85 -1.77
10 2024-04-05  100.050003  100.56  0.51 -1.26
11 2024-04-08   99.930000  100.27  0.34 -0.92
12 2024-04-09   99.900002  100.27  0.36 -0.56
13 2024-04-10   99.889999   98.65 -1.25 -1.81
14 2024-04-11   99.919998  101.69  1.77 -0.04
15 2024-04-12   99.739998   98.26 -1.47 -1.51
16 2024-04-15   99.919998   99.12 -0.80 -2.31
17 2024-04-16   99.980003   99.85 -0.12 -2.43
18 2024-04-17   99.870003   97.77 -2.10 -4.53
19 2024-04-18   99.940002   99.70 -0.25 -4.78
20 2024-04-19   99.989998   98.80 -1.19 -5.97
21 2024-04-22  100.029999  101.57  1.54 -4.43
22 2024-04-23  100.010002  100.61  0.60 -3.83
23 2024-04-24   99.940002   99.70 -0.25 -4.08
24 2024-04-25   99.800003   99.67 -0.13 -4.21
25 2024-04-29  100.089996  101.52  1.43 -2.78
26 2024-04-30   99.839996   99.28 -0.56 -3.34
27 2024-05-01   99.660004   99.92  0.27 -3.07
28 2024-05-06  100.199997  102.21  2.01 -1.06
29 2024-05-07  100.000000   99.48 -0.51 -1.57
30 2024-05-08  100.050003   98.96 -1.09 -2.66
31 2024-05-09  100.029999  100.48  0.45 -2.21
32 2024-05-10   99.980003   99.28 -0.70 -2.91
33 2024-05-13   99.930000  100.20  0.27 -2.64
34 2024-05-14   99.980003  100.95  0.97 -1.67
35 2024-05-15   99.900002  100.35  0.45 -1.22
36 2024-05-16   99.949997   99.58 -0.37 -1.59
37 2024-05-17   99.980003  100.42  0.44 -1.15
38 2024-05-20   99.900002  101.38  1.49  0.34
39 2024-05-21   99.930000   99.00 -0.93 -0.59
40 2024-05-22   99.900002   99.98  0.08 -0.51
41 2024-05-23   99.709999   98.84 -0.87 -1.38
42 2024-05-24   99.919998  100.85  0.92 -0.46
43 2024-05-28   99.849998  100.27  0.42 -0.04
Mean Absolute Error: 0.79%
Epoch: 358, Final Loss: 0.000087
Norm: 86.19
===
         date  prediction  actual  diff   acc
0  2024-03-22   99.760002   99.48 -0.28 -0.28
1  2024-03-25   99.809998   99.03 -0.78 -1.06
2  2024-03-26   99.849998  100.26  0.41 -0.65
3  2024-03-27   99.949997  100.38  0.43 -0.22
4  2024-03-28   99.870003   99.83 -0.03 -0.25
5  2024-04-01   99.809998   98.98 -0.83 -1.08
6  2024-04-02   99.750000   99.02 -0.73 -1.81
7  2024-04-03   99.849998  101.26  1.41 -0.40
8  2024-04-04   99.690002   97.85 -1.85 -2.25
9  2024-04-05   99.949997  100.56  0.62 -1.63
10 2024-04-08   99.860001  100.27  0.41 -1.22
11 2024-04-09   99.839996  100.27  0.42 -0.80
12 2024-04-10   99.839996   98.65 -1.19 -1.99
13 2024-04-11   99.860001  101.69  1.84 -0.15
14 2024-04-12   99.730003   98.26 -1.47 -1.62
15 2024-04-15   99.849998   99.12 -0.74 -2.36
16 2024-04-16   99.889999   99.85 -0.04 -2.40
17 2024-04-17   99.820000   97.77 -2.05 -4.45
18 2024-04-18   99.870003   99.70 -0.18 -4.63
19 2024-04-19   99.900002   98.80 -1.10 -5.73
20 2024-04-22   99.930000  101.57  1.64 -4.09
21 2024-04-23   99.919998  100.61  0.69 -3.40
22 2024-04-24   99.870003   99.70 -0.17 -3.57
23 2024-04-25   99.769997   99.67 -0.10 -3.67
24 2024-04-29   99.970001  101.52  1.55 -2.12
25 2024-04-30   99.800003   99.28 -0.52 -2.64
26 2024-05-01   99.669998   99.92  0.25 -2.39
27 2024-05-06  100.050003  102.21  2.17 -0.22
28 2024-05-07   99.910004   99.48 -0.43 -0.65
29 2024-05-08   99.940002   98.96 -0.99 -1.64
30 2024-05-09   99.930000  100.48  0.54 -1.10
31 2024-05-10   99.900002   99.28 -0.62 -1.72
32 2024-05-13   99.860001  100.20  0.34 -1.38
33 2024-05-14   99.889999  100.95  1.06 -0.32
34 2024-05-15   99.839996  100.35  0.51  0.19
35 2024-05-16   99.870003   99.58 -0.29 -0.10
36 2024-05-17   99.900002  100.42  0.52  0.42
37 2024-05-20   99.839996  101.38  1.55  1.97
38 2024-05-21   99.860001   99.00 -0.86  1.11
39 2024-05-22   99.839996   99.98  0.14  1.25
40 2024-05-23   99.709999   98.84 -0.87  0.38
41 2024-05-24   99.860001  100.85  0.99  1.37
42 2024-05-28   99.809998  100.27  0.47  1.84
43 2024-05-29   99.779999   97.93 -1.85 -0.01
Mean Absolute Error: 0.82%
Epoch: 700, Final Loss: 0.000096
Norm: 74.29
===
         date  prediction  actual  diff   acc
0  2024-03-25   99.820000   99.03 -0.79 -0.79
1  2024-03-26   99.870003  100.26  0.39 -0.40
2  2024-03-27   99.980003  100.38  0.40  0.00
3  2024-03-28   99.879997   99.83 -0.05 -0.05
4  2024-04-01   99.820000   98.98 -0.84 -0.89
5  2024-04-02   99.750000   99.02 -0.74 -1.63
6  2024-04-03   99.860001  101.26  1.40 -0.23
7  2024-04-04   99.690002   97.85 -1.85 -2.08
8  2024-04-05   99.970001  100.56  0.59 -1.49
9  2024-04-08   99.879997  100.27  0.39 -1.10
10 2024-04-09   99.860001  100.27  0.41 -0.69
11 2024-04-10   99.849998   98.65 -1.21 -1.90
12 2024-04-11   99.870003  101.69  1.82 -0.08
13 2024-04-12   99.730003   98.26 -1.47 -1.55
14 2024-04-15   99.870003   99.12 -0.75 -2.30
15 2024-04-16   99.910004   99.85 -0.06 -2.36
16 2024-04-17   99.830002   97.77 -2.07 -4.43
17 2024-04-18   99.889999   99.70 -0.20 -4.63
18 2024-04-19   99.930000   98.80 -1.12 -5.75
19 2024-04-22   99.949997  101.57  1.62 -4.13
20 2024-04-23   99.940002  100.61  0.67 -3.46
21 2024-04-24   99.889999   99.70 -0.19 -3.65
22 2024-04-25   99.779999   99.67 -0.11 -3.76
23 2024-04-29  100.000000  101.52  1.52 -2.24
24 2024-04-30   99.809998   99.28 -0.53 -2.77
25 2024-05-01   99.669998   99.92  0.26 -2.51
26 2024-05-06  100.089996  102.21  2.13 -0.38
27 2024-05-07   99.930000   99.48 -0.45 -0.83
28 2024-05-08   99.970001   98.96 -1.01 -1.84
29 2024-05-09   99.959999  100.48  0.52 -1.32
30 2024-05-10   99.919998   99.28 -0.64 -1.96
31 2024-05-13   99.879997  100.20  0.32 -1.64
32 2024-05-14   99.919998  100.95  1.04 -0.60
33 2024-05-15   99.849998  100.35  0.49 -0.11
34 2024-05-16   99.889999   99.58 -0.31 -0.42
35 2024-05-17   99.919998  100.42  0.50  0.08
36 2024-05-20   99.849998  101.38  1.53  1.61
37 2024-05-21   99.879997   99.00 -0.88  0.73
38 2024-05-22   99.849998   99.98  0.12  0.85
39 2024-05-23   99.709999   98.84 -0.87 -0.02
40 2024-05-24   99.870003  100.85  0.97  0.95
41 2024-05-28   99.820000  100.27  0.46  1.41
42 2024-05-29   99.779999   97.93 -1.86 -0.45
43 2024-05-30   99.709999  100.13  0.41 -0.04
Mean Absolute Error: 0.82%
Epoch: 538, Final Loss: 0.000095
Norm: 77.58
===
         date  prediction  actual  diff   acc
0  2024-03-26   99.919998  100.26  0.34  0.34
1  2024-03-27  100.010002  100.38  0.37  0.71
2  2024-03-28   99.930000   99.83 -0.10  0.61
3  2024-04-01   99.889999   98.98 -0.91 -0.30
4  2024-04-02   99.830002   99.02 -0.82 -1.12
5  2024-04-03   99.919998  101.26  1.34  0.22
6  2024-04-04   99.790001   97.85 -1.95 -1.73
7  2024-04-05  100.000000  100.56  0.56 -1.17
8  2024-04-08   99.930000  100.27  0.34 -0.83
9  2024-04-09   99.919998  100.27  0.35 -0.48
10 2024-04-10   99.910004   98.65 -1.26 -1.74
11 2024-04-11   99.930000  101.69  1.77  0.03
12 2024-04-12   99.820000   98.26 -1.56 -1.53
13 2024-04-15   99.919998   99.12 -0.81 -2.34
14 2024-04-16   99.959999   99.85 -0.11 -2.45
15 2024-04-17   99.889999   97.77 -2.13 -4.58
16 2024-04-18   99.940002   99.70 -0.24 -4.82
17 2024-04-19   99.970001   98.80 -1.16 -5.98
18 2024-04-22   99.989998  101.57  1.58 -4.40
19 2024-04-23   99.980003  100.61  0.63 -3.77
20 2024-04-24   99.940002   99.70 -0.24 -4.01
21 2024-04-25   99.860001   99.67 -0.19 -4.20
22 2024-04-29  100.019997  101.52  1.50 -2.70
23 2024-04-30   99.879997   99.28 -0.60 -3.30
24 2024-05-01   99.769997   99.92  0.15 -3.15
25 2024-05-06  100.080002  102.21  2.13 -1.02
26 2024-05-07   99.970001   99.48 -0.49 -1.51
27 2024-05-08  100.000000   98.96 -1.04 -2.55
28 2024-05-09   99.989998  100.48  0.49 -2.06
29 2024-05-10   99.959999   99.28 -0.68 -2.74
30 2024-05-13   99.930000  100.20  0.27 -2.47
31 2024-05-14   99.959999  100.95  0.99 -1.48
32 2024-05-15   99.910004  100.35  0.44 -1.04
33 2024-05-16   99.940002   99.58 -0.36 -1.40
34 2024-05-17   99.959999  100.42  0.46 -0.94
35 2024-05-20   99.910004  101.38  1.47  0.53
36 2024-05-21   99.930000   99.00 -0.93 -0.40
37 2024-05-22   99.910004   99.98  0.07 -0.33
38 2024-05-23   99.800003   98.84 -0.96 -1.29
39 2024-05-24   99.930000  100.85  0.92 -0.37
40 2024-05-28   99.879997  100.27  0.39  0.02
41 2024-05-29   99.860001   97.93 -1.93 -1.91
42 2024-05-30   99.809998  100.13  0.32 -1.59
43 2024-05-31  100.070000  101.66  1.59  0.00
Mean Absolute Error: 0.84%
Epoch: 891, Final Loss: 0.000101
Norm: 89.39
===
         date  prediction  actual  diff   acc
0  2024-03-27  100.059998  100.38  0.32  0.32
1  2024-03-28   99.930000   99.83 -0.10  0.22
2  2024-04-01   99.849998   98.98 -0.87 -0.65
3  2024-04-02   99.760002   99.02 -0.75 -1.40
4  2024-04-03   99.910004  101.26  1.35 -0.05
5  2024-04-04   99.690002   97.85 -1.85 -1.90
6  2024-04-05  100.050003  100.56  0.51 -1.39
7  2024-04-08   99.919998  100.27  0.34 -1.05
8  2024-04-09   99.900002  100.27  0.36 -0.69
9  2024-04-10   99.889999   98.65 -1.25 -1.94
10 2024-04-11   99.919998  101.69  1.77 -0.17
11 2024-04-12   99.730003   98.26 -1.47 -1.64
12 2024-04-15   99.919998   99.12 -0.80 -2.44
13 2024-04-16   99.970001   99.85 -0.12 -2.56
14 2024-04-17   99.870003   97.77 -2.10 -4.66
15 2024-04-18   99.940002   99.70 -0.25 -4.91
16 2024-04-19   99.989998   98.80 -1.18 -6.09
17 2024-04-22  100.019997  101.57  1.54 -4.55
18 2024-04-23  100.010002  100.61  0.60 -3.95
19 2024-04-24   99.940002   99.70 -0.25 -4.20
20 2024-04-25   99.800003   99.67 -0.13 -4.33
21 2024-04-29  100.089996  101.52  1.43 -2.90
22 2024-04-30   99.839996   99.28 -0.56 -3.46
23 2024-05-01   99.660004   99.92  0.27 -3.19
24 2024-05-06  100.199997  102.21  2.02 -1.17
25 2024-05-07  100.000000   99.48 -0.51 -1.68
26 2024-05-08  100.050003   98.96 -1.09 -2.77
27 2024-05-09  100.029999  100.48  0.45 -2.32
28 2024-05-10   99.980003   99.28 -0.70 -3.02
29 2024-05-13   99.930000  100.20  0.27 -2.75
30 2024-05-14   99.980003  100.95  0.98 -1.77
31 2024-05-15   99.900002  100.35  0.45 -1.32
32 2024-05-16   99.949997   99.58 -0.37 -1.69
33 2024-05-17   99.980003  100.42  0.44 -1.25
34 2024-05-20   99.900002  101.38  1.49  0.24
35 2024-05-21   99.930000   99.00 -0.93 -0.69
36 2024-05-22   99.889999   99.98  0.08 -0.61
37 2024-05-23   99.709999   98.84 -0.87 -1.48
38 2024-05-24   99.919998  100.85  0.93 -0.55
39 2024-05-28   99.849998  100.27  0.42 -0.13
40 2024-05-29   99.809998   97.93 -1.88 -2.01
41 2024-05-30   99.720001  100.13  0.41 -1.60
42 2024-05-31  100.169998  101.66  1.49 -0.11
43 2024-06-03   99.760002   99.80  0.05 -0.06
Mean Absolute Error: 0.82%
Epoch: 352, Final Loss: 0.000096
Norm: 94.07
===
         date  prediction  actual  diff   acc
0  2024-03-28   99.919998   99.83 -0.09 -0.09
1  2024-04-01   99.849998   98.98 -0.87 -0.96
2  2024-04-02   99.760002   99.02 -0.75 -1.71
3  2024-04-03   99.900002  101.26  1.36 -0.35
4  2024-04-04   99.699997   97.85 -1.85 -2.20
5  2024-04-05  100.029999  100.56  0.53 -1.67
6  2024-04-08   99.910004  100.27  0.35 -1.32
7  2024-04-09   99.889999  100.27  0.37 -0.95
8  2024-04-10   99.879997   98.65 -1.24 -2.19
9  2024-04-11   99.910004  101.69  1.78 -0.41
10 2024-04-12   99.739998   98.26 -1.48 -1.89
11 2024-04-15   99.910004   99.12 -0.79 -2.68
12 2024-04-16   99.959999   99.85 -0.11 -2.79
13 2024-04-17   99.860001   97.77 -2.09 -4.88
14 2024-04-18   99.930000   99.70 -0.24 -5.12
15 2024-04-19   99.970001   98.80 -1.17 -6.29
16 2024-04-22  100.010002  101.57  1.56 -4.73
17 2024-04-23   99.989998  100.61  0.62 -4.11
18 2024-04-24   99.930000   99.70 -0.23 -4.34
19 2024-04-25   99.800003   99.67 -0.13 -4.47
20 2024-04-29  100.059998  101.52  1.46 -3.01
21 2024-04-30   99.830002   99.28 -0.56 -3.57
22 2024-05-01   99.669998   99.92  0.26 -3.31
23 2024-05-06  100.160004  102.21  2.05 -1.26
24 2024-05-07   99.980003   99.48 -0.50 -1.76
25 2024-05-08  100.029999   98.96 -1.07 -2.83
26 2024-05-09  100.010002  100.48  0.47 -2.36
27 2024-05-10   99.959999   99.28 -0.69 -3.05
28 2024-05-13   99.910004  100.20  0.29 -2.76
29 2024-05-14   99.959999  100.95  0.99 -1.77
30 2024-05-15   99.889999  100.35  0.46 -1.31
31 2024-05-16   99.930000   99.58 -0.35 -1.66
32 2024-05-17   99.970001  100.42  0.46 -1.20
33 2024-05-20   99.889999  101.38  1.50  0.30
34 2024-05-21   99.919998   99.00 -0.92 -0.62
35 2024-05-22   99.889999   99.98  0.09 -0.53
36 2024-05-23   99.720001   98.84 -0.88 -1.41
37 2024-05-24   99.910004  100.85  0.94 -0.47
38 2024-05-28   99.839996  100.27  0.43 -0.04
39 2024-05-29   99.809998   97.93 -1.88 -1.92
40 2024-05-30   99.720001  100.13  0.40 -1.52
41 2024-05-31  100.139999  101.66  1.52  0.00
42 2024-06-03   99.760002   99.80  0.05  0.05
43 2024-06-04   99.849998   99.73 -0.12 -0.07
Mean Absolute Error: 0.82%
Epoch: 321, Final Loss: 0.000097
Norm: 94.39
===
         date  prediction  actual  diff   acc
0  2024-04-01   99.870003   98.98 -0.89 -0.89
1  2024-04-02   99.779999   99.02 -0.76 -1.65
2  2024-04-03   99.919998  101.26  1.34 -0.31
3  2024-04-04   99.699997   97.85 -1.86 -2.17
4  2024-04-05  100.059998  100.56  0.50 -1.67
5  2024-04-08   99.940002  100.27  0.33 -1.34
6  2024-04-09   99.919998  100.27  0.35 -0.99
7  2024-04-10   99.910004   98.65 -1.26 -2.25
8  2024-04-11   99.940002  101.69  1.75 -0.50
9  2024-04-12   99.750000   98.26 -1.49 -1.99
10 2024-04-15   99.930000   99.12 -0.82 -2.81
11 2024-04-16   99.989998   99.85 -0.14 -2.95
12 2024-04-17   99.879997   97.77 -2.12 -5.07
13 2024-04-18   99.959999   99.70 -0.26 -5.33
14 2024-04-19  100.000000   98.80 -1.20 -6.53
15 2024-04-22  100.040001  101.57  1.53 -5.00
16 2024-04-23  100.019997  100.61  0.59 -4.41
17 2024-04-24   99.959999   99.70 -0.26 -4.67
18 2024-04-25   99.820000   99.67 -0.15 -4.82
19 2024-04-29  100.099998  101.52  1.42 -3.40
20 2024-04-30   99.849998   99.28 -0.58 -3.98
21 2024-05-01   99.669998   99.92  0.25 -3.73
22 2024-05-06  100.209999  102.21  2.00 -1.73
23 2024-05-07  100.010002   99.48 -0.53 -2.26
24 2024-05-08  100.059998   98.96 -1.10 -3.36
25 2024-05-09  100.040001  100.48  0.43 -2.93
26 2024-05-10  100.000000   99.28 -0.72 -3.65
27 2024-05-13   99.940002  100.20  0.26 -3.39
28 2024-05-14   99.989998  100.95  0.96 -2.43
29 2024-05-15   99.910004  100.35  0.44 -1.99
30 2024-05-16   99.959999   99.58 -0.38 -2.37
31 2024-05-17  100.000000  100.42  0.42 -1.95
32 2024-05-20   99.910004  101.38  1.47 -0.48
33 2024-05-21   99.940002   99.00 -0.94 -1.42
34 2024-05-22   99.910004   99.98  0.07 -1.35
35 2024-05-23   99.730003   98.84 -0.89 -2.24
36 2024-05-24   99.940002  100.85  0.91 -1.33
37 2024-05-28   99.860001  100.27  0.41 -0.92
38 2024-05-29   99.820000   97.93 -1.90 -2.82
39 2024-05-30   99.730003  100.13  0.39 -2.43
40 2024-05-31  100.180000  101.66  1.47 -0.96
41 2024-06-03   99.769997   99.80  0.03 -0.93
42 2024-06-04   99.870003   99.73 -0.14 -1.07
43 2024-06-05  100.080002  101.09  1.01 -0.06
Mean Absolute Error: 0.83%
Epoch: 355, Final Loss: 0.000098
Norm: 104.02
===
         date  prediction  actual  diff   acc
0  2024-04-02   99.809998   99.02 -0.80 -0.80
1  2024-04-03   99.930000  101.26  1.33  0.53
2  2024-04-04   99.750000   97.85 -1.91 -1.38
3  2024-04-05  100.040001  100.56  0.52 -0.86
4  2024-04-08   99.940002  100.27  0.33 -0.53
5  2024-04-09   99.919998  100.27  0.34 -0.19
6  2024-04-10   99.910004   98.65 -1.27 -1.46
7  2024-04-11   99.940002  101.69  1.75  0.29
8  2024-04-12   99.790001   98.26 -1.53 -1.24
9  2024-04-15   99.930000   99.12 -0.82 -2.06
10 2024-04-16   99.980003   99.85 -0.13 -2.19
11 2024-04-17   99.889999   97.77 -2.13 -4.32
12 2024-04-18   99.959999   99.70 -0.26 -4.58
13 2024-04-19   99.989998   98.80 -1.19 -5.77
14 2024-04-22  100.019997  101.57  1.55 -4.22
15 2024-04-23  100.010002  100.61  0.60 -3.62
16 2024-04-24   99.949997   99.70 -0.26 -3.88
17 2024-04-25   99.839996   99.67 -0.17 -4.05
18 2024-04-29  100.070000  101.52  1.45 -2.60
19 2024-04-30   99.870003   99.28 -0.59 -3.19
20 2024-05-01   99.730003   99.92  0.20 -2.99
21 2024-05-06  100.160004  102.21  2.06 -0.93
22 2024-05-07  100.000000   99.48 -0.51 -1.44
23 2024-05-08  100.040001   98.96 -1.08 -2.52
24 2024-05-09  100.019997  100.48  0.45 -2.07
25 2024-05-10   99.980003   99.28 -0.71 -2.78
26 2024-05-13   99.940002  100.20  0.26 -2.52
27 2024-05-14   99.980003  100.95  0.97 -1.55
28 2024-05-15   99.919998  100.35  0.43 -1.12
29 2024-05-16   99.959999   99.58 -0.38 -1.50
30 2024-05-17   99.989998  100.42  0.44 -1.06
31 2024-05-20   99.919998  101.38  1.47  0.41
32 2024-05-21   99.940002   99.00 -0.94 -0.53
33 2024-05-22   99.919998   99.98  0.06 -0.47
34 2024-05-23   99.769997   98.84 -0.93 -1.40
35 2024-05-24   99.940002  100.85  0.91 -0.49
36 2024-05-28   99.879997  100.27  0.39 -0.10
37 2024-05-29   99.849998   97.93 -1.92 -2.02
38 2024-05-30   99.769997  100.13  0.35 -1.67
39 2024-05-31  100.129997  101.66  1.52 -0.15
40 2024-06-03   99.800003   99.80 -0.00 -0.15
41 2024-06-04   99.879997   99.73 -0.16 -0.31
42 2024-06-05  100.050003  101.09  1.04  0.73
43 2024-06-06   99.910004   99.09 -0.82 -0.09
Mean Absolute Error: 0.84%
Epoch: 486, Final Loss: 0.000100
Norm: 87.38
===
         date  prediction  actual  diff   acc
0  2024-04-03   99.949997  101.26  1.31  1.31
1  2024-04-04   99.769997   97.85 -1.93 -0.62
2  2024-04-05  100.059998  100.56  0.50 -0.12
3  2024-04-08   99.959999  100.27  0.31  0.19
4  2024-04-09   99.940002  100.27  0.32  0.51
5  2024-04-10   99.930000   98.65 -1.29 -0.78
6  2024-04-11   99.959999  101.69  1.73  0.95
7  2024-04-12   99.809998   98.26 -1.55 -0.60
8  2024-04-15   99.949997   99.12 -0.84 -1.44
9  2024-04-16  100.000000   99.85 -0.15 -1.59
10 2024-04-17   99.910004   97.77 -2.15 -3.74
11 2024-04-18   99.970001   99.70 -0.28 -4.02
12 2024-04-19  100.010002   98.80 -1.20 -5.22
13 2024-04-22  100.040001  101.57  1.53 -3.69
14 2024-04-23  100.019997  100.61  0.58 -3.11
15 2024-04-24   99.970001   99.70 -0.28 -3.39
16 2024-04-25   99.860001   99.67 -0.19 -3.58
17 2024-04-29  100.089996  101.52  1.43 -2.15
18 2024-04-30   99.889999   99.28 -0.61 -2.76
19 2024-05-01   99.750000   99.92  0.18 -2.58
20 2024-05-06  100.169998  102.21  2.04 -0.54
21 2024-05-07  100.019997   99.48 -0.53 -1.07
22 2024-05-08  100.059998   98.96 -1.10 -2.17
23 2024-05-09  100.040001  100.48  0.43 -1.74
24 2024-05-10  100.000000   99.28 -0.73 -2.47
25 2024-05-13   99.959999  100.20  0.24 -2.23
26 2024-05-14  100.000000  100.95  0.95 -1.28
27 2024-05-15   99.940002  100.35  0.41 -0.87
28 2024-05-16   99.980003   99.58 -0.40 -1.27
29 2024-05-17  100.000000  100.42  0.42 -0.85
30 2024-05-20   99.940002  101.38  1.45  0.60
31 2024-05-21   99.959999   99.00 -0.96 -0.36
32 2024-05-22   99.940002   99.98  0.04 -0.32
33 2024-05-23   99.790001   98.84 -0.95 -1.27
34 2024-05-24   99.959999  100.85  0.89 -0.38
35 2024-05-28   99.900002  100.27  0.37 -0.01
36 2024-05-29   99.870003   97.93 -1.94 -1.95
37 2024-05-30   99.800003  100.13  0.33 -1.62
38 2024-05-31  100.150002  101.66  1.51 -0.11
39 2024-06-03   99.830002   99.80 -0.02 -0.13
40 2024-06-04   99.910004   99.73 -0.18 -0.31
41 2024-06-05  100.070000  101.09  1.02  0.71
42 2024-06-06   99.930000   99.09 -0.84 -0.13
43 2024-06-07  100.010002  100.07  0.07 -0.06
Mean Absolute Error: 0.82%
Epoch: 533, Final Loss: 0.000099
Norm: 79.02
===
         date  prediction  actual  diff   acc
0  2024-04-04   99.739998   97.85 -1.90 -1.90
1  2024-04-05  100.070000  100.56  0.49 -1.41
2  2024-04-08   99.959999  100.27  0.31 -1.10
3  2024-04-09   99.940002  100.27  0.33 -0.77
4  2024-04-10   99.930000   98.65 -1.28 -2.05
5  2024-04-11   99.959999  101.69  1.74 -0.31
6  2024-04-12   99.779999   98.26 -1.52 -1.83
7  2024-04-15   99.949997   99.12 -0.84 -2.67
8  2024-04-16  100.010002   99.85 -0.15 -2.82
9  2024-04-17   99.910004   97.77 -2.14 -4.96
10 2024-04-18   99.980003   99.70 -0.28 -5.24
11 2024-04-19  100.019997   98.80 -1.21 -6.45
12 2024-04-22  100.050003  101.57  1.52 -4.93
13 2024-04-23  100.029999  100.61  0.57 -4.36
14 2024-04-24   99.980003   99.70 -0.28 -4.64
15 2024-04-25   99.849998   99.67 -0.18 -4.82
16 2024-04-29  100.110001  101.52  1.41 -3.41
17 2024-04-30   99.879997   99.28 -0.60 -4.01
18 2024-05-01   99.709999   99.92  0.21 -3.80
19 2024-05-06  100.209999  102.21  2.00 -1.80
20 2024-05-07  100.019997   99.48 -0.54 -2.34
21 2024-05-08  100.070000   98.96 -1.11 -3.45
22 2024-05-09  100.050003  100.48  0.42 -3.03
23 2024-05-10  100.010002   99.28 -0.73 -3.76
24 2024-05-13   99.959999  100.20  0.24 -3.52
25 2024-05-14  100.010002  100.95  0.94 -2.58
26 2024-05-15   99.930000  100.35  0.41 -2.17
27 2024-05-16   99.980003   99.58 -0.40 -2.57
28 2024-05-17  100.010002  100.42  0.41 -2.16
29 2024-05-20   99.930000  101.38  1.45 -0.71
30 2024-05-21   99.959999   99.00 -0.96 -1.67
31 2024-05-22   99.930000   99.98  0.04 -1.63
32 2024-05-23   99.760002   98.84 -0.92 -2.55
33 2024-05-24   99.959999  100.85  0.89 -1.66
34 2024-05-28   99.889999  100.27  0.38 -1.28
35 2024-05-29   99.849998   97.93 -1.92 -3.20
36 2024-05-30   99.769997  100.13  0.36 -2.84
37 2024-05-31  100.180000  101.66  1.47 -1.37
38 2024-06-03   99.800003   99.80 -0.00 -1.37
39 2024-06-04   99.900002   99.73 -0.17 -1.54
40 2024-06-05  100.089996  101.09  1.01 -0.53
41 2024-06-06   99.930000   99.09 -0.84 -1.37
42 2024-06-07  100.010002  100.07  0.06 -1.31
43 2024-06-10   99.989998  101.26  1.27 -0.04
Mean Absolute Error: 0.82%
Epoch: 322, Final Loss: 0.000097
Norm: 104.40
===
         date  prediction  actual  diff   acc
0  2024-04-05  100.110001  100.56  0.45  0.45
1  2024-04-08   99.989998  100.27  0.28  0.73
2  2024-04-09   99.970001  100.27  0.30  1.03
3  2024-04-10   99.959999   98.65 -1.31 -0.28
4  2024-04-11   99.989998  101.69  1.71  1.43
5  2024-04-12   99.800003   98.26 -1.54 -0.11
6  2024-04-15   99.980003   99.12 -0.86 -0.97
7  2024-04-16  100.040001   99.85 -0.19 -1.16
8  2024-04-17   99.930000   97.77 -2.16 -3.32
9  2024-04-18  100.010002   99.70 -0.31 -3.63
10 2024-04-19  100.050003   98.80 -1.25 -4.88
11 2024-04-22  100.089996  101.57  1.48 -3.40
12 2024-04-23  100.070000  100.61  0.54 -2.86
13 2024-04-24  100.010002   99.70 -0.31 -3.17
14 2024-04-25   99.870003   99.67 -0.20 -3.37
15 2024-04-29  100.150002  101.52  1.37 -2.00
16 2024-04-30   99.900002   99.28 -0.62 -2.62
17 2024-05-01   99.720001   99.92  0.20 -2.42
18 2024-05-06  100.260002  102.21  1.95 -0.47
19 2024-05-07  100.059998   99.48 -0.58 -1.05
20 2024-05-08  100.110001   98.96 -1.15 -2.20
21 2024-05-09  100.089996  100.48  0.38 -1.82
22 2024-05-10  100.040001   99.28 -0.77 -2.59
23 2024-05-13   99.989998  100.20  0.21 -2.38
24 2024-05-14  100.040001  100.95  0.91 -1.47
25 2024-05-15   99.959999  100.35  0.39 -1.08
26 2024-05-16  100.010002   99.58 -0.43 -1.51
27 2024-05-17  100.050003  100.42  0.38 -1.13
28 2024-05-20   99.959999  101.38  1.42  0.29
29 2024-05-21   99.989998   99.00 -0.99 -0.70
30 2024-05-22   99.959999   99.98  0.02 -0.68
31 2024-05-23   99.779999   98.84 -0.93 -1.61
32 2024-05-24   99.989998  100.85  0.86 -0.75
33 2024-05-28   99.910004  100.27  0.36 -0.39
34 2024-05-29   99.870003   97.93 -1.94 -2.33
35 2024-05-30   99.779999  100.13  0.34 -1.99
36 2024-05-31  100.230003  101.66  1.42 -0.57
37 2024-06-03   99.820000   99.80 -0.02 -0.59
38 2024-06-04   99.919998   99.73 -0.19 -0.78
39 2024-06-05  100.129997  101.09  0.96  0.18
40 2024-06-06   99.959999   99.09 -0.86 -0.68
41 2024-06-07  100.050003  100.07  0.03 -0.65
42 2024-06-10  100.029999  101.26  1.24  0.59
43 2024-06-11   99.940002   99.34 -0.60 -0.01
Mean Absolute Error: 0.78%
Epoch: 349, Final Loss: 0.000089
Norm: 77.18
===
         date  prediction  actual  diff   acc
0  2024-04-08  100.000000  100.27  0.27  0.27
1  2024-04-09   99.980003  100.27  0.28  0.55
2  2024-04-10   99.970001   98.65 -1.33 -0.78
3  2024-04-11  100.000000  101.69  1.69  0.91
4  2024-04-12   99.839996   98.26 -1.58 -0.67
5  2024-04-15   99.989998   99.12 -0.88 -1.55
6  2024-04-16  100.040001   99.85 -0.19 -1.74
7  2024-04-17   99.949997   97.77 -2.18 -3.92
8  2024-04-18  100.019997   99.70 -0.32 -4.24
9  2024-04-19  100.050003   98.80 -1.25 -5.49
10 2024-04-22  100.080002  101.57  1.48 -4.01
11 2024-04-23  100.070000  100.61  0.54 -3.47
12 2024-04-24  100.019997   99.70 -0.32 -3.79
13 2024-04-25   99.900002   99.67 -0.23 -4.02
14 2024-04-29  100.129997  101.52  1.38 -2.64
15 2024-04-30   99.930000   99.28 -0.65 -3.29
16 2024-05-01   99.779999   99.92  0.15 -3.14
17 2024-05-06  100.230003  102.21  1.98 -1.16
18 2024-05-07  100.059998   99.48 -0.58 -1.74
19 2024-05-08  100.099998   98.96 -1.14 -2.88
20 2024-05-09  100.089996  100.48  0.39 -2.49
21 2024-05-10  100.050003   99.28 -0.77 -3.26
22 2024-05-13  100.000000  100.20  0.20 -3.06
23 2024-05-14  100.040001  100.95  0.91 -2.15
24 2024-05-15   99.980003  100.35  0.37 -1.78
25 2024-05-16  100.019997   99.58 -0.44 -2.22
26 2024-05-17  100.050003  100.42  0.37 -1.85
27 2024-05-20   99.980003  101.38  1.41 -0.44
28 2024-05-21  100.000000   99.00 -1.00 -1.44
29 2024-05-22   99.980003   99.98  0.00 -1.44
30 2024-05-23   99.820000   98.84 -0.98 -2.42
31 2024-05-24  100.000000  100.85  0.85 -1.57
32 2024-05-28   99.940002  100.27  0.34 -1.23
33 2024-05-29   99.900002   97.93 -1.97 -3.20
34 2024-05-30   99.830002  100.13  0.30 -2.90
35 2024-05-31  100.199997  101.66  1.45 -1.45
36 2024-06-03   99.860001   99.80 -0.06 -1.51
37 2024-06-04   99.940002   99.73 -0.22 -1.73
38 2024-06-05  100.120003  101.09  0.98 -0.75
39 2024-06-06   99.970001   99.09 -0.88 -1.63
40 2024-06-07  100.050003  100.07  0.02 -1.61
41 2024-06-10  100.029999  101.26  1.23 -0.38
42 2024-06-11   99.959999   99.34 -0.62 -1.00
43 2024-06-12   99.949997  100.91  0.96 -0.04
Mean Absolute Error: 0.80%
Epoch: 436, Final Loss: 0.000093
Norm: 85.16
===
Time: 6 min :21 sec.
