6/27/2024, 2:27:31 AM
      date predic actual  diff   acc
2024-02-16  99.74  99.40 -0.34 -0.34
2024-02-20  99.91  99.40 -0.51 -0.85
2024-02-21  99.98 101.49  1.50  0.66
2024-02-23 100.42 101.42  0.99  1.65
2024-02-26  99.89  99.76 -0.14  1.51
2024-02-27  99.85 100.00  0.15  1.65
2024-02-28  99.94  99.26 -0.68  0.97
2024-02-29 100.00 100.96  0.96  1.94
2024-03-01 100.08 102.43  2.34  4.28
2024-03-04  99.84  99.21 -0.63  3.65
2024-03-05  99.54  99.69  0.14  3.79
2024-03-06 100.06 101.43  1.37  5.16
2024-03-07 100.10  98.28 -1.81  3.35
2024-03-08  99.93  98.28 -1.65  1.69
2024-03-11 100.00  98.67 -1.33  0.36
2024-03-12 100.16 101.78  1.61  1.97
2024-03-13  99.99  98.50 -1.49  0.48
2024-03-14  99.83  99.83 -0.00  0.48
2024-03-15  99.63 101.15  1.53  2.01
2024-03-18 100.02 101.53  1.51  3.52
2024-03-20 100.55 102.63  2.07  5.58
2024-03-21 100.20 100.95  0.75  6.33
2024-03-22  99.64  99.48 -0.15  6.18
2024-03-25  99.80  99.03 -0.77  5.41
2024-03-26  99.94 100.26  0.32  5.73
2024-03-27 100.38 100.38  0.00  5.74
2024-03-28  99.97  99.83 -0.14  5.60
2024-04-01  99.71  98.98 -0.73  4.87
2024-04-02  99.58  99.02 -0.56  4.30
2024-04-03  99.92 101.26  1.35  5.65
2024-04-04  99.41  97.85 -1.57  4.08
2024-04-05 100.21 100.56  0.35  4.42
2024-04-08  99.97 100.27  0.29  4.72
2024-04-09  99.93 100.27  0.34  5.06
2024-04-10  99.47  98.65 -0.83  4.23
2024-04-11  99.95 101.69  1.74  5.96
2024-04-12  99.46  98.26 -1.20  4.77
2024-04-15  99.67  99.12 -0.55  4.21
2024-04-16 100.01  99.85 -0.16  4.05
2024-04-17  99.91  97.77 -2.14  1.91
2024-04-18  99.99  99.70 -0.29  1.62
2024-04-19 100.14  98.80 -1.34  0.28
2024-04-22 100.20 101.57  1.37  1.66
2024-04-23 100.20 100.61  0.40  2.06
Mean Absolute Error: 0.91%
Min: -0.85 Max: 6.33 Mid: 2.74
Epoch: 500000 BatchSize: 44 FinalLSM: 0.00262
Norm: 40.49
===
      date predic actual  diff   acc
2024-02-20  99.91  99.40 -0.51 -0.51
2024-02-21  99.99 101.49  1.50  0.99
2024-02-23 100.41 101.42  1.00  1.99
2024-02-26  99.90  99.76 -0.14  1.85
2024-02-27  99.86 100.00  0.14  1.99
2024-02-28  99.95  99.26 -0.68  1.31
2024-02-29 100.00 100.96  0.96  2.27
2024-03-01 100.08 102.43  2.35  4.62
2024-03-04  99.85  99.21 -0.64  3.98
2024-03-05  99.56  99.69  0.13  4.10
2024-03-06 100.06 101.43  1.37  5.47
2024-03-07 100.10  98.28 -1.81  3.66
2024-03-08  99.93  98.28 -1.65  2.01
2024-03-11 100.00  98.67 -1.33  0.68
2024-03-12 100.16 101.78  1.61  2.29
2024-03-13  99.99  98.50 -1.49  0.80
2024-03-14  99.84  99.83 -0.01  0.79
2024-03-15  99.64 101.15  1.52  2.30
2024-03-18 100.02 101.53  1.51  3.81
2024-03-20 100.54 102.63  2.08  5.89
2024-03-21 100.19 100.95  0.75  6.65
2024-03-22  99.65  99.48 -0.17  6.48
2024-03-25  99.81  99.03 -0.78  5.70
2024-03-26  99.94 100.26  0.32  6.02
2024-03-27 100.37 100.38  0.01  6.04
2024-03-28  99.97  99.83 -0.14  5.90
2024-04-01  99.72  98.98 -0.74  5.16
2024-04-02  99.60  99.02 -0.58  4.57
2024-04-03  99.92 101.26  1.34  5.92
2024-04-04  99.43  97.85 -1.59  4.32
2024-04-05 100.21 100.56  0.35  4.68
2024-04-08  99.98 100.27  0.29  4.97
2024-04-09  99.93 100.27  0.33  5.30
2024-04-10  99.49  98.65 -0.85  4.45
2024-04-11  99.96 101.69  1.74  6.19
2024-04-12  99.48  98.26 -1.22  4.97
2024-04-15  99.68  99.12 -0.57  4.40
2024-04-16 100.01  99.85 -0.16  4.24
2024-04-17  99.91  97.77 -2.14  2.10
2024-04-18  99.99  99.70 -0.29  1.80
2024-04-19 100.14  98.80 -1.33  0.47
2024-04-22 100.19 101.57  1.38  1.85
2024-04-23 100.20 100.61  0.41  2.26
2024-04-24  99.89  99.70 -0.19  2.06
Mean Absolute Error: 0.91%
Min: -0.51 Max: 6.65 Mid: 3.07
Epoch: 500000 BatchSize: 44 FinalLSM: 0.00263
Norm: 35.97
===
      date predic actual  diff   acc
2024-02-21 100.00 101.49  1.49  1.49
2024-02-23 100.42 101.42  0.99  2.48
2024-02-26  99.91  99.76 -0.16  2.32
2024-02-27  99.87 100.00  0.13  2.45
2024-02-28  99.96  99.26 -0.70  1.75
2024-02-29 100.02 100.96  0.95  2.70
2024-03-01 100.09 102.43  2.33  5.03
2024-03-04  99.86  99.21 -0.65  4.39
2024-03-05  99.57  99.69  0.11  4.50
2024-03-06 100.07 101.43  1.35  5.85
2024-03-07 100.11  98.28 -1.83  4.03
2024-03-08  99.94  98.28 -1.67  2.36
2024-03-11 100.01  98.67 -1.34  1.01
2024-03-12 100.17 101.78  1.60  2.61
2024-03-13 100.01  98.50 -1.51  1.11
2024-03-14  99.85  99.83 -0.02  1.08
2024-03-15  99.65 101.15  1.51  2.59
2024-03-18 100.04 101.53  1.50  4.09
2024-03-20 100.55 102.63  2.07  6.15
2024-03-21 100.21 100.95  0.74  6.89
2024-03-22  99.66  99.48 -0.18  6.72
2024-03-25  99.82  99.03 -0.79  5.93
2024-03-26  99.96 100.26  0.31  6.23
2024-03-27 100.38 100.38 -0.00  6.23
2024-03-28  99.99  99.83 -0.15  6.08
2024-04-01  99.73  98.98 -0.75  5.33
2024-04-02  99.61  99.02 -0.59  4.74
2024-04-03  99.93 101.26  1.33  6.06
2024-04-04  99.44  97.85 -1.60  4.46
2024-04-05 100.22 100.56  0.34  4.80
2024-04-08  99.99 100.27  0.28  5.08
2024-04-09  99.95 100.27  0.32  5.40
2024-04-10  99.50  98.65 -0.86  4.55
2024-04-11  99.97 101.69  1.72  6.27
2024-04-12  99.49  98.26 -1.23  5.04
2024-04-15  99.69  99.12 -0.57  4.46
2024-04-16 100.03  99.85 -0.17  4.29
2024-04-17  99.92  97.77 -2.16  2.13
2024-04-18 100.00  99.70 -0.31  1.83
2024-04-19 100.15  98.80 -1.35  0.48
2024-04-22 100.20 101.57  1.36  1.84
2024-04-23 100.21 100.61  0.39  2.24
2024-04-24  99.90  99.70 -0.21  2.03
2024-04-25  99.61  99.67  0.07  2.10
Mean Absolute Error: 0.9%
Min: 0.48 Max: 6.89 Mid: 3.69
Epoch: 500000 BatchSize: 44 FinalLSM: 0.00261
Norm: 25.22
===
      date predic actual  diff   acc
2024-02-23 100.47 101.42  0.94  0.94
2024-02-26  99.90  99.76 -0.15  0.79
2024-02-27  99.86 100.00  0.14  0.93
2024-02-28  99.96  99.26 -0.70  0.23
2024-02-29 100.02 100.96  0.94  1.17
2024-03-01 100.11 102.43  2.32  3.49
2024-03-04  99.84  99.21 -0.63  2.85
2024-03-05  99.52  99.69  0.17  3.02
2024-03-06 100.09 101.43  1.34  4.36
2024-03-07 100.13  98.28 -1.84  2.52
2024-03-08  99.94  98.28 -1.67  0.85
2024-03-11 100.02  98.67 -1.35 -0.50
2024-03-12 100.20 101.78  1.58  1.08
2024-03-13 100.01  98.50 -1.51 -0.44
2024-03-14  99.83  99.83 -0.01 -0.44
2024-03-15  99.61 101.15  1.55  1.10
2024-03-18 100.04 101.53  1.49  2.59
2024-03-20 100.61 102.63  2.00  4.60
2024-03-21 100.24 100.95  0.71  5.31
2024-03-22  99.62  99.48 -0.14  5.17
2024-03-25  99.80  99.03 -0.77  4.40
2024-03-26  99.96 100.26  0.31  4.70
2024-03-27 100.43 100.38 -0.05  4.66
2024-03-28  99.99  99.83 -0.16  4.50
2024-04-01  99.70  98.98 -0.72  3.78
2024-04-02  99.56  99.02 -0.54  3.23
2024-04-03  99.93 101.26  1.33  4.57
2024-04-04  99.37  97.85 -1.53  3.03
2024-04-05 100.25 100.56  0.31  3.34
2024-04-08  99.99 100.27  0.28  3.62
2024-04-09  99.94 100.27  0.32  3.94
2024-04-10  99.44  98.65 -0.80  3.15
2024-04-11  99.97 101.69  1.72  4.87
2024-04-12  99.42  98.26 -1.17  3.70
2024-04-15  99.65  99.12 -0.54  3.16
2024-04-16 100.03  99.85 -0.18  2.98
2024-04-17  99.92  97.77 -2.15  0.83
2024-04-18 100.01  99.70 -0.31  0.52
2024-04-19 100.18  98.80 -1.37 -0.85
2024-04-22 100.23 101.57  1.33  0.48
2024-04-23 100.24 100.61  0.36  0.85
2024-04-24  99.90  99.70 -0.20  0.65
2024-04-25  99.56  99.67  0.11  0.76
2024-04-29 100.25 101.52  1.26  2.03
Mean Absolute Error: 0.89%
Min: -0.85 Max: 5.31 Mid: 2.23
Epoch: 500000 BatchSize: 44 FinalLSM: 0.00253
Norm: 46.76
===
      date predic actual  diff   acc
2024-02-26  99.89  99.76 -0.14 -0.14
2024-02-27  99.85 100.00  0.15  0.01
2024-02-28  99.94  99.26 -0.68 -0.67
2024-02-29 100.00 100.96  0.97  0.30
2024-03-01 100.08 102.43  2.35  2.65
2024-03-04  99.84  99.21 -0.63  2.02
2024-03-05  99.55  99.69  0.14  2.16
2024-03-06 100.06 101.43  1.37  3.53
2024-03-07 100.10  98.28 -1.81  1.72
2024-03-08  99.93  98.28 -1.65  0.07
2024-03-11  99.99  98.67 -1.33 -1.26
2024-03-12 100.16 101.78  1.62  0.36
2024-03-13  99.99  98.50 -1.49 -1.13
2024-03-14  99.83  99.83 -0.00 -1.13
2024-03-15  99.62 101.15  1.53  0.40
2024-03-18 100.02 101.53  1.51  1.91
2024-03-20 100.54 102.63  2.08  3.99
2024-03-21 100.20 100.95  0.75  4.74
2024-03-22  99.64  99.48 -0.15  4.59
2024-03-25  99.80  99.03 -0.77  3.82
2024-03-26  99.94 100.26  0.32  4.15
2024-03-27 100.37 100.38  0.01  4.15
2024-03-28  99.97  99.83 -0.13  4.02
2024-04-01  99.71  98.98 -0.73  3.29
2024-04-02  99.58  99.02 -0.57  2.72
2024-04-03  99.91 101.26  1.35  4.07
2024-04-04  99.41  97.85 -1.57  2.50
2024-04-05 100.21 100.56  0.35  2.85
2024-04-08  99.97 100.27  0.30  3.15
2024-04-09  99.93 100.27  0.34  3.49
2024-04-10  99.47  98.65 -0.83  2.66
2024-04-11  99.95 101.69  1.74  4.40
2024-04-12  99.46  98.26 -1.20  3.20
2024-04-15  99.66  99.12 -0.55  2.65
2024-04-16 100.01  99.85 -0.16  2.49
2024-04-17  99.90  97.77 -2.14  0.36
2024-04-18  99.98  99.70 -0.29  0.07
2024-04-19 100.14  98.80 -1.33 -1.26
2024-04-22 100.19 101.57  1.38  0.11
2024-04-23 100.20 100.61  0.41  0.52
2024-04-24  99.88  99.70 -0.19  0.33
2024-04-25  99.58  99.67  0.09  0.43
2024-04-29 100.21 101.52  1.31  1.73
2024-04-30  99.31  99.28 -0.03  1.70
Mean Absolute Error: 0.87%
Min: -1.26 Max: 4.74 Mid: 1.74
Epoch: 500000 BatchSize: 44 FinalLSM: 0.00254
Norm: 49.42
===
      date predic actual  diff   acc
2024-02-27  99.85 100.00  0.15  0.15
2024-02-28  99.94  99.26 -0.68 -0.53
2024-02-29  99.99 100.96  0.97  0.44
2024-03-01 100.07 102.43  2.35  2.79
2024-03-04  99.84  99.21 -0.63  2.16
2024-03-05  99.55  99.69  0.14  2.31
2024-03-06 100.05 101.43  1.37  3.68
2024-03-07 100.09  98.28 -1.81  1.87
2024-03-08  99.92  98.28 -1.65  0.23
2024-03-11  99.99  98.67 -1.33 -1.10
2024-03-12 100.16 101.78  1.62  0.52
2024-03-13  99.99  98.50 -1.49 -0.97
2024-03-14  99.83  99.83 -0.00 -0.97
2024-03-15  99.63 101.15  1.53  0.56
2024-03-18 100.02 101.53  1.52  2.07
2024-03-20 100.54 102.63  2.08  4.15
2024-03-21 100.19 100.95  0.76  4.91
2024-03-22  99.64  99.48 -0.15  4.75
2024-03-25  99.80  99.03 -0.77  3.99
2024-03-26  99.94 100.26  0.33  4.31
2024-03-27 100.37 100.38  0.01  4.33
2024-03-28  99.97  99.83 -0.13  4.19
2024-04-01  99.71  98.98 -0.73  3.46
2024-04-02  99.58  99.02 -0.57  2.90
2024-04-03  99.91 101.26  1.35  4.24
2024-04-04  99.41  97.85 -1.58  2.67
2024-04-05 100.21 100.56  0.36  3.02
2024-04-08  99.97 100.27  0.30  3.32
2024-04-09  99.93 100.27  0.34  3.67
2024-04-10  99.48  98.65 -0.84  2.83
2024-04-11  99.95 101.69  1.74  4.57
2024-04-12  99.46  98.26 -1.20  3.37
2024-04-15  99.67  99.12 -0.55  2.82
2024-04-16 100.01  99.85 -0.16  2.66
2024-04-17  99.90  97.77 -2.13  0.52
2024-04-18  99.98  99.70 -0.29  0.24
2024-04-19 100.14  98.80 -1.33 -1.09
2024-04-22 100.19 101.57  1.38  0.29
2024-04-23 100.20 100.61  0.41  0.70
2024-04-24  99.88  99.70 -0.19  0.51
2024-04-25  99.58  99.67  0.09  0.60
2024-04-29 100.21 101.52  1.31  1.91
2024-04-30  99.32  99.28 -0.04  1.87
2024-05-01 100.07  99.92 -0.15  1.72
Mean Absolute Error: 0.87%
Min: -1.10 Max: 4.91 Mid: 1.90
Epoch: 500000 BatchSize: 44 FinalLSM: 0.00254
Norm: 47.04
===
      date predic actual  diff   acc
2024-02-28  99.98  99.26 -0.71 -0.71
2024-02-29 100.08 100.96  0.88  0.17
2024-03-01 100.18 102.43  2.24  2.41
2024-03-04  99.81  99.21 -0.60  1.81
2024-03-05  99.38  99.69  0.31  2.12
2024-03-06 100.17 101.43  1.26  3.38
2024-03-07 100.24  98.28 -1.95  1.43
2024-03-08  99.98  98.28 -1.70 -0.28
2024-03-11 100.06  98.67 -1.39 -1.67
2024-03-12 100.29 101.78  1.48 -0.19
2024-03-13 100.05  98.50 -1.55 -1.74
2024-03-14  99.79  99.83  0.03 -1.71
2024-03-15  99.47 101.15  1.69 -0.02
2024-03-18 100.10 101.53  1.44  1.42
2024-03-20 100.81 102.63  1.81  3.23
2024-03-21 100.35 100.95  0.60  3.82
2024-03-22  99.51  99.48 -0.03  3.80
2024-03-25  99.76  99.03 -0.73  3.07
2024-03-26  99.97 100.26  0.29  3.36
2024-03-27 100.61 100.38 -0.23  3.13
2024-03-28 100.02  99.83 -0.19  2.94
2024-04-01  99.61  98.98 -0.64  2.30
2024-04-02  99.42  99.02 -0.41  1.90
2024-04-03  99.93 101.26  1.33  3.22
2024-04-04  99.15  97.85 -1.32  1.91
2024-04-05 100.37 100.56  0.19  2.10
2024-04-08 100.02 100.27  0.25  2.34
2024-04-09  99.96 100.27  0.31  2.65
2024-04-10  99.20  98.65 -0.56  2.09
2024-04-11  99.99 101.69  1.70  3.78
2024-04-12  99.22  98.26 -0.97  2.82
2024-04-15  99.53  99.12 -0.41  2.40
2024-04-16 100.07  99.85 -0.22  2.18
2024-04-17  99.93  97.77 -2.16  0.02
2024-04-18 100.04  99.70 -0.35 -0.33
2024-04-19 100.28  98.80 -1.47 -1.79
2024-04-22 100.34 101.57  1.22 -0.57
2024-04-23 100.36 100.61  0.24 -0.33
2024-04-24  99.88  99.70 -0.19 -0.51
2024-04-25  99.41  99.67  0.26 -0.25
2024-04-29 100.36 101.52  1.15  0.90
2024-04-30  98.93  99.28  0.35  1.25
2024-05-01 100.25  99.92 -0.32  0.92
2024-05-06 101.14 102.21  1.07  1.99
Mean Absolute Error: 0.87%
Min: -1.79 Max: 3.82 Mid: 1.02
Epoch: 500000 BatchSize: 44 FinalLSM: 0.00242
Norm: 67.34
===
      date predic actual  diff   acc
2024-02-29 100.08 100.96  0.88  0.88
2024-03-01 100.18 102.43  2.24  3.12
2024-03-04  99.81  99.21 -0.60  2.52
2024-03-05  99.38  99.69  0.31  2.83
2024-03-06 100.17 101.43  1.25  4.08
2024-03-07 100.24  98.28 -1.96  2.12
2024-03-08  99.98  98.28 -1.71  0.42
2024-03-11 100.06  98.67 -1.40 -0.98
2024-03-12 100.29 101.78  1.49  0.51
2024-03-13 100.05  98.50 -1.55 -1.05
2024-03-14  99.79  99.83  0.03 -1.01
2024-03-15  99.47 101.15  1.69  0.68
2024-03-18 100.10 101.53  1.44  2.11
2024-03-20 100.80 102.63  1.82  3.93
2024-03-21 100.35 100.95  0.60  4.53
2024-03-22  99.52  99.48 -0.03  4.49
2024-03-25  99.76  99.03 -0.73  3.76
2024-03-26  99.97 100.26  0.29  4.05
2024-03-27 100.61 100.38 -0.23  3.82
2024-03-28 100.02  99.83 -0.19  3.64
2024-04-01  99.62  98.98 -0.64  3.00
2024-04-02  99.42  99.02 -0.41  2.59
2024-04-03  99.94 101.26  1.33  3.91
2024-04-04  99.16  97.85 -1.32  2.59
2024-04-05 100.37 100.56  0.19  2.78
2024-04-08 100.02 100.27  0.25  3.03
2024-04-09  99.96 100.27  0.31  3.33
2024-04-10  99.20  98.65 -0.56  2.77
2024-04-11  99.99 101.69  1.70  4.47
2024-04-12  99.23  98.26 -0.97  3.50
2024-04-15  99.53  99.12 -0.41  3.09
2024-04-16 100.07  99.85 -0.22  2.87
2024-04-17  99.93  97.77 -2.17  0.70
2024-04-18 100.04  99.70 -0.35  0.36
2024-04-19 100.28  98.80 -1.47 -1.11
2024-04-22 100.34 101.57  1.22  0.11
2024-04-23 100.36 100.61  0.24  0.35
2024-04-24  99.88  99.70 -0.19  0.17
2024-04-25  99.41  99.67  0.26  0.43
2024-04-29 100.36 101.52  1.15  1.58
2024-04-30  98.93  99.28  0.35  1.93
2024-05-01 100.26  99.92 -0.33  1.60
2024-05-06 101.14 102.21  1.06  2.66
2024-05-07 100.00  99.48 -0.51  2.15
Mean Absolute Error: 0.86%
Min: -1.11 Max: 4.53 Mid: 1.71
Epoch: 500000 BatchSize: 44 FinalLSM: 0.00242
Norm: 57.84
===
      date predic actual  diff   acc
2024-03-01 100.13 102.43  2.30  2.30
2024-03-04  99.77  99.21 -0.56  1.74
2024-03-05  99.35  99.69  0.34  2.08
2024-03-06 100.11 101.43  1.31  3.39
2024-03-07 100.18  98.28 -1.90  1.49
2024-03-08  99.93  98.28 -1.66 -0.16
2024-03-11 100.01  98.67 -1.34 -1.51
2024-03-12 100.23 101.78  1.54  0.03
2024-03-13 100.00  98.50 -1.50 -1.47
2024-03-14  99.75  99.83  0.07 -1.40
2024-03-15  99.44 101.15  1.72  0.32
2024-03-18 100.04 101.53  1.49  1.81
2024-03-20 100.74 102.63  1.88  3.69
2024-03-21 100.29 100.95  0.66  4.35
2024-03-22  99.48  99.48  0.00  4.35
2024-03-25  99.72  99.03 -0.69  3.66
2024-03-26  99.93 100.26  0.34  4.00
2024-03-27 100.54 100.38 -0.16  3.83
2024-03-28  99.97  99.83 -0.14  3.70
2024-04-01  99.58  98.98 -0.60  3.09
2024-04-02  99.39  99.02 -0.38  2.72
2024-04-03  99.89 101.26  1.37  4.09
2024-04-04  99.13  97.85 -1.30  2.79
2024-04-05 100.31 100.56  0.25  3.04
2024-04-08  99.97 100.27  0.30  3.34
2024-04-09  99.91 100.27  0.35  3.69
2024-04-10  99.18  98.65 -0.54  3.15
2024-04-11  99.95 101.69  1.75  4.89
2024-04-12  99.20  98.26 -0.95  3.95
2024-04-15  99.50  99.12 -0.38  3.57
2024-04-16 100.02  99.85 -0.17  3.40
2024-04-17  99.88  97.77 -2.12  1.28
2024-04-18  99.99  99.70 -0.30  0.98
2024-04-19 100.22  98.80 -1.41 -0.43
2024-04-22 100.29 101.57  1.28  0.85
2024-04-23 100.30 100.61  0.30  1.15
2024-04-24  99.84  99.70 -0.14  1.01
2024-04-25  99.38  99.67  0.29  1.31
2024-04-29 100.31 101.52  1.21  2.52
2024-04-30  98.93  99.28  0.35  2.87
2024-05-01 100.19  99.92 -0.27  2.60
2024-05-06 101.07 102.21  1.14  3.74
2024-05-07  99.95  99.48 -0.47  3.27
2024-05-08 100.15  98.96 -1.19  2.09
Mean Absolute Error: 0.87%
Min: -1.51 Max: 4.89 Mid: 1.69
Epoch: 500000 BatchSize: 44 FinalLSM: 0.00247
Norm: 56.14
===
      date predic actual  diff   acc
2024-03-04  99.73  99.21 -0.52 -0.52
2024-03-05  99.32  99.69  0.37 -0.15
2024-03-06 100.06 101.43  1.36  1.21
2024-03-07 100.13  98.28 -1.84 -0.64
2024-03-08  99.88  98.28 -1.61 -2.25
2024-03-11  99.97  98.67 -1.30 -3.55
2024-03-12 100.18 101.78  1.59 -1.96
2024-03-13  99.96  98.50 -1.46 -3.41
2024-03-14  99.72  99.83  0.11 -3.31
2024-03-15  99.41 101.15  1.75 -1.56
2024-03-18 100.00 101.53  1.53 -0.03
2024-03-20 100.69 102.63  1.93  1.91
2024-03-21 100.24 100.95  0.71  2.61
2024-03-22  99.45  99.48  0.03  2.65
2024-03-25  99.68  99.03 -0.65  1.99
2024-03-26  99.88 100.26  0.38  2.37
2024-03-27 100.49 100.38 -0.11  2.27
2024-03-28  99.93  99.83 -0.09  2.17
2024-04-01  99.55  98.98 -0.57  1.60
2024-04-02  99.36  99.02 -0.35  1.25
2024-04-03  99.85 101.26  1.42  2.67
2024-04-04  99.11  97.85 -1.28  1.39
2024-04-05 100.26 100.56  0.30  1.69
2024-04-08  99.93 100.27  0.34  2.03
2024-04-09  99.87 100.27  0.40  2.43
2024-04-10  99.17  98.65 -0.53  1.90
2024-04-11  99.90 101.69  1.79  3.69
2024-04-12  99.18  98.26 -0.92  2.76
2024-04-15  99.47  99.12 -0.36  2.41
2024-04-16  99.98  99.85 -0.13  2.28
2024-04-17  99.84  97.77 -2.08  0.20
2024-04-18  99.95  99.70 -0.25 -0.05
2024-04-19 100.17  98.80 -1.36 -1.41
2024-04-22 100.24 101.57  1.33 -0.08
2024-04-23 100.25 100.61  0.35  0.27
2024-04-24  99.80  99.70 -0.10  0.17
2024-04-25  99.36  99.67  0.32  0.49
2024-04-29 100.26 101.52  1.26  1.75
2024-04-30  98.92  99.28  0.36  2.11
2024-05-01 100.13  99.92 -0.21  1.90
2024-05-06 101.00 102.21  1.20  3.10
2024-05-07  99.91  99.48 -0.43  2.67
2024-05-08 100.10  98.96 -1.14  1.53
2024-05-09 100.35 100.48  0.13  1.66
Mean Absolute Error: 0.82%
Min: -3.55 Max: 3.69 Mid: 0.07
Epoch: 500000 BatchSize: 44 FinalLSM: 0.00223
Norm: 71.95
===
      date predic actual  diff   acc
2024-03-05  99.33  99.69  0.36  0.36
2024-03-06 100.05 101.43  1.38  1.74
2024-03-07 100.11  98.28 -1.82 -0.09
2024-03-08  99.87  98.28 -1.60 -1.68
2024-03-11  99.95  98.67 -1.29 -2.97
2024-03-12 100.17 101.78  1.61 -1.36
2024-03-13  99.95  98.50 -1.45 -2.81
2024-03-14  99.71  99.83  0.11 -2.70
2024-03-15  99.42 101.15  1.74 -0.96
2024-03-18  99.99 101.53  1.55  0.59
2024-03-20 100.66 102.63  1.96  2.55
2024-03-21 100.22 100.95  0.73  3.27
2024-03-22  99.45  99.48  0.03  3.30
2024-03-25  99.68  99.03 -0.65  2.66
2024-03-26  99.87 100.26  0.39  3.04
2024-03-27 100.46 100.38 -0.08  2.97
2024-03-28  99.92  99.83 -0.08  2.88
2024-04-01  99.55  98.98 -0.57  2.31
2024-04-02  99.37  99.02 -0.36  1.95
2024-04-03  99.84 101.26  1.42  3.38
2024-04-04  99.13  97.85 -1.30  2.08
2024-04-05 100.24 100.56  0.32  2.40
2024-04-08  99.92 100.27  0.35  2.75
2024-04-09  99.86 100.27  0.41  3.16
2024-04-10  99.19  98.65 -0.55  2.61
2024-04-11  99.89 101.69  1.80  4.41
2024-04-12  99.20  98.26 -0.94  3.47
2024-04-15  99.48  99.12 -0.36  3.11
2024-04-16  99.97  99.85 -0.12  2.99
2024-04-17  99.83  97.77 -2.07  0.93
2024-04-18  99.94  99.70 -0.24  0.69
2024-04-19 100.15  98.80 -1.34 -0.66
2024-04-22 100.22 101.57  1.35  0.70
2024-04-23 100.23 100.61  0.38  1.07
2024-04-24  99.79  99.70 -0.10  0.98
2024-04-25  99.37  99.67  0.31  1.28
2024-04-29 100.24 101.52  1.28  2.57
2024-04-30  98.95  99.28  0.33  2.89
2024-05-01 100.11  99.92 -0.19  2.71
2024-05-06 100.97 102.21  1.24  3.95
2024-05-07  99.90  99.48 -0.42  3.53
2024-05-08 100.09  98.96 -1.12  2.40
2024-05-09 100.33 100.48  0.15  2.55
2024-05-10 100.03  99.28 -0.76  1.80
Mean Absolute Error: 0.83%
Min: -2.97 Max: 4.41 Mid: 0.72
Epoch: 500000 BatchSize: 44 FinalLSM: 0.00225
Norm: 64.56
===
      date predic actual  diff   acc
2024-03-06 100.05 101.43  1.38  1.38
2024-03-07 100.11  98.28 -1.82 -0.45
2024-03-08  99.87  98.28 -1.60 -2.05
2024-03-11  99.96  98.67 -1.29 -3.34
2024-03-12 100.17 101.78  1.61 -1.73
2024-03-13  99.95  98.50 -1.45 -3.18
2024-03-14  99.72  99.83  0.11 -3.07
2024-03-15  99.43 101.15  1.73 -1.34
2024-03-18  99.99 101.53  1.55  0.21
2024-03-20 100.66 102.63  1.96  2.17
2024-03-21 100.22 100.95  0.73  2.90
2024-03-22  99.46  99.48  0.02  2.92
2024-03-25  99.68  99.03 -0.65  2.27
2024-03-26  99.88 100.26  0.39  2.65
2024-03-27 100.46 100.38 -0.08  2.58
2024-03-28  99.92  99.83 -0.09  2.49
2024-04-01  99.55  98.98 -0.58  1.91
2024-04-02  99.38  99.02 -0.36  1.55
2024-04-03  99.84 101.26  1.42  2.97
2024-04-04  99.14  97.85 -1.30  1.66
2024-04-05 100.24 100.56  0.32  1.99
2024-04-08  99.92 100.27  0.35  2.33
2024-04-09  99.86 100.27  0.40  2.74
2024-04-10  99.20  98.65 -0.56  2.18
2024-04-11  99.89 101.69  1.80  3.98
2024-04-12  99.20  98.26 -0.95  3.03
2024-04-15  99.48  99.12 -0.37  2.66
2024-04-16  99.97  99.85 -0.12  2.54
2024-04-17  99.83  97.77 -2.07  0.47
2024-04-18  99.94  99.70 -0.24  0.23
2024-04-19 100.15  98.80 -1.34 -1.11
2024-04-22 100.22 101.57  1.35  0.24
2024-04-23 100.23 100.61  0.38  0.61
2024-04-24  99.80  99.70 -0.10  0.51
2024-04-25  99.37  99.67  0.30  0.81
2024-04-29 100.24 101.52  1.28  2.10
2024-04-30  98.96  99.28  0.32  2.41
2024-05-01 100.11  99.92 -0.18  2.23
2024-05-06 100.96 102.21  1.24  3.47
2024-05-07  99.90  99.48 -0.42  3.05
2024-05-08 100.09  98.96 -1.13  1.92
2024-05-09 100.32 100.48  0.15  2.07
2024-05-10 100.04  99.28 -0.76  1.31
2024-05-13  99.78 100.20  0.42  1.73
Mean Absolute Error: 0.83%
Min: -3.34 Max: 3.98 Mid: 0.32
Epoch: 500000 BatchSize: 44 FinalLSM: 0.00226
Norm: 69.32
===
      date predic actual  diff   acc
2024-03-07 100.08  98.28 -1.80 -1.80
2024-03-08  99.85  98.28 -1.58 -3.37
2024-03-11  99.95  98.67 -1.28 -4.65
2024-03-12 100.17 101.78  1.61 -3.05
2024-03-13  99.94  98.50 -1.44 -4.49
2024-03-14  99.72  99.83  0.10 -4.38
2024-03-15  99.44 101.15  1.72 -2.66
2024-03-18  99.98 101.53  1.55 -1.11
2024-03-20 100.66 102.63  1.96  0.84
2024-03-21 100.21 100.95  0.73  1.58
2024-03-22  99.46  99.48  0.03  1.61
2024-03-25  99.68  99.03 -0.65  0.96
2024-03-26  99.87 100.26  0.39  1.35
2024-03-27 100.44 100.38 -0.06  1.29
2024-03-28  99.91  99.83 -0.08  1.21
2024-04-01  99.56  98.98 -0.58  0.63
2024-04-02  99.38  99.02 -0.36  0.27
2024-04-03  99.84 101.26  1.43  1.69
2024-04-04  99.14  97.85 -1.30  0.39
2024-04-05 100.23 100.56  0.33  0.72
2024-04-08  99.91 100.27  0.35  1.07
2024-04-09  99.86 100.27  0.41  1.48
2024-04-10  99.23  98.65 -0.59  0.90
2024-04-11  99.89 101.69  1.80  2.70
2024-04-12  99.21  98.26 -0.95  1.75
2024-04-15  99.50  99.12 -0.38  1.37
2024-04-16  99.97  99.85 -0.12  1.25
2024-04-17  99.82  97.77 -2.06 -0.81
2024-04-18  99.93  99.70 -0.24 -1.04
2024-04-19 100.14  98.80 -1.33 -2.38
2024-04-22 100.21 101.57  1.36 -1.02
2024-04-23 100.22 100.61  0.39 -0.63
2024-04-24  99.80  99.70 -0.10 -0.73
2024-04-25  99.38  99.67  0.29 -0.44
2024-04-29 100.23 101.52  1.29  0.85
2024-04-30  99.00  99.28  0.28  1.13
2024-05-01 100.06  99.92 -0.13  1.00
2024-05-06 100.94 102.21  1.27  2.27
2024-05-07  99.91  99.48 -0.42  1.84
2024-05-08 100.09  98.96 -1.13  0.71
2024-05-09 100.31 100.48  0.16  0.88
2024-05-10 100.03  99.28 -0.75  0.13
2024-05-13  99.78 100.20  0.42  0.54
2024-05-14 100.02 100.95  0.93  1.47
Mean Absolute Error: 0.82%
Min: -4.65 Max: 2.70 Mid: -0.98
Epoch: 500000 BatchSize: 44 FinalLSM: 0.00220
Norm: 83.27
===
      date predic actual  diff   acc
2024-03-08  99.93  98.28 -1.66 -1.66
2024-03-11 100.00  98.67 -1.33 -2.99
2024-03-12 100.21 101.78  1.57 -1.42
2024-03-13  99.98  98.50 -1.49 -2.90
2024-03-14  99.73  99.83  0.09 -2.81
2024-03-15  99.42 101.15  1.74 -1.07
2024-03-18 100.03 101.53  1.51  0.43
2024-03-20 100.69 102.63  1.92  2.36
2024-03-21 100.27 100.95  0.68  3.04
2024-03-22  99.48  99.48  0.01  3.04
2024-03-25  99.71  99.03 -0.68  2.36
2024-03-26  99.91 100.26  0.35  2.72
2024-03-27 100.53 100.38 -0.15  2.57
2024-03-28  99.96  99.83 -0.12  2.45
2024-04-01  99.57  98.98 -0.59  1.86
2024-04-02  99.39  99.02 -0.37  1.49
2024-04-03  99.87 101.26  1.39  2.88
2024-04-04  99.14  97.85 -1.30  1.57
2024-04-05 100.29 100.56  0.27  1.85
2024-04-08  99.96 100.27  0.31  2.16
2024-04-09  99.90 100.27  0.37  2.53
2024-04-10  99.16  98.65 -0.52  2.01
2024-04-11  99.93 101.69  1.76  3.77
2024-04-12  99.20  98.26 -0.94  2.83
2024-04-15  99.47  99.12 -0.36  2.47
2024-04-16 100.00  99.85 -0.15  2.32
2024-04-17  99.87  97.77 -2.11  0.21
2024-04-18  99.97  99.70 -0.28 -0.07
2024-04-19 100.20  98.80 -1.39 -1.46
2024-04-22 100.27 101.57  1.30 -0.16
2024-04-23 100.29 100.61  0.32  0.16
2024-04-24  99.82  99.70 -0.12  0.04
2024-04-25  99.37  99.67  0.30  0.34
2024-04-29 100.28 101.52  1.24  1.58
2024-04-30  98.90  99.28  0.38  1.96
2024-05-01 100.21  99.92 -0.29  1.67
2024-05-06 101.05 102.21  1.15  2.83
2024-05-07  99.93  99.48 -0.44  2.38
2024-05-08 100.12  98.96 -1.16  1.22
2024-05-09 100.38 100.48  0.09  1.32
2024-05-10 100.08  99.28 -0.80  0.52
2024-05-13  99.80 100.20  0.40  0.92
2024-05-14 100.07 100.95  0.88  1.80
2024-05-15 100.47 100.35 -0.13  1.67
Mean Absolute Error: 0.78%
Min: -2.99 Max: 3.77 Mid: 0.39
Epoch: 500000 BatchSize: 44 FinalLSM: 0.00203
Norm: 68.93
===
      date predic actual  diff   acc
2024-03-11 100.03  98.67 -1.36 -1.36
2024-03-12 100.22 101.78  1.56  0.19
2024-03-13 100.01  98.50 -1.51 -1.32
2024-03-14  99.75  99.83  0.07 -1.25
2024-03-15  99.44 101.15  1.72  0.48
2024-03-18 100.06 101.53  1.48  1.96
2024-03-20 100.68 102.63  1.94  3.89
2024-03-21 100.29 100.95  0.66  4.55
2024-03-22  99.52  99.48 -0.03  4.52
2024-03-25  99.74  99.03 -0.71  3.81
2024-03-26  99.94 100.26  0.33  4.13
2024-03-27 100.56 100.38 -0.18  3.96
2024-03-28  99.99  99.83 -0.15  3.80
2024-04-01  99.59  98.98 -0.62  3.19
2024-04-02  99.43  99.02 -0.41  2.78
2024-04-03  99.90 101.26  1.36  4.14
2024-04-04  99.19  97.85 -1.35  2.78
2024-04-05 100.31 100.56  0.25  3.03
2024-04-08  99.98 100.27  0.29  3.32
2024-04-09  99.93 100.27  0.33  3.65
2024-04-10  99.15  98.65 -0.51  3.14
2024-04-11  99.96 101.69  1.73  4.88
2024-04-12  99.24  98.26 -0.98  3.89
2024-04-15  99.48  99.12 -0.36  3.53
2024-04-16 100.02  99.85 -0.17  3.36
2024-04-17  99.91  97.77 -2.15  1.21
2024-04-18 100.00  99.70 -0.30  0.91
2024-04-19 100.23  98.80 -1.42 -0.51
2024-04-22 100.29 101.57  1.28  0.76
2024-04-23 100.31 100.61  0.29  1.06
2024-04-24  99.84  99.70 -0.14  0.92
2024-04-25  99.40  99.67  0.27  1.19
2024-04-29 100.29 101.52  1.23  2.42
2024-04-30  98.90  99.28  0.38  2.80
2024-05-01 100.31  99.92 -0.38  2.42
2024-05-06 101.08 102.21  1.12  3.54
2024-05-07  99.94  99.48 -0.46  3.08
2024-05-08 100.13  98.96 -1.17  1.91
2024-05-09 100.41 100.48  0.06  1.98
2024-05-10 100.10  99.28 -0.82  1.16
2024-05-13  99.82 100.20  0.38  1.54
2024-05-14 100.10 100.95  0.85  2.39
2024-05-15 100.53 100.35 -0.18  2.21
2024-05-16  99.91  99.58 -0.33  1.88
Mean Absolute Error: 0.76%
Min: -1.36 Max: 4.88 Mid: 1.76
Epoch: 500000 BatchSize: 44 FinalLSM: 0.00192
Norm: 51.93
===
      date predic actual  diff   acc
2024-03-12 100.25 101.78  1.52  1.52
2024-03-13 100.05  98.50 -1.55 -0.03
2024-03-14  99.79  99.83  0.04  0.01
2024-03-15  99.47 101.15  1.69  1.70
2024-03-18 100.09 101.53  1.44  3.14
2024-03-20 100.71 102.63  1.91  5.05
2024-03-21 100.32 100.95  0.62  5.68
2024-03-22  99.56  99.48 -0.07  5.60
2024-03-25  99.78  99.03 -0.75  4.85
2024-03-26  99.97 100.26  0.29  5.14
2024-03-27 100.59 100.38 -0.21  4.93
2024-03-28 100.02  99.83 -0.19  4.74
2024-04-01  99.63  98.98 -0.65  4.09
2024-04-02  99.46  99.02 -0.45  3.64
2024-04-03  99.94 101.26  1.32  4.96
2024-04-04  99.23  97.85 -1.39  3.57
2024-04-05 100.35 100.56  0.21  3.79
2024-04-08 100.02 100.27  0.25  4.04
2024-04-09  99.97 100.27  0.30  4.33
2024-04-10  99.18  98.65 -0.54  3.79
2024-04-11  99.99 101.69  1.70  5.49
2024-04-12  99.28  98.26 -1.02  4.47
2024-04-15  99.51  99.12 -0.39  4.07
2024-04-16 100.06  99.85 -0.21  3.87
2024-04-17  99.95  97.77 -2.19  1.68
2024-04-18 100.03  99.70 -0.34  1.34
2024-04-19 100.27  98.80 -1.46 -0.11
2024-04-22 100.33 101.57  1.24  1.13
2024-04-23 100.35 100.61  0.26  1.38
2024-04-24  99.87  99.70 -0.17  1.21
2024-04-25  99.43  99.67  0.24  1.45
2024-04-29 100.33 101.52  1.19  2.64
2024-04-30  98.92  99.28  0.36  2.99
2024-05-01 100.36  99.92 -0.44  2.56
2024-05-06 101.12 102.21  1.09  3.65
2024-05-07  99.97  99.48 -0.49  3.16
2024-05-08 100.16  98.96 -1.20  1.96
2024-05-09 100.45 100.48  0.03  1.98
2024-05-10 100.14  99.28 -0.86  1.13
2024-05-13  99.86 100.20  0.34  1.47
2024-05-14 100.13 100.95  0.82  2.29
2024-05-15 100.57 100.35 -0.22  2.06
2024-05-16  99.95  99.58 -0.37  1.70
2024-05-17 100.08 100.42  0.34  2.04
Mean Absolute Error: 0.74%
Min: -0.11 Max: 5.68 Mid: 2.78
Epoch: 500000 BatchSize: 44 FinalLSM: 0.00183
Norm: 37.22
===
      date predic actual  diff   acc
2024-03-13 100.05  98.50 -1.55 -1.55
2024-03-14  99.83  99.83 -0.00 -1.55
2024-03-15  99.56 101.15  1.60  0.04
2024-03-18 100.09 101.53  1.44  1.48
2024-03-20 100.62 102.63  2.00  3.48
2024-03-21 100.29 100.95  0.66  4.14
2024-03-22  99.64  99.48 -0.15  3.98
2024-03-25  99.82  99.03 -0.79  3.19
2024-03-26  99.99 100.26  0.27  3.47
2024-03-27 100.53 100.38 -0.14  3.32
2024-03-28 100.03  99.83 -0.20  3.13
2024-04-01  99.70  98.98 -0.72  2.41
2024-04-02  99.56  99.02 -0.55  1.86
2024-04-03  99.96 101.26  1.30  3.17
2024-04-04  99.36  97.85 -1.53  1.64
2024-04-05 100.31 100.56  0.25  1.89
2024-04-08 100.03 100.27  0.24  2.13
2024-04-09  99.99 100.27  0.28  2.41
2024-04-10  99.32  98.65 -0.68  1.73
2024-04-11 100.01 101.69  1.69  3.42
2024-04-12  99.40  98.26 -1.15  2.27
2024-04-15  99.60  99.12 -0.48  1.79
2024-04-16 100.06  99.85 -0.21  1.58
2024-04-17  99.97  97.77 -2.20 -0.62
2024-04-18 100.04  99.70 -0.34 -0.96
2024-04-19 100.24  98.80 -1.43 -2.40
2024-04-22 100.29 101.57  1.28 -1.12
2024-04-23 100.31 100.61  0.29 -0.82
2024-04-24  99.90  99.70 -0.20 -1.03
2024-04-25  99.53  99.67  0.14 -0.89
2024-04-29 100.29 101.52  1.23  0.34
2024-04-30  99.11  99.28  0.17  0.51
2024-05-01 100.33  99.92 -0.40  0.11
2024-05-06 100.99 102.21  1.21  1.31
2024-05-07  99.98  99.48 -0.50  0.81
2024-05-08 100.15  98.96 -1.19 -0.38
2024-05-09 100.40 100.48  0.08 -0.30
2024-05-10 100.13  99.28 -0.85 -1.15
2024-05-13  99.89 100.20  0.31 -0.83
2024-05-14 100.12 100.95  0.83 -0.01
2024-05-15 100.51 100.35 -0.16 -0.17
2024-05-16  99.96  99.58 -0.38 -0.55
2024-05-17 100.08 100.42  0.35 -0.21
2024-05-20  99.74 101.38  1.64  1.44
Mean Absolute Error: 0.75%
Min: -2.40 Max: 4.14 Mid: 0.87
Epoch: 500000 BatchSize: 44 FinalLSM: 0.00192
Norm: 58.66
===
      date predic actual  diff   acc
2024-03-14  99.83  99.83 -0.01 -0.01
2024-03-15  99.57 101.15  1.59  1.58
2024-03-18 100.09 101.53  1.44  3.02
2024-03-20 100.62 102.63  1.99  5.02
2024-03-21 100.29 100.95  0.66  5.67
2024-03-22  99.64  99.48 -0.16  5.51
2024-03-25  99.83  99.03 -0.80  4.72
2024-03-26  99.99 100.26  0.27  4.99
2024-03-27 100.52 100.38 -0.14  4.84
2024-03-28 100.03  99.83 -0.20  4.64
2024-04-01  99.70  98.98 -0.73  3.92
2024-04-02  99.57  99.02 -0.55  3.37
2024-04-03  99.96 101.26  1.30  4.67
2024-04-04  99.37  97.85 -1.54  3.13
2024-04-05 100.31 100.56  0.25  3.38
2024-04-08 100.03 100.27  0.24  3.62
2024-04-09  99.99 100.27  0.28  3.90
2024-04-10  99.33  98.65 -0.69  3.20
2024-04-11 100.01 101.69  1.68  4.89
2024-04-12  99.41  98.26 -1.16  3.73
2024-04-15  99.60  99.12 -0.49  3.24
2024-04-16 100.06  99.85 -0.21  3.03
2024-04-17  99.97  97.77 -2.21  0.83
2024-04-18 100.04  99.70 -0.35  0.48
2024-04-19 100.24  98.80 -1.43 -0.95
2024-04-22 100.29 101.57  1.28  0.32
2024-04-23 100.31 100.61  0.29  0.61
2024-04-24  99.91  99.70 -0.21  0.41
2024-04-25  99.54  99.67  0.13  0.54
2024-04-29 100.29 101.52  1.23  1.76
2024-04-30  99.12  99.28  0.15  1.92
2024-05-01 100.32  99.92 -0.40  1.52
2024-05-06 100.99 102.21  1.21  2.73
2024-05-07  99.99  99.48 -0.51  2.22
2024-05-08 100.15  98.96 -1.19  1.03
2024-05-09 100.40 100.48  0.08  1.11
2024-05-10 100.13  99.28 -0.85  0.26
2024-05-13  99.89 100.20  0.31  0.57
2024-05-14 100.13 100.95  0.82  1.39
2024-05-15 100.51 100.35 -0.16  1.23
2024-05-16  99.97  99.58 -0.39  0.85
2024-05-17 100.08 100.42  0.34  1.19
2024-05-20  99.75 101.38  1.64  2.83
2024-05-21 100.10  99.00 -1.10  1.73
Mean Absolute Error: 0.74%
Min: -0.95 Max: 5.67 Mid: 2.36
Epoch: 500000 BatchSize: 44 FinalLSM: 0.00186
Norm: 40.53
===
      date predic actual  diff   acc
2024-03-15  99.58 101.15  1.57  1.57
2024-03-18 100.10 101.53  1.43  3.01
2024-03-20 100.62 102.63  1.99  5.00
2024-03-21 100.29 100.95  0.65  5.66
2024-03-22  99.65  99.48 -0.17  5.49
2024-03-25  99.84  99.03 -0.81  4.68
2024-03-26 100.00 100.26  0.26  4.94
2024-03-27 100.53 100.38 -0.14  4.80
2024-03-28 100.04  99.83 -0.21  4.59
2024-04-01  99.71  98.98 -0.74  3.86
2024-04-02  99.58  99.02 -0.56  3.29
2024-04-03  99.97 101.26  1.29  4.58
2024-04-04  99.39  97.85 -1.55  3.03
2024-04-05 100.31 100.56  0.25  3.28
2024-04-08 100.04 100.27  0.23  3.51
2024-04-09 100.00 100.27  0.27  3.78
2024-04-10  99.35  98.65 -0.71  3.08
2024-04-11 100.02 101.69  1.68  4.75
2024-04-12  99.43  98.26 -1.17  3.58
2024-04-15  99.62  99.12 -0.50  3.08
2024-04-16 100.07  99.85 -0.22  2.86
2024-04-17  99.98  97.77 -2.21  0.65
2024-04-18 100.05  99.70 -0.35  0.30
2024-04-19 100.25  98.80 -1.44 -1.14
2024-04-22 100.29 101.57  1.27  0.13
2024-04-23 100.32 100.61  0.29  0.42
2024-04-24  99.91  99.70 -0.22  0.21
2024-04-25  99.56  99.67  0.12  0.32
2024-04-29 100.29 101.52  1.22  1.54
2024-04-30  99.14  99.28  0.13  1.68
2024-05-01 100.32  99.92 -0.40  1.28
2024-05-06 100.99 102.21  1.22  2.50
2024-05-07 100.00  99.48 -0.51  1.98
2024-05-08 100.16  98.96 -1.20  0.79
2024-05-09 100.40 100.48  0.08  0.86
2024-05-10 100.13  99.28 -0.85  0.01
2024-05-13  99.90 100.20  0.30  0.31
2024-05-14 100.13 100.95  0.82  1.12
2024-05-15 100.51 100.35 -0.16  0.97
2024-05-16  99.98  99.58 -0.40  0.57
2024-05-17 100.09 100.42  0.34  0.91
2024-05-20  99.76 101.38  1.63  2.54
2024-05-21 100.10  99.00 -1.10  1.43
2024-05-22  99.73  99.98  0.25  1.68
Mean Absolute Error: 0.75%
Min: -1.14 Max: 5.66 Mid: 2.26
Epoch: 500000 BatchSize: 44 FinalLSM: 0.00187
Norm: 41.55
===
      date predic actual  diff   acc
2024-03-18 100.09 101.53  1.44  1.44
2024-03-20 100.74 102.63  1.88  3.31
2024-03-21 100.34 100.95  0.61  3.92
2024-03-22  99.52  99.48 -0.04  3.89
2024-03-25  99.76  99.03 -0.73  3.16
2024-03-26  99.97 100.26  0.30  3.46
2024-03-27 100.63 100.38 -0.25  3.21
2024-03-28 100.02  99.83 -0.19  3.02
2024-04-01  99.59  98.98 -0.62  2.40
2024-04-02  99.42  99.02 -0.40  2.00
2024-04-03  99.93 101.26  1.33  3.33
2024-04-04  99.16  97.85 -1.33  2.01
2024-04-05 100.37 100.56  0.20  2.20
2024-04-08 100.01 100.27  0.25  2.46
2024-04-09  99.96 100.27  0.30  2.76
2024-04-10  99.10  98.65 -0.45  2.30
2024-04-11  99.99 101.69  1.70  4.01
2024-04-12  99.21  98.26 -0.96  3.05
2024-04-15  99.46  99.12 -0.34  2.71
2024-04-16 100.06  99.85 -0.20  2.50
2024-04-17  99.95  97.77 -2.18  0.32
2024-04-18 100.03  99.70 -0.33 -0.01
2024-04-19 100.28  98.80 -1.47 -1.49
2024-04-22 100.34 101.57  1.22 -0.26
2024-04-23 100.37 100.61  0.24 -0.03
2024-04-24  99.86  99.70 -0.16 -0.18
2024-04-25  99.38  99.67  0.29  0.11
2024-04-29 100.34 101.52  1.18  1.28
2024-04-30  98.81  99.28  0.47  1.75
2024-05-01 100.40  99.92 -0.47  1.28
2024-05-06 101.18 102.21  1.03  2.31
2024-05-07  99.96  99.48 -0.48  1.83
2024-05-08 100.17  98.96 -1.21  0.62
2024-05-09 100.47 100.48  0.00  0.62
2024-05-10 100.14  99.28 -0.86 -0.24
2024-05-13  99.84 100.20  0.36  0.12
2024-05-14 100.14 100.95  0.81  0.94
2024-05-15 100.61 100.35 -0.26  0.67
2024-05-16  99.94  99.58 -0.36  0.32
2024-05-17 100.08 100.42  0.34  0.66
2024-05-20  99.65 101.38  1.74  2.40
2024-05-21 100.10  99.00 -1.10  1.30
2024-05-22  99.61  99.98  0.37  1.67
2024-05-23  98.96  98.84 -0.12  1.55
Mean Absolute Error: 0.69%
Min: -1.49 Max: 4.01 Mid: 1.26
Epoch: 500000 BatchSize: 44 FinalLSM: 0.00165
Norm: 55.19
===
      date predic actual  diff   acc
2024-03-20 100.72 102.63  1.90  1.90
2024-03-21 100.33 100.95  0.62  2.52
2024-03-22  99.52  99.48 -0.04  2.48
2024-03-25  99.75  99.03 -0.72  1.75
2024-03-26  99.96 100.26  0.30  2.06
2024-03-27 100.61 100.38 -0.23  1.83
2024-03-28 100.01  99.83 -0.18  1.65
2024-04-01  99.59  98.98 -0.62  1.03
2024-04-02  99.42  99.02 -0.41  0.62
2024-04-03  99.92 101.26  1.34  1.96
2024-04-04  99.17  97.85 -1.34  0.63
2024-04-05 100.35 100.56  0.21  0.84
2024-04-08 100.01 100.27  0.26  1.10
2024-04-09  99.96 100.27  0.31  1.41
2024-04-10  99.11  98.65 -0.47  0.94
2024-04-11  99.98 101.69  1.71  2.65
2024-04-12  99.22  98.26 -0.96  1.68
2024-04-15  99.46  99.12 -0.35  1.33
2024-04-16 100.05  99.85 -0.20  1.14
2024-04-17  99.94  97.77 -2.17 -1.04
2024-04-18 100.02  99.70 -0.33 -1.36
2024-04-19 100.27  98.80 -1.46 -2.82
2024-04-22 100.33 101.57  1.24 -1.59
2024-04-23 100.36 100.61  0.25 -1.34
2024-04-24  99.85  99.70 -0.15 -1.49
2024-04-25  99.39  99.67  0.29 -1.21
2024-04-29 100.33 101.52  1.19 -0.02
2024-04-30  98.83  99.28  0.45  0.43
2024-05-01 100.38  99.92 -0.45 -0.02
2024-05-06 101.15 102.21  1.05  1.03
2024-05-07  99.95  99.48 -0.47  0.55
2024-05-08 100.16  98.96 -1.20 -0.64
2024-05-09 100.46 100.48  0.02 -0.63
2024-05-10 100.13  99.28 -0.85 -1.48
2024-05-13  99.84 100.20  0.36 -1.11
2024-05-14 100.13 100.95  0.82 -0.29
2024-05-15 100.59 100.35 -0.25 -0.53
2024-05-16  99.93  99.58 -0.35 -0.88
2024-05-17 100.07 100.42  0.35 -0.53
2024-05-20  99.65 101.38  1.74  1.21
2024-05-21 100.09  99.00 -1.09  0.12
2024-05-22  99.61  99.98  0.37  0.48
2024-05-23  98.98  98.84 -0.14  0.35
2024-05-24  99.98 100.85  0.87  1.22
Mean Absolute Error: 0.68%
Min: -2.82 Max: 2.65 Mid: -0.09
Epoch: 500000 BatchSize: 44 FinalLSM: 0.00159
Norm: 73.84
===
      date predic actual  diff   acc
2024-03-21 100.10 100.95  0.85  0.85
2024-03-22  99.69  99.48 -0.21  0.64
2024-03-25  99.80  99.03 -0.77 -0.14
2024-03-26  99.91 100.26  0.36  0.22
2024-03-27 100.28 100.38  0.10  0.32
2024-03-28  99.94  99.83 -0.10  0.21
2024-04-01  99.71  98.98 -0.74 -0.52
2024-04-02  99.64  99.02 -0.62 -1.15
2024-04-03  99.89 101.26  1.37  0.22
2024-04-04  99.53  97.85 -1.69 -1.46
2024-04-05 100.12 100.56  0.44 -1.02
2024-04-08  99.93 100.27  0.34 -0.68
2024-04-09  99.91 100.27  0.35 -0.33
2024-04-10  99.44  98.65 -0.80 -1.12
2024-04-11  99.92 101.69  1.77  0.65
2024-04-12  99.54  98.26 -1.28 -0.63
2024-04-15  99.62  99.12 -0.51 -1.14
2024-04-16  99.95  99.85 -0.10 -1.24
2024-04-17  99.91  97.77 -2.14 -3.38
2024-04-18  99.94  99.70 -0.24 -3.62
2024-04-19 100.08  98.80 -1.27 -4.90
2024-04-22 100.11 101.57  1.46 -3.44
2024-04-23 100.13 100.61  0.48 -2.96
2024-04-24  99.84  99.70 -0.14 -3.10
2024-04-25  99.61  99.67  0.06 -3.04
2024-04-29 100.09 101.52  1.43 -1.61
2024-04-30  99.30  99.28 -0.03 -1.64
2024-05-01 100.22  99.92 -0.29 -1.94
2024-05-06 100.62 102.21  1.58 -0.36
2024-05-07  99.89  99.48 -0.40 -0.76
2024-05-08 100.00  98.96 -1.04 -1.80
2024-05-09 100.19 100.48  0.29 -1.51
2024-05-10 100.00  99.28 -0.72 -2.23
2024-05-13  99.83 100.20  0.37 -1.86
2024-05-14 100.00 100.95  0.96 -0.90
2024-05-15 100.30 100.35  0.05 -0.86
2024-05-16  99.88  99.58 -0.30 -1.16
2024-05-17  99.96 100.42  0.46 -0.70
2024-05-20  99.73 101.38  1.65  0.95
2024-05-21  99.98  99.00 -0.98 -0.03
2024-05-22  99.71  99.98  0.26  0.23
2024-05-23  99.42  98.84 -0.58 -0.34
2024-05-24  99.92 100.85  0.93  0.58
2024-05-28  99.75 100.27  0.52  1.10
Mean Absolute Error: 0.71%
Min: -4.90 Max: 0.95 Mid: -1.97
Epoch: 500000 BatchSize: 44 FinalLSM: 0.00167
Norm: 102.58
===
      date predic actual  diff   acc
2024-03-22  99.59  99.48 -0.11 -0.11
2024-03-25  99.73  99.03 -0.70 -0.81
2024-03-26  99.86 100.26  0.41 -0.41
2024-03-27 100.31 100.38  0.07 -0.33
2024-03-28  99.89  99.83 -0.06 -0.39
2024-04-01  99.62  98.98 -0.64 -1.03
2024-04-02  99.53  99.02 -0.51 -1.55
2024-04-03  99.83 101.26  1.43 -0.12
2024-04-04  99.39  97.85 -1.55 -1.67
2024-04-05 100.11 100.56  0.45 -1.22
2024-04-08  99.89 100.27  0.38 -0.83
2024-04-09  99.86 100.27  0.40 -0.43
2024-04-10  99.27  98.65 -0.62 -1.05
2024-04-11  99.87 101.69  1.82  0.77
2024-04-12  99.40  98.26 -1.15 -0.38
2024-04-15  99.50  99.12 -0.39 -0.77
2024-04-16  99.90  99.85 -0.05 -0.82
2024-04-17  99.86  97.77 -2.10 -2.91
2024-04-18  99.89  99.70 -0.20 -3.11
2024-04-19 100.07  98.80 -1.26 -4.37
2024-04-22 100.10 101.57  1.47 -2.90
2024-04-23 100.13 100.61  0.48 -2.42
2024-04-24  99.77  99.70 -0.07 -2.49
2024-04-25  99.49  99.67  0.18 -2.31
2024-04-29 100.08 101.52  1.44 -0.87
2024-04-30  99.10  99.28  0.18 -0.69
2024-05-01 100.25  99.92 -0.32 -1.01
2024-05-06 100.71 102.21  1.50  0.49
2024-05-07  99.83  99.48 -0.35  0.14
2024-05-08  99.96  98.96 -1.00 -0.86
2024-05-09 100.19 100.48  0.28 -0.58
2024-05-10  99.96  99.28 -0.69 -1.26
2024-05-13  99.76 100.20  0.44 -0.83
2024-05-14  99.96 100.95  0.99  0.16
2024-05-15 100.33 100.35  0.01  0.17
2024-05-16  99.82  99.58 -0.24 -0.07
2024-05-17  99.92 100.42  0.50  0.43
2024-05-20  99.64 101.38  1.75  2.18
2024-05-21  99.95  99.00 -0.95  1.23
2024-05-22  99.62  99.98  0.36  1.59
2024-05-23  99.25  98.84 -0.41  1.18
2024-05-24  99.87 100.85  0.98  2.16
2024-05-28  99.67 100.27  0.61  2.76
2024-05-29  99.42  97.93 -1.50  1.27
Mean Absolute Error: 0.7%
Min: -4.37 Max: 2.76 Mid: -0.80
Epoch: 500000 BatchSize: 44 FinalLSM: 0.00169
Norm: 79.04
===
      date predic actual  diff   acc
2024-03-25  99.75  99.03 -0.72 -0.72
2024-03-26  99.87 100.26  0.40 -0.32
2024-03-27 100.30 100.38  0.08 -0.24
2024-03-28  99.90  99.83 -0.07 -0.31
2024-04-01  99.64  98.98 -0.67 -0.98
2024-04-02  99.56  99.02 -0.54 -1.52
2024-04-03  99.85 101.26  1.42 -0.11
2024-04-04  99.43  97.85 -1.59 -1.69
2024-04-05 100.11 100.56  0.45 -1.24
2024-04-08  99.90 100.27  0.37 -0.87
2024-04-09  99.88 100.27  0.39 -0.48
2024-04-10  99.30  98.65 -0.66 -1.14
2024-04-11  99.88 101.69  1.81  0.67
2024-04-12  99.44  98.26 -1.18 -0.51
2024-04-15  99.53  99.12 -0.42 -0.93
2024-04-16  99.91  99.85 -0.06 -0.99
2024-04-17  99.88  97.77 -2.11 -3.10
2024-04-18  99.90  99.70 -0.21 -3.31
2024-04-19 100.07  98.80 -1.26 -4.57
2024-04-22 100.10 101.57  1.47 -3.10
2024-04-23 100.12 100.61  0.48 -2.62
2024-04-24  99.79  99.70 -0.09 -2.71
2024-04-25  99.52  99.67  0.15 -2.55
2024-04-29 100.08 101.52  1.44 -1.11
2024-04-30  99.15  99.28  0.13 -0.98
2024-05-01 100.25  99.92 -0.32 -1.31
2024-05-06 100.68 102.21  1.52  0.21
2024-05-07  99.84  99.48 -0.36 -0.14
2024-05-08  99.97  98.96 -1.01 -1.15
2024-05-09 100.19 100.48  0.28 -0.87
2024-05-10  99.97  99.28 -0.69 -1.56
2024-05-13  99.78 100.20  0.42 -1.14
2024-05-14  99.97 100.95  0.98 -0.15
2024-05-15 100.33 100.35  0.02 -0.14
2024-05-16  99.84  99.58 -0.26 -0.39
2024-05-17  99.93 100.42  0.49  0.10
2024-05-20  99.66 101.38  1.73  1.82
2024-05-21  99.96  99.00 -0.96  0.86
2024-05-22  99.64  99.98  0.34  1.20
2024-05-23  99.29  98.84 -0.45  0.75
2024-05-24  99.88 100.85  0.97  1.72
2024-05-28  99.69 100.27  0.58  2.30
2024-05-29  99.45  97.93 -1.53  0.77
2024-05-30  99.69 100.13  0.44  1.21
Mean Absolute Error: 0.72%
Min: -4.57 Max: 2.30 Mid: -1.13
Epoch: 500000 BatchSize: 44 FinalLSM: 0.00172
Norm: 84.18
===
      date predic actual  diff   acc
2024-03-26  99.92 100.26  0.35  0.35
2024-03-27 100.42 100.38 -0.03  0.31
2024-03-28  99.96  99.83 -0.13  0.18
2024-04-01  99.65  98.98 -0.67 -0.49
2024-04-02  99.54  99.02 -0.53 -1.02
2024-04-03  99.89 101.26  1.37  0.35
2024-04-04  99.38  97.85 -1.55 -1.20
2024-04-05 100.20 100.56  0.36 -0.84
2024-04-08  99.95 100.27  0.32 -0.52
2024-04-09  99.93 100.27  0.34 -0.18
2024-04-10  99.24  98.65 -0.60 -0.78
2024-04-11  99.94 101.69  1.76  0.98
2024-04-12  99.40  98.26 -1.14 -0.17
2024-04-15  99.52  99.12 -0.40 -0.57
2024-04-16  99.97  99.85 -0.12 -0.69
2024-04-17  99.92  97.77 -2.16 -2.84
2024-04-18  99.96  99.70 -0.26 -3.11
2024-04-19 100.15  98.80 -1.35 -4.45
2024-04-22 100.19 101.57  1.38 -3.07
2024-04-23 100.22 100.61  0.39 -2.68
2024-04-24  99.82  99.70 -0.13 -2.81
2024-04-25  99.50  99.67  0.17 -2.64
2024-04-29 100.17 101.52  1.35 -1.28
2024-04-30  99.05  99.28  0.23 -1.05
2024-05-01 100.35  99.92 -0.42 -1.48
2024-05-06 100.84 102.21  1.36 -0.12
2024-05-07  99.89  99.48 -0.40 -0.52
2024-05-08 100.03  98.96 -1.07 -1.60
2024-05-09 100.29 100.48  0.18 -1.41
2024-05-10 100.04  99.28 -0.76 -2.17
2024-05-13  99.81 100.20  0.39 -1.79
2024-05-14 100.04 100.95  0.91 -0.87
2024-05-15 100.45 100.35 -0.10 -0.97
2024-05-16  99.88  99.58 -0.30 -1.27
2024-05-17  99.99 100.42  0.43 -0.84
2024-05-20  99.68 101.38  1.71  0.87
2024-05-21 100.02  99.00 -1.02 -0.15
2024-05-22  99.65  99.98  0.33  0.18
2024-05-23  99.22  98.84 -0.38 -0.20
2024-05-24  99.93 100.85  0.91  0.71
2024-05-28  99.70 100.27  0.57  1.28
2024-05-29  99.42  97.93 -1.50 -0.22
2024-05-30  99.70 100.13  0.43  0.21
2024-05-31 100.47 101.66  1.18  1.39
Mean Absolute Error: 0.71%
Min: -4.45 Max: 1.28 Mid: -1.59
Epoch: 500000 BatchSize: 44 FinalLSM: 0.00169
Norm: 101.92
===
      date predic actual  diff   acc
2024-03-27 100.41 100.38 -0.03 -0.03
2024-03-28  99.95  99.83 -0.12 -0.14
2024-04-01  99.64  98.98 -0.66 -0.81
2024-04-02  99.53  99.02 -0.52 -1.32
2024-04-03  99.88 101.26  1.38  0.06
2024-04-04  99.37  97.85 -1.53 -1.47
2024-04-05 100.19 100.56  0.37 -1.10
2024-04-08  99.94 100.27  0.33 -0.78
2024-04-09  99.92 100.27  0.35 -0.43
2024-04-10  99.23  98.65 -0.59 -1.02
2024-04-11  99.93 101.69  1.77  0.75
2024-04-12  99.39  98.26 -1.13 -0.38
2024-04-15  99.50  99.12 -0.39 -0.77
2024-04-16  99.96  99.85 -0.11 -0.88
2024-04-17  99.91  97.77 -2.15 -3.02
2024-04-18  99.95  99.70 -0.25 -3.28
2024-04-19 100.14  98.80 -1.34 -4.61
2024-04-22 100.18 101.57  1.39 -3.22
2024-04-23 100.21 100.61  0.40 -2.83
2024-04-24  99.81  99.70 -0.11 -2.94
2024-04-25  99.49  99.67  0.18 -2.76
2024-04-29 100.16 101.52  1.36 -1.40
2024-04-30  99.03  99.28  0.25 -1.15
2024-05-01 100.34  99.92 -0.41 -1.56
2024-05-06 100.84 102.21  1.36 -0.20
2024-05-07  99.88  99.48 -0.39 -0.59
2024-05-08 100.03  98.96 -1.07 -1.66
2024-05-09 100.28 100.48  0.19 -1.47
2024-05-10 100.03  99.28 -0.75 -2.22
2024-05-13  99.80 100.20  0.40 -1.82
2024-05-14 100.03 100.95  0.92 -0.90
2024-05-15 100.44 100.35 -0.09 -0.99
2024-05-16  99.87  99.58 -0.29 -1.28
2024-05-17  99.98 100.42  0.44 -0.84
2024-05-20  99.66 101.38  1.73  0.89
2024-05-21 100.01  99.00 -1.01 -0.13
2024-05-22  99.63  99.98  0.34  0.22
2024-05-23  99.21  98.84 -0.37 -0.15
2024-05-24  99.92 100.85  0.92  0.77
2024-05-28  99.69 100.27  0.58  1.35
2024-05-29  99.41  97.93 -1.48 -0.13
2024-05-30  99.68 100.13  0.44  0.31
2024-05-31 100.47 101.66  1.18  1.50
2024-06-03  99.94  99.80 -0.14  1.36
Mean Absolute Error: 0.71%
Min: -4.61 Max: 1.50 Mid: -1.56
Epoch: 500000 BatchSize: 44 FinalLSM: 0.00169
Norm: 97.71
===
      date predic actual  diff   acc
2024-03-28  99.94  99.83 -0.10 -0.10
2024-04-01  99.64  98.98 -0.66 -0.76
2024-04-02  99.54  99.02 -0.52 -1.28
2024-04-03  99.87 101.26  1.39  0.11
2024-04-04  99.38  97.85 -1.54 -1.44
2024-04-05 100.17 100.56  0.39 -1.04
2024-04-08  99.93 100.27  0.34 -0.70
2024-04-09  99.90 100.27  0.37 -0.34
2024-04-10  99.25  98.65 -0.61 -0.95
2024-04-11  99.91 101.69  1.78  0.83
2024-04-12  99.40  98.26 -1.14 -0.31
2024-04-15  99.51  99.12 -0.40 -0.71
2024-04-16  99.95  99.85 -0.10 -0.80
2024-04-17  99.90  97.77 -2.13 -2.94
2024-04-18  99.94  99.70 -0.24 -3.18
2024-04-19 100.12  98.80 -1.31 -4.49
2024-04-22 100.16 101.57  1.41 -3.08
2024-04-23 100.18 100.61  0.42 -2.65
2024-04-24  99.80  99.70 -0.11 -2.76
2024-04-25  99.50  99.67  0.18 -2.58
2024-04-29 100.14 101.52  1.38 -1.20
2024-04-30  99.07  99.28  0.21 -0.99
2024-05-01 100.30  99.92 -0.38 -1.37
2024-05-06 100.80 102.21  1.41  0.04
2024-05-07  99.87  99.48 -0.38 -0.35
2024-05-08 100.01  98.96 -1.05 -1.40
2024-05-09 100.26 100.48  0.22 -1.18
2024-05-10 100.01  99.28 -0.73 -1.91
2024-05-13  99.80 100.20  0.40 -1.51
2024-05-14 100.01 100.95  0.94 -0.57
2024-05-15 100.40 100.35 -0.06 -0.62
2024-05-16  99.86  99.58 -0.28 -0.90
2024-05-17  99.97 100.42  0.45 -0.45
2024-05-20  99.66 101.38  1.73  1.28
2024-05-21 100.00  99.00 -1.00  0.28
2024-05-22  99.63  99.98  0.34  0.62
2024-05-23  99.23  98.84 -0.39  0.23
2024-05-24  99.91 100.85  0.94  1.17
2024-05-28  99.69 100.27  0.58  1.76
2024-05-29  99.42  97.93 -1.50  0.26
2024-05-30  99.68 100.13  0.45  0.71
2024-05-31 100.44 101.66  1.22  1.93
2024-06-03  99.92  99.80 -0.12  1.80
2024-06-04 100.17  99.73 -0.44  1.37
Mean Absolute Error: 0.72%
Min: -4.49 Max: 1.93 Mid: -1.28
Epoch: 500000 BatchSize: 44 FinalLSM: 0.00172
Norm: 91.29
===
      date predic actual  diff   acc
2024-04-01  99.67  98.98 -0.70 -0.70
2024-04-02  99.57  99.02 -0.55 -1.25
2024-04-03  99.90 101.26  1.36  0.11
2024-04-04  99.41  97.85 -1.57 -1.46
2024-04-05 100.20 100.56  0.37 -1.10
2024-04-08  99.96 100.27  0.31 -0.79
2024-04-09  99.93 100.27  0.34 -0.45
2024-04-10  99.31  98.65 -0.66 -1.11
2024-04-11  99.94 101.69  1.75  0.64
2024-04-12  99.43  98.26 -1.18 -0.54
2024-04-15  99.56  99.12 -0.44 -0.98
2024-04-16  99.98  99.85 -0.13 -1.11
2024-04-17  99.93  97.77 -2.16 -3.27
2024-04-18  99.97  99.70 -0.27 -3.54
2024-04-19 100.15  98.80 -1.34 -4.88
2024-04-22 100.18 101.57  1.39 -3.49
2024-04-23 100.21 100.61  0.40 -3.09
2024-04-24  99.84  99.70 -0.14 -3.23
2024-04-25  99.53  99.67  0.14 -3.09
2024-04-29 100.17 101.52  1.35 -1.74
2024-04-30  99.12  99.28  0.16 -1.59
2024-05-01 100.31  99.92 -0.38 -1.97
2024-05-06 100.81 102.21  1.39 -0.57
2024-05-07  99.90  99.48 -0.42 -0.99
2024-05-08 100.04  98.96 -1.08 -2.07
2024-05-09 100.28 100.48  0.19 -1.88
2024-05-10 100.04  99.28 -0.76 -2.64
2024-05-13  99.83 100.20  0.37 -2.27
2024-05-14 100.04 100.95  0.91 -1.36
2024-05-15 100.41 100.35 -0.07 -1.43
2024-05-16  99.89  99.58 -0.31 -1.74
2024-05-17 100.00 100.42  0.42 -1.32
2024-05-20  99.70 101.38  1.69  0.37
2024-05-21 100.02  99.00 -1.02 -0.65
2024-05-22  99.67  99.98  0.30 -0.35
2024-05-23  99.27  98.84 -0.43 -0.78
2024-05-24  99.94 100.85  0.91  0.13
2024-05-28  99.72 100.27  0.55  0.68
2024-05-29  99.46  97.93 -1.53 -0.85
2024-05-30  99.70 100.13  0.42 -0.43
2024-05-31 100.46 101.66  1.19  0.76
2024-06-03  99.94  99.80 -0.14  0.62
2024-06-04 100.18  99.73 -0.45  0.17
2024-06-05  99.93 101.09  1.16  1.33
Mean Absolute Error: 0.75%
Min: -4.88 Max: 0.76 Mid: -2.06
Epoch: 500000 BatchSize: 44 FinalLSM: 0.00178
Norm: 110.11
===
      date predic actual  diff   acc
2024-04-02  99.59  99.02 -0.57 -0.57
2024-04-03  99.89 101.26  1.37  0.80
2024-04-04  99.45  97.85 -1.61 -0.81
2024-04-05 100.16 100.56  0.40 -0.41
2024-04-08  99.94 100.27  0.32 -0.09
2024-04-09  99.92 100.27  0.35  0.26
2024-04-10  99.36  98.65 -0.72 -0.46
2024-04-11  99.93 101.69  1.76  1.31
2024-04-12  99.47  98.26 -1.21  0.10
2024-04-15  99.58  99.12 -0.47 -0.37
2024-04-16  99.96  99.85 -0.11 -0.48
2024-04-17  99.91  97.77 -2.15 -2.63
2024-04-18  99.95  99.70 -0.26 -2.88
2024-04-19 100.12  98.80 -1.31 -4.20
2024-04-22 100.15 101.57  1.42 -2.78
2024-04-23 100.18 100.61  0.43 -2.35
2024-04-24  99.84  99.70 -0.14 -2.49
2024-04-25  99.56  99.67  0.12 -2.37
2024-04-29 100.14 101.52  1.38 -0.99
2024-04-30  99.19  99.28  0.08 -0.91
2024-05-01 100.25  99.92 -0.33 -1.24
2024-05-06 100.74 102.21  1.47  0.23
2024-05-07  99.90  99.48 -0.41 -0.18
2024-05-08 100.03  98.96 -1.07 -1.25
2024-05-09 100.24 100.48  0.23 -1.02
2024-05-10 100.02  99.28 -0.74 -1.76
2024-05-13  99.83 100.20  0.37 -1.39
2024-05-14 100.02 100.95  0.93 -0.46
2024-05-15 100.36 100.35 -0.01 -0.47
2024-05-16  99.89  99.58 -0.31 -0.78
2024-05-17  99.98 100.42  0.44 -0.34
2024-05-20  99.71 101.38  1.68  1.34
2024-05-21 100.00  99.00 -1.00  0.34
2024-05-22  99.69  99.98  0.29  0.63
2024-05-23  99.32  98.84 -0.48  0.15
2024-05-24  99.93 100.85  0.92  1.07
2024-05-28  99.73 100.27  0.54  1.62
2024-05-29  99.49  97.93 -1.57  0.05
2024-05-30  99.71 100.13  0.42  0.47
2024-05-31 100.41 101.66  1.24  1.71
2024-06-03  99.92  99.80 -0.12  1.59
2024-06-04 100.15  99.73 -0.42  1.17
2024-06-05  99.92 101.09  1.17  2.34
2024-06-06 100.05  99.09 -0.96  1.38
Mean Absolute Error: 0.76%
Min: -4.20 Max: 2.34 Mid: -0.93
Epoch: 500000 BatchSize: 44 FinalLSM: 0.00184
Norm: 85.28
===
      date predic actual  diff   acc
2024-04-03  99.91 101.26  1.35  1.35
2024-04-04  99.51  97.85 -1.68 -0.33
2024-04-05 100.16 100.56  0.40  0.08
2024-04-08  99.96 100.27  0.31  0.38
2024-04-09  99.94 100.27  0.33  0.71
2024-04-10  99.44  98.65 -0.80 -0.08
2024-04-11  99.95 101.69  1.75  1.66
2024-04-12  99.53  98.26 -1.27  0.39
2024-04-15  99.64  99.12 -0.52 -0.13
2024-04-16  99.98  99.85 -0.13 -0.26
2024-04-17  99.93  97.77 -2.16 -2.42
2024-04-18  99.97  99.70 -0.27 -2.70
2024-04-19 100.12  98.80 -1.31 -4.01
2024-04-22 100.15 101.57  1.42 -2.58
2024-04-23 100.17 100.61  0.44 -2.15
2024-04-24  99.86  99.70 -0.17 -2.31
2024-04-25  99.61  99.67  0.06 -2.25
2024-04-29 100.14 101.52  1.38 -0.87
2024-04-30  99.29  99.28 -0.02 -0.89
2024-05-01 100.24  99.92 -0.31 -1.20
2024-05-06 100.69 102.21  1.52  0.31
2024-05-07  99.92  99.48 -0.43 -0.12
2024-05-08 100.03  98.96 -1.07 -1.19
2024-05-09 100.23 100.48  0.24 -0.95
2024-05-10 100.03  99.28 -0.75 -1.70
2024-05-13  99.86 100.20  0.34 -1.35
2024-05-14 100.03 100.95  0.92 -0.43
2024-05-15 100.34 100.35  0.01 -0.42
2024-05-16  99.91  99.58 -0.33 -0.75
2024-05-17  99.99 100.42  0.43 -0.32
2024-05-20  99.75 101.38  1.64  1.31
2024-05-21 100.01  99.00 -1.01  0.30
2024-05-22  99.73  99.98  0.25  0.55
2024-05-23  99.40  98.84 -0.56 -0.01
2024-05-24  99.94 100.85  0.90  0.89
2024-05-28  99.77 100.27  0.51  1.40
2024-05-29  99.55  97.93 -1.63 -0.24
2024-05-30  99.75 100.13  0.38  0.14
2024-05-31 100.39 101.66  1.27  1.41
2024-06-03  99.94  99.80 -0.14  1.27
2024-06-04 100.14  99.73 -0.41  0.86
2024-06-05  99.94 101.09  1.15  2.01
2024-06-06 100.06  99.09 -0.97  1.04
2024-06-07  99.79 100.07  0.28  1.33
Mean Absolute Error: 0.76%
Min: -4.01 Max: 2.01 Mid: -1.00
Epoch: 500000 BatchSize: 44 FinalLSM: 0.00186
Norm: 88.63
===
      date predic actual  diff   acc
2024-04-04  99.50  97.85 -1.66 -1.66
2024-04-05 100.17 100.56  0.39 -1.27
2024-04-08  99.96 100.27  0.30 -0.96
2024-04-09  99.94 100.27  0.33 -0.64
2024-04-10  99.42  98.65 -0.78 -1.41
2024-04-11  99.95 101.69  1.74  0.33
2024-04-12  99.52  98.26 -1.26 -0.93
2024-04-15  99.63  99.12 -0.51 -1.44
2024-04-16  99.98  99.85 -0.13 -1.57
2024-04-17  99.93  97.77 -2.17 -3.74
2024-04-18  99.97  99.70 -0.28 -4.01
2024-04-19 100.13  98.80 -1.32 -5.33
2024-04-22 100.16 101.57  1.41 -3.92
2024-04-23 100.18 100.61  0.43 -3.50
2024-04-24  99.86  99.70 -0.17 -3.66
2024-04-25  99.60  99.67  0.07 -3.59
2024-04-29 100.15 101.52  1.37 -2.22
2024-04-30  99.27  99.28  0.01 -2.21
2024-05-01 100.25  99.92 -0.33 -2.54
2024-05-06 100.71 102.21  1.49 -1.05
2024-05-07  99.92  99.48 -0.44 -1.48
2024-05-08 100.04  98.96 -1.08 -2.56
2024-05-09 100.24 100.48  0.23 -2.33
2024-05-10 100.03  99.28 -0.76 -3.09
2024-05-13  99.86 100.20  0.34 -2.74
2024-05-14 100.03 100.95  0.92 -1.83
2024-05-15 100.35 100.35 -0.01 -1.83
2024-05-16  99.91  99.58 -0.33 -2.16
2024-05-17 100.00 100.42  0.42 -1.74
2024-05-20  99.75 101.38  1.64 -0.10
2024-05-21 100.02  99.00 -1.02 -1.12
2024-05-22  99.72  99.98  0.25 -0.86
2024-05-23  99.38  98.84 -0.54 -1.40
2024-05-24  99.95 100.85  0.90 -0.50
2024-05-28  99.76 100.27  0.51  0.01
2024-05-29  99.54  97.93 -1.62 -1.61
2024-05-30  99.74 100.13  0.39 -1.22
2024-05-31 100.40 101.66  1.25  0.03
2024-06-03  99.94  99.80 -0.14 -0.11
2024-06-04 100.15  99.73 -0.42 -0.54
2024-06-05  99.94 101.09  1.15  0.61
2024-06-06 100.07  99.09 -0.97 -0.36
2024-06-07  99.79 100.07  0.29 -0.08
2024-06-10 100.00 101.26  1.26  1.18
Mean Absolute Error: 0.75%
Min: -5.33 Max: 0.61 Mid: -2.36
Epoch: 500000 BatchSize: 44 FinalLSM: 0.00184
Norm: 109.62
===
      date predic actual  diff   acc
2024-04-05 100.14 100.56  0.42  0.42
2024-04-08  99.98 100.27  0.29  0.71
2024-04-09  99.96 100.27  0.30  1.01
2024-04-10  99.59  98.65 -0.94  0.07
2024-04-11  99.97 101.69  1.72  1.79
2024-04-12  99.66  98.26 -1.40  0.39
2024-04-15  99.73  99.12 -0.62 -0.23
2024-04-16 100.00  99.85 -0.14 -0.38
2024-04-17  99.96  97.77 -2.19 -2.57
2024-04-18  99.99  99.70 -0.29 -2.86
2024-04-19 100.10  98.80 -1.30 -4.16
2024-04-22 100.13 101.57  1.44 -2.72
2024-04-23 100.14 100.61  0.46 -2.26
2024-04-24  99.91  99.70 -0.21 -2.47
2024-04-25  99.72  99.67 -0.05 -2.52
2024-04-29 100.12 101.52  1.40 -1.12
2024-04-30  99.48  99.28 -0.20 -1.32
2024-05-01 100.21  99.92 -0.28 -1.60
2024-05-06 100.56 102.21  1.64  0.04
2024-05-07  99.95  99.48 -0.46 -0.43
2024-05-08 100.04  98.96 -1.08 -1.50
2024-05-09 100.19 100.48  0.28 -1.22
2024-05-10 100.04  99.28 -0.76 -1.98
2024-05-13  99.90 100.20  0.30 -1.68
2024-05-14 100.03 100.95  0.92 -0.76
2024-05-15 100.28 100.35  0.06 -0.70
2024-05-16  99.94  99.58 -0.36 -1.06
2024-05-17 100.01 100.42  0.41 -0.65
2024-05-20  99.82 101.38  1.56  0.92
2024-05-21 100.02  99.00 -1.02 -0.11
2024-05-22  99.80  99.98  0.17  0.06
2024-05-23  99.56  98.84 -0.72 -0.66
2024-05-24  99.97 100.85  0.88  0.22
2024-05-28  99.84 100.27  0.44  0.65
2024-05-29  99.68  97.93 -1.75 -1.10
2024-05-30  99.82 100.13  0.30 -0.79
2024-05-31 100.32 101.66  1.34  0.54
2024-06-03  99.97  99.80 -0.17  0.37
2024-06-04 100.13  99.73 -0.40 -0.02
2024-06-05  99.96 101.09  1.13  1.10
2024-06-06 100.06  99.09 -0.97  0.13
2024-06-07  99.85 100.07  0.22  0.36
2024-06-10 100.01 101.26  1.25  1.61
2024-06-11  99.88  99.34 -0.55  1.06
Mean Absolute Error: 0.75%
Min: -4.16 Max: 1.79 Mid: -1.19
Epoch: 500000 BatchSize: 44 FinalLSM: 0.00181
Norm: 87.82
===
      date predic actual  diff   acc
2024-04-08  99.99 100.27  0.27  0.27
2024-04-09  99.98 100.27  0.29  0.56
2024-04-10  99.62  98.65 -0.97 -0.41
2024-04-11  99.99 101.69  1.71  1.29
2024-04-12  99.69  98.26 -1.43 -0.14
2024-04-15  99.76  99.12 -0.64 -0.78
2024-04-16 100.01  99.85 -0.16 -0.94
2024-04-17  99.98  97.77 -2.21 -3.14
2024-04-18 100.00  99.70 -0.30 -3.45
2024-04-19 100.11  98.80 -1.31 -4.75
2024-04-22 100.13 101.57  1.44 -3.32
2024-04-23 100.15 100.61  0.46 -2.86
2024-04-24  99.92  99.70 -0.23 -3.09
2024-04-25  99.75  99.67 -0.07 -3.16
2024-04-29 100.12 101.52  1.40 -1.76
2024-04-30  99.52  99.28 -0.24 -2.01
2024-05-01 100.22  99.92 -0.29 -2.30
2024-05-06 100.55 102.21  1.65 -0.64
2024-05-07  99.96  99.48 -0.48 -1.12
2024-05-08 100.05  98.96 -1.09 -2.21
2024-05-09 100.20 100.48  0.28 -1.93
2024-05-10 100.04  99.28 -0.77 -2.69
2024-05-13  99.92 100.20  0.28 -2.41
2024-05-14 100.04 100.95  0.91 -1.51
2024-05-15 100.28 100.35  0.06 -1.44
2024-05-16  99.96  99.58 -0.38 -1.82
2024-05-17 100.02 100.42  0.40 -1.42
2024-05-20  99.84 101.38  1.54  0.13
2024-05-21 100.04  99.00 -1.03 -0.91
2024-05-22  99.83  99.98  0.15 -0.76
2024-05-23  99.60  98.84 -0.76 -1.52
2024-05-24  99.98 100.85  0.86 -0.65
2024-05-28  99.86 100.27  0.42 -0.24
2024-05-29  99.70  97.93 -1.78 -2.01
2024-05-30  99.85 100.13  0.28 -1.73
2024-05-31 100.31 101.66  1.34 -0.39
2024-06-03  99.99  99.80 -0.19 -0.58
2024-06-04 100.14  99.73 -0.41 -0.98
2024-06-05  99.98 101.09  1.12  0.13
2024-06-06 100.07  99.09 -0.98 -0.85
2024-06-07  99.87 100.07  0.21 -0.64
2024-06-10 100.02 101.26  1.24  0.60
2024-06-11  99.90  99.34 -0.56  0.04
2024-06-12 100.00 100.91  0.91  0.95
Mean Absolute Error: 0.76%
Min: -4.75 Max: 1.29 Mid: -1.73
Epoch: 500000 BatchSize: 44 FinalLSM: 0.00186
Norm: 94.35
===
      date predic actual  diff   acc
2024-04-09  99.94 100.27  0.33  0.33
2024-04-10  99.54  98.65 -0.90 -0.56
2024-04-11  99.94 101.69  1.75  1.19
2024-04-12  99.62  98.26 -1.36 -0.18
2024-04-15  99.69  99.12 -0.58 -0.75
2024-04-16  99.97  99.85 -0.11 -0.87
2024-04-17  99.93  97.77 -2.17 -3.03
2024-04-18  99.96  99.70 -0.26 -3.30
2024-04-19 100.08  98.80 -1.27 -4.57
2024-04-22 100.10 101.57  1.47 -3.10
2024-04-23 100.12 100.61  0.49 -2.62
2024-04-24  99.87  99.70 -0.18 -2.79
2024-04-25  99.68  99.67 -0.01 -2.80
2024-04-29 100.09 101.52  1.43 -1.37
2024-04-30  99.43  99.28 -0.15 -1.52
2024-05-01 100.20  99.92 -0.27 -1.80
2024-05-06 100.55 102.21  1.65 -0.14
2024-05-07  99.91  99.48 -0.43 -0.58
2024-05-08 100.01  98.96 -1.05 -1.62
2024-05-09 100.17 100.48  0.30 -1.32
2024-05-10 100.01  99.28 -0.73 -2.05
2024-05-13  99.87 100.20  0.33 -1.72
2024-05-14 100.01 100.95  0.94 -0.77
2024-05-15 100.27 100.35  0.08 -0.69
2024-05-16  99.91  99.58 -0.33 -1.02
2024-05-17  99.98 100.42  0.44 -0.58
2024-05-20  99.79 101.38  1.60  1.02
2024-05-21 100.00  99.00 -1.00  0.03
2024-05-22  99.77  99.98  0.21  0.23
2024-05-23  99.52  98.84 -0.68 -0.44
2024-05-24  99.94 100.85  0.91  0.46
2024-05-28  99.80 100.27  0.47  0.93
2024-05-29  99.63  97.93 -1.71 -0.77
2024-05-30  99.79 100.13  0.34 -0.44
2024-05-31 100.30 101.66  1.36  0.92
2024-06-03  99.95  99.80 -0.14  0.77
2024-06-04 100.11  99.73 -0.38  0.40
2024-06-05  99.93 101.09  1.16  1.56
2024-06-06 100.04  99.09 -0.94  0.62
2024-06-07  99.81 100.07  0.26  0.88
2024-06-10  99.98 101.26  1.28  2.16
2024-06-11  99.85  99.34 -0.51  1.64
2024-06-12  99.96 100.91  0.96  2.60
2024-06-13  99.88  98.34 -1.54  1.06
Mean Absolute Error: 0.78%
Min: -4.57 Max: 2.60 Mid: -0.98
Epoch: 500000 BatchSize: 44 FinalLSM: 0.00195
Norm: 78.52
===
      date predic actual  diff   acc
2024-04-10  99.52  98.65 -0.87 -0.87
2024-04-11  99.93 101.69  1.76  0.89
2024-04-12  99.60  98.26 -1.34 -0.45
2024-04-15  99.68  99.12 -0.56 -1.01
2024-04-16  99.95  99.85 -0.10 -1.11
2024-04-17  99.92  97.77 -2.15 -3.27
2024-04-18  99.94  99.70 -0.25 -3.52
2024-04-19 100.07  98.80 -1.26 -4.78
2024-04-22 100.09 101.57  1.48 -3.30
2024-04-23 100.11 100.61  0.50 -2.81
2024-04-24  99.86  99.70 -0.16 -2.97
2024-04-25  99.66  99.67  0.01 -2.96
2024-04-29 100.08 101.52  1.44 -1.52
2024-04-30  99.40  99.28 -0.13 -1.65
2024-05-01 100.19  99.92 -0.26 -1.91
2024-05-06 100.55 102.21  1.65 -0.26
2024-05-07  99.90  99.48 -0.42 -0.67
2024-05-08 100.00  98.96 -1.04 -1.71
2024-05-09 100.16 100.48  0.31 -1.40
2024-05-10  99.99  99.28 -0.72 -2.11
2024-05-13  99.85 100.20  0.35 -1.77
2024-05-14  99.99 100.95  0.96 -0.81
2024-05-15 100.26 100.35  0.09 -0.73
2024-05-16  99.90  99.58 -0.32 -1.04
2024-05-17  99.97 100.42  0.46 -0.59
2024-05-20  99.77 101.38  1.62  1.03
2024-05-21  99.98  99.00 -0.98  0.05
2024-05-22  99.75  99.98  0.23  0.27
2024-05-23  99.50  98.84 -0.66 -0.38
2024-05-24  99.93 100.85  0.92  0.54
2024-05-28  99.78 100.27  0.49  1.02
2024-05-29  99.61  97.93 -1.69 -0.67
2024-05-30  99.78 100.13  0.35 -0.31
2024-05-31 100.29 101.66  1.37  1.05
2024-06-03  99.93  99.80 -0.13  0.92
2024-06-04 100.10  99.73 -0.37  0.55
2024-06-05  99.92 101.09  1.18  1.73
2024-06-06 100.02  99.09 -0.93  0.79
2024-06-07  99.80 100.07  0.28  1.07
2024-06-10  99.97 101.26  1.29  2.36
2024-06-11  99.84  99.34 -0.50  1.87
2024-06-12  99.94 100.91  0.97  2.84
2024-06-13  99.86  98.34 -1.53  1.31
2024-06-14  99.88  99.63 -0.25  1.06
Mean Absolute Error: 0.78%
Min: -4.78 Max: 2.84 Mid: -0.97
Epoch: 500000 BatchSize: 44 FinalLSM: 0.00194
Norm: 76.66
===
      date predic actual  diff   acc
2024-04-11  99.95 101.69  1.74  1.74
2024-04-12  99.69  98.26 -1.43  0.31
2024-04-15  99.76  99.12 -0.64 -0.33
2024-04-16  99.97  99.85 -0.12 -0.45
2024-04-17  99.94  97.77 -2.17 -2.62
2024-04-18  99.96  99.70 -0.27 -2.89
2024-04-19 100.06  98.80 -1.25 -4.14
2024-04-22 100.08 101.57  1.49 -2.65
2024-04-23 100.09 100.61  0.52 -2.13
2024-04-24  99.90  99.70 -0.20 -2.33
2024-04-25  99.74  99.67 -0.07 -2.40
2024-04-29 100.07 101.52  1.45 -0.95
2024-04-30  99.56  99.28 -0.28 -1.23
2024-05-01 100.13  99.92 -0.21 -1.44
2024-05-06 100.44 102.21  1.76  0.32
2024-05-07  99.93  99.48 -0.45 -0.12
2024-05-08 100.01  98.96 -1.05 -1.17
2024-05-09 100.13 100.48  0.34 -0.83
2024-05-10 100.00  99.28 -0.72 -1.55
2024-05-13  99.89 100.20  0.31 -1.24
2024-05-14 100.00 100.95  0.95 -0.29
2024-05-15 100.20 100.35  0.15 -0.14
2024-05-16  99.92  99.58 -0.35 -0.49
2024-05-17  99.98 100.42  0.44 -0.04
2024-05-20  99.83 101.38  1.56  1.51
2024-05-21  99.99  99.00 -0.99  0.52
2024-05-22  99.81  99.98  0.16  0.69
2024-05-23  99.62  98.84 -0.78 -0.09
2024-05-24  99.95 100.85  0.90  0.81
2024-05-28  99.84 100.27  0.44  1.25
2024-05-29  99.71  97.93 -1.78 -0.53
2024-05-30  99.82 100.13  0.30 -0.23
2024-05-31 100.24 101.66  1.42  1.19
2024-06-03  99.94  99.80 -0.14  1.05
2024-06-04 100.07  99.73 -0.34  0.71
2024-06-05  99.95 101.09  1.15  1.85
2024-06-06 100.02  99.09 -0.93  0.93
2024-06-07  99.85 100.07  0.22  1.15
2024-06-10  99.98 101.26  1.28  2.43
2024-06-11  99.88  99.34 -0.54  1.89
2024-06-12  99.96 100.91  0.96  2.85
2024-06-13  99.90  98.34 -1.56  1.29
2024-06-14  99.91  99.63 -0.28  1.01
2024-06-17 100.05  99.95 -0.10  0.91
Mean Absolute Error: 0.78%
Min: -4.14 Max: 2.85 Mid: -0.64
Epoch: 500000 BatchSize: 44 FinalLSM: 0.00196
Norm: 72.23
===
      date predic actual  diff   acc
2024-04-12  99.66  98.26 -1.40 -1.40
2024-04-15  99.73  99.12 -0.61 -2.01
2024-04-16  99.94  99.85 -0.09 -2.10
2024-04-17  99.91  97.77 -2.15 -4.25
2024-04-18  99.94  99.70 -0.24 -4.49
2024-04-19 100.04  98.80 -1.23 -5.72
2024-04-22 100.06 101.57  1.51 -4.21
2024-04-23 100.07 100.61  0.54 -3.67
2024-04-24  99.87  99.70 -0.17 -3.85
2024-04-25  99.71  99.67 -0.04 -3.89
2024-04-29 100.05 101.52  1.47 -2.42
2024-04-30  99.51  99.28 -0.24 -2.66
2024-05-01 100.11  99.92 -0.19 -2.85
2024-05-06 100.44 102.21  1.77 -1.08
2024-05-07  99.91  99.48 -0.42 -1.50
2024-05-08  99.98  98.96 -1.02 -2.52
2024-05-09 100.11 100.48  0.36 -2.16
2024-05-10  99.98  99.28 -0.70 -2.86
2024-05-13  99.87 100.20  0.34 -2.53
2024-05-14  99.98 100.95  0.97 -1.55
2024-05-15 100.19 100.35  0.16 -1.39
2024-05-16  99.90  99.58 -0.32 -1.71
2024-05-17  99.95 100.42  0.47 -1.24
2024-05-20  99.80 101.38  1.59  0.34
2024-05-21  99.97  99.00 -0.97 -0.62
2024-05-22  99.78  99.98  0.19 -0.43
2024-05-23  99.58  98.84 -0.74 -1.17
2024-05-24  99.92 100.85  0.93 -0.24
2024-05-28  99.81 100.27  0.47  0.22
2024-05-29  99.67  97.93 -1.75 -1.52
2024-05-30  99.79 100.13  0.33 -1.19
2024-05-31 100.22 101.66  1.43  0.24
2024-06-03  99.92  99.80 -0.12  0.13
2024-06-04 100.05  99.73 -0.32 -0.19
2024-06-05  99.92 101.09  1.17  0.98
2024-06-06 100.00  99.09 -0.91  0.07
2024-06-07  99.82 100.07  0.25  0.32
2024-06-10  99.96 101.26  1.31  1.63
2024-06-11  99.85  99.34 -0.51  1.12
2024-06-12  99.93 100.91  0.98  2.10
2024-06-13  99.87  98.34 -1.53  0.56
2024-06-14  99.88  99.63 -0.26  0.31
2024-06-17 100.03  99.95 -0.08  0.23
2024-06-18  99.95 100.52  0.57  0.80
Mean Absolute Error: 0.75%
Min: -5.72 Max: 2.10 Mid: -1.81
Epoch: 500000 BatchSize: 44 FinalLSM: 0.00182
Norm: 83.44
===
      date predic actual  diff   acc
2024-04-15  99.82  99.12 -0.70 -0.70
2024-04-16  99.97  99.85 -0.12 -0.83
2024-04-17  99.95  97.77 -2.18 -3.01
2024-04-18  99.97  99.70 -0.27 -3.28
2024-04-19 100.04  98.80 -1.24 -4.52
2024-04-22 100.06 101.57  1.51 -3.00
2024-04-23 100.07 100.61  0.54 -2.46
2024-04-24  99.92  99.70 -0.22 -2.69
2024-04-25  99.80  99.67 -0.13 -2.82
2024-04-29 100.05 101.52  1.47 -1.35
2024-04-30  99.67  99.28 -0.39 -1.75
2024-05-01 100.09  99.92 -0.17 -1.92
2024-05-06 100.34 102.21  1.87 -0.05
2024-05-07  99.95  99.48 -0.46 -0.52
2024-05-08 100.00  98.96 -1.04 -1.56
2024-05-09 100.10 100.48  0.38 -1.18
2024-05-10 100.00  99.28 -0.72 -1.90
2024-05-13  99.92 100.20  0.28 -1.62
2024-05-14 100.00 100.95  0.95 -0.67
2024-05-15 100.15 100.35  0.20 -0.47
2024-05-16  99.94  99.58 -0.36 -0.83
2024-05-17  99.98 100.42  0.44 -0.39
2024-05-20  99.87 101.38  1.52  1.13
2024-05-21  99.99  99.00 -0.99  0.14
2024-05-22  99.86  99.98  0.12  0.26
2024-05-23  99.71  98.84 -0.87 -0.62
2024-05-24  99.96 100.85  0.89  0.27
2024-05-28  99.87 100.27  0.40  0.67
2024-05-29  99.78  97.93 -1.85 -1.18
2024-05-30  99.86 100.13  0.26 -0.92
2024-05-31 100.18 101.66  1.47  0.56
2024-06-03  99.95  99.80 -0.15  0.41
2024-06-04 100.05  99.73 -0.32  0.09
2024-06-05  99.96 101.09  1.13  1.22
2024-06-06 100.01  99.09 -0.92  0.30
2024-06-07  99.89 100.07  0.19  0.49
2024-06-10  99.98 101.26  1.28  1.77
2024-06-11  99.90  99.34 -0.57  1.20
2024-06-12  99.96 100.91  0.95  2.15
2024-06-13  99.92  98.34 -1.58  0.57
2024-06-14  99.93  99.63 -0.30  0.26
2024-06-17 100.03  99.95 -0.08  0.18
2024-06-18  99.98 100.52  0.54  0.72
2024-06-20 100.04  99.95 -0.09  0.63
Mean Absolute Error: 0.73%
Min: -4.52 Max: 2.15 Mid: -1.18
Epoch: 500000 BatchSize: 44 FinalLSM: 0.00179
Norm: 77.25
===
      date predic actual  diff   acc
2024-04-16  99.99  99.85 -0.13 -0.13
2024-04-17  99.96  97.77 -2.19 -2.33
2024-04-18  99.98  99.70 -0.28 -2.61
2024-04-19 100.04  98.80 -1.24 -3.85
2024-04-22 100.06 101.57  1.51 -2.34
2024-04-23 100.07 100.61  0.54 -1.80
2024-04-24  99.94  99.70 -0.24 -2.04
2024-04-25  99.83  99.67 -0.16 -2.20
2024-04-29 100.06 101.52  1.46 -0.74
2024-04-30  99.71  99.28 -0.44 -1.18
2024-05-01 100.08  99.92 -0.16 -1.34
2024-05-06 100.32 102.21  1.89  0.55
2024-05-07  99.96  99.48 -0.48  0.08
2024-05-08 100.01  98.96 -1.05 -0.98
2024-05-09 100.10 100.48  0.38 -0.60
2024-05-10 100.01  99.28 -0.73 -1.33
2024-05-13  99.93 100.20  0.27 -1.06
2024-05-14 100.01 100.95  0.94 -0.11
2024-05-15 100.14 100.35  0.21  0.09
2024-05-16  99.96  99.58 -0.38 -0.28
2024-05-17  99.99 100.42  0.43  0.15
2024-05-20  99.89 101.38  1.49  1.64
2024-05-21 100.00  99.00 -1.00  0.65
2024-05-22  99.88  99.98  0.09  0.74
2024-05-23  99.75  98.84 -0.91 -0.17
2024-05-24  99.97 100.85  0.88  0.71
2024-05-28  99.89 100.27  0.38  1.09
2024-05-29  99.81  97.93 -1.88 -0.79
2024-05-30  99.88 100.13  0.25 -0.55
2024-05-31 100.17 101.66  1.48  0.94
2024-06-03  99.96  99.80 -0.16  0.78
2024-06-04 100.05  99.73 -0.32  0.45
2024-06-05  99.97 101.09  1.12  1.57
2024-06-06 100.02  99.09 -0.92  0.65
2024-06-07  99.91 100.07  0.16  0.81
2024-06-10  99.99 101.26  1.27  2.08
2024-06-11  99.92  99.34 -0.58  1.50
2024-06-12  99.97 100.91  0.94  2.44
2024-06-13  99.94  98.34 -1.60  0.84
2024-06-14  99.95  99.63 -0.32  0.52
2024-06-17 100.04  99.95 -0.09  0.43
2024-06-18  99.99 100.52  0.53  0.97
2024-06-20 100.05  99.95 -0.10  0.87
2024-06-21  99.92  99.65 -0.27  0.60
Mean Absolute Error: 0.72%
Min: -3.85 Max: 2.44 Mid: -0.71
Epoch: 500000 BatchSize: 44 FinalLSM: 0.00178
Norm: 70.80
===
      date predic actual  diff   acc
2024-04-17  99.98  97.77 -2.21 -2.21
2024-04-18 100.00  99.70 -0.30 -2.51
2024-04-19 100.07  98.80 -1.26 -3.77
2024-04-22 100.08 101.57  1.49 -2.28
2024-04-23 100.09 100.61  0.52 -1.77
2024-04-24  99.95  99.70 -0.25 -2.02
2024-04-25  99.84  99.67 -0.17 -2.19
2024-04-29 100.08 101.52  1.44 -0.75
2024-04-30  99.72  99.28 -0.44 -1.19
2024-05-01 100.11  99.92 -0.19 -1.38
2024-05-06 100.35 102.21  1.86  0.48
2024-05-07  99.98  99.48 -0.49 -0.02
2024-05-08 100.03  98.96 -1.07 -1.09
2024-05-09 100.12 100.48  0.36 -0.73
2024-05-10 100.03  99.28 -0.75 -1.48
2024-05-13  99.95 100.20  0.25 -1.23
2024-05-14 100.03 100.95  0.93 -0.30
2024-05-15 100.17 100.35  0.18 -0.12
2024-05-16  99.97  99.58 -0.39 -0.51
2024-05-17 100.01 100.42  0.41 -0.10
2024-05-20  99.90 101.38  1.48  1.38
2024-05-21 100.02  99.00 -1.02  0.37
2024-05-22  99.89  99.98  0.08  0.45
2024-05-23  99.75  98.84 -0.91 -0.47
2024-05-24  99.99 100.85  0.86  0.40
2024-05-28  99.91 100.27  0.36  0.76
2024-05-29  99.82  97.93 -1.89 -1.13
2024-05-30  99.90 100.13  0.23 -0.90
2024-05-31 100.20 101.66  1.46  0.56
2024-06-03  99.98  99.80 -0.18  0.38
2024-06-04 100.07  99.73 -0.34  0.03
2024-06-05  99.99 101.09  1.10  1.14
2024-06-06 100.04  99.09 -0.94  0.19
2024-06-07  99.92 100.07  0.15  0.34
2024-06-10 100.01 101.26  1.25  1.59
2024-06-11  99.94  99.34 -0.60  1.00
2024-06-12  99.99 100.91  0.92  1.92
2024-06-13  99.95  98.34 -1.61  0.30
2024-06-14  99.96  99.63 -0.33 -0.03
2024-06-17 100.06  99.95 -0.11 -0.14
2024-06-18 100.01 100.52  0.52  0.38
2024-06-20 100.07  99.95 -0.12  0.26
2024-06-21  99.94  99.65 -0.28 -0.02
2024-06-24 100.09 100.75  0.65  0.63
Mean Absolute Error: 0.74%
Min: -3.77 Max: 1.92 Mid: -0.93
Epoch: 500000 BatchSize: 44 FinalLSM: 0.00180
Norm: 77.39
===
      date predic actual  diff   acc
2024-04-18 100.09  99.70 -0.39 -0.39
2024-04-19 100.14  98.80 -1.33 -1.73
2024-04-22 100.15 101.57  1.42 -0.31
2024-04-23 100.16 100.61  0.45  0.14
2024-04-24 100.06  99.70 -0.36 -0.21
2024-04-25  99.98  99.67 -0.31 -0.52
2024-04-29 100.15 101.52  1.37  0.85
2024-04-30  99.89  99.28 -0.62  0.23
2024-05-01 100.17  99.92 -0.25 -0.01
2024-05-06 100.35 102.21  1.86  1.85
2024-05-07 100.08  99.48 -0.59  1.26
2024-05-08 100.11  98.96 -1.15  0.10
2024-05-09 100.18 100.48  0.30  0.40
2024-05-10 100.11  99.28 -0.83 -0.43
2024-05-13 100.05 100.20  0.15 -0.28
2024-05-14 100.11 100.95  0.84  0.56
2024-05-15 100.21 100.35  0.14  0.69
2024-05-16 100.07  99.58 -0.49  0.20
2024-05-17 100.10 100.42  0.32  0.52
2024-05-20 100.02 101.38  1.36  1.89
2024-05-21 100.10  99.00 -1.10  0.78
2024-05-22 100.02  99.98 -0.04  0.74
2024-05-23  99.92  98.84 -1.07 -0.33
2024-05-24 100.08 100.85  0.76  0.43
2024-05-28 100.03 100.27  0.25  0.68
2024-05-29  99.96  97.93 -2.03 -1.35
2024-05-30 100.02 100.13  0.11 -1.24
2024-05-31 100.23 101.66  1.42  0.18
2024-06-03 100.08  99.80 -0.27 -0.10
2024-06-04 100.14  99.73 -0.41 -0.51
2024-06-05 100.08 101.09  1.01  0.50
2024-06-06 100.12  99.09 -1.02 -0.53
2024-06-07 100.04 100.07  0.04 -0.49
2024-06-10 100.10 101.26  1.16  0.67
2024-06-11 100.05  99.34 -0.71 -0.03
2024-06-12 100.08 100.91  0.83  0.79
2024-06-13 100.06  98.34 -1.72 -0.92
2024-06-14 100.06  99.63 -0.44 -1.36
2024-06-17 100.13  99.95 -0.18 -1.54
2024-06-18 100.10 100.52  0.43 -1.12
2024-06-20 100.14  99.95 -0.19 -1.31
2024-06-21 100.05  99.65 -0.39 -1.70
2024-06-24 100.16 100.75  0.59 -1.11
2024-06-25 100.00 101.58  1.58  0.47
Mean Absolute Error: 0.73%
Min: -1.73 Max: 1.89 Mid: 0.08
Epoch: 500000 BatchSize: 44 FinalLSM: 0.00172
Norm: 60.66
===
      date predic actual  diff   acc
2024-04-19 100.15  98.80 -1.34 -1.34
2024-04-22 100.16 101.57  1.41  0.07
2024-04-23 100.16 100.61  0.44  0.51
2024-04-24 100.07  99.70 -0.37  0.15
2024-04-25  99.99  99.67 -0.32 -0.17
2024-04-29 100.16 101.52  1.36  1.19
2024-04-30  99.90  99.28 -0.63  0.57
2024-05-01 100.18  99.92 -0.25  0.31
2024-05-06 100.35 102.21  1.85  2.17
2024-05-07 100.08  99.48 -0.60  1.57
2024-05-08 100.12  98.96 -1.16  0.41
2024-05-09 100.18 100.48  0.29  0.70
2024-05-10 100.12  99.28 -0.84 -0.14
2024-05-13 100.06 100.20  0.14 -0.00
2024-05-14 100.12 100.95  0.83  0.83
2024-05-15 100.22 100.35  0.13  0.96
2024-05-16 100.08  99.58 -0.50  0.46
2024-05-17 100.11 100.42  0.31  0.77
2024-05-20 100.03 101.38  1.35  2.13
2024-05-21 100.11  99.00 -1.11  1.02
2024-05-22 100.02  99.98 -0.05  0.97
2024-05-23  99.93  98.84 -1.08 -0.12
2024-05-24 100.09 100.85  0.76  0.64
2024-05-28 100.03 100.27  0.24  0.88
2024-05-29  99.97  97.93 -2.04 -1.16
2024-05-30 100.02 100.13  0.10 -1.06
2024-05-31 100.24 101.66  1.41  0.35
2024-06-03 100.08  99.80 -0.28  0.07
2024-06-04 100.15  99.73 -0.42 -0.36
2024-06-05 100.09 101.09  1.00  0.64
2024-06-06 100.13  99.09 -1.03 -0.39
2024-06-07 100.05 100.07  0.03 -0.36
2024-06-10 100.11 101.26  1.15  0.79
2024-06-11 100.05  99.34 -0.71  0.08
2024-06-12 100.09 100.91  0.82  0.90
2024-06-13 100.07  98.34 -1.72 -0.83
2024-06-14 100.07  99.63 -0.44 -1.27
2024-06-17 100.14  99.95 -0.19 -1.46
2024-06-18 100.10 100.52  0.42 -1.05
2024-06-20 100.15  99.95 -0.20 -1.24
2024-06-21 100.05  99.65 -0.40 -1.64
2024-06-24 100.17 100.75  0.58 -1.06
2024-06-25 100.01 101.58  1.57  0.50
2024-06-26 100.07 100.05 -0.03  0.48
Mean Absolute Error: 0.73%
Min: -1.64 Max: 2.17 Mid: 0.26
Epoch: 500000 BatchSize: 44 FinalLSM: 0.00171
Norm: 55.65
===
Time: 3 min 42 sec.

