2023-02-09 09:59:32
  2022-09-29  98.89 True:  99.25  0.36%  0.36
  2022-09-30  98.73 True:  98.25 -0.49% -0.13
  2022-10-03 101.33 True: 103.65  2.24%  2.11
  2022-10-04  101.4 True: 101.89  0.48%  2.58
  2022-10-05  99.84 True:  99.86  0.02%   2.6
  2022-10-06  99.14 True:  99.22  0.07%  2.67
  2022-10-10  98.11 True:  99.05  0.95%  3.63
  2022-10-11 100.03 True:  98.84 -1.21%  2.42
  2022-10-12  99.89 True: 100.15  0.26%  2.68
  2022-10-13  101.4 True:  101.7   0.3%  2.97
  2022-10-14   99.0 True:  99.59  0.58%  3.56
  2022-10-17 100.99 True: 101.79  0.79%  4.35
  2022-10-18  100.6 True:  99.96 -0.64%  3.71
  2022-10-19  99.72 True:  99.08 -0.65%  3.06
  2022-10-20  99.77 True:  99.89  0.13%  3.19
  2022-10-21 101.25 True: 101.17 -0.08%  3.11
  2022-10-24 100.72 True:  99.72  -1.0%   2.1
  2022-10-25 100.59 True: 100.84  0.25%  2.35
  2022-10-26  99.98 True: 100.05  0.07%  2.42
  2022-10-27 100.29 True:  98.59 -1.73%  0.69
  2022-10-28 101.29 True:  101.7   0.4%   1.1
  2022-10-31  99.68 True: 100.44  0.76%  1.85
  2022-11-01  99.79 True:  99.91  0.12%  1.97
  2022-11-03  98.46 True:  98.77  0.32%  2.29
  2022-11-04 100.71 True: 100.57 -0.14%  2.15
  2022-11-07 100.71 True:  101.1  0.39%  2.53
  2022-11-08 100.55 True: 100.84  0.28%  2.82
  2022-11-09  98.52 True:  98.23 -0.29%  2.52
  2022-11-10 101.74 True: 102.54  0.78%   3.3
  2022-11-11 100.04 True: 100.17  0.13%  3.43
  2022-11-14  99.53 True:  99.07 -0.47%  2.97
  2022-11-15 100.06 True: 100.24  0.18%  3.15
  2022-11-16  99.89 True:  99.76 -0.13%  3.02
  2022-11-17  99.93 True: 100.19  0.26%  3.28
  2022-11-18  100.3 True:  99.98 -0.32%  2.96
  2022-11-21  99.85 True: 100.22  0.38%  3.34
  2022-11-23  100.8 True: 101.26  0.45%  3.79
  2022-11-25 100.22 True:  99.49 -0.74%  3.05
  2022-11-28  98.93 True:  99.13   0.2%  3.25
  2022-11-29  99.95 True:  99.74 -0.21%  3.04
  2022-11-30 101.12 True: 101.91  0.77%  3.81
  2022-12-01  99.61 True:  98.49 -1.14%  2.66
  2022-12-02 100.02 True:  99.14 -0.89%  1.77
  2022-12-05  98.96 True:  99.67  0.71%  2.48
  2022-12-06  99.25 True:  99.91  0.67%  3.15
  2022-12-07  99.96 True:  99.84 -0.12%  3.03
  2022-12-08 100.29 True:  100.3  0.01%  3.04
  2022-12-09  99.34 True: 100.09  0.75%  3.78
  2022-12-12 100.83 True: 101.22  0.39%  4.17
  2022-12-13 100.16 True:  99.84 -0.31%  3.85
  2022-12-14  99.69 True:  99.93  0.24%  4.09
  2022-12-15  98.27 True:  98.79  0.53%  4.62
  2022-12-16  99.38 True:  98.62 -0.77%  3.85
  2022-12-19  99.64 True:  99.89  0.26%  4.11
  2022-12-20 100.13 True:  97.41 -2.79%  1.32
  Average error: 0.54%
  Min: -0.13 Max: 4.62 Mid: 2.24 Epoch: 500000 Days: 55
  Nom: 30.52 FinalErr: 0.00142
  
  2022-09-30  98.71 True:  98.25 -0.47% -0.47
  2022-10-03 101.31 True: 103.65  2.25%  1.78
  2022-10-04 101.38 True: 101.89   0.5%  2.28
  2022-10-05  99.83 True:  99.86  0.03%   2.3
  2022-10-06  99.13 True:  99.22  0.08%  2.39
  2022-10-10  98.09 True:  99.05  0.97%  3.35
  2022-10-11 100.01 True:  98.84 -1.19%  2.16
  2022-10-12  99.87 True: 100.15  0.27%  2.44
  2022-10-13 101.39 True:  101.7  0.31%  2.75
  2022-10-14  98.99 True:  99.59   0.6%  3.35
  2022-10-17 100.97 True: 101.79  0.81%  4.16
  2022-10-18 100.58 True:  99.96 -0.62%  3.54
  2022-10-19  99.71 True:  99.08 -0.64%   2.9
  2022-10-20  99.75 True:  99.89  0.15%  3.05
  2022-10-21 101.23 True: 101.17 -0.07%  2.98
  2022-10-24  100.7 True:  99.72 -0.99%  1.99
  2022-10-25 100.57 True: 100.84  0.27%  2.26
  2022-10-26  99.95 True: 100.05   0.1%  2.36
  2022-10-27 100.29 True:  98.59 -1.72%  0.64
  2022-10-28 101.28 True:  101.7  0.42%  1.05
  2022-10-31  99.67 True: 100.44  0.77%  1.82
  2022-11-01  99.78 True:  99.91  0.14%  1.96
  2022-11-03  98.45 True:  98.77  0.32%  2.28
  2022-11-04 100.68 True: 100.57 -0.11%  2.17
  2022-11-07 100.69 True:  101.1   0.4%  2.57
  2022-11-08 100.53 True: 100.84   0.3%  2.88
  2022-11-09   98.5 True:  98.23 -0.27%   2.6
  2022-11-10 101.72 True: 102.54   0.8%   3.4
  2022-11-11 100.01 True: 100.17  0.16%  3.56
  2022-11-14  99.52 True:  99.07 -0.45%  3.11
  2022-11-15 100.04 True: 100.24   0.2%  3.31
  2022-11-16  99.87 True:  99.76 -0.11%   3.2
  2022-11-17  99.92 True: 100.19  0.27%  3.48
  2022-11-18 100.29 True:  99.98 -0.31%  3.17
  2022-11-21  99.84 True: 100.22  0.39%  3.56
  2022-11-23 100.78 True: 101.26  0.48%  4.03
  2022-11-25 100.21 True:  99.49 -0.72%  3.31
  2022-11-28  98.91 True:  99.13  0.22%  3.53
  2022-11-29  99.94 True:  99.74  -0.2%  3.33
  2022-11-30 101.11 True: 101.91  0.78%  4.12
  2022-12-01  99.58 True:  98.49 -1.11%  3.01
  2022-12-02  100.0 True:  99.14 -0.87%  2.14
  2022-12-05  98.95 True:  99.67  0.72%  2.86
  2022-12-06  99.23 True:  99.91  0.69%  3.55
  2022-12-07  99.94 True:  99.84  -0.1%  3.45
  2022-12-08 100.27 True:  100.3  0.03%  3.47
  2022-12-09  99.32 True: 100.09  0.76%  4.24
  2022-12-12 100.82 True: 101.22   0.4%  4.64
  2022-12-13 100.13 True:  99.84 -0.29%  4.35
  2022-12-14  99.67 True:  99.93  0.26%  4.61
  2022-12-15  98.25 True:  98.79  0.55%  5.16
  2022-12-16  99.36 True:  98.62 -0.75%   4.4
  2022-12-19  99.61 True:  99.89  0.28%  4.68
  2022-12-20 100.11 True:  97.41 -2.77%  1.91
  2022-12-21 100.83 True: 100.24 -0.59%  1.32
  Average error: 0.55%
  Min: -0.47 Max: 5.16 Mid: 2.34 Epoch: 500000 Days: 55
  Nom: 31.84 FinalErr: 0.00143
  
  2022-10-03  101.3 True: 103.65  2.26%  2.26
  2022-10-04 101.37 True: 101.89  0.51%  2.77
  2022-10-05  99.82 True:  99.86  0.04%  2.81
  2022-10-06  99.12 True:  99.22   0.1%  2.91
  2022-10-10  98.08 True:  99.05  0.98%  3.89
  2022-10-11  100.0 True:  98.84 -1.17%  2.72
  2022-10-12  99.86 True: 100.15  0.29%   3.0
  2022-10-13 101.38 True:  101.7  0.32%  3.33
  2022-10-14  98.97 True:  99.59  0.61%  3.94
  2022-10-17 100.95 True: 101.79  0.82%  4.76
  2022-10-18 100.57 True:  99.96 -0.61%  4.16
  2022-10-19   99.7 True:  99.08 -0.63%  3.53
  2022-10-20  99.73 True:  99.89  0.16%  3.69
  2022-10-21 101.22 True: 101.17 -0.05%  3.64
  2022-10-24 100.69 True:  99.72 -0.97%  2.66
  2022-10-25 100.55 True: 100.84  0.28%  2.95
  2022-10-26  99.94 True: 100.05  0.11%  3.06
  2022-10-27 100.27 True:  98.59 -1.71%  1.35
  2022-10-28 101.27 True:  101.7  0.43%  1.78
  2022-10-31  99.65 True: 100.44  0.78%  2.56
  2022-11-01  99.76 True:  99.91  0.15%  2.71
  2022-11-03  98.44 True:  98.77  0.34%  3.05
  2022-11-04 100.67 True: 100.57  -0.1%  2.95
  2022-11-07 100.67 True:  101.1  0.42%  3.37
  2022-11-08 100.52 True: 100.84  0.32%  3.68
  2022-11-09  98.49 True:  98.23 -0.26%  3.42
  2022-11-10 101.71 True: 102.54  0.81%  4.23
  2022-11-11  100.0 True: 100.17  0.17%   4.4
  2022-11-14   99.5 True:  99.07 -0.43%  3.97
  2022-11-15 100.03 True: 100.24  0.21%  4.18
  2022-11-16  99.85 True:  99.76 -0.09%  4.09
  2022-11-17   99.9 True: 100.19  0.29%  4.38
  2022-11-18 100.27 True:  99.98 -0.29%  4.09
  2022-11-21  99.82 True: 100.22   0.4%  4.49
  2022-11-23 100.76 True: 101.26  0.49%  4.98
  2022-11-25 100.19 True:  99.49 -0.71%  4.27
  2022-11-28   98.9 True:  99.13  0.23%   4.5
  2022-11-29  99.92 True:  99.74 -0.18%  4.32
  2022-11-30 101.09 True: 101.91   0.8%  5.11
  2022-12-01  99.57 True:  98.49  -1.1%  4.01
  2022-12-02  99.99 True:  99.14 -0.86%  3.16
  2022-12-05  98.93 True:  99.67  0.74%   3.9
  2022-12-06  99.21 True:  99.91   0.7%   4.6
  2022-12-07  99.93 True:  99.84 -0.09%  4.51
  2022-12-08 100.26 True:  100.3  0.04%  4.55
  2022-12-09  99.31 True: 100.09  0.78%  5.33
  2022-12-12  100.8 True: 101.22  0.41%  5.74
  2022-12-13 100.12 True:  99.84 -0.28%  5.47
  2022-12-14  99.66 True:  99.93  0.27%  5.74
  2022-12-15  98.24 True:  98.79  0.56%   6.3
  2022-12-16  99.34 True:  98.62 -0.74%  5.57
  2022-12-19   99.6 True:  99.89  0.29%  5.86
  2022-12-20  100.1 True:  97.41 -2.76%   3.1
  2022-12-21 100.81 True: 100.24 -0.58%  2.52
  2022-12-22  99.21 True:  98.45 -0.77%  1.76
  Average error: 0.55%
  Min: 1.35 Max: 6.3 Mid: 3.83 Epoch: 500000 Days: 55
  Nom: 8.27 FinalErr: 0.00145
  
  2022-10-04 101.14 True: 101.89  0.73%  0.73
  2022-10-05  99.79 True:  99.86  0.07%   0.8
  2022-10-06  99.16 True:  99.22  0.06%  0.86
  2022-10-10  98.18 True:  99.05  0.88%  1.74
  2022-10-11  99.99 True:  98.84 -1.16%  0.58
  2022-10-12  99.86 True: 100.15  0.29%  0.87
  2022-10-13 101.13 True:  101.7  0.56%  1.43
  2022-10-14  99.04 True:  99.59  0.55%  1.98
  2022-10-17 100.81 True: 101.79  0.96%  2.94
  2022-10-18 100.47 True:  99.96 -0.51%  2.43
  2022-10-19  99.69 True:  99.08 -0.62%  1.81
  2022-10-20  99.75 True:  99.89  0.14%  1.95
  2022-10-21 101.01 True: 101.17  0.15%   2.1
  2022-10-24 100.57 True:  99.72 -0.86%  1.25
  2022-10-25 100.48 True: 100.84  0.36%   1.6
  2022-10-26  99.97 True: 100.05  0.08%  1.69
  2022-10-27 100.18 True:  98.59 -1.62%  0.07
  2022-10-28 101.03 True:  101.7  0.66%  0.73
  2022-10-31  99.65 True: 100.44  0.79%  1.52
  2022-11-01  99.77 True:  99.91  0.14%  1.65
  2022-11-03   98.5 True:  98.77  0.27%  1.93
  2022-11-04  100.6 True: 100.57 -0.04%  1.89
  2022-11-07 100.57 True:  101.1  0.52%  2.41
  2022-11-08 100.44 True: 100.84  0.39%   2.8
  2022-11-09  98.59 True:  98.23 -0.36%  2.45
  2022-11-10 101.41 True: 102.54  1.11%  3.55
  2022-11-11 100.03 True: 100.17  0.14%  3.69
  2022-11-14  99.54 True:  99.07 -0.47%  3.23
  2022-11-15 100.01 True: 100.24  0.23%  3.45
  2022-11-16  99.87 True:  99.76 -0.11%  3.34
  2022-11-17  99.89 True: 100.19   0.3%  3.65
  2022-11-18 100.21 True:  99.98 -0.23%  3.42
  2022-11-21   99.8 True: 100.22  0.42%  3.85
  2022-11-23 100.67 True: 101.26  0.59%  4.43
  2022-11-25 100.14 True:  99.49 -0.66%  3.77
  2022-11-28  98.98 True:  99.13  0.15%  3.92
  2022-11-29  99.91 True:  99.74 -0.17%  3.75
  2022-11-30 100.91 True: 101.91  0.98%  4.72
  2022-12-01  99.65 True:  98.49 -1.18%  3.55
  2022-12-02  99.97 True:  99.14 -0.85%   2.7
  2022-12-05  99.01 True:  99.67  0.66%  3.36
  2022-12-06  99.27 True:  99.91  0.64%   4.0
  2022-12-07  99.93 True:  99.84 -0.09%  3.91
  2022-12-08 100.22 True:  100.3  0.08%  3.99
  2022-12-09  99.36 True: 100.09  0.72%  4.72
  2022-12-12 100.66 True: 101.22  0.55%  5.27
  2022-12-13 100.11 True:  99.84 -0.27%   5.0
  2022-12-14   99.7 True:  99.93  0.23%  5.23
  2022-12-15  98.35 True:  98.79  0.45%  5.68
  2022-12-16  99.39 True:  98.62 -0.78%  4.89
  2022-12-19  99.64 True:  99.89  0.25%  5.15
  2022-12-20 100.07 True:  97.41 -2.73%  2.41
  2022-12-21 100.67 True: 100.24 -0.43%  1.99
  2022-12-22  99.28 True:  98.45 -0.84%  1.15
  2022-12-23  100.2 True: 100.41  0.21%  1.36
  Average error: 0.53%
  Min: 0.07 Max: 5.68 Mid: 2.87 Epoch: 500000 Days: 55
  Nom: 22.97 FinalErr: 0.00127
  
  2022-10-05  99.79 True:  99.86  0.07%  0.07
  2022-10-06  99.18 True:  99.22  0.04%  0.11
  2022-10-10  98.22 True:  99.05  0.84%  0.95
  2022-10-11  99.97 True:  98.84 -1.15%  -0.2
  2022-10-12  99.85 True: 100.15   0.3%   0.1
  2022-10-13  101.1 True:  101.7  0.59%  0.69
  2022-10-14  99.06 True:  99.59  0.53%  1.22
  2022-10-17 100.78 True: 101.79   1.0%  2.22
  2022-10-18 100.45 True:  99.96 -0.49%  1.73
  2022-10-19  99.69 True:  99.08 -0.62%  1.11
  2022-10-20  99.74 True:  99.89  0.15%  1.26
  2022-10-21 100.98 True: 101.17  0.18%  1.45
  2022-10-24 100.55 True:  99.72 -0.83%  0.61
  2022-10-25 100.45 True: 100.84  0.38%   1.0
  2022-10-26  99.95 True: 100.05  0.11%   1.1
  2022-10-27 100.18 True:  98.59 -1.61% -0.51
  2022-10-28 101.01 True:  101.7  0.68%  0.18
  2022-10-31  99.65 True: 100.44  0.79%  0.96
  2022-11-01  99.77 True:  99.91  0.15%  1.11
  2022-11-03  98.54 True:  98.77  0.23%  1.34
  2022-11-04 100.56 True: 100.57   0.0%  1.34
  2022-11-07 100.54 True:  101.1  0.55%  1.89
  2022-11-08 100.42 True: 100.84  0.42%  2.31
  2022-11-09  98.61 True:  98.23 -0.39%  1.92
  2022-11-10 101.37 True: 102.54  1.14%  3.07
  2022-11-11  100.0 True: 100.17  0.17%  3.24
  2022-11-14  99.54 True:  99.07 -0.47%  2.77
  2022-11-15  100.0 True: 100.24  0.24%  3.01
  2022-11-16  99.85 True:  99.76  -0.1%  2.92
  2022-11-17  99.88 True: 100.19  0.31%  3.23
  2022-11-18 100.19 True:  99.98 -0.21%  3.02
  2022-11-21   99.8 True: 100.22  0.42%  3.44
  2022-11-23 100.63 True: 101.26  0.62%  4.06
  2022-11-25 100.13 True:  99.49 -0.65%  3.42
  2022-11-28  98.99 True:  99.13  0.14%  3.55
  2022-11-29   99.9 True:  99.74 -0.16%  3.39
  2022-11-30 100.88 True: 101.91   1.0%  4.39
  2022-12-01  99.63 True:  98.49 -1.16%  3.24
  2022-12-02  99.96 True:  99.14 -0.83%  2.41
  2022-12-05  99.02 True:  99.67  0.65%  3.06
  2022-12-06  99.28 True:  99.91  0.63%  3.69
  2022-12-07  99.92 True:  99.84 -0.08%  3.61
  2022-12-08  100.2 True:  100.3   0.1%  3.72
  2022-12-09  99.36 True: 100.09  0.72%  4.44
  2022-12-12 100.64 True: 101.22  0.57%  5.01
  2022-12-13 100.09 True:  99.84 -0.25%  4.77
  2022-12-14  99.69 True:  99.93  0.25%  5.01
  2022-12-15  98.38 True:  98.79  0.42%  5.43
  2022-12-16  99.39 True:  98.62 -0.78%  4.64
  2022-12-19  99.63 True:  99.89  0.26%   4.9
  2022-12-20 100.05 True:  97.41 -2.72%  2.19
  2022-12-21 100.64 True: 100.24 -0.41%  1.78
  2022-12-22  99.28 True:  98.45 -0.84%  0.94
  2022-12-23 100.18 True: 100.41  0.22%  1.17
  2022-12-27  99.97 True:  99.96 -0.01%  1.16
  Average error: 0.52%
  Min: -0.51 Max: 5.43 Mid: 2.46 Epoch: 500000 Days: 55
  Nom: 28.13 FinalErr: 0.00124
  
  2022-10-06  99.18 True:  99.22  0.04%  0.04
  2022-10-10  98.22 True:  99.05  0.83%  0.87
  2022-10-11  99.97 True:  98.84 -1.15% -0.27
  2022-10-12  99.85 True: 100.15   0.3%  0.03
  2022-10-13  101.1 True:  101.7  0.59%  0.62
  2022-10-14  99.06 True:  99.59  0.53%  1.15
  2022-10-17 100.78 True: 101.79  0.99%  2.15
  2022-10-18 100.45 True:  99.96 -0.49%  1.66
  2022-10-19  99.69 True:  99.08 -0.62%  1.04
  2022-10-20  99.74 True:  99.89  0.15%  1.19
  2022-10-21 100.98 True: 101.17  0.18%  1.37
  2022-10-24 100.55 True:  99.72 -0.83%  0.54
  2022-10-25 100.45 True: 100.84  0.38%  0.92
  2022-10-26  99.95 True: 100.05   0.1%  1.03
  2022-10-27 100.18 True:  98.59 -1.61% -0.58
  2022-10-28  101.0 True:  101.7  0.69%   0.1
  2022-10-31  99.65 True: 100.44  0.79%  0.89
  2022-11-01  99.77 True:  99.91  0.15%  1.03
  2022-11-03  98.54 True:  98.77  0.23%  1.26
  2022-11-04 100.57 True: 100.57   0.0%  1.27
  2022-11-07 100.54 True:  101.1  0.55%  1.81
  2022-11-08 100.42 True: 100.84  0.42%  2.23
  2022-11-09  98.62 True:  98.23 -0.39%  1.84
  2022-11-10 101.37 True: 102.54  1.14%  2.99
  2022-11-11  100.0 True: 100.17  0.17%  3.15
  2022-11-14  99.54 True:  99.07 -0.47%  2.69
  2022-11-15  100.0 True: 100.24  0.24%  2.93
  2022-11-16  99.86 True:  99.76  -0.1%  2.83
  2022-11-17  99.88 True: 100.19  0.31%  3.14
  2022-11-18 100.19 True:  99.98 -0.21%  2.93
  2022-11-21   99.8 True: 100.22  0.42%  3.35
  2022-11-23 100.63 True: 101.26  0.62%  3.97
  2022-11-25 100.13 True:  99.49 -0.64%  3.33
  2022-11-28  98.99 True:  99.13  0.13%  3.46
  2022-11-29   99.9 True:  99.74 -0.16%   3.3
  2022-11-30 100.88 True: 101.91  1.01%  4.31
  2022-12-01  99.63 True:  98.49 -1.16%  3.14
  2022-12-02  99.96 True:  99.14 -0.83%  2.31
  2022-12-05  99.02 True:  99.67  0.65%  2.96
  2022-12-06  99.28 True:  99.91  0.63%  3.59
  2022-12-07  99.92 True:  99.84 -0.08%  3.51
  2022-12-08  100.2 True:  100.3   0.1%  3.61
  2022-12-09  99.37 True: 100.09  0.72%  4.33
  2022-12-12 100.64 True: 101.22  0.58%  4.91
  2022-12-13 100.09 True:  99.84 -0.25%  4.66
  2022-12-14  99.69 True:  99.93  0.24%  4.91
  2022-12-15  98.39 True:  98.79  0.41%  5.32
  2022-12-16  99.39 True:  98.62 -0.79%  4.53
  2022-12-19  99.63 True:  99.89  0.26%  4.79
  2022-12-20 100.06 True:  97.41 -2.72%  2.07
  2022-12-21 100.64 True: 100.24  -0.4%  1.67
  2022-12-22  99.28 True:  98.45 -0.84%  0.83
  2022-12-23 100.18 True: 100.41  0.22%  1.05
  2022-12-27  99.97 True:  99.96 -0.01%  1.04
  2022-12-28  99.24 True:  99.32  0.08%  1.13
  Average error: 0.52%
  Min: -0.58 Max: 5.32 Mid: 2.37 Epoch: 500000 Days: 55
  Nom: 28.99 FinalErr: 0.00124
  
  2022-10-10  98.22 True:  99.05  0.84%  0.84
  2022-10-11  99.98 True:  98.84 -1.15% -0.31
  2022-10-12  99.85 True: 100.15  0.29% -0.02
  2022-10-13 101.11 True:  101.7  0.59%  0.57
  2022-10-14  99.06 True:  99.59  0.53%   1.1
  2022-10-17 100.78 True: 101.79  0.99%  2.09
  2022-10-18 100.46 True:  99.96 -0.49%   1.6
  2022-10-19  99.69 True:  99.08 -0.62%  0.97
  2022-10-20  99.75 True:  99.89  0.15%  1.12
  2022-10-21 100.99 True: 101.17  0.18%  1.29
  2022-10-24 100.55 True:  99.72 -0.84%  0.45
  2022-10-25 100.46 True: 100.84  0.38%  0.83
  2022-10-26  99.95 True: 100.05   0.1%  0.94
  2022-10-27 100.18 True:  98.59 -1.62% -0.68
  2022-10-28 101.01 True:  101.7  0.68% -0.01
  2022-10-31  99.66 True: 100.44  0.78%  0.77
  2022-11-01  99.77 True:  99.91  0.14%  0.92
  2022-11-03  98.54 True:  98.77  0.23%  1.15
  2022-11-04 100.57 True: 100.57   0.0%  1.15
  2022-11-07 100.55 True:  101.1  0.54%  1.69
  2022-11-08 100.42 True: 100.84  0.41%   2.1
  2022-11-09  98.61 True:  98.23 -0.39%  1.71
  2022-11-10 101.37 True: 102.54  1.14%  2.85
  2022-11-11  100.0 True: 100.17  0.17%  3.02
  2022-11-14  99.54 True:  99.07 -0.47%  2.55
  2022-11-15  100.0 True: 100.24  0.24%  2.79
  2022-11-16  99.86 True:  99.76  -0.1%  2.69
  2022-11-17  99.88 True: 100.19  0.31%  2.99
  2022-11-18  100.2 True:  99.98 -0.22%  2.77
  2022-11-21  99.81 True: 100.22  0.42%  3.19
  2022-11-23 100.64 True: 101.26  0.62%  3.81
  2022-11-25 100.14 True:  99.49 -0.65%  3.16
  2022-11-28  98.99 True:  99.13  0.14%  3.29
  2022-11-29  99.91 True:  99.74 -0.17%  3.12
  2022-11-30 100.89 True: 101.91   1.0%  4.12
  2022-12-01  99.63 True:  98.49 -1.16%  2.96
  2022-12-02  99.97 True:  99.14 -0.84%  2.13
  2022-12-05  99.02 True:  99.67  0.65%  2.77
  2022-12-06  99.28 True:  99.91  0.63%   3.4
  2022-12-07  99.92 True:  99.84 -0.08%  3.33
  2022-12-08  100.2 True:  100.3   0.1%  3.42
  2022-12-09  99.37 True: 100.09  0.72%  4.14
  2022-12-12 100.65 True: 101.22  0.57%  4.71
  2022-12-13  100.1 True:  99.84 -0.25%  4.46
  2022-12-14  99.69 True:  99.93  0.24%   4.7
  2022-12-15  98.38 True:  98.79  0.42%  5.11
  2022-12-16   99.4 True:  98.62 -0.79%  4.33
  2022-12-19  99.63 True:  99.89  0.26%  4.59
  2022-12-20 100.06 True:  97.41 -2.72%  1.86
  2022-12-21 100.65 True: 100.24 -0.41%  1.45
  2022-12-22  99.28 True:  98.45 -0.84%  0.61
  2022-12-23 100.19 True: 100.41  0.22%  0.83
  2022-12-27  99.97 True:  99.96 -0.01%  0.82
  2022-12-28  99.24 True:  99.32  0.08%   0.9
  2022-12-29 100.43 True: 100.63  0.19%  1.09
  Average error: 0.52%
  Min: -0.68 Max: 5.11 Mid: 2.22 Epoch: 500000 Days: 55
  Nom: 30.65 FinalErr: 0.00124
  
  2022-10-11  99.94 True:  98.84 -1.12% -1.12
  2022-10-12  99.81 True: 100.15  0.34% -0.78
  2022-10-13 101.13 True:  101.7  0.57% -0.21
  2022-10-14  98.94 True:  99.59  0.65%  0.44
  2022-10-17 100.82 True: 101.79  0.96%  1.39
  2022-10-18 100.44 True:  99.96 -0.48%  0.91
  2022-10-19   99.6 True:  99.08 -0.53%  0.39
  2022-10-20  99.71 True:  99.89  0.19%  0.57
  2022-10-21 101.01 True: 101.17  0.16%  0.73
  2022-10-24 100.54 True:  99.72 -0.83%  -0.1
  2022-10-25 100.47 True: 100.84  0.36%  0.26
  2022-10-26  99.97 True: 100.05  0.08%  0.34
  2022-10-27  100.1 True:  98.59 -1.53% -1.19
  2022-10-28 101.01 True:  101.7  0.68% -0.51
  2022-10-31  99.56 True: 100.44  0.88%  0.37
  2022-11-01  99.72 True:  99.91  0.19%  0.56
  2022-11-03  98.34 True:  98.77  0.44%   1.0
  2022-11-04 100.64 True: 100.57 -0.07%  0.93
  2022-11-07 100.56 True:  101.1  0.53%  1.46
  2022-11-08 100.42 True: 100.84  0.41%  1.88
  2022-11-09  98.46 True:  98.23 -0.23%  1.64
  2022-11-10 101.43 True: 102.54  1.09%  2.73
  2022-11-11 100.04 True: 100.17  0.13%  2.86
  2022-11-14  99.47 True:  99.07  -0.4%  2.46
  2022-11-15  99.98 True: 100.24  0.27%  2.73
  2022-11-16  99.84 True:  99.76 -0.08%  2.65
  2022-11-17  99.82 True: 100.19  0.37%  3.01
  2022-11-18 100.16 True:  99.98 -0.17%  2.84
  2022-11-21  99.72 True: 100.22  0.51%  3.35
  2022-11-23 100.68 True: 101.26  0.57%  3.92
  2022-11-25  100.1 True:  99.49 -0.61%  3.31
  2022-11-28  98.88 True:  99.13  0.25%  3.55
  2022-11-29  99.86 True:  99.74 -0.12%  3.43
  2022-11-30 100.91 True: 101.91  0.98%  4.41
  2022-12-01  99.64 True:  98.49 -1.17%  3.24
  2022-12-02  99.93 True:  99.14  -0.8%  2.44
  2022-12-05  98.91 True:  99.67  0.76%   3.2
  2022-12-06   99.2 True:  99.91  0.72%  3.91
  2022-12-07   99.9 True:  99.84 -0.06%  3.85
  2022-12-08 100.19 True:  100.3   0.1%  3.96
  2022-12-09  99.29 True: 100.09   0.8%  4.75
  2022-12-12 100.63 True: 101.22  0.58%  5.33
  2022-12-13  100.1 True:  99.84 -0.26%  5.07
  2022-12-14  99.67 True:  99.93  0.27%  5.34
  2022-12-15  98.22 True:  98.79  0.57%  5.91
  2022-12-16  99.31 True:  98.62  -0.7%  5.21
  2022-12-19  99.59 True:  99.89   0.3%  5.51
  2022-12-20 100.03 True:  97.41 -2.69%  2.82
  2022-12-21 100.63 True: 100.24 -0.39%  2.43
  2022-12-22  99.21 True:  98.45 -0.77%  1.66
  2022-12-23 100.17 True: 100.41  0.24%   1.9
  2022-12-27  99.95 True:  99.96  0.02%  1.92
  2022-12-28  99.15 True:  99.32  0.17%  2.09
  2022-12-29 100.43 True: 100.63  0.19%  2.28
  2023-01-03  99.62 True:  98.55 -1.09%  1.19
  Average error: 0.54%
  Min: -1.19 Max: 5.91 Mid: 2.36 Epoch: 500000 Days: 55
  Nom: 33.48 FinalErr: 0.00126
  
  2022-10-12  99.82 True: 100.15  0.32%  0.32
  2022-10-13 101.15 True:  101.7  0.55%  0.87
  2022-10-14  98.95 True:  99.59  0.64%  1.51
  2022-10-17 100.83 True: 101.79  0.94%  2.45
  2022-10-18 100.46 True:  99.96  -0.5%  1.95
  2022-10-19  99.61 True:  99.08 -0.54%  1.41
  2022-10-20  99.72 True:  99.89  0.17%  1.58
  2022-10-21 101.02 True: 101.17  0.14%  1.72
  2022-10-24 100.56 True:  99.72 -0.85%  0.87
  2022-10-25 100.49 True: 100.84  0.35%  1.22
  2022-10-26  99.98 True: 100.05  0.07%  1.29
  2022-10-27 100.12 True:  98.59 -1.55% -0.26
  2022-10-28 101.03 True:  101.7  0.66%   0.4
  2022-10-31  99.57 True: 100.44  0.86%  1.26
  2022-11-01  99.73 True:  99.91  0.18%  1.44
  2022-11-03  98.35 True:  98.77  0.43%  1.87
  2022-11-04 100.65 True: 100.57 -0.08%  1.79
  2022-11-07 100.57 True:  101.1  0.52%   2.3
  2022-11-08 100.44 True: 100.84   0.4%   2.7
  2022-11-09  98.47 True:  98.23 -0.24%  2.45
  2022-11-10 101.44 True: 102.54  1.07%  3.53
  2022-11-11 100.05 True: 100.17  0.12%  3.65
  2022-11-14  99.48 True:  99.07 -0.41%  3.23
  2022-11-15  99.99 True: 100.24  0.25%  3.48
  2022-11-16  99.85 True:  99.76  -0.1%  3.39
  2022-11-17  99.84 True: 100.19  0.35%  3.74
  2022-11-18 100.17 True:  99.98 -0.19%  3.55
  2022-11-21  99.73 True: 100.22  0.49%  4.04
  2022-11-23  100.7 True: 101.26  0.56%  4.59
  2022-11-25 100.12 True:  99.49 -0.63%  3.96
  2022-11-28  98.89 True:  99.13  0.24%   4.2
  2022-11-29  99.88 True:  99.74 -0.14%  4.06
  2022-11-30 100.92 True: 101.91  0.96%  5.03
  2022-12-01  99.65 True:  98.49 -1.18%  3.84
  2022-12-02  99.95 True:  99.14 -0.82%  3.02
  2022-12-05  98.92 True:  99.67  0.75%  3.77
  2022-12-06  99.21 True:  99.91   0.7%  4.47
  2022-12-07  99.92 True:  99.84 -0.07%   4.4
  2022-12-08 100.21 True:  100.3  0.09%  4.49
  2022-12-09   99.3 True: 100.09  0.78%  5.27
  2022-12-12 100.65 True: 101.22  0.56%  5.83
  2022-12-13 100.12 True:  99.84 -0.27%  5.56
  2022-12-14  99.68 True:  99.93  0.25%  5.81
  2022-12-15  98.23 True:  98.79  0.57%  6.38
  2022-12-16  99.32 True:  98.62 -0.71%  5.66
  2022-12-19  99.61 True:  99.89  0.29%  5.95
  2022-12-20 100.05 True:  97.41 -2.71%  3.24
  2022-12-21 100.65 True: 100.24 -0.41%  2.83
  2022-12-22  99.22 True:  98.45 -0.78%  2.05
  2022-12-23 100.18 True: 100.41  0.22%  2.27
  2022-12-27  99.96 True:  99.96   0.0%  2.27
  2022-12-28  99.16 True:  99.32  0.16%  2.43
  2022-12-29 100.45 True: 100.63  0.18%  2.61
  2023-01-03  99.64 True:  98.55 -1.11%   1.5
  2023-01-04 100.14 True: 100.04  -0.1%   1.4
  Average error: 0.51%
  Min: -0.26 Max: 6.38 Mid: 3.06 Epoch: 500000 Days: 55
  Nom: 24.98 FinalErr: 0.0012
  
  2022-10-13 101.14 True:  101.7  0.55%  0.55
  2022-10-14  98.96 True:  99.59  0.62%  1.18
  2022-10-17 100.83 True: 101.79  0.94%  2.12
  2022-10-18 100.46 True:  99.96  -0.5%  1.63
  2022-10-19  99.62 True:  99.08 -0.55%  1.08
  2022-10-20  99.73 True:  99.89  0.17%  1.24
  2022-10-21 101.02 True: 101.17  0.15%  1.39
  2022-10-24 100.56 True:  99.72 -0.85%  0.54
  2022-10-25 100.49 True: 100.84  0.35%  0.89
  2022-10-26  99.98 True: 100.05  0.07%  0.96
  2022-10-27 100.12 True:  98.59 -1.56%  -0.6
  2022-10-28 101.03 True:  101.7  0.66%  0.07
  2022-10-31  99.58 True: 100.44  0.86%  0.92
  2022-11-01  99.74 True:  99.91  0.17%  1.09
  2022-11-03  98.37 True:  98.77  0.41%   1.5
  2022-11-04 100.64 True: 100.57 -0.08%  1.43
  2022-11-07 100.57 True:  101.1  0.52%  1.94
  2022-11-08 100.44 True: 100.84   0.4%  2.34
  2022-11-09  98.49 True:  98.23 -0.26%  2.08
  2022-11-10 101.43 True: 102.54  1.08%  3.16
  2022-11-11 100.05 True: 100.17  0.12%  3.28
  2022-11-14  99.49 True:  99.07 -0.42%  2.86
  2022-11-15  99.99 True: 100.24  0.25%  3.11
  2022-11-16  99.86 True:  99.76  -0.1%  3.01
  2022-11-17  99.84 True: 100.19  0.35%  3.36
  2022-11-18 100.18 True:  99.98 -0.19%  3.16
  2022-11-21  99.74 True: 100.22  0.48%  3.65
  2022-11-23 100.69 True: 101.26  0.56%  4.21
  2022-11-25 100.12 True:  99.49 -0.63%  3.57
  2022-11-28   98.9 True:  99.13  0.22%   3.8
  2022-11-29  99.88 True:  99.74 -0.14%  3.66
  2022-11-30 100.92 True: 101.91  0.97%  4.63
  2022-12-01  99.65 True:  98.49 -1.19%  3.44
  2022-12-02  99.95 True:  99.14 -0.82%  2.62
  2022-12-05  98.94 True:  99.67  0.74%  3.35
  2022-12-06  99.22 True:  99.91  0.69%  4.05
  2022-12-07  99.92 True:  99.84 -0.08%  3.97
  2022-12-08 100.21 True:  100.3  0.09%  4.06
  2022-12-09  99.31 True: 100.09  0.77%  4.83
  2022-12-12 100.65 True: 101.22  0.56%   5.4
  2022-12-13 100.12 True:  99.84 -0.27%  5.12
  2022-12-14  99.68 True:  99.93  0.25%  5.37
  2022-12-15  98.25 True:  98.79  0.55%  5.92
  2022-12-16  99.33 True:  98.62 -0.72%   5.2
  2022-12-19  99.61 True:  99.89  0.28%  5.48
  2022-12-20 100.05 True:  97.41 -2.71%  2.76
  2022-12-21 100.65 True: 100.24 -0.41%  2.35
  2022-12-22  99.23 True:  98.45 -0.79%  1.57
  2022-12-23 100.18 True: 100.41  0.22%  1.79
  2022-12-27  99.96 True:  99.96   0.0%  1.79
  2022-12-28  99.17 True:  99.32  0.15%  1.94
  2022-12-29 100.45 True: 100.63  0.18%  2.11
  2023-01-03  99.65 True:  98.55 -1.12%   1.0
  2023-01-04 100.14 True: 100.04  -0.1%  0.89
  2023-01-05  99.18 True:  99.51  0.34%  1.23
  Average error: 0.51%
  Min: -0.6 Max: 5.92 Mid: 2.66 Epoch: 500000 Days: 55
  Nom: 28.1 FinalErr: 0.0012
  
  2022-10-14  98.96 True:  99.59  0.63%  0.63
  2022-10-17 100.86 True: 101.79  0.91%  1.54
  2022-10-18 100.46 True:  99.96  -0.5%  1.05
  2022-10-19  99.59 True:  99.08 -0.52%  0.53
  2022-10-20  99.75 True:  99.89  0.15%  0.67
  2022-10-21 101.03 True: 101.17  0.14%  0.82
  2022-10-24 100.56 True:  99.72 -0.84% -0.03
  2022-10-25 100.52 True: 100.84  0.32%  0.29
  2022-10-26 100.05 True: 100.05   0.0%  0.29
  2022-10-27 100.07 True:  98.59  -1.5% -1.21
  2022-10-28 101.01 True:  101.7  0.68% -0.53
  2022-10-31  99.55 True: 100.44  0.89%  0.36
  2022-11-01  99.75 True:  99.91  0.16%  0.52
  2022-11-03  98.32 True:  98.77  0.45%  0.98
  2022-11-04 100.72 True: 100.57 -0.15%  0.83
  2022-11-07 100.59 True:  101.1   0.5%  1.33
  2022-11-08 100.46 True: 100.84  0.38%  1.71
  2022-11-09   98.5 True:  98.23 -0.27%  1.44
  2022-11-10 101.46 True: 102.54  1.05%   2.5
  2022-11-11 100.13 True: 100.17  0.05%  2.54
  2022-11-14  99.49 True:  99.07 -0.43%  2.12
  2022-11-15 100.01 True: 100.24  0.23%  2.35
  2022-11-16  99.89 True:  99.76 -0.13%  2.22
  2022-11-17  99.83 True: 100.19  0.36%  2.57
  2022-11-18 100.16 True:  99.98 -0.18%   2.4
  2022-11-21  99.71 True: 100.22  0.52%  2.91
  2022-11-23 100.74 True: 101.26  0.52%  3.43
  2022-11-25 100.12 True:  99.49 -0.63%   2.8
  2022-11-28  98.91 True:  99.13  0.22%  3.01
  2022-11-29  99.88 True:  99.74 -0.14%  2.87
  2022-11-30 100.93 True: 101.91  0.96%  3.83
  2022-12-01  99.74 True:  98.49 -1.27%  2.56
  2022-12-02  99.97 True:  99.14 -0.84%  1.72
  2022-12-05  98.94 True:  99.67  0.73%  2.45
  2022-12-06  99.23 True:  99.91  0.68%  3.13
  2022-12-07  99.95 True:  99.84  -0.1%  3.03
  2022-12-08 100.23 True:  100.3  0.07%  3.09
  2022-12-09  99.32 True: 100.09  0.76%  3.86
  2022-12-12 100.64 True: 101.22  0.57%  4.43
  2022-12-13 100.17 True:  99.84 -0.32%  4.11
  2022-12-14  99.72 True:  99.93  0.21%  4.32
  2022-12-15  98.27 True:  98.79  0.53%  4.84
  2022-12-16  99.33 True:  98.62 -0.72%  4.12
  2022-12-19  99.64 True:  99.89  0.25%  4.37
  2022-12-20 100.06 True:  97.41 -2.72%  1.65
  2022-12-21 100.63 True: 100.24 -0.39%  1.25
  2022-12-22  99.25 True:  98.45 -0.81%  0.44
  2022-12-23 100.19 True: 100.41  0.21%  0.65
  2022-12-27  99.98 True:  99.96 -0.02%  0.64
  2022-12-28  99.19 True:  99.32  0.14%  0.77
  2022-12-29 100.46 True: 100.63  0.17%  0.94
  2023-01-03   99.6 True:  98.55 -1.07% -0.13
  2023-01-04 100.17 True: 100.04 -0.13% -0.26
  2023-01-05  99.16 True:  99.51  0.36%   0.1
  2023-01-09  100.9 True: 101.91   1.0%  1.09
  Average error: 0.52%
  Min: -1.21 Max: 4.84 Mid: 1.82 Epoch: 500000 Days: 55
  Nom: 38.08 FinalErr: 0.00123
  
  2022-10-17 100.88 True: 101.79   0.9%   0.9
  2022-10-18 100.47 True:  99.96 -0.51%  0.39
  2022-10-19  99.58 True:  99.08 -0.51% -0.11
  2022-10-20  99.74 True:  99.89  0.15%  0.04
  2022-10-21 101.04 True: 101.17  0.12%  0.16
  2022-10-24 100.57 True:  99.72 -0.86% -0.69
  2022-10-25 100.52 True: 100.84  0.31% -0.38
  2022-10-26 100.05 True: 100.05  0.01% -0.38
  2022-10-27 100.07 True:  98.59 -1.51% -1.88
  2022-10-28 101.03 True:  101.7  0.66% -1.22
  2022-10-31  99.54 True: 100.44   0.9% -0.32
  2022-11-01  99.74 True:  99.91  0.17% -0.15
  2022-11-03  98.28 True:  98.77   0.5%  0.35
  2022-11-04 100.73 True: 100.57 -0.16%  0.19
  2022-11-07  100.6 True:  101.1  0.49%  0.68
  2022-11-08 100.46 True: 100.84  0.37%  1.05
  2022-11-09  98.45 True:  98.23 -0.22%  0.83
  2022-11-10 101.48 True: 102.54  1.03%  1.87
  2022-11-11 100.12 True: 100.17  0.05%  1.91
  2022-11-14  99.48 True:  99.07 -0.41%   1.5
  2022-11-15 100.01 True: 100.24  0.23%  1.74
  2022-11-16  99.88 True:  99.76 -0.13%  1.61
  2022-11-17  99.83 True: 100.19  0.36%  1.97
  2022-11-18 100.16 True:  99.98 -0.18%  1.79
  2022-11-21   99.7 True: 100.22  0.52%  2.31
  2022-11-23 100.75 True: 101.26   0.5%  2.81
  2022-11-25 100.12 True:  99.49 -0.63%  2.18
  2022-11-28  98.88 True:  99.13  0.25%  2.43
  2022-11-29  99.88 True:  99.74 -0.14%  2.29
  2022-11-30 100.95 True: 101.91  0.94%  3.23
  2022-12-01  99.72 True:  98.49 -1.26%  1.97
  2022-12-02  99.96 True:  99.14 -0.83%  1.14
  2022-12-05  98.91 True:  99.67  0.76%   1.9
  2022-12-06  99.21 True:  99.91   0.7%   2.6
  2022-12-07  99.94 True:  99.84  -0.1%   2.5
  2022-12-08 100.24 True:  100.3  0.06%  2.56
  2022-12-09  99.31 True: 100.09  0.78%  3.34
  2022-12-12 100.65 True: 101.22  0.56%   3.9
  2022-12-13 100.17 True:  99.84 -0.32%  3.58
  2022-12-14  99.71 True:  99.93  0.22%   3.8
  2022-12-15  98.22 True:  98.79  0.58%  4.38
  2022-12-16  99.31 True:  98.62  -0.7%  3.68
  2022-12-19  99.63 True:  99.89  0.26%  3.94
  2022-12-20 100.06 True:  97.41 -2.73%  1.21
  2022-12-21 100.64 True: 100.24 -0.41%  0.81
  2022-12-22  99.23 True:  98.45 -0.79%  0.02
  2022-12-23  100.2 True: 100.41  0.21%  0.23
  2022-12-27  99.98 True:  99.96 -0.01%  0.21
  2022-12-28  99.16 True:  99.32  0.16%  0.37
  2022-12-29 100.47 True: 100.63  0.16%  0.53
  2023-01-03  99.59 True:  98.55 -1.06% -0.53
  2023-01-04 100.17 True: 100.04 -0.13% -0.67
  2023-01-05  99.13 True:  99.51  0.38% -0.28
  2023-01-09 100.91 True: 101.91  0.98%   0.7
  2023-01-10 100.19 True: 100.41  0.22%  0.92
  Average error: 0.51%
  Min: -1.88 Max: 4.38 Mid: 1.25 Epoch: 500000 Days: 55
  Nom: 44.73 FinalErr: 0.00121
  
  2022-10-18 100.45 True:  99.96 -0.49% -0.49
  2022-10-19  99.59 True:  99.08 -0.52% -1.01
  2022-10-20  99.73 True:  99.89  0.16% -0.85
  2022-10-21 101.02 True: 101.17  0.15% -0.69
  2022-10-24 100.55 True:  99.72 -0.84% -1.53
  2022-10-25  100.5 True: 100.84  0.34% -1.19
  2022-10-26 100.02 True: 100.05  0.03% -1.16
  2022-10-27 100.08 True:  98.59 -1.51% -2.67
  2022-10-28 101.01 True:  101.7  0.68% -1.99
  2022-10-31  99.55 True: 100.44  0.89%  -1.1
  2022-11-01  99.74 True:  99.91  0.18% -0.93
  2022-11-03  98.33 True:  98.77  0.45% -0.48
  2022-11-04 100.69 True: 100.57 -0.12%  -0.6
  2022-11-07 100.57 True:  101.1  0.52% -0.08
  2022-11-08 100.44 True: 100.84  0.39%  0.31
  2022-11-09  98.48 True:  98.23 -0.26%  0.06
  2022-11-10 101.44 True: 102.54  1.07%  1.13
  2022-11-11 100.09 True: 100.17  0.08%  1.21
  2022-11-14  99.48 True:  99.07 -0.41%   0.8
  2022-11-15  100.0 True: 100.24  0.25%  1.04
  2022-11-16  99.87 True:  99.76 -0.11%  0.93
  2022-11-17  99.83 True: 100.19  0.36%  1.29
  2022-11-18 100.16 True:  99.98 -0.17%  1.12
  2022-11-21  99.71 True: 100.22  0.51%  1.63
  2022-11-23 100.71 True: 101.26  0.54%  2.17
  2022-11-25 100.11 True:  99.49 -0.62%  1.55
  2022-11-28   98.9 True:  99.13  0.23%  1.78
  2022-11-29  99.87 True:  99.74 -0.13%  1.64
  2022-11-30 100.92 True: 101.91  0.97%  2.61
  2022-12-01   99.7 True:  98.49 -1.23%  1.38
  2022-12-02  99.95 True:  99.14 -0.82%  0.56
  2022-12-05  98.93 True:  99.67  0.74%   1.3
  2022-12-06  99.22 True:  99.91   0.7%   2.0
  2022-12-07  99.93 True:  99.84 -0.09%  1.91
  2022-12-08 100.22 True:  100.3  0.08%  1.99
  2022-12-09  99.31 True: 100.09  0.78%  2.77
  2022-12-12 100.64 True: 101.22  0.58%  3.35
  2022-12-13 100.14 True:  99.84  -0.3%  3.05
  2022-12-14   99.7 True:  99.93  0.23%  3.28
  2022-12-15  98.25 True:  98.79  0.54%  3.82
  2022-12-16  99.32 True:  98.62 -0.71%  3.11
  2022-12-19  99.62 True:  99.89  0.27%  3.38
  2022-12-20 100.05 True:  97.41 -2.71%  0.67
  2022-12-21 100.63 True: 100.24 -0.39%  0.28
  2022-12-22  99.24 True:  98.45 -0.79% -0.51
  2022-12-23 100.18 True: 100.41  0.22% -0.29
  2022-12-27  99.96 True:  99.96  -0.0% -0.29
  2022-12-28  99.17 True:  99.32  0.15% -0.14
  2022-12-29 100.45 True: 100.63  0.18%  0.04
  2023-01-03  99.61 True:  98.55 -1.08% -1.04
  2023-01-04 100.15 True: 100.04 -0.11% -1.15
  2023-01-05  99.15 True:  99.51  0.36% -0.79
  2023-01-09 100.87 True: 101.91  1.02%  0.23
  2023-01-10 100.17 True: 100.41  0.23%  0.46
  2023-01-11 100.31 True: 100.55  0.24%   0.7
  Average error: 0.5%
  Min: -2.67 Max: 3.82 Mid: 0.58 Epoch: 500000 Days: 55
  Nom: 51.92 FinalErr: 0.00118
  
  2022-10-19  99.59 True:  99.08 -0.52% -0.52
  2022-10-20  99.71 True:  99.89  0.18% -0.34
  2022-10-21  101.0 True: 101.17  0.16% -0.18
  2022-10-24 100.54 True:  99.72 -0.83% -1.01
  2022-10-25 100.47 True: 100.84  0.36% -0.65
  2022-10-26  99.98 True: 100.05  0.07% -0.58
  2022-10-27 100.09 True:  98.59 -1.52%  -2.1
  2022-10-28  101.0 True:  101.7  0.69% -1.41
  2022-10-31  99.55 True: 100.44  0.88% -0.53
  2022-11-01  99.72 True:  99.91  0.19% -0.34
  2022-11-03  98.34 True:  98.77  0.44%   0.1
  2022-11-04 100.65 True: 100.57 -0.08%  0.02
  2022-11-07 100.56 True:  101.1  0.53%  0.56
  2022-11-08 100.42 True: 100.84  0.41%  0.97
  2022-11-09  98.47 True:  98.23 -0.24%  0.72
  2022-11-10 101.42 True: 102.54  1.09%  1.81
  2022-11-11 100.05 True: 100.17  0.12%  1.93
  2022-11-14  99.47 True:  99.07  -0.4%  1.53
  2022-11-15  99.98 True: 100.24  0.26%   1.8
  2022-11-16  99.84 True:  99.76 -0.09%  1.71
  2022-11-17  99.82 True: 100.19  0.37%  2.08
  2022-11-18 100.15 True:  99.98 -0.17%  1.91
  2022-11-21  99.71 True: 100.22  0.51%  2.42
  2022-11-23 100.68 True: 101.26  0.57%  2.99
  2022-11-25  100.1 True:  99.49 -0.61%  2.37
  2022-11-28  98.89 True:  99.13  0.24%  2.62
  2022-11-29  99.86 True:  99.74 -0.12%  2.49
  2022-11-30 100.91 True: 101.91  0.98%  3.48
  2022-12-01  99.65 True:  98.49 -1.19%  2.29
  2022-12-02  99.94 True:  99.14 -0.81%  1.48
  2022-12-05  98.92 True:  99.67  0.75%  2.24
  2022-12-06   99.2 True:  99.91  0.71%  2.95
  2022-12-07  99.91 True:  99.84 -0.06%  2.88
  2022-12-08  100.2 True:  100.3   0.1%  2.99
  2022-12-09   99.3 True: 100.09  0.79%  3.78
  2022-12-12 100.63 True: 101.22  0.58%  4.36
  2022-12-13 100.11 True:  99.84 -0.27%  4.09
  2022-12-14  99.67 True:  99.93  0.26%  4.35
  2022-12-15  98.24 True:  98.79  0.56%  4.91
  2022-12-16  99.31 True:  98.62  -0.7%  4.21
  2022-12-19   99.6 True:  99.89  0.29%  4.51
  2022-12-20 100.03 True:  97.41  -2.7%  1.81
  2022-12-21 100.62 True: 100.24 -0.39%  1.42
  2022-12-22  99.22 True:  98.45 -0.77%  0.65
  2022-12-23 100.17 True: 100.41  0.24%  0.89
  2022-12-27  99.95 True:  99.96  0.02%   0.9
  2022-12-28  99.15 True:  99.32  0.17%  1.07
  2022-12-29 100.43 True: 100.63  0.19%  1.26
  2023-01-03  99.62 True:  98.55 -1.09%  0.18
  2023-01-04 100.13 True: 100.04 -0.09%  0.09
  2023-01-05  99.15 True:  99.51  0.36%  0.45
  2023-01-09 100.84 True: 101.91  1.06%  1.51
  2023-01-10 100.16 True: 100.41  0.24%  1.75
  2023-01-11  100.3 True: 100.55  0.25%   2.0
  2023-01-12 100.28 True:  99.22 -1.07%  0.93
  Average error: 0.52%
  Min: -2.1 Max: 4.91 Mid: 1.41 Epoch: 500000 Days: 55
  Nom: 43.19 FinalErr: 0.00122
  
  2022-10-20  99.68 True:  99.89  0.21%  0.21
  2022-10-21 100.96 True: 101.17   0.2%  0.41
  2022-10-24  100.5 True:  99.72 -0.79% -0.38
  2022-10-25 100.44 True: 100.84  0.39%  0.02
  2022-10-26  99.96 True: 100.05   0.1%  0.11
  2022-10-27 100.05 True:  98.59 -1.48% -1.37
  2022-10-28 100.96 True:  101.7  0.73% -0.64
  2022-10-31  99.52 True: 100.44  0.92%  0.28
  2022-11-01  99.69 True:  99.91  0.22%   0.5
  2022-11-03  98.33 True:  98.77  0.45%  0.95
  2022-11-04 100.62 True: 100.57 -0.05%   0.9
  2022-11-07 100.52 True:  101.1  0.57%  1.47
  2022-11-08 100.39 True: 100.84  0.45%  1.91
  2022-11-09  98.47 True:  98.23 -0.24%  1.68
  2022-11-10 101.39 True: 102.54  1.12%   2.8
  2022-11-11 100.03 True: 100.17  0.15%  2.95
  2022-11-14  99.44 True:  99.07 -0.38%  2.57
  2022-11-15  99.95 True: 100.24  0.29%  2.86
  2022-11-16  99.82 True:  99.76 -0.06%   2.8
  2022-11-17  99.79 True: 100.19   0.4%  3.21
  2022-11-18 100.11 True:  99.98 -0.13%  3.07
  2022-11-21  99.68 True: 100.22  0.55%  3.62
  2022-11-23 100.65 True: 101.26   0.6%  4.22
  2022-11-25 100.06 True:  99.49 -0.58%  3.64
  2022-11-28  98.87 True:  99.13  0.26%   3.9
  2022-11-29  99.83 True:  99.74 -0.09%  3.81
  2022-11-30 100.87 True: 101.91  1.02%  4.83
  2022-12-01  99.64 True:  98.49 -1.17%  3.66
  2022-12-02   99.9 True:  99.14 -0.77%  2.89
  2022-12-05   98.9 True:  99.67  0.77%  3.66
  2022-12-06  99.18 True:  99.91  0.73%  4.39
  2022-12-07  99.88 True:  99.84 -0.03%  4.36
  2022-12-08 100.16 True:  100.3  0.13%  4.49
  2022-12-09  99.27 True: 100.09  0.81%   5.3
  2022-12-12 100.59 True: 101.22  0.63%  5.93
  2022-12-13 100.08 True:  99.84 -0.24%  5.69
  2022-12-14  99.65 True:  99.93  0.28%  5.97
  2022-12-15  98.24 True:  98.79  0.56%  6.53
  2022-12-16  99.29 True:  98.62 -0.68%  5.85
  2022-12-19  99.58 True:  99.89  0.32%  6.17
  2022-12-20  100.0 True:  97.41 -2.66%  3.51
  2022-12-21 100.58 True: 100.24 -0.34%  3.16
  2022-12-22   99.2 True:  98.45 -0.75%  2.41
  2022-12-23 100.13 True: 100.41  0.27%  2.68
  2022-12-27  99.92 True:  99.96  0.05%  2.73
  2022-12-28  99.14 True:  99.32  0.18%  2.91
  2022-12-29  100.4 True: 100.63  0.23%  3.14
  2023-01-03  99.58 True:  98.55 -1.05%  2.09
  2023-01-04  100.1 True: 100.04 -0.06%  2.04
  2023-01-05  99.13 True:  99.51  0.39%  2.42
  2023-01-09 100.81 True: 101.91  1.09%  3.51
  2023-01-10 100.13 True: 100.41  0.28%  3.79
  2023-01-11 100.26 True: 100.55  0.29%  4.08
  2023-01-12 100.24 True:  99.22 -1.04%  3.04
  2023-01-13  99.99 True:  98.33 -1.69%  1.34
  Average error: 0.54%
  Min: -1.37 Max: 6.53 Mid: 2.58 Epoch: 500000 Days: 55
  Nom: 34.34 FinalErr: 0.00135
  
  2022-10-21 100.94 True: 101.17  0.23%  0.23
  2022-10-24  100.5 True:  99.72 -0.79% -0.56
  2022-10-25 100.45 True: 100.84  0.39% -0.18
  2022-10-26  100.0 True: 100.05  0.05% -0.12
  2022-10-27 100.08 True:  98.59 -1.52% -1.64
  2022-10-28 100.94 True:  101.7  0.75% -0.89
  2022-10-31   99.6 True: 100.44  0.83% -0.05
  2022-11-01  99.76 True:  99.91  0.15%   0.1
  2022-11-03  98.53 True:  98.77  0.25%  0.35
  2022-11-04 100.61 True: 100.57 -0.04%  0.31
  2022-11-07 100.52 True:  101.1  0.57%  0.88
  2022-11-08  100.4 True: 100.84  0.44%  1.31
  2022-11-09  98.65 True:  98.23 -0.42%  0.89
  2022-11-10 101.34 True: 102.54  1.17%  2.05
  2022-11-11 100.06 True: 100.17  0.11%  2.16
  2022-11-14  99.53 True:  99.07 -0.46%   1.7
  2022-11-15  99.99 True: 100.24  0.25%  1.95
  2022-11-16  99.87 True:  99.76 -0.11%  1.84
  2022-11-17  99.85 True: 100.19  0.34%  2.18
  2022-11-18 100.15 True:  99.98 -0.16%  2.02
  2022-11-21  99.75 True: 100.22  0.48%  2.49
  2022-11-23 100.64 True: 101.26  0.61%   3.1
  2022-11-25  100.1 True:  99.49 -0.61%  2.49
  2022-11-28  99.01 True:  99.13  0.11%   2.6
  2022-11-29  99.88 True:  99.74 -0.14%  2.46
  2022-11-30 100.84 True: 101.91  1.04%   3.5
  2022-12-01  99.71 True:  98.49 -1.24%  2.26
  2022-12-02  99.95 True:  99.14 -0.82%  1.44
  2022-12-05  99.04 True:  99.67  0.63%  2.07
  2022-12-06  99.29 True:  99.91  0.62%  2.69
  2022-12-07  99.93 True:  99.84 -0.08%   2.6
  2022-12-08 100.19 True:  100.3  0.11%  2.71
  2022-12-09  99.38 True: 100.09  0.71%  3.42
  2022-12-12 100.59 True: 101.22  0.63%  4.05
  2022-12-13 100.12 True:  99.84 -0.27%  3.78
  2022-12-14  99.72 True:  99.93  0.21%  3.99
  2022-12-15  98.45 True:  98.79  0.35%  4.34
  2022-12-16  99.39 True:  98.62 -0.78%  3.56
  2022-12-19  99.65 True:  99.89  0.24%   3.8
  2022-12-20 100.04 True:  97.41  -2.7%   1.1
  2022-12-21 100.58 True: 100.24 -0.34%  0.75
  2022-12-22  99.31 True:  98.45 -0.87% -0.11
  2022-12-23 100.16 True: 100.41  0.24%  0.13
  2022-12-27  99.96 True:  99.96   0.0%  0.13
  2022-12-28  99.25 True:  99.32  0.07%   0.2
  2022-12-29 100.41 True: 100.63  0.22%  0.42
  2023-01-03  99.66 True:  98.55 -1.13% -0.71
  2023-01-04 100.13 True: 100.04 -0.09%  -0.8
  2023-01-05  99.25 True:  99.51  0.27% -0.53
  2023-01-09 100.79 True: 101.91  1.11%  0.58
  2023-01-10 100.16 True: 100.41  0.25%  0.82
  2023-01-11 100.28 True: 100.55  0.27%  1.09
  2023-01-12 100.26 True:  99.22 -1.06%  0.03
  2023-01-13 100.03 True:  98.33 -1.74%  -1.7
  2023-01-17  99.21 True: 101.55   2.3%   0.6
  Average error: 0.57%
  Min: -1.7 Max: 4.34 Mid: 1.32 Epoch: 500000 Days: 55
  Nom: 38.12 FinalErr: 0.00162
  
  2022-10-24 100.44 True:  99.72 -0.73% -0.73
  2022-10-25 100.43 True: 100.84  0.41% -0.32
  2022-10-26 100.08 True: 100.05 -0.02% -0.35
  2022-10-27 100.02 True:  98.59 -1.45%  -1.8
  2022-10-28 100.81 True:  101.7  0.88% -0.92
  2022-10-31  99.64 True: 100.44   0.8% -0.12
  2022-11-01  99.81 True:  99.91   0.1% -0.02
  2022-11-03  98.74 True:  98.77  0.03%  0.01
  2022-11-04 100.62 True: 100.57 -0.05% -0.04
  2022-11-07 100.48 True:  101.1  0.61%  0.57
  2022-11-08 100.37 True: 100.84  0.46%  1.03
  2022-11-09  98.89 True:  98.23 -0.67%  0.36
  2022-11-10 101.24 True: 102.54  1.27%  1.63
  2022-11-11 100.14 True: 100.17  0.03%  1.66
  2022-11-14  99.62 True:  99.07 -0.55%  1.11
  2022-11-15 100.02 True: 100.24  0.22%  1.34
  2022-11-16  99.93 True:  99.76 -0.18%  1.16
  2022-11-17  99.87 True: 100.19  0.32%  1.48
  2022-11-18 100.12 True:  99.98 -0.13%  1.35
  2022-11-21  99.76 True: 100.22  0.47%  1.82
  2022-11-23 100.62 True: 101.26  0.63%  2.45
  2022-11-25 100.09 True:  99.49  -0.6%  1.85
  2022-11-28  99.19 True:  99.13 -0.06%  1.78
  2022-11-29  99.91 True:  99.74 -0.17%  1.61
  2022-11-30 100.76 True: 101.91  1.12%  2.74
  2022-12-01  99.84 True:  98.49 -1.38%  1.36
  2022-12-02  99.98 True:  99.14 -0.85%  0.51
  2022-12-05  99.21 True:  99.67  0.46%  0.97
  2022-12-06  99.43 True:  99.91  0.49%  1.46
  2022-12-07  99.97 True:  99.84 -0.13%  1.32
  2022-12-08 100.19 True:  100.3   0.1%  1.43
  2022-12-09  99.49 True: 100.09  0.59%  2.02
  2022-12-12 100.51 True: 101.22  0.71%  2.73
  2022-12-13 100.16 True:  99.84 -0.31%  2.41
  2022-12-14  99.81 True:  99.93  0.12%  2.53
  2022-12-15  98.74 True:  98.79  0.05%  2.59
  2022-12-16  99.49 True:  98.62 -0.88%   1.7
  2022-12-19  99.74 True:  99.89  0.15%  1.85
  2022-12-20 100.05 True:  97.41 -2.72% -0.86
  2022-12-21 100.49 True: 100.24 -0.25% -1.12
  2022-12-22  99.45 True:  98.45 -1.01% -2.13
  2022-12-23 100.16 True: 100.41  0.25% -1.88
  2022-12-27  99.99 True:  99.96 -0.03% -1.91
  2022-12-28  99.39 True:  99.32 -0.07% -1.98
  2022-12-29 100.38 True: 100.63  0.25% -1.73
  2023-01-03  99.67 True:  98.55 -1.14% -2.87
  2023-01-04 100.15 True: 100.04 -0.11% -2.98
  2023-01-05  99.35 True:  99.51  0.16% -2.81
  2023-01-09 100.76 True: 101.91  1.13% -1.68
  2023-01-10 100.14 True: 100.41  0.26% -1.42
  2023-01-11 100.26 True: 100.55  0.29% -1.13
  2023-01-12 100.28 True:  99.22 -1.07%  -2.2
  2023-01-13 100.03 True:  98.33 -1.73% -3.93
  2023-01-17  99.35 True: 101.55  2.17% -1.77
  2023-01-18  99.08 True: 101.05  1.95%  0.18
  Average error: 0.6%
  Min: -3.93 Max: 2.74 Mid: -0.6 Epoch: 500000 Days: 55
  Nom: 61.68 FinalErr: 0.00183
  
  2022-10-25 100.44 True: 100.84  0.39%  0.39
  2022-10-26 100.07 True: 100.05 -0.02%  0.37
  2022-10-27 100.05 True:  98.59 -1.48% -1.11
  2022-10-28 100.85 True:  101.7  0.84% -0.27
  2022-10-31  99.65 True: 100.44  0.79%  0.52
  2022-11-01  99.81 True:  99.91   0.1%  0.61
  2022-11-03  98.72 True:  98.77  0.06%  0.67
  2022-11-04 100.63 True: 100.57 -0.06%  0.61
  2022-11-07  100.5 True:  101.1  0.59%   1.2
  2022-11-08 100.39 True: 100.84  0.45%  1.65
  2022-11-09  98.86 True:  98.23 -0.64%  1.01
  2022-11-10 101.27 True: 102.54  1.24%  2.25
  2022-11-11 100.13 True: 100.17  0.04%  2.29
  2022-11-14  99.61 True:  99.07 -0.55%  1.74
  2022-11-15 100.03 True: 100.24  0.22%  1.95
  2022-11-16  99.93 True:  99.76 -0.18%  1.78
  2022-11-17  99.88 True: 100.19  0.31%  2.09
  2022-11-18 100.14 True:  99.98 -0.15%  1.94
  2022-11-21  99.77 True: 100.22  0.45%  2.39
  2022-11-23 100.64 True: 101.26  0.62%  3.01
  2022-11-25  100.1 True:  99.49 -0.62%  2.39
  2022-11-28  99.17 True:  99.13 -0.04%  2.34
  2022-11-29  99.92 True:  99.74 -0.18%  2.16
  2022-11-30 100.79 True: 101.91   1.1%  3.26
  2022-12-01  99.83 True:  98.49 -1.36%   1.9
  2022-12-02  99.99 True:  99.14 -0.86%  1.04
  2022-12-05  99.19 True:  99.67  0.48%  1.52
  2022-12-06  99.41 True:  99.91   0.5%  2.02
  2022-12-07  99.98 True:  99.84 -0.14%  1.88
  2022-12-08 100.21 True:  100.3  0.09%  1.97
  2022-12-09  99.49 True: 100.09   0.6%  2.57
  2022-12-12 100.54 True: 101.22  0.68%  3.25
  2022-12-13 100.16 True:  99.84 -0.32%  2.94
  2022-12-14   99.8 True:  99.93  0.13%  3.06
  2022-12-15   98.7 True:  98.79  0.09%  3.16
  2022-12-16  99.49 True:  98.62 -0.88%  2.28
  2022-12-19  99.74 True:  99.89  0.16%  2.43
  2022-12-20 100.07 True:  97.41 -2.73%  -0.3
  2022-12-21 100.52 True: 100.24 -0.29% -0.58
  2022-12-22  99.43 True:  98.45  -1.0% -1.58
  2022-12-23 100.17 True: 100.41  0.23% -1.34
  2022-12-27  100.0 True:  99.96 -0.04% -1.38
  2022-12-28  99.38 True:  99.32 -0.06% -1.44
  2022-12-29 100.39 True: 100.63  0.23% -1.21
  2023-01-03  99.68 True:  98.55 -1.15% -2.36
  2023-01-04 100.15 True: 100.04 -0.12% -2.48
  2023-01-05  99.35 True:  99.51  0.17% -2.31
  2023-01-09 100.78 True: 101.91  1.12% -1.19
  2023-01-10 100.16 True: 100.41  0.24% -0.95
  2023-01-11 100.28 True: 100.55  0.27% -0.68
  2023-01-12 100.29 True:  99.22 -1.08% -1.76
  2023-01-13 100.04 True:  98.33 -1.75% -3.51
  2023-01-17  99.34 True: 101.55  2.18% -1.33
  2023-01-18  99.05 True: 101.05  1.98%  0.66
  2023-01-19  99.63 True:  99.31 -0.33%  0.33
  Average error: 0.59%
  Min: -3.51 Max: 3.26 Mid: -0.12 Epoch: 500000 Days: 55
  Nom: 56.73 FinalErr: 0.00181
  
  2022-10-26 100.09 True: 100.05 -0.03% -0.03
  2022-10-27 100.12 True:  98.59 -1.55% -1.59
  2022-10-28 100.92 True:  101.7  0.77% -0.81
  2022-10-31  99.69 True: 100.44  0.75% -0.07
  2022-11-01  99.85 True:  99.91  0.07%   0.0
  2022-11-03  98.73 True:  98.77  0.05%  0.05
  2022-11-04 100.65 True: 100.57 -0.08% -0.03
  2022-11-07 100.54 True:  101.1  0.54%  0.51
  2022-11-08 100.43 True: 100.84   0.4%  0.91
  2022-11-09  98.85 True:  98.23 -0.63%  0.28
  2022-11-10 101.32 True: 102.54  1.19%  1.47
  2022-11-11 100.15 True: 100.17  0.02%  1.49
  2022-11-14  99.64 True:  99.07 -0.57%  0.92
  2022-11-15 100.06 True: 100.24  0.18%   1.1
  2022-11-16  99.96 True:  99.76  -0.2%   0.9
  2022-11-17  99.92 True: 100.19  0.27%  1.17
  2022-11-18 100.19 True:  99.98 -0.21%  0.97
  2022-11-21  99.82 True: 100.22  0.41%  1.37
  2022-11-23 100.67 True: 101.26  0.58%  1.96
  2022-11-25 100.15 True:  99.49 -0.66%  1.29
  2022-11-28  99.18 True:  99.13 -0.05%  1.24
  2022-11-29  99.96 True:  99.74 -0.22%  1.02
  2022-11-30 100.84 True: 101.91  1.04%  2.06
  2022-12-01  99.83 True:  98.49 -1.36%   0.7
  2022-12-02 100.02 True:  99.14 -0.89% -0.19
  2022-12-05   99.2 True:  99.67  0.47%  0.28
  2022-12-06  99.43 True:  99.91  0.48%  0.76
  2022-12-07 100.01 True:  99.84 -0.16%   0.6
  2022-12-08 100.24 True:  100.3  0.05%  0.65
  2022-12-09   99.5 True: 100.09  0.58%  1.24
  2022-12-12  100.6 True: 101.22  0.62%  1.85
  2022-12-13 100.19 True:  99.84 -0.34%  1.51
  2022-12-14  99.82 True:  99.93  0.11%  1.62
  2022-12-15  98.68 True:  98.79  0.12%  1.74
  2022-12-16  99.51 True:  98.62  -0.9%  0.83
  2022-12-19  99.76 True:  99.89  0.14%  0.97
  2022-12-20  100.1 True:  97.41 -2.77%  -1.8
  2022-12-21 100.59 True: 100.24 -0.35% -2.15
  2022-12-22  99.45 True:  98.45 -1.01% -3.15
  2022-12-23 100.21 True: 100.41  0.19% -2.96
  2022-12-27 100.03 True:  99.96 -0.07% -3.03
  2022-12-28  99.39 True:  99.32 -0.07% -3.11
  2022-12-29 100.44 True: 100.63  0.19% -2.92
  2023-01-03  99.73 True:  98.55 -1.21% -4.12
  2023-01-04 100.19 True: 100.04 -0.15% -4.27
  2023-01-05  99.37 True:  99.51  0.14% -4.13
  2023-01-09 100.81 True: 101.91  1.08% -3.05
  2023-01-10 100.21 True: 100.41   0.2% -2.85
  2023-01-11 100.32 True: 100.55  0.23% -2.62
  2023-01-12 100.32 True:  99.22 -1.11% -3.73
  2023-01-13 100.09 True:  98.33 -1.79% -5.53
  2023-01-17  99.35 True: 101.55  2.17% -3.36
  2023-01-18  99.03 True: 101.05   2.0% -1.36
  2023-01-19  99.64 True:  99.31 -0.34%  -1.7
  2023-01-20  100.4 True: 102.13  1.69% -0.01
  Average error: 0.61%
  Min: -5.53 Max: 2.06 Mid: -1.73 Epoch: 500000 Days: 55
  Nom: 72.7 FinalErr: 0.00195
  
  2022-10-27 100.15 True:  98.59 -1.58% -1.58
  2022-10-28 100.95 True:  101.7  0.74% -0.84
  2022-10-31  99.71 True: 100.44  0.73% -0.12
  2022-11-01  99.86 True:  99.91  0.05% -0.07
  2022-11-03  98.73 True:  98.77  0.04% -0.02
  2022-11-04 100.67 True: 100.57  -0.1% -0.12
  2022-11-07 100.57 True:  101.1  0.52%   0.4
  2022-11-08 100.46 True: 100.84  0.38%  0.78
  2022-11-09  98.85 True:  98.23 -0.63%  0.15
  2022-11-10 101.35 True: 102.54  1.16%  1.32
  2022-11-11 100.16 True: 100.17  0.01%  1.33
  2022-11-14  99.65 True:  99.07 -0.59%  0.74
  2022-11-15 100.08 True: 100.24  0.16%  0.91
  2022-11-16  99.97 True:  99.76 -0.21%  0.69
  2022-11-17  99.94 True: 100.19  0.25%  0.94
  2022-11-18 100.21 True:  99.98 -0.23%  0.71
  2022-11-21  99.84 True: 100.22  0.38%  1.09
  2022-11-23 100.69 True: 101.26  0.56%  1.66
  2022-11-25 100.17 True:  99.49 -0.69%  0.97
  2022-11-28  99.18 True:  99.13 -0.06%  0.91
  2022-11-29  99.98 True:  99.74 -0.24%  0.68
  2022-11-30 100.87 True: 101.91  1.02%  1.69
  2022-12-01  99.83 True:  98.49 -1.36%  0.33
  2022-12-02 100.04 True:  99.14 -0.91% -0.59
  2022-12-05  99.21 True:  99.67  0.46% -0.12
  2022-12-06  99.44 True:  99.91  0.48%  0.35
  2022-12-07 100.02 True:  99.84 -0.18%  0.17
  2022-12-08 100.26 True:  100.3  0.03%  0.21
  2022-12-09  99.51 True: 100.09  0.57%  0.78
  2022-12-12 100.62 True: 101.22  0.59%  1.37
  2022-12-13  100.2 True:  99.84 -0.36%  1.02
  2022-12-14  99.83 True:  99.93   0.1%  1.11
  2022-12-15  98.67 True:  98.79  0.12%  1.24
  2022-12-16  99.52 True:  98.62 -0.92%  0.32
  2022-12-19  99.77 True:  99.89  0.12%  0.45
  2022-12-20 100.12 True:  97.41 -2.79% -2.34
  2022-12-21 100.62 True: 100.24 -0.38% -2.72
  2022-12-22  99.45 True:  98.45 -1.01% -3.73
  2022-12-23 100.24 True: 100.41  0.17% -3.56
  2022-12-27 100.05 True:  99.96 -0.09% -3.65
  2022-12-28   99.4 True:  99.32 -0.08% -3.73
  2022-12-29 100.46 True: 100.63  0.17% -3.57
  2023-01-03  99.76 True:  98.55 -1.23%  -4.8
  2023-01-04 100.21 True: 100.04 -0.17% -4.97
  2023-01-05  99.39 True:  99.51  0.13% -4.84
  2023-01-09 100.83 True: 101.91  1.07% -3.77
  2023-01-10 100.23 True: 100.41  0.18%  -3.6
  2023-01-11 100.35 True: 100.55   0.2% -3.39
  2023-01-12 100.34 True:  99.22 -1.13% -4.52
  2023-01-13 100.11 True:  98.33 -1.82% -6.34
  2023-01-17  99.36 True: 101.55  2.16% -4.18
  2023-01-18  99.02 True: 101.05   2.0% -2.18
  2023-01-19  99.65 True:  99.31 -0.34% -2.52
  2023-01-20 100.43 True: 102.13  1.67% -0.86
  2023-01-23 100.32 True: 101.06  0.73% -0.13
  Average error: 0.62%
  Min: -6.34 Max: 1.69 Mid: -2.32 Epoch: 500000 Days: 55
  Nom: 77.34 FinalErr: 0.00198
  
  2022-10-28 101.04 True:  101.7  0.65%  0.65
  2022-10-31  99.79 True: 100.44  0.65%   1.3
  2022-11-01  99.89 True:  99.91  0.02%  1.32
  2022-11-03  98.78 True:  98.77 -0.01%  1.31
  2022-11-04 100.62 True: 100.57 -0.05%  1.26
  2022-11-07  100.6 True:  101.1  0.49%  1.75
  2022-11-08 100.49 True: 100.84  0.35%  2.09
  2022-11-09  98.84 True:  98.23 -0.62%  1.47
  2022-11-10 101.37 True: 102.54  1.14%  2.61
  2022-11-11  100.1 True: 100.17  0.07%  2.68
  2022-11-14  99.68 True:  99.07 -0.61%  2.07
  2022-11-15  100.1 True: 100.24  0.14%  2.21
  2022-11-16  99.97 True:  99.76 -0.21%   2.0
  2022-11-17  99.99 True: 100.19   0.2%  2.19
  2022-11-18 100.29 True:  99.98  -0.3%  1.89
  2022-11-21  99.93 True: 100.22   0.3%  2.19
  2022-11-23 100.68 True: 101.26  0.57%  2.76
  2022-11-25 100.23 True:  99.49 -0.74%  2.01
  2022-11-28  99.18 True:  99.13 -0.06%  1.95
  2022-11-29 100.02 True:  99.74 -0.28%  1.68
  2022-11-30 100.92 True: 101.91  0.97%  2.65
  2022-12-01  99.76 True:  98.49 -1.29%  1.36
  2022-12-02 100.07 True:  99.14 -0.94%  0.42
  2022-12-05  99.21 True:  99.67  0.46%  0.87
  2022-12-06  99.45 True:  99.91  0.47%  1.34
  2022-12-07 100.03 True:  99.84 -0.19%  1.15
  2022-12-08 100.28 True:  100.3  0.01%  1.16
  2022-12-09  99.53 True: 100.09  0.56%  1.73
  2022-12-12  100.7 True: 101.22  0.52%  2.25
  2022-12-13 100.19 True:  99.84 -0.34%  1.91
  2022-12-14  99.82 True:  99.93  0.12%  2.02
  2022-12-15  98.63 True:  98.79  0.16%  2.18
  2022-12-16  99.55 True:  98.62 -0.95%  1.23
  2022-12-19  99.77 True:  99.89  0.13%  1.36
  2022-12-20 100.16 True:  97.41 -2.82% -1.46
  2022-12-21  100.7 True: 100.24 -0.46% -1.92
  2022-12-22  99.45 True:  98.45 -1.01% -2.93
  2022-12-23 100.27 True: 100.41  0.13% -2.79
  2022-12-27 100.08 True:  99.96 -0.11% -2.91
  2022-12-28  99.41 True:  99.32 -0.09%  -3.0
  2022-12-29  100.5 True: 100.63  0.13% -2.87
  2023-01-03  99.86 True:  98.55 -1.33%  -4.2
  2023-01-04 100.22 True: 100.04 -0.18% -4.38
  2023-01-05  99.44 True:  99.51  0.08%  -4.3
  2023-01-09 100.81 True: 101.91  1.08% -3.22
  2023-01-10 100.28 True: 100.41  0.13% -3.09
  2023-01-11 100.39 True: 100.55  0.16% -2.93
  2023-01-12 100.34 True:  99.22 -1.13% -4.06
  2023-01-13 100.17 True:  98.33 -1.87% -5.93
  2023-01-17  99.38 True: 101.55  2.14% -3.79
  2023-01-18  98.96 True: 101.05  2.06% -1.73
  2023-01-19  99.63 True:  99.31 -0.32% -2.05
  2023-01-20 100.47 True: 102.13  1.62% -0.43
  2023-01-23 100.37 True: 101.06  0.68%  0.26
  2023-01-24 100.17 True:  100.0 -0.17%  0.09
  Average error: 0.59%
  Min: -5.93 Max: 2.76 Mid: -1.59 Epoch: 500000 Days: 55
  Nom: 69.28 FinalErr: 0.00186
  
  2022-10-31  99.78 True: 100.44  0.66%  0.66
  2022-11-01   99.9 True:  99.91  0.02%  0.67
  2022-11-03  98.83 True:  98.77 -0.05%  0.62
  2022-11-04 100.63 True: 100.57 -0.06%  0.55
  2022-11-07 100.58 True:  101.1  0.51%  1.06
  2022-11-08 100.47 True: 100.84  0.36%  1.42
  2022-11-09  98.91 True:  98.23 -0.69%  0.74
  2022-11-10 101.34 True: 102.54  1.17%  1.91
  2022-11-11 100.14 True: 100.17  0.04%  1.94
  2022-11-14   99.7 True:  99.07 -0.63%  1.31
  2022-11-15  100.1 True: 100.24  0.14%  1.45
  2022-11-16  99.99 True:  99.76 -0.23%  1.22
  2022-11-17  99.99 True: 100.19   0.2%  1.43
  2022-11-18 100.26 True:  99.98 -0.28%  1.15
  2022-11-21  99.91 True: 100.22  0.32%  1.47
  2022-11-23 100.68 True: 101.26  0.57%  2.04
  2022-11-25 100.21 True:  99.49 -0.73%  1.32
  2022-11-28  99.23 True:  99.13 -0.11%  1.21
  2022-11-29 100.01 True:  99.74 -0.27%  0.94
  2022-11-30 100.89 True: 101.91   1.0%  1.94
  2022-12-01  99.81 True:  98.49 -1.35%  0.59
  2022-12-02 100.07 True:  99.14 -0.94% -0.35
  2022-12-05  99.26 True:  99.67  0.41%  0.06
  2022-12-06  99.48 True:  99.91  0.43%   0.5
  2022-12-07 100.04 True:  99.84  -0.2%   0.3
  2022-12-08 100.28 True:  100.3  0.02%  0.32
  2022-12-09  99.55 True: 100.09  0.53%  0.85
  2022-12-12 100.66 True: 101.22  0.56%  1.41
  2022-12-13  100.2 True:  99.84 -0.36%  1.05
  2022-12-14  99.84 True:  99.93  0.09%  1.14
  2022-12-15  98.72 True:  98.79  0.07%  1.21
  2022-12-16  99.57 True:  98.62 -0.97%  0.25
  2022-12-19  99.79 True:  99.89   0.1%  0.35
  2022-12-20 100.15 True:  97.41 -2.82% -2.47
  2022-12-21 100.66 True: 100.24 -0.42% -2.88
  2022-12-22  99.48 True:  98.45 -1.05% -3.93
  2022-12-23 100.26 True: 100.41  0.14% -3.79
  2022-12-27 100.08 True:  99.96 -0.11%  -3.9
  2022-12-28  99.44 True:  99.32 -0.12% -4.03
  2022-12-29 100.48 True: 100.63  0.15% -3.88
  2023-01-03  99.84 True:  98.55 -1.31% -5.19
  2023-01-04 100.22 True: 100.04 -0.18% -5.37
  2023-01-05  99.45 True:  99.51  0.06% -5.31
  2023-01-09 100.81 True: 101.91  1.09% -4.22
  2023-01-10 100.26 True: 100.41  0.14% -4.08
  2023-01-11 100.37 True: 100.55  0.18%  -3.9
  2023-01-12 100.34 True:  99.22 -1.13% -5.03
  2023-01-13 100.15 True:  98.33 -1.86% -6.89
  2023-01-17  99.41 True: 101.55  2.11% -4.78
  2023-01-18  99.05 True: 101.05  1.98%  -2.8
  2023-01-19  99.66 True:  99.31 -0.36% -3.16
  2023-01-20 100.45 True: 102.13  1.64% -1.52
  2023-01-23 100.35 True: 101.06   0.7% -0.82
  2023-01-24 100.16 True:  100.0 -0.16% -0.98
  2023-01-25 100.04 True: 100.94  0.89% -0.09
  Average error: 0.59%
  Min: -6.89 Max: 2.04 Mid: -2.43 Epoch: 500000 Days: 55
  Nom: 76.13 FinalErr: 0.00188
  
  2022-11-01  99.88 True:  99.91  0.04%  0.04
  2022-11-03  98.78 True:  98.77 -0.01%  0.02
  2022-11-04 100.64 True: 100.57 -0.07% -0.05
  2022-11-07 100.57 True:  101.1  0.52%  0.47
  2022-11-08 100.46 True: 100.84  0.38%  0.85
  2022-11-09  98.89 True:  98.23 -0.67%  0.18
  2022-11-10 101.33 True: 102.54  1.18%  1.36
  2022-11-11 100.14 True: 100.17  0.03%  1.39
  2022-11-14  99.67 True:  99.07 -0.61%  0.78
  2022-11-15 100.09 True: 100.24  0.16%  0.94
  2022-11-16  99.98 True:  99.76 -0.22%  0.72
  2022-11-17  99.96 True: 100.19  0.23%  0.95
  2022-11-18 100.23 True:  99.98 -0.25%   0.7
  2022-11-21  99.87 True: 100.22  0.35%  1.05
  2022-11-23 100.68 True: 101.26  0.58%  1.63
  2022-11-25 100.19 True:  99.49  -0.7%  0.93
  2022-11-28  99.21 True:  99.13 -0.08%  0.85
  2022-11-29  99.99 True:  99.74 -0.25%  0.59
  2022-11-30 100.87 True: 101.91  1.02%  1.61
  2022-12-01  99.82 True:  98.49 -1.36%  0.26
  2022-12-02 100.05 True:  99.14 -0.92% -0.67
  2022-12-05  99.24 True:  99.67  0.43% -0.23
  2022-12-06  99.46 True:  99.91  0.45%  0.22
  2022-12-07 100.03 True:  99.84 -0.18%  0.04
  2022-12-08 100.27 True:  100.3  0.03%  0.07
  2022-12-09  99.53 True: 100.09  0.55%  0.62
  2022-12-12 100.63 True: 101.22  0.58%   1.2
  2022-12-13  100.2 True:  99.84 -0.35%  0.85
  2022-12-14  99.84 True:  99.93  0.09%  0.95
  2022-12-15   98.7 True:  98.79  0.09%  1.03
  2022-12-16  99.55 True:  98.62 -0.94%  0.09
  2022-12-19  99.78 True:  99.89  0.11%  0.21
  2022-12-20 100.13 True:  97.41  -2.8% -2.59
  2022-12-21 100.63 True: 100.24 -0.39% -2.98
  2022-12-22  99.47 True:  98.45 -1.03% -4.01
  2022-12-23 100.24 True: 100.41  0.16% -3.85
  2022-12-27 100.06 True:  99.96  -0.1% -3.95
  2022-12-28  99.42 True:  99.32  -0.1% -4.05
  2022-12-29 100.47 True: 100.63  0.16% -3.89
  2023-01-03  99.79 True:  98.55 -1.27% -5.15
  2023-01-04 100.21 True: 100.04 -0.17% -5.32
  2023-01-05  99.42 True:  99.51  0.09% -5.23
  2023-01-09 100.81 True: 101.91  1.08% -4.15
  2023-01-10 100.24 True: 100.41  0.17% -3.98
  2023-01-11 100.35 True: 100.55   0.2% -3.78
  2023-01-12 100.33 True:  99.22 -1.13% -4.91
  2023-01-13 100.13 True:  98.33 -1.83% -6.74
  2023-01-17  99.39 True: 101.55  2.13% -4.61
  2023-01-18  99.04 True: 101.05  1.99% -2.62
  2023-01-19  99.66 True:  99.31 -0.35% -2.97
  2023-01-20 100.43 True: 102.13  1.66% -1.31
  2023-01-23 100.33 True: 101.06  0.72% -0.59
  2023-01-24 100.14 True:  100.0 -0.14% -0.74
  2023-01-25 100.03 True: 100.94   0.9%  0.17
  2023-01-26 100.24 True:  99.93 -0.32% -0.15
  Average error: 0.59%
  Min: -6.74 Max: 1.63 Mid: -2.55 Epoch: 500000 Days: 55
  Nom: 78.77 FinalErr: 0.00186
  
  2022-11-03  98.78 True:  98.77 -0.01% -0.01
  2022-11-04 100.64 True: 100.57 -0.07% -0.08
  2022-11-07 100.56 True:  101.1  0.53%  0.45
  2022-11-08 100.45 True: 100.84  0.38%  0.83
  2022-11-09  98.88 True:  98.23 -0.66%  0.17
  2022-11-10 101.33 True: 102.54  1.18%  1.35
  2022-11-11 100.14 True: 100.17  0.03%  1.38
  2022-11-14  99.67 True:  99.07  -0.6%  0.78
  2022-11-15 100.08 True: 100.24  0.16%  0.94
  2022-11-16  99.97 True:  99.76 -0.22%  0.72
  2022-11-17  99.95 True: 100.19  0.24%  0.96
  2022-11-18 100.22 True:  99.98 -0.24%  0.72
  2022-11-21  99.86 True: 100.22  0.36%  1.08
  2022-11-23 100.67 True: 101.26  0.58%  1.66
  2022-11-25 100.18 True:  99.49 -0.69%  0.96
  2022-11-28  99.21 True:  99.13 -0.08%  0.88
  2022-11-29  99.99 True:  99.74 -0.25%  0.64
  2022-11-30 100.86 True: 101.91  1.02%  1.66
  2022-12-01  99.82 True:  98.49 -1.35%  0.31
  2022-12-02 100.05 True:  99.14 -0.92% -0.61
  2022-12-05  99.23 True:  99.67  0.44% -0.17
  2022-12-06  99.46 True:  99.91  0.46%  0.28
  2022-12-07 100.02 True:  99.84 -0.18%   0.1
  2022-12-08 100.26 True:  100.3  0.04%  0.14
  2022-12-09  99.53 True: 100.09  0.56%   0.7
  2022-12-12 100.63 True: 101.22  0.59%  1.29
  2022-12-13 100.19 True:  99.84 -0.35%  0.94
  2022-12-14  99.83 True:  99.93   0.1%  1.04
  2022-12-15   98.7 True:  98.79  0.09%  1.13
  2022-12-16  99.54 True:  98.62 -0.94%  0.19
  2022-12-19  99.77 True:  99.89  0.12%  0.31
  2022-12-20 100.13 True:  97.41 -2.79% -2.48
  2022-12-21 100.62 True: 100.24 -0.38% -2.86
  2022-12-22  99.47 True:  98.45 -1.03% -3.89
  2022-12-23 100.24 True: 100.41  0.17% -3.72
  2022-12-27 100.06 True:  99.96 -0.09% -3.82
  2022-12-28  99.42 True:  99.32  -0.1% -3.92
  2022-12-29 100.46 True: 100.63  0.17% -3.75
  2023-01-03  99.78 True:  98.55 -1.26% -5.01
  2023-01-04 100.21 True: 100.04 -0.17% -5.17
  2023-01-05  99.41 True:  99.51   0.1% -5.07
  2023-01-09 100.81 True: 101.91  1.09% -3.99
  2023-01-10 100.23 True: 100.41  0.17% -3.82
  2023-01-11 100.35 True: 100.55   0.2% -3.61
  2023-01-12 100.33 True:  99.22 -1.12% -4.74
  2023-01-13 100.12 True:  98.33 -1.83% -6.56
  2023-01-17  99.38 True: 101.55  2.14% -4.43
  2023-01-18  99.04 True: 101.05  1.99% -2.44
  2023-01-19  99.65 True:  99.31 -0.35% -2.79
  2023-01-20 100.43 True: 102.13  1.67% -1.12
  2023-01-23 100.33 True: 101.06  0.73% -0.39
  2023-01-24 100.14 True:  100.0 -0.14% -0.53
  2023-01-25 100.02 True: 100.94  0.91%  0.38
  2023-01-26 100.24 True:  99.93 -0.31%  0.07
  2023-01-27 100.01 True:  99.82 -0.19% -0.12
  Average error: 0.59%
  Min: -6.56 Max: 1.66 Mid: -2.45 Epoch: 500000 Days: 55
  Nom: 78.33 FinalErr: 0.00186
  
  2022-11-04 100.61 True: 100.57 -0.04% -0.04
  2022-11-07 100.55 True:  101.1  0.54%   0.5
  2022-11-08 100.44 True: 100.84  0.39%  0.89
  2022-11-09  98.95 True:  98.23 -0.73%  0.16
  2022-11-10 101.29 True: 102.54  1.22%  1.38
  2022-11-11 100.13 True: 100.17  0.04%  1.42
  2022-11-14   99.7 True:  99.07 -0.63%  0.79
  2022-11-15 100.09 True: 100.24  0.15%  0.94
  2022-11-16  99.98 True:  99.76 -0.22%  0.72
  2022-11-17  99.97 True: 100.19  0.22%  0.94
  2022-11-18 100.23 True:  99.98 -0.25%  0.69
  2022-11-21  99.89 True: 100.22  0.33%  1.02
  2022-11-23 100.65 True: 101.26   0.6%  1.62
  2022-11-25 100.19 True:  99.49  -0.7%  0.92
  2022-11-28  99.26 True:  99.13 -0.13%  0.79
  2022-11-29  100.0 True:  99.74 -0.26%  0.53
  2022-11-30 100.84 True: 101.91  1.05%  1.57
  2022-12-01  99.82 True:  98.49 -1.36%  0.22
  2022-12-02 100.06 True:  99.14 -0.93% -0.71
  2022-12-05  99.28 True:  99.67  0.39% -0.32
  2022-12-06  99.49 True:  99.91  0.42%   0.1
  2022-12-07 100.03 True:  99.84 -0.19% -0.09
  2022-12-08 100.26 True:  100.3  0.04% -0.05
  2022-12-09  99.56 True: 100.09  0.52%  0.47
  2022-12-12 100.62 True: 101.22   0.6%  1.07
  2022-12-13 100.19 True:  99.84 -0.34%  0.73
  2022-12-14  99.85 True:  99.93  0.09%  0.81
  2022-12-15  98.78 True:  98.79  0.01%  0.82
  2022-12-16  99.58 True:  98.62 -0.97% -0.15
  2022-12-19  99.79 True:  99.89   0.1% -0.05
  2022-12-20 100.13 True:  97.41  -2.8% -2.84
  2022-12-21 100.61 True: 100.24 -0.38% -3.22
  2022-12-22   99.5 True:  98.45 -1.06% -4.28
  2022-12-23 100.24 True: 100.41  0.17% -4.12
  2022-12-27 100.06 True:  99.96  -0.1% -4.22
  2022-12-28  99.46 True:  99.32 -0.14% -4.36
  2022-12-29 100.45 True: 100.63  0.18% -4.18
  2023-01-03  99.82 True:  98.55 -1.29% -5.47
  2023-01-04  100.2 True: 100.04 -0.17% -5.64
  2023-01-05  99.46 True:  99.51  0.05% -5.59
  2023-01-09 100.77 True: 101.91  1.12% -4.47
  2023-01-10 100.24 True: 100.41  0.17%  -4.3
  2023-01-11 100.34 True: 100.55  0.21%  -4.1
  2023-01-12 100.32 True:  99.22 -1.11% -5.21
  2023-01-13 100.13 True:  98.33 -1.84% -7.04
  2023-01-17  99.43 True: 101.55  2.09% -4.95
  2023-01-18  99.09 True: 101.05  1.94% -3.01
  2023-01-19  99.67 True:  99.31 -0.37% -3.38
  2023-01-20 100.42 True: 102.13  1.67% -1.71
  2023-01-23 100.32 True: 101.06  0.73% -0.99
  2023-01-24 100.14 True:  100.0 -0.14% -1.13
  2023-01-25 100.03 True: 100.94   0.9% -0.23
  2023-01-26 100.25 True:  99.93 -0.32% -0.54
  2023-01-27 100.03 True:  99.82  -0.2% -0.75
  2023-01-30  99.64 True: 100.28  0.65%  -0.1
  Average error: 0.6%
  Min: -7.04 Max: 1.62 Mid: -2.71 Epoch: 500000 Days: 55
  Nom: 80.1 FinalErr: 0.00189
  
  2022-11-07 100.54 True:  101.1  0.55%  0.55
  2022-11-08 100.43 True: 100.84   0.4%  0.95
  2022-11-09  98.96 True:  98.23 -0.74%  0.21
  2022-11-10 101.27 True: 102.54  1.24%  1.45
  2022-11-11 100.11 True: 100.17  0.06%   1.5
  2022-11-14   99.7 True:  99.07 -0.63%  0.87
  2022-11-15 100.08 True: 100.24  0.16%  1.03
  2022-11-16  99.97 True:  99.76 -0.21%  0.82
  2022-11-17  99.97 True: 100.19  0.22%  1.04
  2022-11-18 100.23 True:  99.98 -0.25%  0.79
  2022-11-21   99.9 True: 100.22  0.33%  1.12
  2022-11-23 100.63 True: 101.26  0.62%  1.74
  2022-11-25 100.18 True:  99.49  -0.7%  1.04
  2022-11-28  99.26 True:  99.13 -0.14%   0.9
  2022-11-29  100.0 True:  99.74 -0.26%  0.65
  2022-11-30 100.83 True: 101.91  1.06%   1.7
  2022-12-01  99.81 True:  98.49 -1.34%  0.36
  2022-12-02 100.05 True:  99.14 -0.92% -0.56
  2022-12-05  99.29 True:  99.67  0.38% -0.18
  2022-12-06  99.49 True:  99.91  0.42%  0.24
  2022-12-07 100.02 True:  99.84 -0.18%  0.06
  2022-12-08 100.25 True:  100.3  0.05%  0.11
  2022-12-09  99.56 True: 100.09  0.52%  0.63
  2022-12-12 100.61 True: 101.22  0.61%  1.24
  2022-12-13 100.17 True:  99.84 -0.33%  0.91
  2022-12-14  99.84 True:  99.93  0.09%   1.0
  2022-12-15  98.79 True:  98.79   0.0%   1.0
  2022-12-16  99.58 True:  98.62 -0.97%  0.03
  2022-12-19  99.79 True:  99.89  0.11%  0.13
  2022-12-20 100.13 True:  97.41 -2.79% -2.66
  2022-12-21 100.61 True: 100.24 -0.37% -3.03
  2022-12-22   99.5 True:  98.45 -1.06% -4.09
  2022-12-23 100.23 True: 100.41  0.17% -3.92
  2022-12-27 100.06 True:  99.96 -0.09% -4.01
  2022-12-28  99.46 True:  99.32 -0.14% -4.15
  2022-12-29 100.44 True: 100.63  0.19% -3.97
  2023-01-03  99.83 True:  98.55  -1.3% -5.26
  2023-01-04 100.19 True: 100.04 -0.16% -5.42
  2023-01-05  99.47 True:  99.51  0.05% -5.38
  2023-01-09 100.76 True: 101.91  1.14% -4.24
  2023-01-10 100.23 True: 100.41  0.17% -4.07
  2023-01-11 100.34 True: 100.55  0.21% -3.85
  2023-01-12 100.31 True:  99.22  -1.1% -4.95
  2023-01-13 100.13 True:  98.33 -1.83% -6.78
  2023-01-17  99.43 True: 101.55  2.09% -4.69
  2023-01-18  99.09 True: 101.05  1.94% -2.76
  2023-01-19  99.67 True:  99.31 -0.36% -3.12
  2023-01-20 100.41 True: 102.13  1.68% -1.44
  2023-01-23 100.32 True: 101.06  0.73% -0.71
  2023-01-24 100.14 True:  100.0 -0.14% -0.85
  2023-01-25 100.03 True: 100.94  0.91%  0.06
  2023-01-26 100.24 True:  99.93 -0.31% -0.25
  2023-01-27 100.02 True:  99.82  -0.2% -0.45
  2023-01-30  99.63 True: 100.28  0.65%   0.2
  2023-01-31 100.44 True: 100.19 -0.25% -0.05
  Average error: 0.61%
  Min: -6.78 Max: 1.74 Mid: -2.52 Epoch: 500000 Days: 55
  Nom: 78.99 FinalErr: 0.0019
  
  2022-11-08 100.41 True: 100.84  0.43%  0.43
  2022-11-09  98.99 True:  98.23 -0.77% -0.34
  2022-11-10 101.23 True: 102.54  1.28%  0.94
  2022-11-11 100.09 True: 100.17  0.08%  1.02
  2022-11-14  99.69 True:  99.07 -0.63%  0.39
  2022-11-15 100.07 True: 100.24  0.18%  0.57
  2022-11-16  99.96 True:  99.76  -0.2%  0.37
  2022-11-17  99.96 True: 100.19  0.23%   0.6
  2022-11-18 100.21 True:  99.98 -0.23%  0.37
  2022-11-21  99.89 True: 100.22  0.34%  0.71
  2022-11-23  100.6 True: 101.26  0.65%  1.36
  2022-11-25 100.16 True:  99.49 -0.68%  0.68
  2022-11-28  99.27 True:  99.13 -0.15%  0.53
  2022-11-29  99.98 True:  99.74 -0.24%  0.29
  2022-11-30 100.79 True: 101.91  1.09%  1.38
  2022-12-01   99.8 True:  98.49 -1.33%  0.05
  2022-12-02 100.03 True:  99.14 -0.91% -0.86
  2022-12-05   99.3 True:  99.67  0.37% -0.49
  2022-12-06   99.5 True:  99.91  0.42% -0.07
  2022-12-07 100.01 True:  99.84 -0.16% -0.23
  2022-12-08 100.23 True:  100.3  0.07% -0.16
  2022-12-09  99.56 True: 100.09  0.52%  0.36
  2022-12-12 100.58 True: 101.22  0.63%  0.99
  2022-12-13 100.15 True:  99.84 -0.31%  0.68
  2022-12-14  99.83 True:  99.93   0.1%  0.79
  2022-12-15  98.82 True:  98.79 -0.03%  0.76
  2022-12-16  99.58 True:  98.62 -0.97% -0.22
  2022-12-19  99.78 True:  99.89  0.11%  -0.1
  2022-12-20 100.11 True:  97.41 -2.77% -2.88
  2022-12-21 100.58 True: 100.24 -0.34% -3.22
  2022-12-22   99.5 True:  98.45 -1.06% -4.28
  2022-12-23 100.21 True: 100.41  0.19% -4.09
  2022-12-27 100.04 True:  99.96 -0.08% -4.17
  2022-12-28  99.46 True:  99.32 -0.15% -4.31
  2022-12-29 100.42 True: 100.63  0.21%  -4.1
  2023-01-03  99.82 True:  98.55 -1.29% -5.39
  2023-01-04 100.17 True: 100.04 -0.14% -5.53
  2023-01-05  99.47 True:  99.51  0.04% -5.49
  2023-01-09 100.72 True: 101.91  1.17% -4.32
  2023-01-10 100.21 True: 100.41  0.19% -4.12
  2023-01-11 100.31 True: 100.55  0.24% -3.89
  2023-01-12 100.28 True:  99.22 -1.08% -4.96
  2023-01-13 100.11 True:  98.33 -1.82% -6.78
  2023-01-17  99.43 True: 101.55  2.08% -4.69
  2023-01-18  99.11 True: 101.05  1.92% -2.77
  2023-01-19  99.66 True:  99.31 -0.36% -3.13
  2023-01-20 100.39 True: 102.13   1.7% -1.43
  2023-01-23  100.3 True: 101.06  0.76% -0.67
  2023-01-24 100.12 True:  100.0 -0.12% -0.79
  2023-01-25 100.01 True: 100.94  0.92%  0.13
  2023-01-26 100.22 True:  99.93 -0.29% -0.16
  2023-01-27 100.01 True:  99.82 -0.19% -0.35
  2023-01-30  99.63 True: 100.28  0.65%   0.3
  2023-01-31 100.42 True: 100.19 -0.22%  0.08
  2023-02-01 100.05 True:  99.89 -0.16% -0.08
  Average error: 0.6%
  Min: -6.78 Max: 1.38 Mid: -2.7 Epoch: 500000 Days: 55
  Nom: 82.15 FinalErr: 0.00189
  
  2022-11-09  99.01 True:  98.23 -0.79% -0.79
  2022-11-10  101.2 True: 102.54   1.3%  0.51
  2022-11-11 100.08 True: 100.17  0.09%   0.6
  2022-11-14   99.7 True:  99.07 -0.63% -0.03
  2022-11-15 100.06 True: 100.24  0.18%  0.16
  2022-11-16  99.95 True:  99.76 -0.19% -0.04
  2022-11-17  99.96 True: 100.19  0.23%  0.19
  2022-11-18  100.2 True:  99.98 -0.22% -0.03
  2022-11-21  99.89 True: 100.22  0.34%  0.31
  2022-11-23 100.58 True: 101.26  0.67%  0.98
  2022-11-25 100.16 True:  99.49 -0.67%  0.31
  2022-11-28  99.29 True:  99.13 -0.16%  0.15
  2022-11-29  99.98 True:  99.74 -0.24% -0.09
  2022-11-30 100.78 True: 101.91  1.11%  1.02
  2022-12-01  99.79 True:  98.49 -1.33% -0.31
  2022-12-02 100.03 True:  99.14  -0.9% -1.21
  2022-12-05  99.31 True:  99.67  0.36% -0.85
  2022-12-06  99.51 True:  99.91  0.41% -0.44
  2022-12-07  100.0 True:  99.84 -0.16%  -0.6
  2022-12-08 100.22 True:  100.3  0.08% -0.52
  2022-12-09  99.57 True: 100.09  0.52%  -0.0
  2022-12-12 100.57 True: 101.22  0.65%  0.65
  2022-12-13 100.14 True:  99.84  -0.3%  0.35
  2022-12-14  99.82 True:  99.93  0.11%  0.45
  2022-12-15  98.85 True:  98.79 -0.06%   0.4
  2022-12-16  99.59 True:  98.62 -0.98% -0.58
  2022-12-19  99.78 True:  99.89  0.12% -0.47
  2022-12-20  100.1 True:  97.41 -2.77% -3.23
  2022-12-21 100.57 True: 100.24 -0.33% -3.56
  2022-12-22  99.51 True:  98.45 -1.07% -4.63
  2022-12-23  100.2 True: 100.41   0.2% -4.43
  2022-12-27 100.04 True:  99.96 -0.07%  -4.5
  2022-12-28  99.47 True:  99.32 -0.15% -4.66
  2022-12-29  100.4 True: 100.63  0.23% -4.43
  2023-01-03  99.82 True:  98.55  -1.3% -5.73
  2023-01-04 100.16 True: 100.04 -0.13% -5.85
  2023-01-05  99.48 True:  99.51  0.03% -5.82
  2023-01-09  100.7 True: 101.91  1.19% -4.63
  2023-01-10  100.2 True: 100.41   0.2% -4.43
  2023-01-11  100.3 True: 100.55  0.25% -4.18
  2023-01-12 100.27 True:  99.22 -1.06% -5.24
  2023-01-13 100.11 True:  98.33 -1.81% -7.05
  2023-01-17  99.44 True: 101.55  2.08% -4.98
  2023-01-18  99.12 True: 101.05  1.91% -3.07
  2023-01-19  99.67 True:  99.31 -0.36% -3.43
  2023-01-20 100.38 True: 102.13  1.72% -1.72
  2023-01-23 100.28 True: 101.06  0.77% -0.95
  2023-01-24 100.11 True:  100.0 -0.11% -1.06
  2023-01-25  100.0 True: 100.94  0.93% -0.14
  2023-01-26 100.21 True:  99.93 -0.28% -0.42
  2023-01-27 100.01 True:  99.82 -0.18%  -0.6
  2023-01-30  99.64 True: 100.28  0.64%  0.04
  2023-01-31  100.4 True: 100.19 -0.21% -0.17
  2023-02-01 100.04 True:  99.89 -0.15% -0.31
  2023-02-02   99.9 True: 100.07  0.17% -0.14
  Average error: 0.6%
  Min: -7.05 Max: 1.02 Mid: -3.02 Epoch: 500000 Days: 55
  Nom: 85.63 FinalErr: 0.00188
  
  2022-11-10 101.07 True: 102.54  1.43%  1.43
  2022-11-11 100.06 True: 100.17  0.11%  1.54
  2022-11-14  99.78 True:  99.07 -0.71%  0.83
  2022-11-15 100.08 True: 100.24  0.17%  0.99
  2022-11-16  99.98 True:  99.76 -0.22%  0.77
  2022-11-17  100.0 True: 100.19  0.19%  0.96
  2022-11-18 100.22 True:  99.98 -0.23%  0.73
  2022-11-21  99.96 True: 100.22  0.27%  0.99
  2022-11-23  100.5 True: 101.26  0.75%  1.74
  2022-11-25 100.17 True:  99.49 -0.68%  1.06
  2022-11-28  99.44 True:  99.13 -0.32%  0.74
  2022-11-29 100.02 True:  99.74 -0.28%  0.46
  2022-11-30  100.7 True: 101.91  1.19%  1.65
  2022-12-01  99.82 True:  98.49 -1.35%  0.29
  2022-12-02 100.05 True:  99.14 -0.92% -0.63
  2022-12-05  99.46 True:  99.67  0.21% -0.42
  2022-12-06  99.62 True:  99.91  0.29% -0.13
  2022-12-07 100.02 True:  99.84 -0.18% -0.31
  2022-12-08 100.21 True:  100.3  0.09% -0.22
  2022-12-09  99.67 True: 100.09  0.42%   0.2
  2022-12-12 100.52 True: 101.22  0.69%  0.89
  2022-12-13 100.13 True:  99.84 -0.29%   0.6
  2022-12-14  99.87 True:  99.93  0.06%  0.67
  2022-12-15  99.08 True:  98.79 -0.29%  0.37
  2022-12-16  99.69 True:  98.62 -1.09% -0.72
  2022-12-19  99.84 True:  99.89  0.06% -0.66
  2022-12-20 100.12 True:  97.41 -2.78% -3.44
  2022-12-21 100.53 True: 100.24 -0.29% -3.73
  2022-12-22  99.62 True:  98.45 -1.18% -4.91
  2022-12-23  100.2 True: 100.41   0.2%  -4.7
  2022-12-27 100.06 True:  99.96 -0.09%  -4.8
  2022-12-28  99.59 True:  99.32 -0.27% -5.07
  2022-12-29 100.37 True: 100.63  0.26% -4.81
  2023-01-03  99.91 True:  98.55 -1.39%  -6.2
  2023-01-04 100.16 True: 100.04 -0.12% -6.32
  2023-01-05  99.62 True:  99.51  -0.1% -6.43
  2023-01-09  100.6 True: 101.91  1.29% -5.13
  2023-01-10 100.21 True: 100.41   0.2% -4.94
  2023-01-11 100.29 True: 100.55  0.26% -4.68
  2023-01-12 100.24 True:  99.22 -1.03% -5.71
  2023-01-13 100.13 True:  98.33 -1.83% -7.54
  2023-01-17  99.57 True: 101.55  1.95% -5.59
  2023-01-18  99.29 True: 101.05  1.74% -3.85
  2023-01-19  99.73 True:  99.31 -0.43% -4.28
  2023-01-20 100.35 True: 102.13  1.74% -2.54
  2023-01-23 100.27 True: 101.06  0.78% -1.76
  2023-01-24 100.13 True:  100.0 -0.13% -1.89
  2023-01-25 100.03 True: 100.94  0.91% -0.98
  2023-01-26 100.22 True:  99.93 -0.29% -1.28
  2023-01-27 100.04 True:  99.82 -0.22%  -1.5
  2023-01-30  99.73 True: 100.28  0.56% -0.94
  2023-01-31 100.38 True: 100.19 -0.19% -1.13
  2023-02-01 100.03 True:  99.89 -0.14% -1.27
  2023-02-02  99.97 True: 100.07   0.1% -1.16
  2023-02-03  99.87 True: 101.04  1.16% -0.01
  Average error: 0.62%
  Min: -7.54 Max: 1.74 Mid: -2.9 Epoch: 500000 Days: 55
  Nom: 81.19 FinalErr: 0.00196
  
  2022-11-11  99.99 True: 100.17  0.18%  0.18
  2022-11-14  99.87 True:  99.07  -0.8% -0.62
  2022-11-15  100.0 True: 100.24  0.24% -0.38
  2022-11-16  99.95 True:  99.76  -0.2% -0.58
  2022-11-17  99.97 True: 100.19  0.22% -0.36
  2022-11-18 100.07 True:  99.98 -0.08% -0.44
  2022-11-21  99.95 True: 100.22  0.27% -0.17
  2022-11-23  100.2 True: 101.26  1.05%  0.88
  2022-11-25 100.04 True:  99.49 -0.56%  0.32
  2022-11-28  99.73 True:  99.13 -0.61% -0.28
  2022-11-29  99.97 True:  99.74 -0.23% -0.52
  2022-11-30  100.3 True: 101.91  1.58%  1.06
  2022-12-01  99.88 True:  98.49 -1.42% -0.36
  2022-12-02  99.99 True:  99.14 -0.86% -1.22
  2022-12-05  99.73 True:  99.67 -0.07% -1.29
  2022-12-06   99.8 True:  99.91  0.11% -1.17
  2022-12-07  99.97 True:  99.84 -0.13% -1.31
  2022-12-08 100.06 True:  100.3  0.24% -1.07
  2022-12-09  99.82 True: 100.09  0.26%  -0.8
  2022-12-12 100.21 True: 101.22  0.99%  0.19
  2022-12-13 100.02 True:  99.84 -0.18%  0.01
  2022-12-14  99.91 True:  99.93  0.03%  0.04
  2022-12-15  99.58 True:  98.79  -0.8% -0.76
  2022-12-16  99.83 True:  98.62 -1.23% -1.99
  2022-12-19  99.89 True:  99.89   0.0% -1.99
  2022-12-20 100.02 True:  97.41 -2.68% -4.67
  2022-12-21 100.22 True: 100.24  0.02% -4.65
  2022-12-22   99.8 True:  98.45 -1.36% -6.02
  2022-12-23 100.06 True: 100.41  0.35% -5.67
  2022-12-27  99.99 True:  99.96 -0.03%  -5.7
  2022-12-28  99.79 True:  99.32 -0.47% -6.17
  2022-12-29 100.14 True: 100.63  0.49% -5.68
  2023-01-03  99.93 True:  98.55 -1.41% -7.08
  2023-01-04 100.04 True: 100.04  -0.0% -7.09
  2023-01-05   99.8 True:  99.51 -0.29% -7.37
  2023-01-09 100.25 True: 101.91  1.64% -5.74
  2023-01-10 100.06 True: 100.41  0.34% -5.39
  2023-01-11  100.1 True: 100.55  0.45% -4.95
  2023-01-12 100.08 True:  99.22 -0.87% -5.81
  2023-01-13 100.03 True:  98.33 -1.73% -7.54
  2023-01-17  99.78 True: 101.55  1.74%  -5.8
  2023-01-18  99.66 True: 101.05  1.37% -4.42
  2023-01-19  99.85 True:  99.31 -0.54% -4.97
  2023-01-20 100.13 True: 102.13  1.96% -3.01
  2023-01-23 100.09 True: 101.06  0.96% -2.05
  2023-01-24 100.02 True:  100.0 -0.02% -2.08
  2023-01-25  99.98 True: 100.94  0.95% -1.12
  2023-01-26 100.07 True:  99.93 -0.14% -1.26
  2023-01-27  99.99 True:  99.82 -0.16% -1.42
  2023-01-30  99.85 True: 100.28  0.44% -0.99
  2023-01-31 100.14 True: 100.19  0.05% -0.94
  2023-02-01  99.98 True:  99.89 -0.08% -1.02
  2023-02-02  99.95 True: 100.07  0.12%  -0.9
  2023-02-03  99.91 True: 101.04  1.12%  0.21
  2023-02-06  99.96 True:  99.86 -0.09%  0.12
  Average error: 0.62%
  Min: -7.54 Max: 1.06 Mid: -3.24 Epoch: 500000 Days: 55
  Nom: 89.06 FinalErr: 0.00201
  
  2022-11-14  99.86 True:  99.07 -0.79% -0.79
  2022-11-15  99.99 True: 100.24  0.25% -0.54
  2022-11-16  99.94 True:  99.76 -0.19% -0.73
  2022-11-17  99.96 True: 100.19  0.23% -0.49
  2022-11-18 100.05 True:  99.98 -0.07% -0.56
  2022-11-21  99.94 True: 100.22  0.29% -0.28
  2022-11-23 100.18 True: 101.26  1.06%  0.78
  2022-11-25 100.03 True:  99.49 -0.55%  0.24
  2022-11-28  99.72 True:  99.13  -0.6% -0.36
  2022-11-29  99.96 True:  99.74 -0.22% -0.58
  2022-11-30 100.28 True: 101.91  1.59%  1.01
  2022-12-01  99.87 True:  98.49 -1.41%  -0.4
  2022-12-02  99.98 True:  99.14 -0.85% -1.24
  2022-12-05  99.73 True:  99.67 -0.06%  -1.3
  2022-12-06  99.79 True:  99.91  0.12% -1.18
  2022-12-07  99.96 True:  99.84 -0.12%  -1.3
  2022-12-08 100.05 True:  100.3  0.25% -1.05
  2022-12-09  99.81 True: 100.09  0.27% -0.78
  2022-12-12  100.2 True: 101.22  1.01%  0.23
  2022-12-13 100.01 True:  99.84 -0.17%  0.07
  2022-12-14   99.9 True:  99.93  0.04%   0.1
  2022-12-15  99.58 True:  98.79  -0.8% -0.69
  2022-12-16  99.82 True:  98.62 -1.22% -1.92
  2022-12-19  99.88 True:  99.89  0.01%  -1.9
  2022-12-20 100.01 True:  97.41 -2.67% -4.57
  2022-12-21  100.2 True: 100.24  0.04% -4.54
  2022-12-22  99.79 True:  98.45 -1.36% -5.89
  2022-12-23 100.04 True: 100.41  0.36% -5.53
  2022-12-27  99.98 True:  99.96 -0.02% -5.55
  2022-12-28  99.78 True:  99.32 -0.46% -6.01
  2022-12-29 100.12 True: 100.63   0.5% -5.51
  2023-01-03  99.92 True:  98.55 -1.39%  -6.9
  2023-01-04 100.02 True: 100.04  0.01% -6.89
  2023-01-05  99.79 True:  99.51 -0.28% -7.17
  2023-01-09 100.23 True: 101.91  1.65% -5.52
  2023-01-10 100.05 True: 100.41  0.36% -5.16
  2023-01-11 100.08 True: 100.55  0.46%  -4.7
  2023-01-12 100.06 True:  99.22 -0.85% -5.55
  2023-01-13 100.01 True:  98.33 -1.71% -7.26
  2023-01-17  99.77 True: 101.55  1.75% -5.51
  2023-01-18  99.66 True: 101.05  1.38% -4.13
  2023-01-19  99.84 True:  99.31 -0.53% -4.67
  2023-01-20 100.11 True: 102.13  1.97%  -2.7
  2023-01-23 100.08 True: 101.06  0.97% -1.73
  2023-01-24 100.01 True:  100.0 -0.01% -1.74
  2023-01-25  99.97 True: 100.94  0.97% -0.77
  2023-01-26 100.06 True:  99.93 -0.13%  -0.9
  2023-01-27  99.97 True:  99.82 -0.15% -1.05
  2023-01-30  99.84 True: 100.28  0.44%  -0.6
  2023-01-31 100.13 True: 100.19  0.07% -0.54
  2023-02-01  99.97 True:  99.89 -0.07% -0.61
  2023-02-02  99.94 True: 100.07  0.13% -0.48
  2023-02-03   99.9 True: 101.04  1.13%  0.65
  2023-02-06  99.94 True:  99.86 -0.08%  0.56
  2023-02-07 100.08 True:  99.62 -0.47%  0.09
  Average error: 0.63%
  Min: -7.26 Max: 1.01 Mid: -3.13 Epoch: 500000 Days: 55
  Nom: 88.92 FinalErr: 0.00203
  
  2022-11-15  99.99 True: 100.24  0.25%  0.25
  2022-11-16  99.95 True:  99.76 -0.19%  0.06
  2022-11-17  99.96 True: 100.19  0.23%  0.29
  2022-11-18 100.05 True:  99.98 -0.07%  0.22
  2022-11-21  99.94 True: 100.22  0.28%   0.5
  2022-11-23 100.18 True: 101.26  1.07%  1.57
  2022-11-25 100.03 True:  99.49 -0.55%  1.02
  2022-11-28  99.73 True:  99.13 -0.61%  0.41
  2022-11-29  99.97 True:  99.74 -0.23%  0.18
  2022-11-30 100.28 True: 101.91   1.6%  1.78
  2022-12-01  99.88 True:  98.49 -1.41%  0.37
  2022-12-02  99.98 True:  99.14 -0.85% -0.48
  2022-12-05  99.74 True:  99.67 -0.07% -0.55
  2022-12-06   99.8 True:  99.91  0.11% -0.43
  2022-12-07  99.97 True:  99.84 -0.12% -0.56
  2022-12-08 100.05 True:  100.3  0.25% -0.31
  2022-12-09  99.82 True: 100.09  0.27% -0.04
  2022-12-12  100.2 True: 101.22  1.01%  0.97
  2022-12-13 100.01 True:  99.84 -0.17%   0.8
  2022-12-14   99.9 True:  99.93  0.03%  0.84
  2022-12-15  99.59 True:  98.79 -0.81%  0.03
  2022-12-16  99.83 True:  98.62 -1.23%  -1.2
  2022-12-19  99.89 True:  99.89  0.01% -1.19
  2022-12-20 100.01 True:  97.41 -2.67% -3.86
  2022-12-21  100.2 True: 100.24  0.04% -3.83
  2022-12-22   99.8 True:  98.45 -1.36% -5.19
  2022-12-23 100.05 True: 100.41  0.36% -4.83
  2022-12-27  99.98 True:  99.96 -0.02% -4.85
  2022-12-28  99.79 True:  99.32 -0.47% -5.32
  2022-12-29 100.12 True: 100.63   0.5% -4.82
  2023-01-03  99.92 True:  98.55  -1.4% -6.22
  2023-01-04 100.03 True: 100.04  0.01% -6.21
  2023-01-05   99.8 True:  99.51 -0.29% -6.49
  2023-01-09 100.23 True: 101.91  1.66% -4.84
  2023-01-10 100.05 True: 100.41  0.35% -4.48
  2023-01-11 100.09 True: 100.55  0.46% -4.02
  2023-01-12 100.06 True:  99.22 -0.85% -4.87
  2023-01-13 100.01 True:  98.33 -1.72% -6.59
  2023-01-17  99.78 True: 101.55  1.74% -4.84
  2023-01-18  99.67 True: 101.05  1.37% -3.48
  2023-01-19  99.84 True:  99.31 -0.54% -4.02
  2023-01-20 100.11 True: 102.13  1.97% -2.04
  2023-01-23 100.08 True: 101.06  0.97% -1.07
  2023-01-24 100.01 True:  100.0 -0.01% -1.09
  2023-01-25  99.97 True: 100.94  0.96% -0.12
  2023-01-26 100.06 True:  99.93 -0.13% -0.25
  2023-01-27  99.98 True:  99.82 -0.15%  -0.4
  2023-01-30  99.84 True: 100.28  0.44%  0.03
  2023-01-31 100.13 True: 100.19  0.07%   0.1
  2023-02-01  99.97 True:  99.89 -0.07%  0.03
  2023-02-02  99.95 True: 100.07  0.12%  0.15
  2023-02-03  99.91 True: 101.04  1.12%  1.27
  2023-02-06  99.95 True:  99.86 -0.09%  1.18
  2023-02-07 100.08 True:  99.62 -0.47%  0.71
  2023-02-08  99.87 True:  99.32 -0.55%  0.16
  Average error: 0.62%
  Min: -6.59 Max: 1.78 Mid: -2.4 Epoch: 500000 Days: 55
  Nom: 80.62 FinalErr: 0.00201
  
Time: 111 min 1 sec.

