2023/10/31 11:14:14
2023-06-22  99.94 True: 100.14  0.21  0.21
2023-06-23  99.89 True:  97.40 -2.56 -2.35
2023-06-26  99.93 True: 100.03  0.10 -2.25
2023-06-27  99.97 True: 100.53  0.55 -1.70
2023-06-28  99.92 True: 101.60  1.66 -0.05
2023-06-29 100.00 True:  99.37 -0.63 -0.68
2023-06-30  99.99 True: 101.30  1.29  0.62
2023-07-03  99.94 True:  99.94  0.01  0.62
2023-07-05  99.91 True:  96.97 -3.03 -2.41
2023-07-06  99.85 True:  98.53 -1.34 -3.75
2023-07-07  99.89 True:  99.55 -0.34 -4.08
2023-07-10  99.98 True: 100.09  0.11 -3.97
2023-07-11 100.00 True:  99.64 -0.36 -4.33
2023-07-12  99.94 True:  99.34 -0.61 -4.94
2023-07-13  99.94 True: 102.18  2.20 -2.74
2023-07-17  99.97 True:  98.84 -1.14 -3.88
2023-07-18 100.01 True: 101.23  1.20 -2.68
2023-07-19  99.96 True:  99.88 -0.08 -2.76
2023-07-20  99.97 True:  98.40 -1.60 -4.36
2023-07-21  99.94 True: 101.12  1.17 -3.19
2023-07-24  99.98 True: 100.24  0.26 -2.93
2023-07-25  99.94 True:  99.88 -0.06 -2.99
2023-07-26  99.95 True:  99.49 -0.46 -3.45
2023-07-27  99.89 True:  99.82 -0.07 -3.52
2023-07-28  99.97 True: 101.98  1.97 -1.55
2023-07-31  99.96 True: 100.50  0.54 -1.01
2023-08-01  99.95 True:  99.62 -0.33 -1.34
2023-08-02  99.87 True:  97.71 -2.21 -3.54
2023-08-03  99.92 True:  98.92 -1.01 -4.56
2023-08-04  99.90 True:  99.70 -0.20 -4.76
2023-08-07 100.02 True: 101.55  1.51 -3.25
2023-08-08  99.91 True:  99.61 -0.30 -3.54
2023-08-09  99.89 True:  99.28 -0.62 -4.16
2023-08-11  99.97 True: 101.30  1.32 -2.84
2023-08-14  99.94 True:  99.61 -0.33 -3.18
2023-08-15  99.86 True:  98.71 -1.17 -4.34
2023-08-16  99.90 True:  99.06 -0.85 -5.19
2023-08-17  99.87 True:  99.02 -0.87 -6.06
2023-08-18  99.94 True: 100.75  0.80 -5.26
2023-08-21  99.92 True: 100.83  0.90 -4.36
2023-08-22  99.90 True:  99.72 -0.18 -4.54
2023-08-23  99.97 True: 101.47  1.48 -3.06
2023-08-24  99.86 True:  98.67 -1.20 -4.26
2023-08-25  99.99 True: 100.49  0.50 -3.76
2023-08-28  99.98 True: 101.16  1.17 -2.59
2023-08-29  99.99 True: 100.42  0.43 -2.16
2023-08-30  99.94 True:  99.82 -0.12 -2.28
2023-08-31  99.91 True: 100.42  0.51 -1.77
2023-09-01  99.96 True: 100.90  0.92 -0.84
2023-09-05  99.90 True: 100.95  1.04  0.20
2023-09-06  99.89 True: 100.12  0.23  0.42
2023-09-07  99.95 True:  99.24 -0.72 -0.29
2023-09-08  99.95 True:  99.44 -0.51 -0.81
2023-09-11  99.95 True:  99.88 -0.07 -0.87
2023-09-12  99.93 True: 100.39  0.46 -0.42
Average error: 0.83%
Min: -6.06 Max: 0.62 Mid: -2.72
Epoch: 500000 DATA_LEN: 55
Norm: 84.41

2023-06-23  99.90 True:  97.40 -2.57 -2.57
2023-06-26  99.94 True: 100.03  0.09 -2.47
2023-06-27  99.98 True: 100.53  0.55 -1.93
2023-06-28  99.93 True: 101.60  1.65 -0.28
2023-06-29 100.00 True:  99.37 -0.64 -0.92
2023-06-30  99.99 True: 101.30  1.29  0.37
2023-07-03  99.94 True:  99.94  0.00  0.38
2023-07-05  99.92 True:  96.97 -3.04 -2.66
2023-07-06  99.86 True:  98.53 -1.35 -4.01
2023-07-07  99.89 True:  99.55 -0.34 -4.35
2023-07-10  99.98 True: 100.09  0.11 -4.24
2023-07-11 100.00 True:  99.64 -0.37 -4.61
2023-07-12  99.94 True:  99.34 -0.61 -5.22
2023-07-13  99.94 True: 102.18  2.19 -3.02
2023-07-17  99.98 True:  98.84 -1.15 -4.17
2023-07-18 100.01 True: 101.23  1.20 -2.97
2023-07-19  99.96 True:  99.88 -0.08 -3.05
2023-07-20  99.98 True:  98.40 -1.61 -4.66
2023-07-21  99.94 True: 101.12  1.16 -3.50
2023-07-24  99.98 True: 100.24  0.25 -3.25
2023-07-25  99.95 True:  99.88 -0.07 -3.31
2023-07-26  99.95 True:  99.49 -0.46 -3.77
2023-07-27  99.90 True:  99.82 -0.08 -3.86
2023-07-28  99.97 True: 101.98  1.97 -1.89
2023-07-31  99.96 True: 100.50  0.54 -1.35
2023-08-01  99.96 True:  99.62 -0.34 -1.69
2023-08-02  99.88 True:  97.71 -2.22 -3.90
2023-08-03  99.93 True:  98.92 -1.02 -4.92
2023-08-04  99.90 True:  99.70 -0.21 -5.13
2023-08-07 100.02 True: 101.55  1.51 -3.62
2023-08-08  99.91 True:  99.61 -0.30 -3.92
2023-08-09  99.90 True:  99.28 -0.63 -4.55
2023-08-11  99.97 True: 101.30  1.31 -3.24
2023-08-14  99.95 True:  99.61 -0.34 -3.58
2023-08-15  99.87 True:  98.71 -1.17 -4.75
2023-08-16  99.91 True:  99.06 -0.86 -5.61
2023-08-17  99.88 True:  99.02 -0.87 -6.48
2023-08-18  99.95 True: 100.75  0.79 -5.69
2023-08-21  99.93 True: 100.83  0.90 -4.79
2023-08-22  99.91 True:  99.72 -0.18 -4.98
2023-08-23  99.98 True: 101.47  1.47 -3.51
2023-08-24  99.87 True:  98.67 -1.21 -4.72
2023-08-25  99.99 True: 100.49  0.49 -4.22
2023-08-28  99.98 True: 101.16  1.16 -3.06
2023-08-29  99.99 True: 100.42  0.43 -2.63
2023-08-30  99.94 True:  99.82 -0.12 -2.76
2023-08-31  99.91 True: 100.42  0.50 -2.25
2023-09-01  99.97 True: 100.90  0.92 -1.33
2023-09-05  99.91 True: 100.95  1.03 -0.30
2023-09-06  99.90 True: 100.12  0.22 -0.08
2023-09-07  99.96 True:  99.24 -0.72 -0.80
2023-09-08  99.96 True:  99.44 -0.52 -1.32
2023-09-11  99.95 True:  99.88 -0.07 -1.39
2023-09-12  99.94 True: 100.39  0.45 -0.95
2023-09-13  99.93 True: 100.42  0.48 -0.46
Average error: 0.83%
Min: -6.48 Max: 0.38 Mid: -3.05
Epoch: 500000 DATA_LEN: 55
Norm: 87.81

2023-06-26 100.01 True: 100.03  0.02  0.02
2023-06-27 100.04 True: 100.53  0.49  0.50
2023-06-28 100.01 True: 101.60  1.57  2.07
2023-06-29 100.06 True:  99.37 -0.70  1.37
2023-06-30 100.05 True: 101.30  1.23  2.61
2023-07-03 100.02 True:  99.94 -0.07  2.53
2023-07-05 100.00 True:  96.97 -3.12 -0.59
2023-07-06  99.95 True:  98.53 -1.44 -2.03
2023-07-07  99.97 True:  99.55 -0.42 -2.45
2023-07-10 100.04 True: 100.09  0.05 -2.41
2023-07-11 100.06 True:  99.64 -0.42 -2.83
2023-07-12 100.01 True:  99.34 -0.68 -3.51
2023-07-13 100.01 True: 102.18  2.13 -1.38
2023-07-17 100.04 True:  98.84 -1.21 -2.59
2023-07-18 100.07 True: 101.23  1.14 -1.45
2023-07-19 100.03 True:  99.88 -0.15 -1.60
2023-07-20 100.05 True:  98.40 -1.68 -3.28
2023-07-21 100.02 True: 101.12  1.09 -2.19
2023-07-24 100.05 True: 100.24  0.19 -2.00
2023-07-25 100.02 True:  99.88 -0.14 -2.14
2023-07-26 100.02 True:  99.49 -0.53 -2.67
2023-07-27  99.99 True:  99.82 -0.17 -2.85
2023-07-28 100.04 True: 101.98  1.90 -0.94
2023-07-31 100.03 True: 100.50  0.47 -0.48
2023-08-01 100.03 True:  99.62 -0.41 -0.88
2023-08-02  99.97 True:  97.71 -2.31 -3.19
2023-08-03 100.00 True:  98.92 -1.10 -4.29
2023-08-04  99.98 True:  99.70 -0.29 -4.58
2023-08-07 100.08 True: 101.55  1.45 -3.12
2023-08-08 100.00 True:  99.61 -0.39 -3.51
2023-08-09  99.98 True:  99.28 -0.71 -4.22
2023-08-11 100.04 True: 101.30  1.25 -2.97
2023-08-14 100.02 True:  99.61 -0.41 -3.39
2023-08-15  99.96 True:  98.71 -1.27 -4.66
2023-08-16  99.99 True:  99.06 -0.94 -5.60
2023-08-17  99.97 True:  99.02 -0.96 -6.56
2023-08-18 100.02 True: 100.75  0.72 -5.84
2023-08-21 100.00 True: 100.83  0.82 -5.02
2023-08-22  99.99 True:  99.72 -0.27 -5.29
2023-08-23 100.04 True: 101.47  1.41 -3.88
2023-08-24  99.96 True:  98.67 -1.31 -5.19
2023-08-25 100.06 True: 100.49  0.43 -4.76
2023-08-28 100.04 True: 101.16  1.10 -3.65
2023-08-29 100.05 True: 100.42  0.37 -3.28
2023-08-30 100.01 True:  99.82 -0.19 -3.48
2023-08-31 100.00 True: 100.42  0.42 -3.06
2023-09-01 100.04 True: 100.90  0.85 -2.21
2023-09-05  99.99 True: 100.95  0.95 -1.26
2023-09-06  99.98 True: 100.12  0.13 -1.13
2023-09-07 100.03 True:  99.24 -0.80 -1.92
2023-09-08 100.03 True:  99.44 -0.59 -2.51
2023-09-11 100.02 True:  99.88 -0.14 -2.65
2023-09-12 100.01 True: 100.39  0.37 -2.28
2023-09-13 100.01 True: 100.42  0.41 -1.87
2023-09-14 100.08 True: 101.54  1.44 -0.43
Average error: 0.82%
Min: -6.56 Max: 2.61 Mid: -1.98
Epoch: 500000 DATA_LEN: 55
Norm: 66.83

2023-06-27 100.04 True: 100.53  0.49  0.49
2023-06-28 100.00 True: 101.60  1.58  2.07
2023-06-29 100.07 True:  99.37 -0.70  1.37
2023-06-30 100.05 True: 101.30  1.23  2.60
2023-07-03 100.00 True:  99.94 -0.06  2.54
2023-07-05  99.99 True:  96.97 -3.11 -0.57
2023-07-06  99.92 True:  98.53 -1.42 -1.98
2023-07-07  99.95 True:  99.55 -0.40 -2.38
2023-07-10 100.04 True: 100.09  0.05 -2.33
2023-07-11 100.06 True:  99.64 -0.43 -2.76
2023-07-12 100.00 True:  99.34 -0.67 -3.42
2023-07-13 100.00 True: 102.18  2.14 -1.28
2023-07-17 100.04 True:  98.84 -1.21 -2.49
2023-07-18 100.08 True: 101.23  1.14 -1.35
2023-07-19 100.03 True:  99.88 -0.15 -1.50
2023-07-20 100.05 True:  98.40 -1.68 -3.18
2023-07-21 100.00 True: 101.12  1.10 -2.08
2023-07-24 100.05 True: 100.24  0.19 -1.89
2023-07-25 100.01 True:  99.88 -0.13 -2.02
2023-07-26 100.01 True:  99.49 -0.52 -2.54
2023-07-27  99.98 True:  99.82 -0.16 -2.70
2023-07-28 100.03 True: 101.98  1.91 -0.79
2023-07-31 100.03 True: 100.50  0.47 -0.32
2023-08-01 100.02 True:  99.62 -0.40 -0.72
2023-08-02  99.94 True:  97.71 -2.29 -3.00
2023-08-03  99.99 True:  98.92 -1.08 -4.08
2023-08-04  99.96 True:  99.70 -0.27 -4.35
2023-08-07 100.08 True: 101.55  1.45 -2.90
2023-08-08  99.98 True:  99.61 -0.37 -3.27
2023-08-09  99.96 True:  99.28 -0.69 -3.96
2023-08-11 100.04 True: 101.30  1.25 -2.71
2023-08-14 100.02 True:  99.61 -0.41 -3.12
2023-08-15  99.93 True:  98.71 -1.24 -4.36
2023-08-16  99.97 True:  99.06 -0.93 -5.29
2023-08-17  99.95 True:  99.02 -0.94 -6.23
2023-08-18 100.01 True: 100.75  0.73 -5.50
2023-08-21  99.99 True: 100.83  0.83 -4.66
2023-08-22  99.98 True:  99.72 -0.25 -4.91
2023-08-23 100.04 True: 101.47  1.41 -3.50
2023-08-24  99.94 True:  98.67 -1.28 -4.78
2023-08-25 100.06 True: 100.49  0.43 -4.35
2023-08-28 100.04 True: 101.16  1.10 -3.25
2023-08-29 100.05 True: 100.42  0.37 -2.88
2023-08-30 100.00 True:  99.82 -0.18 -3.06
2023-08-31  99.98 True: 100.42  0.43 -2.63
2023-09-01 100.04 True: 100.90  0.85 -1.77
2023-09-05  99.97 True: 100.95  0.97 -0.81
2023-09-06  99.96 True: 100.12  0.15 -0.65
2023-09-07 100.02 True:  99.24 -0.79 -1.44
2023-09-08 100.02 True:  99.44 -0.58 -2.03
2023-09-11 100.01 True:  99.88 -0.13 -2.16
2023-09-12 100.00 True: 100.39  0.39 -1.77
2023-09-13  99.99 True: 100.42  0.42 -1.35
2023-09-14 100.08 True: 101.54  1.43  0.08
2023-09-18  99.94 True:  99.51 -0.43 -0.35
Average error: 0.83%
Min: -6.23 Max: 2.60 Mid: -1.81
Epoch: 500000 DATA_LEN: 55
Norm: 66.53

2023-06-28  99.99 True: 101.60  1.59  1.59
2023-06-29 100.05 True:  99.37 -0.68  0.90
2023-06-30 100.04 True: 101.30  1.25  2.15
2023-07-03 100.00 True:  99.94 -0.06  2.10
2023-07-05  99.98 True:  96.97 -3.10 -1.01
2023-07-06  99.93 True:  98.53 -1.43 -2.43
2023-07-07  99.95 True:  99.55 -0.40 -2.84
2023-07-10 100.03 True: 100.09  0.06 -2.77
2023-07-11 100.05 True:  99.64 -0.41 -3.18
2023-07-12  99.99 True:  99.34 -0.66 -3.84
2023-07-13  99.99 True: 102.18  2.14 -1.70
2023-07-17 100.03 True:  98.84 -1.20 -2.90
2023-07-18 100.06 True: 101.23  1.16 -1.74
2023-07-19 100.02 True:  99.88 -0.14 -1.87
2023-07-20 100.03 True:  98.40 -1.66 -3.53
2023-07-21 100.00 True: 101.12  1.10 -2.43
2023-07-24 100.03 True: 100.24  0.20 -2.23
2023-07-25 100.00 True:  99.88 -0.12 -2.35
2023-07-26 100.01 True:  99.49 -0.51 -2.86
2023-07-27  99.97 True:  99.82 -0.15 -3.02
2023-07-28 100.02 True: 101.98  1.92 -1.09
2023-07-31 100.01 True: 100.50  0.48 -0.61
2023-08-01 100.01 True:  99.62 -0.39 -1.00
2023-08-02  99.95 True:  97.71 -2.29 -3.29
2023-08-03  99.99 True:  98.92 -1.08 -4.37
2023-08-04  99.97 True:  99.70 -0.27 -4.64
2023-08-07 100.06 True: 101.55  1.47 -3.17
2023-08-08  99.98 True:  99.61 -0.37 -3.54
2023-08-09  99.96 True:  99.28 -0.69 -4.24
2023-08-11 100.03 True: 101.30  1.26 -2.97
2023-08-14 100.01 True:  99.61 -0.40 -3.37
2023-08-15  99.94 True:  98.71 -1.25 -4.62
2023-08-16  99.97 True:  99.06 -0.92 -5.54
2023-08-17  99.95 True:  99.02 -0.94 -6.49
2023-08-18 100.00 True: 100.75  0.74 -5.75
2023-08-21  99.99 True: 100.83  0.84 -4.91
2023-08-22  99.98 True:  99.72 -0.25 -5.16
2023-08-23 100.02 True: 101.47  1.43 -3.74
2023-08-24  99.94 True:  98.67 -1.29 -5.03
2023-08-25 100.04 True: 100.49  0.45 -4.58
2023-08-28 100.03 True: 101.16  1.12 -3.46
2023-08-29 100.04 True: 100.42  0.38 -3.08
2023-08-30 100.00 True:  99.82 -0.18 -3.25
2023-08-31  99.98 True: 100.42  0.44 -2.82
2023-09-01 100.03 True: 100.90  0.86 -1.95
2023-09-05  99.97 True: 100.95  0.97 -0.98
2023-09-06  99.96 True: 100.12  0.15 -0.83
2023-09-07 100.01 True:  99.24 -0.78 -1.61
2023-09-08 100.01 True:  99.44 -0.57 -2.18
2023-09-11 100.00 True:  99.88 -0.12 -2.31
2023-09-12  99.99 True: 100.39  0.39 -1.92
2023-09-13  99.99 True: 100.42  0.42 -1.49
2023-09-14 100.06 True: 101.54  1.45 -0.04
2023-09-18  99.94 True:  99.51 -0.44 -0.48
2023-09-19  99.98 True: 100.03  0.05 -0.43
Average error: 0.82%
Min: -6.49 Max: 2.15 Mid: -2.17
Epoch: 500000 DATA_LEN: 55
Norm: 70.09

2023-06-29 100.00 True:  99.37 -0.63 -0.63
2023-06-30  99.98 True: 101.30  1.30  0.67
2023-07-03  99.95 True:  99.94 -0.01  0.66
2023-07-05  99.94 True:  96.97 -3.05 -2.39
2023-07-06  99.88 True:  98.53 -1.38 -3.77
2023-07-07  99.91 True:  99.55 -0.36 -4.12
2023-07-10  99.98 True: 100.09  0.11 -4.01
2023-07-11 100.00 True:  99.64 -0.36 -4.37
2023-07-12  99.94 True:  99.34 -0.61 -4.97
2023-07-13  99.94 True: 102.18  2.19 -2.78
2023-07-17  99.98 True:  98.84 -1.14 -3.93
2023-07-18 100.00 True: 101.23  1.21 -2.72
2023-07-19  99.97 True:  99.88 -0.09 -2.80
2023-07-20  99.98 True:  98.40 -1.61 -4.41
2023-07-21  99.95 True: 101.12  1.15 -3.26
2023-07-24  99.98 True: 100.24  0.25 -3.00
2023-07-25  99.95 True:  99.88 -0.07 -3.08
2023-07-26  99.96 True:  99.49 -0.46 -3.54
2023-07-27  99.93 True:  99.82 -0.11 -3.65
2023-07-28  99.97 True: 101.98  1.97 -1.68
2023-07-31  99.96 True: 100.50  0.53 -1.14
2023-08-01  99.96 True:  99.62 -0.34 -1.48
2023-08-02  99.90 True:  97.71 -2.24 -3.73
2023-08-03  99.94 True:  98.92 -1.03 -4.76
2023-08-04  99.92 True:  99.70 -0.22 -4.98
2023-08-07 100.01 True: 101.55  1.52 -3.46
2023-08-08  99.93 True:  99.61 -0.32 -3.78
2023-08-09  99.92 True:  99.28 -0.64 -4.42
2023-08-11  99.98 True: 101.30  1.31 -3.11
2023-08-14  99.96 True:  99.61 -0.35 -3.46
2023-08-15  99.89 True:  98.71 -1.20 -4.66
2023-08-16  99.92 True:  99.06 -0.88 -5.53
2023-08-17  99.90 True:  99.02 -0.90 -6.43
2023-08-18  99.95 True: 100.75  0.79 -5.64
2023-08-21  99.94 True: 100.83  0.89 -4.75
2023-08-22  99.93 True:  99.72 -0.20 -4.96
2023-08-23  99.97 True: 101.47  1.48 -3.48
2023-08-24  99.90 True:  98.67 -1.24 -4.72
2023-08-25  99.99 True: 100.49  0.50 -4.22
2023-08-28  99.98 True: 101.16  1.17 -3.05
2023-08-29  99.98 True: 100.42  0.44 -2.62
2023-08-30  99.95 True:  99.82 -0.13 -2.75
2023-08-31  99.93 True: 100.42  0.49 -2.26
2023-09-01  99.98 True: 100.90  0.91 -1.35
2023-09-05  99.92 True: 100.95  1.02 -0.33
2023-09-06  99.92 True: 100.12  0.20 -0.13
2023-09-07  99.96 True:  99.24 -0.73 -0.86
2023-09-08  99.96 True:  99.44 -0.52 -1.38
2023-09-11  99.95 True:  99.88 -0.07 -1.45
2023-09-12  99.94 True: 100.39  0.44 -1.01
2023-09-13  99.94 True: 100.42  0.47 -0.54
2023-09-14 100.01 True: 101.54  1.50  0.96
2023-09-18  99.90 True:  99.51 -0.39  0.57
2023-09-19  99.93 True: 100.03  0.10  0.67
2023-09-20  99.94 True:  98.83 -1.12 -0.45
Average error: 0.81%
Min: -6.43 Max: 0.96 Mid: -2.73
Epoch: 500000 DATA_LEN: 55
Norm: 80.83

2023-06-30 100.00 True: 101.30  1.29  1.29
2023-07-03  99.92 True:  99.94  0.03  1.31
2023-07-05  99.89 True:  96.97 -3.01 -1.69
2023-07-06  99.76 True:  98.53 -1.25 -2.95
2023-07-07  99.81 True:  99.55 -0.26 -3.21
2023-07-10  99.98 True: 100.09  0.11 -3.09
2023-07-11 100.02 True:  99.64 -0.39 -3.48
2023-07-12  99.90 True:  99.34 -0.56 -4.04
2023-07-13  99.89 True: 102.18  2.24 -1.80
2023-07-17  99.98 True:  98.84 -1.15 -2.95
2023-07-18 100.05 True: 101.23  1.17 -1.78
2023-07-19  99.96 True:  99.88 -0.08 -1.86
2023-07-20 100.00 True:  98.40 -1.63 -3.49
2023-07-21  99.92 True: 101.12  1.18 -2.30
2023-07-24 100.00 True: 100.24  0.24 -2.06
2023-07-25  99.93 True:  99.88 -0.05 -2.11
2023-07-26  99.93 True:  99.49 -0.44 -2.55
2023-07-27  99.87 True:  99.82 -0.05 -2.60
2023-07-28  99.96 True: 101.98  1.98 -0.63
2023-07-31  99.96 True: 100.50  0.54 -0.08
2023-08-01  99.94 True:  99.62 -0.32 -0.41
2023-08-02  99.81 True:  97.71 -2.15 -2.56
2023-08-03  99.89 True:  98.92 -0.98 -3.54
2023-08-04  99.83 True:  99.70 -0.14 -3.68
2023-08-07 100.06 True: 101.55  1.47 -2.20
2023-08-08  99.88 True:  99.61 -0.27 -2.47
2023-08-09  99.84 True:  99.28 -0.57 -3.04
2023-08-11  99.98 True: 101.30  1.31 -1.73
2023-08-14  99.94 True:  99.61 -0.33 -2.06
2023-08-15  99.78 True:  98.71 -1.09 -3.15
2023-08-16  99.86 True:  99.06 -0.81 -3.96
2023-08-17  99.81 True:  99.02 -0.80 -4.77
2023-08-18  99.92 True: 100.75  0.82 -3.95
2023-08-21  99.89 True: 100.83  0.93 -3.02
2023-08-22  99.87 True:  99.72 -0.15 -3.16
2023-08-23  99.97 True: 101.47  1.48 -1.69
2023-08-24  99.80 True:  98.67 -1.14 -2.83
2023-08-25 100.01 True: 100.49  0.48 -2.35
2023-08-28  99.98 True: 101.16  1.17 -1.19
2023-08-29  99.99 True: 100.42  0.43 -0.76
2023-08-30  99.91 True:  99.82 -0.09 -0.85
2023-08-31  99.89 True: 100.42  0.53 -0.32
2023-09-01  99.98 True: 100.90  0.90  0.59
2023-09-05  99.86 True: 100.95  1.08  1.66
2023-09-06  99.84 True: 100.12  0.28  1.94
2023-09-07  99.95 True:  99.24 -0.72  1.22
2023-09-08  99.94 True:  99.44 -0.50  0.72
2023-09-11  99.92 True:  99.88 -0.04  0.68
2023-09-12  99.91 True: 100.39  0.48  1.16
2023-09-13  99.90 True: 100.42  0.51  1.67
2023-09-14 100.06 True: 101.54  1.45  3.12
2023-09-18  99.79 True:  99.51 -0.29  2.83
2023-09-19  99.88 True: 100.03  0.15  2.98
2023-09-20  99.89 True:  98.83 -1.08  1.90
2023-09-21  99.78 True:  97.93 -1.89  0.02
Average error: 0.81%
Min: -4.77 Max: 3.12 Mid: -0.82
Epoch: 500000 DATA_LEN: 55
Norm: 60.69

2023-07-03  99.92 True:  99.94  0.03  0.03
2023-07-05  99.90 True:  96.97 -3.01 -2.99
2023-07-06  99.79 True:  98.53 -1.28 -4.26
2023-07-07  99.82 True:  99.55 -0.27 -4.54
2023-07-10  99.97 True: 100.09  0.12 -4.41
2023-07-11 100.01 True:  99.64 -0.37 -4.78
2023-07-12  99.90 True:  99.34 -0.56 -5.34
2023-07-13  99.89 True: 102.18  2.24 -3.10
2023-07-17  99.97 True:  98.84 -1.14 -4.24
2023-07-18 100.03 True: 101.23  1.19 -3.05
2023-07-19  99.96 True:  99.88 -0.08 -3.12
2023-07-20  99.99 True:  98.40 -1.62 -4.74
2023-07-21  99.92 True: 101.12  1.18 -3.56
2023-07-24  99.99 True: 100.24  0.25 -3.31
2023-07-25  99.93 True:  99.88 -0.04 -3.35
2023-07-26  99.93 True:  99.49 -0.44 -3.79
2023-07-27  99.88 True:  99.82 -0.06 -3.85
2023-07-28  99.95 True: 101.98  1.99 -1.87
2023-07-31  99.95 True: 100.50  0.55 -1.32
2023-08-01  99.94 True:  99.62 -0.32 -1.64
2023-08-02  99.83 True:  97.71 -2.17 -3.81
2023-08-03  99.89 True:  98.92 -0.98 -4.79
2023-08-04  99.85 True:  99.70 -0.15 -4.94
2023-08-07 100.04 True: 101.55  1.50 -3.44
2023-08-08  99.88 True:  99.61 -0.28 -3.72
2023-08-09  99.85 True:  99.28 -0.58 -4.30
2023-08-11  99.97 True: 101.30  1.32 -2.98
2023-08-14  99.94 True:  99.61 -0.33 -3.31
2023-08-15  99.81 True:  98.71 -1.11 -4.42
2023-08-16  99.87 True:  99.06 -0.82 -5.24
2023-08-17  99.83 True:  99.02 -0.82 -6.06
2023-08-18  99.92 True: 100.75  0.82 -5.25
2023-08-21  99.89 True: 100.83  0.93 -4.32
2023-08-22  99.88 True:  99.72 -0.16 -4.47
2023-08-23  99.96 True: 101.47  1.49 -2.98
2023-08-24  99.82 True:  98.67 -1.16 -4.15
2023-08-25 100.00 True: 100.49  0.49 -3.66
2023-08-28  99.97 True: 101.16  1.18 -2.48
2023-08-29  99.98 True: 100.42  0.44 -2.04
2023-08-30  99.91 True:  99.82 -0.09 -2.13
2023-08-31  99.89 True: 100.42  0.52 -1.60
2023-09-01  99.98 True: 100.90  0.91 -0.69
2023-09-05  99.87 True: 100.95  1.07  0.37
2023-09-06  99.85 True: 100.12  0.27  0.64
2023-09-07  99.94 True:  99.24 -0.71 -0.07
2023-09-08  99.94 True:  99.44 -0.50 -0.57
2023-09-11  99.92 True:  99.88 -0.04 -0.61
2023-09-12  99.91 True: 100.39  0.48 -0.13
2023-09-13  99.90 True: 100.42  0.51  0.38
2023-09-14 100.04 True: 101.54  1.47  1.84
2023-09-18  99.81 True:  99.51 -0.30  1.54
2023-09-19  99.89 True: 100.03  0.14  1.68
2023-09-20  99.90 True:  98.83 -1.08  0.60
2023-09-21  99.80 True:  97.93 -1.91 -1.30
2023-09-22  99.89 True: 101.00  1.10 -0.21
Average error: 0.81%
Min: -6.06 Max: 1.84 Mid: -2.11
Epoch: 500000 DATA_LEN: 55
Norm: 74.05

2023-07-05  99.91 True:  96.97 -3.02 -3.02
2023-07-06  99.80 True:  98.53 -1.29 -4.31
2023-07-07  99.83 True:  99.55 -0.28 -4.59
2023-07-10  99.98 True: 100.09  0.11 -4.48
2023-07-11 100.02 True:  99.64 -0.38 -4.86
2023-07-12  99.91 True:  99.34 -0.57 -5.43
2023-07-13  99.90 True: 102.18  2.23 -3.20
2023-07-17  99.98 True:  98.84 -1.15 -4.34
2023-07-18 100.03 True: 101.23  1.18 -3.16
2023-07-19  99.97 True:  99.88 -0.08 -3.25
2023-07-20 100.00 True:  98.40 -1.62 -4.87
2023-07-21  99.93 True: 101.12  1.18 -3.70
2023-07-24 100.00 True: 100.24  0.24 -3.46
2023-07-25  99.93 True:  99.88 -0.05 -3.51
2023-07-26  99.94 True:  99.49 -0.45 -3.96
2023-07-27  99.89 True:  99.82 -0.07 -4.03
2023-07-28  99.96 True: 101.98  1.98 -2.05
2023-07-31  99.96 True: 100.50  0.54 -1.51
2023-08-01  99.95 True:  99.62 -0.33 -1.84
2023-08-02  99.84 True:  97.71 -2.18 -4.02
2023-08-03  99.90 True:  98.92 -0.99 -5.02
2023-08-04  99.86 True:  99.70 -0.16 -5.18
2023-08-07 100.04 True: 101.55  1.49 -3.69
2023-08-08  99.89 True:  99.61 -0.28 -3.97
2023-08-09  99.86 True:  99.28 -0.59 -4.56
2023-08-11  99.98 True: 101.30  1.31 -3.25
2023-08-14  99.95 True:  99.61 -0.34 -3.59
2023-08-15  99.82 True:  98.71 -1.12 -4.71
2023-08-16  99.88 True:  99.06 -0.83 -5.55
2023-08-17  99.84 True:  99.02 -0.83 -6.38
2023-08-18  99.93 True: 100.75  0.81 -5.57
2023-08-21  99.90 True: 100.83  0.92 -4.65
2023-08-22  99.89 True:  99.72 -0.16 -4.81
2023-08-23  99.97 True: 101.47  1.48 -3.33
2023-08-24  99.83 True:  98.67 -1.17 -4.51
2023-08-25 100.00 True: 100.49  0.48 -4.03
2023-08-28  99.98 True: 101.16  1.17 -2.86
2023-08-29  99.99 True: 100.42  0.43 -2.43
2023-08-30  99.92 True:  99.82 -0.10 -2.53
2023-08-31  99.90 True: 100.42  0.52 -2.01
2023-09-01  99.98 True: 100.90  0.90 -1.11
2023-09-05  99.88 True: 100.95  1.06 -0.05
2023-09-06  99.86 True: 100.12  0.26  0.21
2023-09-07  99.95 True:  99.24 -0.72 -0.52
2023-09-08  99.95 True:  99.44 -0.51 -1.03
2023-09-11  99.93 True:  99.88 -0.05 -1.08
2023-09-12  99.92 True: 100.39  0.47 -0.61
2023-09-13  99.91 True: 100.42  0.50 -0.11
2023-09-14 100.05 True: 101.54  1.46  1.35
2023-09-18  99.82 True:  99.51 -0.31  1.04
2023-09-19  99.90 True: 100.03  0.13  1.17
2023-09-20  99.91 True:  98.83 -1.09  0.08
2023-09-21  99.81 True:  97.93 -1.92 -1.84
2023-09-22  99.90 True: 101.00  1.09 -0.75
2023-09-25  99.96 True: 100.48  0.52 -0.23
Average error: 0.82%
Min: -6.38 Max: 1.35 Mid: -2.51
Epoch: 500000 DATA_LEN: 55
Norm: 79.53

2023-07-06  99.79 True:  98.53 -1.28 -1.28
2023-07-07  99.83 True:  99.55 -0.28 -1.56
2023-07-10 100.00 True: 100.09  0.09 -1.47
2023-07-11 100.05 True:  99.64 -0.41 -1.87
2023-07-12  99.91 True:  99.34 -0.58 -2.45
2023-07-13  99.91 True: 102.18  2.22 -0.23
2023-07-17 100.00 True:  98.84 -1.17 -1.40
2023-07-18 100.07 True: 101.23  1.15 -0.25
2023-07-19  99.99 True:  99.88 -0.11 -0.36
2023-07-20 100.03 True:  98.40 -1.66 -2.02
2023-07-21  99.94 True: 101.12  1.16 -0.86
2023-07-24 100.03 True: 100.24  0.21 -0.65
2023-07-25  99.95 True:  99.88 -0.07 -0.73
2023-07-26  99.95 True:  99.49 -0.46 -1.19
2023-07-27  99.91 True:  99.82 -0.09 -1.28
2023-07-28  99.98 True: 101.98  1.96  0.68
2023-07-31  99.98 True: 100.50  0.51  1.19
2023-08-01  99.97 True:  99.62 -0.35  0.84
2023-08-02  99.84 True:  97.71 -2.18 -1.34
2023-08-03  99.91 True:  98.92 -1.00 -2.35
2023-08-04  99.86 True:  99.70 -0.16 -2.51
2023-08-07 100.08 True: 101.55  1.45 -1.06
2023-08-08  99.91 True:  99.61 -0.30 -1.36
2023-08-09  99.86 True:  99.28 -0.59 -1.95
2023-08-11 100.01 True: 101.30  1.28 -0.67
2023-08-14  99.97 True:  99.61 -0.36 -1.03
2023-08-15  99.81 True:  98.71 -1.12 -2.15
2023-08-16  99.89 True:  99.06 -0.84 -2.99
2023-08-17  99.84 True:  99.02 -0.83 -3.82
2023-08-18  99.95 True: 100.75  0.79 -3.03
2023-08-21  99.91 True: 100.83  0.91 -2.12
2023-08-22  99.90 True:  99.72 -0.18 -2.30
2023-08-23 100.00 True: 101.47  1.45 -0.84
2023-08-24  99.83 True:  98.67 -1.18 -2.02
2023-08-25 100.04 True: 100.49  0.45 -1.57
2023-08-28 100.00 True: 101.16  1.14 -0.43
2023-08-29 100.01 True: 100.42  0.41 -0.02
2023-08-30  99.93 True:  99.82 -0.11 -0.13
2023-08-31  99.92 True: 100.42  0.50  0.37
2023-09-01 100.02 True: 100.90  0.87  1.24
2023-09-05  99.90 True: 100.95  1.04  2.28
2023-09-06  99.87 True: 100.12  0.25  2.54
2023-09-07  99.98 True:  99.24 -0.74  1.79
2023-09-08  99.97 True:  99.44 -0.53  1.26
2023-09-11  99.94 True:  99.88 -0.06  1.20
2023-09-12  99.93 True: 100.39  0.45  1.65
2023-09-13  99.93 True: 100.42  0.49  2.14
2023-09-14 100.10 True: 101.54  1.42  3.55
2023-09-18  99.81 True:  99.51 -0.31  3.25
2023-09-19  99.91 True: 100.03  0.12  3.37
2023-09-20  99.92 True:  98.83 -1.10  2.26
2023-09-21  99.81 True:  97.93 -1.91  0.35
2023-09-22  99.91 True: 101.00  1.07  1.42
2023-09-25  99.98 True: 100.48  0.50  1.92
2023-09-26  99.81 True:  98.10 -1.75  0.17
Average error: 0.79%
Min: -3.82 Max: 3.55 Mid: -0.13
Epoch: 500000 DATA_LEN: 55
Norm: 54.12

2023-07-07  99.90 True:  99.55 -0.35 -0.35
2023-07-10 100.02 True: 100.09  0.07 -0.29
2023-07-11 100.06 True:  99.64 -0.42 -0.71
2023-07-12  99.96 True:  99.34 -0.63 -1.33
2023-07-13  99.96 True: 102.18  2.17  0.84
2023-07-17 100.03 True:  98.84 -1.20 -0.36
2023-07-18 100.08 True: 101.23  1.14  0.78
2023-07-19 100.02 True:  99.88 -0.14  0.64
2023-07-20 100.05 True:  98.40 -1.68 -1.03
2023-07-21  99.99 True: 101.12  1.12  0.09
2023-07-24 100.05 True: 100.24  0.19  0.27
2023-07-25  99.99 True:  99.88 -0.11  0.16
2023-07-26  99.99 True:  99.49 -0.50 -0.34
2023-07-27  99.96 True:  99.82 -0.14 -0.48
2023-07-28 100.01 True: 101.98  1.93  1.45
2023-07-31 100.01 True: 100.50  0.48  1.93
2023-08-01 100.00 True:  99.62 -0.39  1.54
2023-08-02  99.91 True:  97.71 -2.26 -0.71
2023-08-03  99.96 True:  98.92 -1.06 -1.77
2023-08-04  99.92 True:  99.70 -0.23 -1.99
2023-08-07 100.08 True: 101.55  1.45 -0.55
2023-08-08  99.96 True:  99.61 -0.35 -0.90
2023-08-09  99.93 True:  99.28 -0.66 -1.56
2023-08-11 100.03 True: 101.30  1.26 -0.30
2023-08-14 100.00 True:  99.61 -0.39 -0.69
2023-08-15  99.89 True:  98.71 -1.20 -1.90
2023-08-16  99.95 True:  99.06 -0.90 -2.80
2023-08-17  99.91 True:  99.02 -0.90 -3.70
2023-08-18  99.99 True: 100.75  0.75 -2.95
2023-08-21  99.96 True: 100.83  0.86 -2.09
2023-08-22  99.96 True:  99.72 -0.23 -2.32
2023-08-23 100.02 True: 101.47  1.43 -0.89
2023-08-24  99.91 True:  98.67 -1.25 -2.15
2023-08-25 100.05 True: 100.49  0.44 -1.71
2023-08-28 100.03 True: 101.16  1.12 -0.59
2023-08-29 100.03 True: 100.42  0.39 -0.20
2023-08-30  99.98 True:  99.82 -0.16 -0.36
2023-08-31  99.97 True: 100.42  0.45  0.09
2023-09-01 100.04 True: 100.90  0.85  0.94
2023-09-05  99.95 True: 100.95  0.99  1.93
2023-09-06  99.93 True: 100.12  0.19  2.11
2023-09-07 100.01 True:  99.24 -0.78  1.34
2023-09-08 100.00 True:  99.44 -0.57  0.77
2023-09-11  99.98 True:  99.88 -0.10  0.67
2023-09-12  99.98 True: 100.39  0.41  1.07
2023-09-13  99.97 True: 100.42  0.44  1.51
2023-09-14 100.10 True: 101.54  1.42  2.93
2023-09-18  99.89 True:  99.51 -0.39  2.54
2023-09-19  99.96 True: 100.03  0.07  2.61
2023-09-20  99.97 True:  98.83 -1.15  1.46
2023-09-21  99.89 True:  97.93 -2.00 -0.54
2023-09-22  99.96 True: 101.00  1.02  0.48
2023-09-25 100.01 True: 100.48  0.46  0.95
2023-09-26  99.89 True:  98.10 -1.83 -0.88
2023-09-27  99.99 True: 100.85  0.85 -0.03
Average error: 0.8%
Min: -3.70 Max: 2.93 Mid: -0.38
Epoch: 500000 DATA_LEN: 55
Norm: 55.33

2023-07-10 100.03 True: 100.09  0.06  0.06
2023-07-11 100.07 True:  99.64 -0.43 -0.37
2023-07-12  99.96 True:  99.34 -0.63 -1.00
2023-07-13  99.96 True: 102.18  2.17  1.18
2023-07-17 100.03 True:  98.84 -1.20 -0.03
2023-07-18 100.08 True: 101.23  1.13  1.11
2023-07-19 100.02 True:  99.88 -0.14  0.96
2023-07-20 100.05 True:  98.40 -1.68 -0.72
2023-07-21  99.99 True: 101.12  1.12  0.40
2023-07-24 100.05 True: 100.24  0.18  0.58
2023-07-25  99.99 True:  99.88 -0.11  0.47
2023-07-26  99.99 True:  99.49 -0.50 -0.03
2023-07-27  99.96 True:  99.82 -0.14 -0.17
2023-07-28 100.02 True: 101.98  1.92  1.75
2023-07-31 100.02 True: 100.50  0.48  2.23
2023-08-01 100.01 True:  99.62 -0.39  1.84
2023-08-02  99.91 True:  97.71 -2.25 -0.40
2023-08-03  99.96 True:  98.92 -1.05 -1.46
2023-08-04  99.92 True:  99.70 -0.22 -1.68
2023-08-07 100.09 True: 101.55  1.44 -0.25
2023-08-08  99.96 True:  99.61 -0.35 -0.59
2023-08-09  99.93 True:  99.28 -0.65 -1.25
2023-08-11 100.04 True: 101.30  1.25  0.00
2023-08-14 100.01 True:  99.61 -0.40 -0.39
2023-08-15  99.89 True:  98.71 -1.19 -1.59
2023-08-16  99.94 True:  99.06 -0.90 -2.48
2023-08-17  99.91 True:  99.02 -0.90 -3.38
2023-08-18  99.99 True: 100.75  0.75 -2.63
2023-08-21  99.96 True: 100.83  0.86 -1.77
2023-08-22  99.95 True:  99.72 -0.23 -2.00
2023-08-23 100.03 True: 101.47  1.42 -0.58
2023-08-24  99.90 True:  98.67 -1.25 -1.82
2023-08-25 100.06 True: 100.49  0.43 -1.39
2023-08-28 100.03 True: 101.16  1.11 -0.28
2023-08-29 100.04 True: 100.42  0.38  0.10
2023-08-30  99.98 True:  99.82 -0.16 -0.06
2023-08-31  99.97 True: 100.42  0.45  0.39
2023-09-01 100.04 True: 100.90  0.85  1.24
2023-09-05  99.95 True: 100.95  0.99  2.23
2023-09-06  99.93 True: 100.12  0.19  2.42
2023-09-07 100.01 True:  99.24 -0.78  1.64
2023-09-08 100.00 True:  99.44 -0.57  1.08
2023-09-11  99.99 True:  99.88 -0.11  0.97
2023-09-12  99.98 True: 100.39  0.41  1.38
2023-09-13  99.97 True: 100.42  0.44  1.82
2023-09-14 100.10 True: 101.54  1.41  3.23
2023-09-18  99.89 True:  99.51 -0.38  2.84
2023-09-19  99.96 True: 100.03  0.07  2.91
2023-09-20  99.97 True:  98.83 -1.15  1.76
2023-09-21  99.88 True:  97.93 -1.99 -0.23
2023-09-22  99.96 True: 101.00  1.03  0.80
2023-09-25 100.01 True: 100.48  0.46  1.26
2023-09-26  99.88 True:  98.10 -1.82 -0.56
2023-09-27  99.99 True: 100.85  0.85  0.29
2023-09-28  99.99 True:  99.73 -0.26  0.03
Average error: 0.79%
Min: -3.38 Max: 3.23 Mid: -0.08
Epoch: 500000 DATA_LEN: 55
Norm: 51.55

2023-07-11 100.06 True:  99.64 -0.42 -0.42
2023-07-12  99.98 True:  99.34 -0.64 -1.06
2023-07-13  99.97 True: 102.18  2.16  1.09
2023-07-17 100.03 True:  98.84 -1.20 -0.11
2023-07-18 100.07 True: 101.23  1.14  1.04
2023-07-19 100.02 True:  99.88 -0.14  0.89
2023-07-20 100.05 True:  98.40 -1.67 -0.78
2023-07-21  99.99 True: 101.12  1.11  0.33
2023-07-24 100.05 True: 100.24  0.19  0.52
2023-07-25 100.00 True:  99.88 -0.12  0.40
2023-07-26 100.00 True:  99.49 -0.51 -0.11
2023-07-27  99.97 True:  99.82 -0.15 -0.26
2023-07-28 100.02 True: 101.98  1.92  1.66
2023-07-31 100.02 True: 100.50  0.48  2.14
2023-08-01 100.01 True:  99.62 -0.39  1.75
2023-08-02  99.93 True:  97.71 -2.27 -0.52
2023-08-03  99.97 True:  98.92 -1.07 -1.59
2023-08-04  99.94 True:  99.70 -0.24 -1.83
2023-08-07 100.08 True: 101.55  1.45 -0.38
2023-08-08  99.97 True:  99.61 -0.36 -0.74
2023-08-09  99.94 True:  99.28 -0.67 -1.41
2023-08-11 100.03 True: 101.30  1.25 -0.16
2023-08-14 100.01 True:  99.61 -0.40 -0.56
2023-08-15  99.91 True:  98.71 -1.22 -1.78
2023-08-16  99.96 True:  99.06 -0.91 -2.69
2023-08-17  99.93 True:  99.02 -0.92 -3.61
2023-08-18 100.00 True: 100.75  0.74 -2.87
2023-08-21  99.98 True: 100.83  0.85 -2.02
2023-08-22  99.97 True:  99.72 -0.24 -2.26
2023-08-23 100.03 True: 101.47  1.42 -0.84
2023-08-24  99.92 True:  98.67 -1.27 -2.10
2023-08-25 100.05 True: 100.49  0.44 -1.67
2023-08-28 100.03 True: 101.16  1.11 -0.56
2023-08-29 100.04 True: 100.42  0.38 -0.17
2023-08-30  99.99 True:  99.82 -0.17 -0.34
2023-08-31  99.98 True: 100.42  0.44  0.10
2023-09-01 100.04 True: 100.90  0.85  0.95
2023-09-05  99.96 True: 100.95  0.98  1.93
2023-09-06  99.95 True: 100.12  0.17  2.10
2023-09-07 100.01 True:  99.24 -0.78  1.32
2023-09-08 100.01 True:  99.44 -0.57  0.75
2023-09-11 100.00 True:  99.88 -0.11  0.64
2023-09-12  99.99 True: 100.39  0.40  1.03
2023-09-13  99.98 True: 100.42  0.43  1.47
2023-09-14 100.09 True: 101.54  1.43  2.89
2023-09-18  99.91 True:  99.51 -0.41  2.48
2023-09-19  99.97 True: 100.03  0.06  2.54
2023-09-20  99.98 True:  98.83 -1.16  1.38
2023-09-21  99.91 True:  97.93 -2.02 -0.64
2023-09-22  99.97 True: 101.00  1.01  0.37
2023-09-25 100.02 True: 100.48  0.46  0.83
2023-09-26  99.91 True:  98.10 -1.85 -1.01
2023-09-27 100.00 True: 100.85  0.85 -0.17
2023-09-28 100.00 True:  99.73 -0.27 -0.44
2023-09-29  99.95 True: 100.30  0.35 -0.09
Average error: 0.8%
Min: -3.61 Max: 2.89 Mid: -0.36
Epoch: 500000 DATA_LEN: 55
Norm: 54.16

2023-07-12  99.95 True:  99.34 -0.61 -0.61
2023-07-13  99.95 True: 102.18  2.19  1.57
2023-07-17 100.02 True:  98.84 -1.19  0.39
2023-07-18 100.07 True: 101.23  1.14  1.53
2023-07-19 100.01 True:  99.88 -0.13  1.40
2023-07-20 100.04 True:  98.40 -1.67 -0.26
2023-07-21  99.97 True: 101.12  1.13  0.87
2023-07-24 100.04 True: 100.24  0.20  1.07
2023-07-25  99.98 True:  99.88 -0.10  0.97
2023-07-26  99.98 True:  99.49 -0.49  0.49
2023-07-27  99.94 True:  99.82 -0.12  0.37
2023-07-28 100.00 True: 101.98  1.94  2.31
2023-07-31 100.00 True: 100.50  0.50  2.80
2023-08-01  99.99 True:  99.62 -0.37  2.43
2023-08-02  99.88 True:  97.71 -2.23  0.21
2023-08-03  99.94 True:  98.92 -1.04 -0.83
2023-08-04  99.90 True:  99.70 -0.20 -1.03
2023-08-07 100.08 True: 101.55  1.45  0.42
2023-08-08  99.94 True:  99.61 -0.33  0.09
2023-08-09  99.90 True:  99.28 -0.63 -0.54
2023-08-11 100.02 True: 101.30  1.27  0.72
2023-08-14  99.99 True:  99.61 -0.38  0.34
2023-08-15  99.86 True:  98.71 -1.17 -0.83
2023-08-16  99.92 True:  99.06 -0.88 -1.70
2023-08-17  99.88 True:  99.02 -0.88 -2.58
2023-08-18  99.97 True: 100.75  0.77 -1.81
2023-08-21  99.95 True: 100.83  0.88 -0.93
2023-08-22  99.93 True:  99.72 -0.21 -1.14
2023-08-23 100.01 True: 101.47  1.44  0.29
2023-08-24  99.88 True:  98.67 -1.22 -0.93
2023-08-25 100.04 True: 100.49  0.44 -0.48
2023-08-28 100.02 True: 101.16  1.13  0.64
2023-08-29 100.03 True: 100.42  0.39  1.04
2023-08-30  99.96 True:  99.82 -0.14  0.89
2023-08-31  99.95 True: 100.42  0.47  1.37
2023-09-01 100.03 True: 100.90  0.86  2.23
2023-09-05  99.93 True: 100.95  1.01  3.24
2023-09-06  99.91 True: 100.12  0.21  3.45
2023-09-07  99.99 True:  99.24 -0.76  2.69
2023-09-08  99.99 True:  99.44 -0.55  2.14
2023-09-11  99.97 True:  99.88 -0.09  2.05
2023-09-12  99.96 True: 100.39  0.43  2.47
2023-09-13  99.95 True: 100.42  0.46  2.93
2023-09-14 100.09 True: 101.54  1.42  4.36
2023-09-18  99.86 True:  99.51 -0.36  3.99
2023-09-19  99.94 True: 100.03  0.09  4.08
2023-09-20  99.95 True:  98.83 -1.13  2.95
2023-09-21  99.86 True:  97.93 -1.97  0.99
2023-09-22  99.94 True: 101.00  1.04  2.03
2023-09-25 100.00 True: 100.48  0.48  2.51
2023-09-26  99.86 True:  98.10 -1.80  0.71
2023-09-27  99.97 True: 100.85  0.87  1.58
2023-09-28  99.98 True:  99.73 -0.25  1.34
2023-09-29  99.92 True: 100.30  0.38  1.72
2023-10-02  99.98 True:  98.38 -1.63  0.09
Average error: 0.82%
Min: -2.58 Max: 4.36 Mid: 0.89
Epoch: 500000 DATA_LEN: 55
Norm: 38.48

2023-07-13  99.89 True: 102.18  2.24  2.24
2023-07-17  99.99 True:  98.84 -1.16  1.08
2023-07-18 100.07 True: 101.23  1.14  2.22
2023-07-19  99.98 True:  99.88 -0.10  2.12
2023-07-20 100.02 True:  98.40 -1.65  0.47
2023-07-21  99.93 True: 101.12  1.18  1.65
2023-07-24 100.02 True: 100.24  0.21  1.86
2023-07-25  99.94 True:  99.88 -0.06  1.81
2023-07-26  99.94 True:  99.49 -0.45  1.36
2023-07-27  99.88 True:  99.82 -0.06  1.30
2023-07-28  99.97 True: 101.98  1.97  3.26
2023-07-31  99.97 True: 100.50  0.53  3.79
2023-08-01  99.96 True:  99.62 -0.34  3.45
2023-08-02  99.81 True:  97.71 -2.15  1.31
2023-08-03  99.89 True:  98.92 -0.98  0.32
2023-08-04  99.83 True:  99.70 -0.13  0.19
2023-08-07 100.08 True: 101.55  1.45  1.64
2023-08-08  99.88 True:  99.61 -0.27  1.36
2023-08-09  99.83 True:  99.28 -0.56  0.80
2023-08-11 100.00 True: 101.30  1.29  2.09
2023-08-14  99.95 True:  99.61 -0.34  1.75
2023-08-15  99.77 True:  98.71 -1.08  0.67
2023-08-16  99.86 True:  99.06 -0.81 -0.15
2023-08-17  99.81 True:  99.02 -0.80 -0.94
2023-08-18  99.93 True: 100.75  0.81 -0.14
2023-08-21  99.89 True: 100.83  0.93  0.79
2023-08-22  99.88 True:  99.72 -0.15  0.64
2023-08-23  99.99 True: 101.47  1.46  2.10
2023-08-24  99.79 True:  98.67 -1.14  0.96
2023-08-25 100.03 True: 100.49  0.46  1.42
2023-08-28  99.99 True: 101.16  1.15  2.57
2023-08-29 100.01 True: 100.42  0.41  2.98
2023-08-30  99.91 True:  99.82 -0.10  2.89
2023-08-31  99.90 True: 100.42  0.52  3.41
2023-09-01 100.01 True: 100.90  0.88  4.29
2023-09-05  99.87 True: 100.95  1.07  5.37
2023-09-06  99.84 True: 100.12  0.28  5.64
2023-09-07  99.96 True:  99.24 -0.73  4.91
2023-09-08  99.95 True:  99.44 -0.52  4.40
2023-09-11  99.93 True:  99.88 -0.05  4.35
2023-09-12  99.91 True: 100.39  0.47  4.82
2023-09-13  99.91 True: 100.42  0.51  5.33
2023-09-14 100.10 True: 101.54  1.42  6.75
2023-09-18  99.78 True:  99.51 -0.27  6.47
2023-09-19  99.88 True: 100.03  0.14  6.62
2023-09-20  99.90 True:  98.83 -1.08  5.53
2023-09-21  99.77 True:  97.93 -1.87  3.66
2023-09-22  99.89 True: 101.00  1.10  4.76
2023-09-25  99.97 True: 100.48  0.51  5.27
2023-09-26  99.77 True:  98.10 -1.70  3.56
2023-09-27  99.93 True: 100.85  0.91  4.47
2023-09-28  99.94 True:  99.73 -0.21  4.27
2023-09-29  99.85 True: 100.30  0.45  4.71
2023-10-02  99.94 True:  98.38 -1.59  3.12
2023-10-03  99.74 True:  97.25 -2.56  0.56
Average error: 0.84%
Min: -0.94 Max: 6.75 Mid: 2.90
Epoch: 500000 DATA_LEN: 55
Norm: 19.60

2023-07-17  99.95 True:  98.84 -1.11 -1.11
2023-07-18 100.01 True: 101.23  1.20  0.09
2023-07-19  99.94 True:  99.88 -0.06  0.03
2023-07-20  99.98 True:  98.40 -1.60 -1.57
2023-07-21  99.89 True: 101.12  1.21 -0.36
2023-07-24  99.98 True: 100.24  0.26 -0.10
2023-07-25  99.90 True:  99.88 -0.02 -0.12
2023-07-26  99.90 True:  99.49 -0.41 -0.53
2023-07-27  99.86 True:  99.82 -0.04 -0.57
2023-07-28  99.93 True: 101.98  2.01  1.44
2023-07-31  99.93 True: 100.50  0.57  2.01
2023-08-01  99.91 True:  99.62 -0.30  1.72
2023-08-02  99.79 True:  97.71 -2.13 -0.41
2023-08-03  99.86 True:  98.92 -0.95 -1.36
2023-08-04  99.80 True:  99.70 -0.10 -1.47
2023-08-07 100.02 True: 101.55  1.51  0.04
2023-08-08  99.86 True:  99.61 -0.25 -0.21
2023-08-09  99.81 True:  99.28 -0.54 -0.75
2023-08-11  99.95 True: 101.30  1.33  0.59
2023-08-14  99.92 True:  99.61 -0.31  0.28
2023-08-15  99.76 True:  98.71 -1.07 -0.79
2023-08-16  99.84 True:  99.06 -0.79 -1.57
2023-08-17  99.79 True:  99.02 -0.78 -2.35
2023-08-18  99.90 True: 100.75  0.84 -1.51
2023-08-21  99.86 True: 100.83  0.97 -0.54
2023-08-22  99.85 True:  99.72 -0.13 -0.67
2023-08-23  99.94 True: 101.47  1.51  0.84
2023-08-24  99.78 True:  98.67 -1.13 -0.29
2023-08-25  99.98 True: 100.49  0.51  0.22
2023-08-28  99.95 True: 101.16  1.20  1.42
2023-08-29  99.95 True: 100.42  0.47  1.89
2023-08-30  99.88 True:  99.82 -0.06  1.83
2023-08-31  99.87 True: 100.42  0.55  2.38
2023-09-01  99.96 True: 100.90  0.93  3.30
2023-09-05  99.84 True: 100.95  1.10  4.40
2023-09-06  99.81 True: 100.12  0.30  4.70
2023-09-07  99.92 True:  99.24 -0.69  4.01
2023-09-08  99.91 True:  99.44 -0.47  3.54
2023-09-11  99.89 True:  99.88 -0.01  3.53
2023-09-12  99.88 True: 100.39  0.51  4.04
2023-09-13  99.87 True: 100.42  0.54  4.58
2023-09-14 100.04 True: 101.54  1.47  6.05
2023-09-18  99.76 True:  99.51 -0.25  5.79
2023-09-19  99.86 True: 100.03  0.17  5.97
2023-09-20  99.87 True:  98.83 -1.05  4.92
2023-09-21  99.75 True:  97.93 -1.86  3.06
2023-09-22  99.86 True: 101.00  1.13  4.18
2023-09-25  99.93 True: 100.48  0.55  4.73
2023-09-26  99.76 True:  98.10 -1.69  3.04
2023-09-27  99.90 True: 100.85  0.94  3.98
2023-09-28  99.89 True:  99.73 -0.16  3.82
2023-09-29  99.83 True: 100.30  0.47  4.29
2023-10-02  99.91 True:  98.38 -1.56  2.73
2023-10-03  99.73 True:  97.25 -2.55  0.18
2023-10-04  99.91 True: 100.16  0.25  0.43
Average error: 0.81%
Min: -2.35 Max: 6.05 Mid: 1.85
Epoch: 500000 DATA_LEN: 55
Norm: 33.07

2023-07-18 100.08 True: 101.23  1.14  1.14
2023-07-19  99.98 True:  99.88 -0.10  1.03
2023-07-20 100.03 True:  98.40 -1.66 -0.63
2023-07-21  99.92 True: 101.12  1.18  0.55
2023-07-24 100.03 True: 100.24  0.20  0.76
2023-07-25  99.94 True:  99.88 -0.06  0.70
2023-07-26  99.94 True:  99.49 -0.44  0.26
2023-07-27  99.89 True:  99.82 -0.06  0.19
2023-07-28  99.97 True: 101.98  1.97  2.16
2023-07-31  99.97 True: 100.50  0.52  2.68
2023-08-01  99.96 True:  99.62 -0.34  2.34
2023-08-02  99.80 True:  97.71 -2.14  0.21
2023-08-03  99.88 True:  98.92 -0.98 -0.77
2023-08-04  99.81 True:  99.70 -0.12 -0.89
2023-08-07 100.09 True: 101.55  1.44  0.55
2023-08-08  99.88 True:  99.61 -0.27  0.28
2023-08-09  99.82 True:  99.28 -0.55 -0.27
2023-08-11 100.00 True: 101.30  1.28  1.01
2023-08-14  99.96 True:  99.61 -0.35  0.66
2023-08-15  99.76 True:  98.71 -1.07 -0.40
2023-08-16  99.86 True:  99.06 -0.81 -1.21
2023-08-17  99.79 True:  99.02 -0.79 -2.00
2023-08-18  99.93 True: 100.75  0.81 -1.19
2023-08-21  99.89 True: 100.83  0.94 -0.25
2023-08-22  99.87 True:  99.72 -0.15 -0.40
2023-08-23  99.99 True: 101.47  1.46  1.06
2023-08-24  99.78 True:  98.67 -1.13 -0.07
2023-08-25 100.04 True: 100.49  0.45  0.38
2023-08-28 100.00 True: 101.16  1.15  1.53
2023-08-29 100.01 True: 100.42  0.41  1.94
2023-08-30  99.91 True:  99.82 -0.09  1.85
2023-08-31  99.90 True: 100.42  0.52  2.37
2023-09-01 100.01 True: 100.90  0.87  3.25
2023-09-05  99.86 True: 100.95  1.07  4.32
2023-09-06  99.83 True: 100.12  0.29  4.61
2023-09-07  99.96 True:  99.24 -0.73  3.88
2023-09-08  99.95 True:  99.44 -0.52  3.36
2023-09-11  99.92 True:  99.88 -0.04  3.32
2023-09-12  99.91 True: 100.39  0.48  3.79
2023-09-13  99.90 True: 100.42  0.51  4.30
2023-09-14 100.11 True: 101.54  1.40  5.70
2023-09-18  99.76 True:  99.51 -0.26  5.45
2023-09-19  99.88 True: 100.03  0.15  5.60
2023-09-20  99.90 True:  98.83 -1.08  4.52
2023-09-21  99.75 True:  97.93 -1.86  2.66
2023-09-22  99.88 True: 101.00  1.10  3.76
2023-09-25  99.97 True: 100.48  0.50  4.27
2023-09-26  99.75 True:  98.10 -1.69  2.58
2023-09-27  99.93 True: 100.85  0.91  3.48
2023-09-28  99.93 True:  99.73 -0.20  3.28
2023-09-29  99.84 True: 100.30  0.46  3.74
2023-10-02  99.95 True:  98.38 -1.59  2.14
2023-10-03  99.72 True:  97.25 -2.54 -0.40
2023-10-04  99.95 True: 100.16  0.20 -0.20
2023-10-05  99.88 True: 100.82  0.92  0.72
Average error: 0.8%
Min: -2.00 Max: 5.70 Mid: 1.85
Epoch: 500000 DATA_LEN: 55
Norm: 35.34

2023-07-19  99.97 True:  99.88 -0.09 -0.09
2023-07-20 100.01 True:  98.40 -1.64 -1.73
2023-07-21  99.92 True: 101.12  1.18 -0.55
2023-07-24 100.02 True: 100.24  0.22 -0.33
2023-07-25  99.93 True:  99.88 -0.05 -0.38
2023-07-26  99.93 True:  99.49 -0.44 -0.83
2023-07-27  99.89 True:  99.82 -0.07 -0.89
2023-07-28  99.96 True: 101.98  1.97  1.08
2023-07-31  99.96 True: 100.50  0.53  1.61
2023-08-01  99.95 True:  99.62 -0.33  1.28
2023-08-02  99.82 True:  97.71 -2.16 -0.87
2023-08-03  99.89 True:  98.92 -0.98 -1.86
2023-08-04  99.83 True:  99.70 -0.13 -1.99
2023-08-07 100.07 True: 101.55  1.46 -0.53
2023-08-08  99.88 True:  99.61 -0.28 -0.80
2023-08-09  99.84 True:  99.28 -0.57 -1.37
2023-08-11  99.99 True: 101.30  1.30 -0.07
2023-08-14  99.95 True:  99.61 -0.34 -0.41
2023-08-15  99.78 True:  98.71 -1.09 -1.50
2023-08-16  99.87 True:  99.06 -0.82 -2.32
2023-08-17  99.81 True:  99.02 -0.80 -3.12
2023-08-18  99.93 True: 100.75  0.81 -2.31
2023-08-21  99.89 True: 100.83  0.93 -1.38
2023-08-22  99.88 True:  99.72 -0.15 -1.54
2023-08-23  99.98 True: 101.47  1.47 -0.07
2023-08-24  99.80 True:  98.67 -1.15 -1.21
2023-08-25 100.02 True: 100.49  0.47 -0.75
2023-08-28  99.98 True: 101.16  1.16  0.41
2023-08-29  99.99 True: 100.42  0.43  0.84
2023-08-30  99.91 True:  99.82 -0.09  0.75
2023-08-31  99.90 True: 100.42  0.52  1.27
2023-09-01 100.00 True: 100.90  0.89  2.16
2023-09-05  99.87 True: 100.95  1.07  3.23
2023-09-06  99.84 True: 100.12  0.28  3.50
2023-09-07  99.96 True:  99.24 -0.73  2.78
2023-09-08  99.95 True:  99.44 -0.51  2.26
2023-09-11  99.92 True:  99.88 -0.04  2.22
2023-09-12  99.91 True: 100.39  0.47  2.70
2023-09-13  99.91 True: 100.42  0.51  3.20
2023-09-14 100.08 True: 101.54  1.43  4.63
2023-09-18  99.78 True:  99.51 -0.28  4.35
2023-09-19  99.89 True: 100.03  0.14  4.50
2023-09-20  99.90 True:  98.83 -1.08  3.42
2023-09-21  99.78 True:  97.93 -1.88  1.53
2023-09-22  99.89 True: 101.00  1.10  2.63
2023-09-25  99.96 True: 100.48  0.51  3.14
2023-09-26  99.78 True:  98.10 -1.72  1.43
2023-09-27  99.93 True: 100.85  0.91  2.34
2023-09-28  99.93 True:  99.73 -0.20  2.14
2023-09-29  99.86 True: 100.30  0.44  2.58
2023-10-02  99.94 True:  98.38 -1.59  0.99
2023-10-03  99.75 True:  97.25 -2.57 -1.58
2023-10-04  99.95 True: 100.16  0.21 -1.38
2023-10-05  99.89 True: 100.82  0.92 -0.46
2023-10-09 100.09 True: 101.03  0.93  0.47
Average error: 0.8%
Min: -3.12 Max: 4.63 Mid: 0.76
Epoch: 500000 DATA_LEN: 55
Norm: 46.31

2023-07-20 100.04 True:  98.40 -1.67 -1.67
2023-07-21  99.96 True: 101.12  1.15 -0.52
2023-07-24 100.04 True: 100.24  0.20 -0.33
2023-07-25  99.97 True:  99.88 -0.09 -0.41
2023-07-26  99.97 True:  99.49 -0.48 -0.89
2023-07-27  99.92 True:  99.82 -0.10 -0.99
2023-07-28 100.00 True: 101.98  1.94  0.95
2023-07-31 100.00 True: 100.50  0.50  1.45
2023-08-01  99.98 True:  99.62 -0.36  1.09
2023-08-02  99.86 True:  97.71 -2.20 -1.11
2023-08-03  99.92 True:  98.92 -1.02 -2.13
2023-08-04  99.87 True:  99.70 -0.17 -2.30
2023-08-07 100.09 True: 101.55  1.44 -0.86
2023-08-08  99.92 True:  99.61 -0.31 -1.17
2023-08-09  99.88 True:  99.28 -0.61 -1.78
2023-08-11 100.02 True: 101.30  1.27 -0.51
2023-08-14  99.98 True:  99.61 -0.37 -0.88
2023-08-15  99.83 True:  98.71 -1.13 -2.02
2023-08-16  99.90 True:  99.06 -0.85 -2.87
2023-08-17  99.85 True:  99.02 -0.85 -3.72
2023-08-18  99.96 True: 100.75  0.78 -2.94
2023-08-21  99.93 True: 100.83  0.90 -2.04
2023-08-22  99.92 True:  99.72 -0.19 -2.23
2023-08-23 100.01 True: 101.47  1.44 -0.79
2023-08-24  99.85 True:  98.67 -1.19 -1.98
2023-08-25 100.05 True: 100.49  0.44 -1.54
2023-08-28 100.01 True: 101.16  1.13 -0.41
2023-08-29 100.02 True: 100.42  0.40 -0.02
2023-08-30  99.95 True:  99.82 -0.13 -0.14
2023-08-31  99.93 True: 100.42  0.48  0.34
2023-09-01 100.03 True: 100.90  0.86  1.20
2023-09-05  99.91 True: 100.95  1.03  2.23
2023-09-06  99.88 True: 100.12  0.24  2.47
2023-09-07  99.99 True:  99.24 -0.76  1.71
2023-09-08  99.98 True:  99.44 -0.54  1.17
2023-09-11  99.96 True:  99.88 -0.08  1.09
2023-09-12  99.94 True: 100.39  0.44  1.53
2023-09-13  99.94 True: 100.42  0.47  2.01
2023-09-14 100.11 True: 101.54  1.41  3.41
2023-09-18  99.83 True:  99.51 -0.32  3.09
2023-09-19  99.92 True: 100.03  0.11  3.20
2023-09-20  99.94 True:  98.83 -1.12  2.08
2023-09-21  99.82 True:  97.93 -1.93  0.15
2023-09-22  99.92 True: 101.00  1.06  1.21
2023-09-25  99.99 True: 100.48  0.48  1.70
2023-09-26  99.82 True:  98.10 -1.76 -0.06
2023-09-27  99.96 True: 100.85  0.88  0.82
2023-09-28  99.96 True:  99.73 -0.23  0.58
2023-09-29  99.89 True: 100.30  0.41  0.99
2023-10-02  99.97 True:  98.38 -1.62 -0.63
2023-10-03  99.80 True:  97.25 -2.62 -3.25
2023-10-04  99.98 True: 100.16  0.18 -3.08
2023-10-05  99.93 True: 100.82  0.88 -2.20
2023-10-09 100.12 True: 101.03  0.90 -1.29
2023-10-10  99.98 True: 101.66  1.65  0.36
Average error: 0.83%
Min: -3.72 Max: 3.41 Mid: -0.15
Epoch: 500000 DATA_LEN: 55
Norm: 57.18

2023-07-21 100.00 True: 101.12  1.10  1.10
2023-07-24 100.11 True: 100.24  0.12  1.23
2023-07-25 100.01 True:  99.88 -0.13  1.10
2023-07-26 100.01 True:  99.49 -0.52  0.58
2023-07-27  99.95 True:  99.82 -0.13  0.44
2023-07-28 100.05 True: 101.98  1.89  2.33
2023-07-31 100.05 True: 100.50  0.45  2.78
2023-08-01 100.03 True:  99.62 -0.41  2.36
2023-08-02  99.86 True:  97.71 -2.20  0.16
2023-08-03  99.95 True:  98.92 -1.05 -0.89
2023-08-04  99.88 True:  99.70 -0.18 -1.07
2023-08-07 100.18 True: 101.55  1.35  0.28
2023-08-08  99.95 True:  99.61 -0.34 -0.06
2023-08-09  99.89 True:  99.28 -0.62 -0.68
2023-08-11 100.08 True: 101.30  1.20  0.53
2023-08-14 100.03 True:  99.61 -0.42  0.11
2023-08-15  99.82 True:  98.71 -1.13 -1.02
2023-08-16  99.92 True:  99.06 -0.88 -1.90
2023-08-17  99.86 True:  99.02 -0.85 -2.75
2023-08-18 100.01 True: 100.75  0.73 -2.02
2023-08-21  99.96 True: 100.83  0.87 -1.15
2023-08-22  99.94 True:  99.72 -0.22 -1.37
2023-08-23 100.07 True: 101.47  1.38  0.02
2023-08-24  99.85 True:  98.67 -1.19 -1.18
2023-08-25 100.12 True: 100.49  0.37 -0.81
2023-08-28 100.08 True: 101.16  1.07  0.26
2023-08-29 100.09 True: 100.42  0.33  0.59
2023-08-30  99.98 True:  99.82 -0.16  0.43
2023-08-31  99.97 True: 100.42  0.45  0.88
2023-09-01 100.09 True: 100.90  0.80  1.68
2023-09-05  99.93 True: 100.95  1.01  2.68
2023-09-06  99.89 True: 100.12  0.22  2.91
2023-09-07 100.04 True:  99.24 -0.81  2.09
2023-09-08 100.03 True:  99.44 -0.59  1.50
2023-09-11 100.00 True:  99.88 -0.12  1.38
2023-09-12  99.98 True: 100.39  0.40  1.79
2023-09-13  99.98 True: 100.42  0.44  2.22
2023-09-14 100.20 True: 101.54  1.32  3.54
2023-09-18  99.82 True:  99.51 -0.32  3.22
2023-09-19  99.95 True: 100.03  0.08  3.30
2023-09-20  99.97 True:  98.83 -1.15  2.15
2023-09-21  99.81 True:  97.93 -1.92  0.23
2023-09-22  99.95 True: 101.00  1.03  1.26
2023-09-25 100.05 True: 100.48  0.43  1.69
2023-09-26  99.81 True:  98.10 -1.75 -0.06
2023-09-27 100.01 True: 100.85  0.83  0.77
2023-09-28 100.01 True:  99.73 -0.28  0.50
2023-09-29  99.91 True: 100.30  0.39  0.88
2023-10-02 100.02 True:  98.38 -1.67 -0.79
2023-10-03  99.78 True:  97.25 -2.60 -3.39
2023-10-04 100.03 True: 100.16  0.13 -3.26
2023-10-05  99.96 True: 100.82  0.85 -2.41
2023-10-09 100.21 True: 101.03  0.81 -1.60
2023-10-10 100.03 True: 101.66  1.60  0.00
2023-10-11 100.02 True: 100.88  0.86  0.86
Average error: 0.8%
Min: -3.39 Max: 3.54 Mid: 0.08
Epoch: 500000 DATA_LEN: 55
Norm: 61.31

2023-07-24 100.10 True: 100.24  0.14  0.14
2023-07-25 100.00 True:  99.88 -0.12  0.02
2023-07-26 100.00 True:  99.49 -0.51 -0.49
2023-07-27  99.95 True:  99.82 -0.13 -0.63
2023-07-28 100.04 True: 101.98  1.90  1.27
2023-07-31 100.04 True: 100.50  0.46  1.73
2023-08-01 100.02 True:  99.62 -0.40  1.33
2023-08-02  99.87 True:  97.71 -2.21 -0.88
2023-08-03  99.95 True:  98.92 -1.04 -1.92
2023-08-04  99.88 True:  99.70 -0.19 -2.11
2023-08-07 100.16 True: 101.55  1.37 -0.74
2023-08-08  99.95 True:  99.61 -0.34 -1.08
2023-08-09  99.89 True:  99.28 -0.62 -1.70
2023-08-11 100.07 True: 101.30  1.22 -0.48
2023-08-14 100.02 True:  99.61 -0.41 -0.89
2023-08-15  99.83 True:  98.71 -1.14 -2.03
2023-08-16  99.92 True:  99.06 -0.88 -2.91
2023-08-17  99.86 True:  99.02 -0.86 -3.76
2023-08-18 100.00 True: 100.75  0.74 -3.02
2023-08-21  99.95 True: 100.83  0.87 -2.15
2023-08-22  99.94 True:  99.72 -0.22 -2.37
2023-08-23 100.06 True: 101.47  1.40 -0.97
2023-08-24  99.85 True:  98.67 -1.20 -2.17
2023-08-25 100.10 True: 100.49  0.38 -1.79
2023-08-28 100.06 True: 101.16  1.08 -0.70
2023-08-29 100.07 True: 100.42  0.35 -0.35
2023-08-30  99.98 True:  99.82 -0.16 -0.51
2023-08-31  99.96 True: 100.42  0.45 -0.06
2023-09-01 100.08 True: 100.90  0.81  0.75
2023-09-05  99.93 True: 100.95  1.01  1.76
2023-09-06  99.90 True: 100.12  0.22  1.98
2023-09-07 100.03 True:  99.24 -0.80  1.18
2023-09-08 100.02 True:  99.44 -0.58  0.60
2023-09-11  99.99 True:  99.88 -0.11  0.49
2023-09-12  99.98 True: 100.39  0.41  0.90
2023-09-13  99.97 True: 100.42  0.44  1.34
2023-09-14 100.18 True: 101.54  1.34  2.68
2023-09-18  99.83 True:  99.51 -0.32  2.35
2023-09-19  99.95 True: 100.03  0.08  2.43
2023-09-20  99.97 True:  98.83 -1.15  1.28
2023-09-21  99.82 True:  97.93 -1.93 -0.64
2023-09-22  99.95 True: 101.00  1.03  0.39
2023-09-25 100.04 True: 100.48  0.44  0.83
2023-09-26  99.82 True:  98.10 -1.76 -0.93
2023-09-27 100.00 True: 100.85  0.84 -0.09
2023-09-28 100.00 True:  99.73 -0.27 -0.36
2023-09-29  99.91 True: 100.30  0.39  0.03
2023-10-02 100.01 True:  98.38 -1.66 -1.64
2023-10-03  99.79 True:  97.25 -2.62 -4.25
2023-10-04 100.02 True: 100.16  0.14 -4.12
2023-10-05  99.95 True: 100.82  0.86 -3.26
2023-10-09 100.19 True: 101.03  0.83 -2.42
2023-10-10 100.02 True: 101.66  1.62 -0.81
2023-10-11 100.01 True: 100.88  0.86  0.06
2023-10-12  99.97 True: 100.57  0.60  0.65
Average error: 0.8%
Min: -4.25 Max: 2.68 Mid: -0.79
Epoch: 500000 DATA_LEN: 55
Norm: 70.80

2023-07-25  99.98 True:  99.88 -0.10 -0.10
2023-07-26  99.98 True:  99.49 -0.49 -0.58
2023-07-27  99.93 True:  99.82 -0.11 -0.69
2023-07-28 100.01 True: 101.98  1.93  1.24
2023-07-31 100.01 True: 100.50  0.49  1.73
2023-08-01  99.99 True:  99.62 -0.37  1.36
2023-08-02  99.86 True:  97.71 -2.20 -0.85
2023-08-03  99.93 True:  98.92 -1.03 -1.87
2023-08-04  99.88 True:  99.70 -0.18 -2.05
2023-08-07 100.11 True: 101.55  1.43 -0.63
2023-08-08  99.93 True:  99.61 -0.32 -0.95
2023-08-09  99.89 True:  99.28 -0.61 -1.56
2023-08-11 100.03 True: 101.30  1.26 -0.30
2023-08-14  99.99 True:  99.61 -0.38 -0.69
2023-08-15  99.83 True:  98.71 -1.14 -1.83
2023-08-16  99.91 True:  99.06 -0.86 -2.69
2023-08-17  99.86 True:  99.02 -0.85 -3.54
2023-08-18  99.97 True: 100.75  0.77 -2.77
2023-08-21  99.94 True: 100.83  0.89 -1.89
2023-08-22  99.92 True:  99.72 -0.20 -2.09
2023-08-23 100.02 True: 101.47  1.43 -0.66
2023-08-24  99.85 True:  98.67 -1.20 -1.85
2023-08-25 100.06 True: 100.49  0.43 -1.42
2023-08-28 100.03 True: 101.16  1.12 -0.31
2023-08-29 100.04 True: 100.42  0.38  0.08
2023-08-30  99.95 True:  99.82 -0.13 -0.06
2023-08-31  99.94 True: 100.42  0.48  0.42
2023-09-01 100.04 True: 100.90  0.85  1.27
2023-09-05  99.92 True: 100.95  1.02  2.29
2023-09-06  99.89 True: 100.12  0.23  2.52
2023-09-07 100.00 True:  99.24 -0.77  1.76
2023-09-08  99.99 True:  99.44 -0.55  1.20
2023-09-11  99.97 True:  99.88 -0.09  1.12
2023-09-12  99.95 True: 100.39  0.43  1.55
2023-09-13  99.95 True: 100.42  0.46  2.01
2023-09-14 100.12 True: 101.54  1.39  3.40
2023-09-18  99.83 True:  99.51 -0.33  3.08
2023-09-19  99.93 True: 100.03  0.10  3.17
2023-09-20  99.94 True:  98.83 -1.13  2.05
2023-09-21  99.82 True:  97.93 -1.93  0.11
2023-09-22  99.93 True: 101.00  1.05  1.17
2023-09-25 100.00 True: 100.48  0.47  1.64
2023-09-26  99.83 True:  98.10 -1.77 -0.13
2023-09-27  99.97 True: 100.85  0.87  0.74
2023-09-28  99.97 True:  99.73 -0.24  0.50
2023-09-29  99.90 True: 100.30  0.40  0.90
2023-10-02  99.98 True:  98.38 -1.63 -0.73
2023-10-03  99.80 True:  97.25 -2.63 -3.36
2023-10-04  99.99 True: 100.16  0.17 -3.19
2023-10-05  99.93 True: 100.82  0.87 -2.32
2023-10-09 100.13 True: 101.03  0.89 -1.43
2023-10-10  99.99 True: 101.66  1.64  0.21
2023-10-11  99.98 True: 100.88  0.89  1.10
2023-10-12  99.95 True: 100.57  0.62  1.72
2023-10-13  99.99 True:  98.72 -1.29  0.44
Average error: 0.83%
Min: -3.54 Max: 3.40 Mid: -0.07
Epoch: 500000 DATA_LEN: 55
Norm: 57.26

2023-07-26  99.99 True:  99.49 -0.50 -0.50
2023-07-27  99.94 True:  99.82 -0.12 -0.62
2023-07-28 100.02 True: 101.98  1.92  1.30
2023-07-31 100.02 True: 100.50  0.47  1.77
2023-08-01 100.01 True:  99.62 -0.39  1.38
2023-08-02  99.86 True:  97.71 -2.20 -0.81
2023-08-03  99.94 True:  98.92 -1.03 -1.84
2023-08-04  99.87 True:  99.70 -0.17 -2.01
2023-08-07 100.14 True: 101.55  1.39 -0.62
2023-08-08  99.93 True:  99.61 -0.33 -0.95
2023-08-09  99.88 True:  99.28 -0.61 -1.55
2023-08-11 100.06 True: 101.30  1.23 -0.32
2023-08-14 100.01 True:  99.61 -0.40 -0.72
2023-08-15  99.82 True:  98.71 -1.12 -1.84
2023-08-16  99.91 True:  99.06 -0.86 -2.71
2023-08-17  99.85 True:  99.02 -0.84 -3.55
2023-08-18  99.98 True: 100.75  0.76 -2.79
2023-08-21  99.94 True: 100.83  0.89 -1.91
2023-08-22  99.93 True:  99.72 -0.20 -2.11
2023-08-23 100.04 True: 101.47  1.41 -0.70
2023-08-24  99.84 True:  98.67 -1.19 -1.89
2023-08-25 100.09 True: 100.49  0.40 -1.49
2023-08-28 100.05 True: 101.16  1.10 -0.39
2023-08-29 100.06 True: 100.42  0.36 -0.02
2023-08-30  99.96 True:  99.82 -0.14 -0.16
2023-08-31  99.95 True: 100.42  0.47  0.31
2023-09-01 100.07 True: 100.90  0.82  1.13
2023-09-05  99.92 True: 100.95  1.02  2.15
2023-09-06  99.88 True: 100.12  0.23  2.38
2023-09-07 100.02 True:  99.24 -0.79  1.60
2023-09-08 100.00 True:  99.44 -0.57  1.03
2023-09-11  99.97 True:  99.88 -0.09  0.94
2023-09-12  99.96 True: 100.39  0.42  1.36
2023-09-13  99.96 True: 100.42  0.46  1.82
2023-09-14 100.16 True: 101.54  1.35  3.17
2023-09-18  99.81 True:  99.51 -0.31  2.86
2023-09-19  99.93 True: 100.03  0.10  2.95
2023-09-20  99.95 True:  98.83 -1.13  1.82
2023-09-21  99.81 True:  97.93 -1.92 -0.10
2023-09-22  99.94 True: 101.00  1.05  0.95
2023-09-25 100.02 True: 100.48  0.45  1.41
2023-09-26  99.81 True:  98.10 -1.75 -0.34
2023-09-27  99.99 True: 100.85  0.85  0.51
2023-09-28  99.98 True:  99.73 -0.25  0.26
2023-09-29  99.90 True: 100.30  0.40  0.66
2023-10-02 100.00 True:  98.38 -1.65 -0.99
2023-10-03  99.78 True:  97.25 -2.60 -3.59
2023-10-04 100.00 True: 100.16  0.15 -3.44
2023-10-05  99.94 True: 100.82  0.87 -2.57
2023-10-09 100.17 True: 101.03  0.85 -1.72
2023-10-10 100.00 True: 101.66  1.63 -0.09
2023-10-11  99.99 True: 100.88  0.88  0.79
2023-10-12  99.96 True: 100.57  0.61  1.40
2023-10-13 100.00 True:  98.72 -1.30  0.10
2023-10-16 100.07 True: 100.61  0.53  0.63
Average error: 0.83%
Min: -3.59 Max: 3.17 Mid: -0.21
Epoch: 500000 DATA_LEN: 55
Norm: 62.47

2023-07-27  99.94 True:  99.82 -0.12 -0.12
2023-07-28 100.03 True: 101.98  1.91  1.79
2023-07-31 100.03 True: 100.50  0.47  2.26
2023-08-01 100.01 True:  99.62 -0.39  1.87
2023-08-02  99.86 True:  97.71 -2.20 -0.33
2023-08-03  99.94 True:  98.92 -1.04 -1.37
2023-08-04  99.88 True:  99.70 -0.18 -1.55
2023-08-07 100.15 True: 101.55  1.39 -0.16
2023-08-08  99.94 True:  99.61 -0.33 -0.49
2023-08-09  99.89 True:  99.28 -0.61 -1.11
2023-08-11 100.06 True: 101.30  1.23  0.12
2023-08-14 100.01 True:  99.61 -0.40 -0.28
2023-08-15  99.82 True:  98.71 -1.13 -1.41
2023-08-16  99.91 True:  99.06 -0.87 -2.27
2023-08-17  99.86 True:  99.02 -0.85 -3.12
2023-08-18  99.99 True: 100.75  0.75 -2.37
2023-08-21  99.95 True: 100.83  0.88 -1.49
2023-08-22  99.93 True:  99.72 -0.21 -1.70
2023-08-23 100.05 True: 101.47  1.41 -0.29
2023-08-24  99.84 True:  98.67 -1.19 -1.48
2023-08-25 100.09 True: 100.49  0.40 -1.09
2023-08-28 100.05 True: 101.16  1.09  0.00
2023-08-29 100.07 True: 100.42  0.36  0.36
2023-08-30  99.97 True:  99.82 -0.15  0.21
2023-08-31  99.95 True: 100.42  0.47  0.68
2023-09-01 100.07 True: 100.90  0.82  1.50
2023-09-05  99.92 True: 100.95  1.02  2.52
2023-09-06  99.89 True: 100.12  0.23  2.75
2023-09-07 100.02 True:  99.24 -0.79  1.96
2023-09-08 100.01 True:  99.44 -0.57  1.39
2023-09-11  99.98 True:  99.88 -0.10  1.28
2023-09-12  99.97 True: 100.39  0.42  1.70
2023-09-13  99.96 True: 100.42  0.45  2.15
2023-09-14 100.16 True: 101.54  1.35  3.51
2023-09-18  99.82 True:  99.51 -0.32  3.18
2023-09-19  99.94 True: 100.03  0.09  3.27
2023-09-20  99.96 True:  98.83 -1.14  2.14
2023-09-21  99.81 True:  97.93 -1.92  0.21
2023-09-22  99.94 True: 101.00  1.04  1.26
2023-09-25 100.02 True: 100.48  0.45  1.71
2023-09-26  99.82 True:  98.10 -1.75 -0.04
2023-09-27  99.99 True: 100.85  0.85  0.81
2023-09-28  99.99 True:  99.73 -0.26  0.55
2023-09-29  99.91 True: 100.30  0.40  0.94
2023-10-02 100.00 True:  98.38 -1.65 -0.71
2023-10-03  99.79 True:  97.25 -2.61 -3.32
2023-10-04 100.01 True: 100.16  0.15 -3.17
2023-10-05  99.94 True: 100.82  0.86 -2.31
2023-10-09 100.17 True: 101.03  0.84 -1.46
2023-10-10 100.01 True: 101.66  1.62  0.16
2023-10-11 100.00 True: 100.88  0.87  1.03
2023-10-12  99.96 True: 100.57  0.61  1.65
2023-10-13 100.01 True:  98.72 -1.31  0.34
2023-10-16 100.08 True: 100.61  0.52  0.86
2023-10-17  99.97 True:  99.79 -0.18  0.68
Average error: 0.82%
Min: -3.32 Max: 3.51 Mid: 0.09
Epoch: 500000 DATA_LEN: 55
Norm: 58.51

2023-07-28 100.02 True: 101.98  1.92  1.92
2023-07-31 100.02 True: 100.50  0.47  2.39
2023-08-01 100.00 True:  99.62 -0.38  2.01
2023-08-02  99.77 True:  97.71 -2.11 -0.10
2023-08-03  99.90 True:  98.92 -0.99 -1.09
2023-08-04  99.79 True:  99.70 -0.10 -1.18
2023-08-07 100.19 True: 101.55  1.34  0.16
2023-08-08  99.89 True:  99.61 -0.28 -0.12
2023-08-09  99.81 True:  99.28 -0.54 -0.66
2023-08-11 100.07 True: 101.30  1.22  0.56
2023-08-14 100.00 True:  99.61 -0.39  0.17
2023-08-15  99.71 True:  98.71 -1.02 -0.85
2023-08-16  99.85 True:  99.06 -0.81 -1.65
2023-08-17  99.76 True:  99.02 -0.76 -2.41
2023-08-18  99.96 True: 100.75  0.78 -1.63
2023-08-21  99.90 True: 100.83  0.92 -0.71
2023-08-22  99.88 True:  99.72 -0.15 -0.87
2023-08-23 100.05 True: 101.47  1.40  0.54
2023-08-24  99.75 True:  98.67 -1.09 -0.56
2023-08-25 100.11 True: 100.49  0.37 -0.18
2023-08-28 100.06 True: 101.16  1.09  0.91
2023-08-29 100.07 True: 100.42  0.35  1.25
2023-08-30  99.93 True:  99.82 -0.11  1.14
2023-08-31  99.91 True: 100.42  0.51  1.65
2023-09-01 100.08 True: 100.90  0.81  2.46
2023-09-05  99.87 True: 100.95  1.07  3.53
2023-09-06  99.81 True: 100.12  0.30  3.83
2023-09-07 100.01 True:  99.24 -0.78  3.05
2023-09-08  99.99 True:  99.44 -0.56  2.50
2023-09-11  99.95 True:  99.88 -0.07  2.42
2023-09-12  99.93 True: 100.39  0.45  2.88
2023-09-13  99.93 True: 100.42  0.49  3.36
2023-09-14 100.22 True: 101.54  1.30  4.66
2023-09-18  99.71 True:  99.51 -0.21  4.45
2023-09-19  99.89 True: 100.03  0.14  4.59
2023-09-20  99.92 True:  98.83 -1.10  3.49
2023-09-21  99.70 True:  97.93 -1.81  1.69
2023-09-22  99.89 True: 101.00  1.09  2.78
2023-09-25 100.02 True: 100.48  0.46  3.24
2023-09-26  99.71 True:  98.10 -1.64  1.59
2023-09-27  99.97 True: 100.85  0.87  2.47
2023-09-28  99.96 True:  99.73 -0.24  2.23
2023-09-29  99.84 True: 100.30  0.46  2.69
2023-10-02  99.98 True:  98.38 -1.63  1.06
2023-10-03  99.66 True:  97.25 -2.48 -1.42
2023-10-04 100.00 True: 100.16  0.16 -1.26
2023-10-05  99.90 True: 100.82  0.91 -0.34
2023-10-09 100.23 True: 101.03  0.79  0.44
2023-10-10 100.00 True: 101.66  1.64  2.08
2023-10-11  99.98 True: 100.88  0.89  2.98
2023-10-12  99.92 True: 100.57  0.65  3.62
2023-10-13  99.99 True:  98.72 -1.29  2.33
2023-10-16 100.10 True: 100.61  0.51  2.84
2023-10-17  99.94 True:  99.79 -0.15  2.69
2023-10-18  99.76 True:  98.43 -1.35  1.34
Average error: 0.83%
Min: -2.41 Max: 4.66 Mid: 1.13
Epoch: 500000 DATA_LEN: 55
Norm: 52.96

2023-07-31  99.94 True: 100.50  0.55  0.55
2023-08-01  99.93 True:  99.62 -0.31  0.24
2023-08-02  99.81 True:  97.71 -2.15 -1.90
2023-08-03  99.87 True:  98.92 -0.96 -2.87
2023-08-04  99.82 True:  99.70 -0.12 -2.99
2023-08-07 100.04 True: 101.55  1.49 -1.50
2023-08-08  99.87 True:  99.61 -0.26 -1.76
2023-08-09  99.82 True:  99.28 -0.55 -2.31
2023-08-11  99.97 True: 101.30  1.32 -0.99
2023-08-14  99.93 True:  99.61 -0.32 -1.32
2023-08-15  99.77 True:  98.71 -1.08 -2.40
2023-08-16  99.85 True:  99.06 -0.80 -3.20
2023-08-17  99.80 True:  99.02 -0.79 -3.99
2023-08-18  99.91 True: 100.75  0.83 -3.17
2023-08-21  99.87 True: 100.83  0.95 -2.22
2023-08-22  99.87 True:  99.72 -0.14 -2.36
2023-08-23  99.96 True: 101.47  1.49 -0.86
2023-08-24  99.80 True:  98.67 -1.14 -2.00
2023-08-25 100.00 True: 100.49  0.49 -1.51
2023-08-28  99.96 True: 101.16  1.18 -0.33
2023-08-29  99.97 True: 100.42  0.45  0.12
2023-08-30  99.89 True:  99.82 -0.07  0.05
2023-08-31  99.89 True: 100.42  0.53  0.58
2023-09-01  99.98 True: 100.90  0.91  1.49
2023-09-05  99.86 True: 100.95  1.08  2.57
2023-09-06  99.83 True: 100.12  0.29  2.86
2023-09-07  99.94 True:  99.24 -0.71  2.15
2023-09-08  99.93 True:  99.44 -0.49  1.66
2023-09-11  99.90 True:  99.88 -0.02  1.64
2023-09-12  99.89 True: 100.39  0.49  2.13
2023-09-13  99.89 True: 100.42  0.52  2.66
2023-09-14 100.06 True: 101.54  1.46  4.11
2023-09-18  99.77 True:  99.51 -0.27  3.84
2023-09-19  99.87 True: 100.03  0.16  4.00
2023-09-20  99.88 True:  98.83 -1.07  2.94
2023-09-21  99.77 True:  97.93 -1.87  1.06
2023-09-22  99.87 True: 101.00  1.11  2.17
2023-09-25  99.94 True: 100.48  0.53  2.71
2023-09-26  99.77 True:  98.10 -1.71  1.00
2023-09-27  99.92 True: 100.85  0.93  1.93
2023-09-28  99.91 True:  99.73 -0.18  1.75
2023-09-29  99.84 True: 100.30  0.46  2.21
2023-10-02  99.92 True:  98.38 -1.57  0.63
2023-10-03  99.75 True:  97.25 -2.57 -1.94
2023-10-04  99.93 True: 100.16  0.23 -1.71
2023-10-05  99.87 True: 100.82  0.94 -0.77
2023-10-09 100.06 True: 101.03  0.95  0.19
2023-10-10  99.93 True: 101.66  1.71  1.89
2023-10-11  99.92 True: 100.88  0.95  2.85
2023-10-12  99.89 True: 100.57  0.68  3.52
2023-10-13  99.93 True:  98.72 -1.23  2.30
2023-10-16  99.98 True: 100.61  0.62  2.92
2023-10-17  99.90 True:  99.79 -0.11  2.81
2023-10-18  99.80 True:  98.43 -1.39  1.42
2023-10-19  99.78 True:  99.05 -0.74  0.68
Average error: 0.84%
Min: -3.99 Max: 4.11 Mid: 0.06
Epoch: 500000 DATA_LEN: 55
Norm: 57.64

2023-08-01  99.92 True:  99.62 -0.31 -0.31
2023-08-02  99.78 True:  97.71 -2.12 -2.42
2023-08-03  99.86 True:  98.92 -0.95 -3.37
2023-08-04  99.79 True:  99.70 -0.09 -3.46
2023-08-07 100.05 True: 101.55  1.48 -1.98
2023-08-08  99.85 True:  99.61 -0.24 -2.23
2023-08-09  99.80 True:  99.28 -0.53 -2.75
2023-08-11  99.97 True: 101.30  1.32 -1.44
2023-08-14  99.93 True:  99.61 -0.32 -1.75
2023-08-15  99.74 True:  98.71 -1.05 -2.80
2023-08-16  99.83 True:  99.06 -0.78 -3.58
2023-08-17  99.77 True:  99.02 -0.76 -4.34
2023-08-18  99.90 True: 100.75  0.84 -3.51
2023-08-21  99.86 True: 100.83  0.97 -2.54
2023-08-22  99.85 True:  99.72 -0.12 -2.66
2023-08-23  99.96 True: 101.47  1.49 -1.17
2023-08-24  99.76 True:  98.67 -1.11 -2.28
2023-08-25 100.00 True: 100.49  0.49 -1.79
2023-08-28  99.96 True: 101.16  1.18 -0.61
2023-08-29  99.97 True: 100.42  0.45 -0.16
2023-08-30  99.88 True:  99.82 -0.06 -0.22
2023-08-31  99.87 True: 100.42  0.55  0.33
2023-09-01  99.98 True: 100.90  0.91  1.23
2023-09-05  99.84 True: 100.95  1.10  2.33
2023-09-06  99.80 True: 100.12  0.31  2.65
2023-09-07  99.93 True:  99.24 -0.70  1.95
2023-09-08  99.92 True:  99.44 -0.48  1.46
2023-09-11  99.89 True:  99.88 -0.01  1.45
2023-09-12  99.88 True: 100.39  0.50  1.96
2023-09-13  99.88 True: 100.42  0.54  2.49
2023-09-14 100.07 True: 101.54  1.44  3.93
2023-09-18  99.74 True:  99.51 -0.23  3.70
2023-09-19  99.85 True: 100.03  0.18  3.87
2023-09-20  99.87 True:  98.83 -1.05  2.82
2023-09-21  99.73 True:  97.93 -1.84  0.99
2023-09-22  99.86 True: 101.00  1.13  2.12
2023-09-25  99.94 True: 100.48  0.54  2.65
2023-09-26  99.73 True:  98.10 -1.67  0.98
2023-09-27  99.91 True: 100.85  0.94  1.92
2023-09-28  99.90 True:  99.73 -0.17  1.75
2023-09-29  99.82 True: 100.30  0.48  2.23
2023-10-02  99.92 True:  98.38 -1.57  0.66
2023-10-03  99.70 True:  97.25 -2.52 -1.86
2023-10-04  99.92 True: 100.16  0.24 -1.63
2023-10-05  99.85 True: 100.82  0.95 -0.67
2023-10-09 100.08 True: 101.03  0.94  0.26
2023-10-10  99.92 True: 101.66  1.71  1.98
2023-10-11  99.91 True: 100.88  0.96  2.94
2023-10-12  99.88 True: 100.57  0.69  3.63
2023-10-13  99.92 True:  98.72 -1.22  2.41
2023-10-16  99.99 True: 100.61  0.62  3.02
2023-10-17  99.88 True:  99.79 -0.10  2.93
2023-10-18  99.77 True:  98.43 -1.36  1.57
2023-10-19  99.75 True:  99.05 -0.70  0.86
2023-10-20  99.75 True:  99.75 -0.00  0.86
Average error: 0.82%
Min: -4.34 Max: 3.93 Mid: -0.21
Epoch: 500000 DATA_LEN: 55
Norm: 62.90

2023-08-02  99.79 True:  97.71 -2.13 -2.13
2023-08-03  99.87 True:  98.92 -0.96 -3.09
2023-08-04  99.80 True:  99.70 -0.11 -3.19
2023-08-07 100.06 True: 101.55  1.47 -1.73
2023-08-08  99.87 True:  99.61 -0.26 -1.98
2023-08-09  99.81 True:  99.28 -0.54 -2.52
2023-08-11  99.98 True: 101.30  1.31 -1.22
2023-08-14  99.94 True:  99.61 -0.33 -1.54
2023-08-15  99.75 True:  98.71 -1.06 -2.60
2023-08-16  99.84 True:  99.06 -0.79 -3.40
2023-08-17  99.78 True:  99.02 -0.78 -4.17
2023-08-18  99.91 True: 100.75  0.83 -3.35
2023-08-21  99.87 True: 100.83  0.95 -2.39
2023-08-22  99.86 True:  99.72 -0.13 -2.53
2023-08-23  99.97 True: 101.47  1.48 -1.05
2023-08-24  99.78 True:  98.67 -1.12 -2.17
2023-08-25 100.01 True: 100.49  0.47 -1.69
2023-08-28  99.97 True: 101.16  1.17 -0.52
2023-08-29  99.98 True: 100.42  0.44 -0.08
2023-08-30  99.89 True:  99.82 -0.07 -0.15
2023-08-31  99.88 True: 100.42  0.54  0.38
2023-09-01  99.99 True: 100.90  0.90  1.28
2023-09-05  99.85 True: 100.95  1.09  2.37
2023-09-06  99.82 True: 100.12  0.30  2.67
2023-09-07  99.94 True:  99.24 -0.71  1.96
2023-09-08  99.93 True:  99.44 -0.50  1.46
2023-09-11  99.91 True:  99.88 -0.02  1.44
2023-09-12  99.89 True: 100.39  0.49  1.93
2023-09-13  99.89 True: 100.42  0.52  2.45
2023-09-14 100.08 True: 101.54  1.43  3.89
2023-09-18  99.75 True:  99.51 -0.25  3.64
2023-09-19  99.87 True: 100.03  0.16  3.80
2023-09-20  99.88 True:  98.83 -1.06  2.74
2023-09-21  99.74 True:  97.93 -1.85  0.89
2023-09-22  99.87 True: 101.00  1.12  2.01
2023-09-25  99.95 True: 100.48  0.53  2.53
2023-09-26  99.75 True:  98.10 -1.68  0.85
2023-09-27  99.92 True: 100.85  0.92  1.77
2023-09-28  99.91 True:  99.73 -0.18  1.59
2023-09-29  99.83 True: 100.30  0.47  2.06
2023-10-02  99.93 True:  98.38 -1.58  0.48
2023-10-03  99.72 True:  97.25 -2.54 -2.06
2023-10-04  99.93 True: 100.16  0.22 -1.83
2023-10-05  99.87 True: 100.82  0.94 -0.89
2023-10-09 100.09 True: 101.03  0.93  0.04
2023-10-10  99.93 True: 101.66  1.70  1.74
2023-10-11  99.92 True: 100.88  0.95  2.69
2023-10-12  99.89 True: 100.57  0.68  3.37
2023-10-13  99.93 True:  98.72 -1.23  2.13
2023-10-16 100.00 True: 100.61  0.60  2.74
2023-10-17  99.90 True:  99.79 -0.11  2.63
2023-10-18  99.79 True:  98.43 -1.37  1.26
2023-10-19  99.76 True:  99.05 -0.72  0.54
2023-10-20  99.77 True:  99.75 -0.02  0.52
2023-10-23  99.77 True: 100.09  0.32  0.85
Average error: 0.82%
Min: -4.17 Max: 3.89 Mid: -0.14
Epoch: 500000 DATA_LEN: 55
Norm: 62.27

2023-08-03  99.93 True:  98.92 -1.02 -1.02
2023-08-04  99.88 True:  99.70 -0.19 -1.21
2023-08-07 100.06 True: 101.55  1.47  0.26
2023-08-08  99.93 True:  99.61 -0.32 -0.06
2023-08-09  99.89 True:  99.28 -0.62 -0.67
2023-08-11 100.00 True: 101.30  1.28  0.61
2023-08-14  99.97 True:  99.61 -0.36  0.25
2023-08-15  99.86 True:  98.71 -1.16 -0.92
2023-08-16  99.91 True:  99.06 -0.87 -1.78
2023-08-17  99.88 True:  99.02 -0.87 -2.65
2023-08-18  99.96 True: 100.75  0.78 -1.87
2023-08-21  99.93 True: 100.83  0.90 -0.97
2023-08-22  99.92 True:  99.72 -0.20 -1.17
2023-08-23  99.99 True: 101.47  1.46  0.28
2023-08-24  99.87 True:  98.67 -1.22 -0.93
2023-08-25 100.02 True: 100.49  0.46 -0.47
2023-08-28 100.00 True: 101.16  1.15  0.68
2023-08-29 100.00 True: 100.42  0.42  1.10
2023-08-30  99.94 True:  99.82 -0.12  0.98
2023-08-31  99.94 True: 100.42  0.48  1.45
2023-09-01 100.01 True: 100.90  0.88  2.33
2023-09-05  99.92 True: 100.95  1.02  3.35
2023-09-06  99.90 True: 100.12  0.22  3.57
2023-09-07  99.98 True:  99.24 -0.75  2.83
2023-09-08  99.97 True:  99.44 -0.53  2.29
2023-09-11  99.95 True:  99.88 -0.07  2.22
2023-09-12  99.94 True: 100.39  0.44  2.66
2023-09-13  99.94 True: 100.42  0.47  3.13
2023-09-14 100.07 True: 101.54  1.44  4.58
2023-09-18  99.85 True:  99.51 -0.35  4.23
2023-09-19  99.93 True: 100.03  0.10  4.33
2023-09-20  99.94 True:  98.83 -1.12  3.21
2023-09-21  99.85 True:  97.93 -1.96  1.25
2023-09-22  99.93 True: 101.00  1.06  2.31
2023-09-25  99.98 True: 100.48  0.49  2.80
2023-09-26  99.85 True:  98.10 -1.79  1.01
2023-09-27  99.96 True: 100.85  0.88  1.89
2023-09-28  99.95 True:  99.73 -0.23  1.66
2023-09-29  99.91 True: 100.30  0.40  2.06
2023-10-02  99.97 True:  98.38 -1.62  0.44
2023-10-03  99.83 True:  97.25 -2.66 -2.22
2023-10-04  99.97 True: 100.16  0.19 -2.03
2023-10-05  99.93 True: 100.82  0.88 -1.15
2023-10-09 100.07 True: 101.03  0.94 -0.21
2023-10-10  99.97 True: 101.66  1.67  1.46
2023-10-11  99.96 True: 100.88  0.91  2.37
2023-10-12  99.94 True: 100.57  0.62  2.99
2023-10-13  99.97 True:  98.72 -1.27  1.72
2023-10-16 100.01 True: 100.61  0.59  2.31
2023-10-17  99.95 True:  99.79 -0.16  2.15
2023-10-18  99.88 True:  98.43 -1.47  0.69
2023-10-19  99.86 True:  99.05 -0.82 -0.13
2023-10-20  99.86 True:  99.75 -0.11 -0.24
2023-10-23  99.86 True: 100.09  0.23 -0.01
2023-10-24 100.04 True: 100.50  0.45  0.44
Average error: 0.8%
Min: -2.65 Max: 4.58 Mid: 0.96
Epoch: 500000 DATA_LEN: 55
Norm: 42.78

2023-08-04  99.88 True:  99.70 -0.18 -0.18
2023-08-07 100.04 True: 101.55  1.49  1.31
2023-08-08  99.92 True:  99.61 -0.31  1.00
2023-08-09  99.88 True:  99.28 -0.61  0.39
2023-08-11  99.99 True: 101.30  1.30  1.69
2023-08-14  99.96 True:  99.61 -0.35  1.35
2023-08-15  99.85 True:  98.71 -1.16  0.19
2023-08-16  99.90 True:  99.06 -0.85 -0.67
2023-08-17  99.87 True:  99.02 -0.86 -1.53
2023-08-18  99.94 True: 100.75  0.79 -0.73
2023-08-21  99.92 True: 100.83  0.91  0.18
2023-08-22  99.91 True:  99.72 -0.19 -0.01
2023-08-23  99.98 True: 101.47  1.47  1.46
2023-08-24  99.86 True:  98.67 -1.21  0.25
2023-08-25 100.01 True: 100.49  0.48  0.73
2023-08-28  99.98 True: 101.16  1.16  1.90
2023-08-29  99.99 True: 100.42  0.43  2.33
2023-08-30  99.93 True:  99.82 -0.11  2.22
2023-08-31  99.93 True: 100.42  0.49  2.71
2023-09-01  99.99 True: 100.90  0.90  3.61
2023-09-05  99.91 True: 100.95  1.03  4.64
2023-09-06  99.89 True: 100.12  0.23  4.87
2023-09-07  99.96 True:  99.24 -0.73  4.14
2023-09-08  99.96 True:  99.44 -0.52  3.62
2023-09-11  99.94 True:  99.88 -0.06  3.56
2023-09-12  99.93 True: 100.39  0.45  4.01
2023-09-13  99.93 True: 100.42  0.48  4.50
2023-09-14 100.05 True: 101.54  1.46  5.96
2023-09-18  99.85 True:  99.51 -0.34  5.62
2023-09-19  99.92 True: 100.03  0.11  5.73
2023-09-20  99.93 True:  98.83 -1.11  4.62
2023-09-21  99.84 True:  97.93 -1.95  2.67
2023-09-22  99.92 True: 101.00  1.07  3.74
2023-09-25  99.97 True: 100.48  0.51  4.25
2023-09-26  99.85 True:  98.10 -1.78  2.46
2023-09-27  99.95 True: 100.85  0.89  3.36
2023-09-28  99.94 True:  99.73 -0.21  3.14
2023-09-29  99.90 True: 100.30  0.40  3.55
2023-10-02  99.95 True:  98.38 -1.60  1.95
2023-10-03  99.83 True:  97.25 -2.65 -0.71
2023-10-04  99.96 True: 100.16  0.20 -0.51
2023-10-05  99.92 True: 100.82  0.89  0.39
2023-10-09 100.05 True: 101.03  0.96  1.35
2023-10-10  99.96 True: 101.66  1.68  3.03
2023-10-11  99.95 True: 100.88  0.92  3.95
2023-10-12  99.93 True: 100.57  0.64  4.59
2023-10-13  99.96 True:  98.72 -1.26  3.33
2023-10-16 100.00 True: 100.61  0.61  3.94
2023-10-17  99.93 True:  99.79 -0.15  3.79
2023-10-18  99.87 True:  98.43 -1.46  2.33
2023-10-19  99.85 True:  99.05 -0.81  1.52
2023-10-20  99.86 True:  99.75 -0.11  1.42
2023-10-23  99.86 True: 100.09  0.24  1.65
2023-10-24 100.02 True: 100.50  0.47  2.13
2023-10-25  99.92 True:  98.24 -1.71  0.42
Average error: 0.82%
Min: -1.53 Max: 5.96 Mid: 2.22
Epoch: 500000 DATA_LEN: 55
Norm: 26.01

2023-08-07 100.06 True: 101.55  1.47  1.47
2023-08-08  99.92 True:  99.61 -0.31  1.17
2023-08-09  99.88 True:  99.28 -0.61  0.56
2023-08-11 100.00 True: 101.30  1.29  1.85
2023-08-14  99.97 True:  99.61 -0.36  1.50
2023-08-15  99.84 True:  98.71 -1.14  0.35
2023-08-16  99.90 True:  99.06 -0.85 -0.50
2023-08-17  99.86 True:  99.02 -0.85 -1.35
2023-08-18  99.95 True: 100.75  0.79 -0.56
2023-08-21  99.92 True: 100.83  0.91  0.35
2023-08-22  99.91 True:  99.72 -0.19  0.16
2023-08-23  99.99 True: 101.47  1.46  1.62
2023-08-24  99.85 True:  98.67 -1.20  0.42
2023-08-25 100.02 True: 100.49  0.47  0.89
2023-08-28  99.99 True: 101.16  1.15  2.05
2023-08-29 100.00 True: 100.42  0.42  2.47
2023-08-30  99.93 True:  99.82 -0.11  2.35
2023-08-31  99.93 True: 100.42  0.49  2.85
2023-09-01 100.01 True: 100.90  0.88  3.73
2023-09-05  99.91 True: 100.95  1.03  4.76
2023-09-06  99.88 True: 100.12  0.24  5.00
2023-09-07  99.97 True:  99.24 -0.74  4.26
2023-09-08  99.96 True:  99.44 -0.53  3.73
2023-09-11  99.94 True:  99.88 -0.06  3.67
2023-09-12  99.93 True: 100.39  0.45  4.12
2023-09-13  99.93 True: 100.42  0.48  4.61
2023-09-14 100.07 True: 101.54  1.44  6.05
2023-09-18  99.83 True:  99.51 -0.33  5.72
2023-09-19  99.92 True: 100.03  0.11  5.83
2023-09-20  99.93 True:  98.83 -1.11  4.72
2023-09-21  99.83 True:  97.93 -1.94  2.78
2023-09-22  99.92 True: 101.00  1.07  3.85
2023-09-25  99.98 True: 100.48  0.50  4.35
2023-09-26  99.83 True:  98.10 -1.77  2.58
2023-09-27  99.95 True: 100.85  0.89  3.47
2023-09-28  99.95 True:  99.73 -0.22  3.25
2023-09-29  99.89 True: 100.30  0.41  3.66
2023-10-02  99.96 True:  98.38 -1.61  2.05
2023-10-03  99.81 True:  97.25 -2.64 -0.58
2023-10-04  99.96 True: 100.16  0.19 -0.39
2023-10-05  99.92 True: 100.82  0.89  0.50
2023-10-09 100.07 True: 101.03  0.94  1.44
2023-10-10  99.96 True: 101.66  1.67  3.12
2023-10-11  99.95 True: 100.88  0.92  4.03
2023-10-12  99.93 True: 100.57  0.64  4.67
2023-10-13  99.96 True:  98.72 -1.26  3.41
2023-10-16 100.01 True: 100.61  0.59  4.00
2023-10-17  99.94 True:  99.79 -0.15  3.85
2023-10-18  99.86 True:  98.43 -1.45  2.40
2023-10-19  99.84 True:  99.05 -0.80  1.60
2023-10-20  99.85 True:  99.75 -0.09  1.51
2023-10-23  99.85 True: 100.09  0.25  1.75
2023-10-24 100.04 True: 100.50  0.46  2.21
2023-10-25  99.92 True:  98.24 -1.71  0.51
2023-10-26  99.86 True:  99.94  0.07  0.58
Average error: 0.81%
Min: -1.35 Max: 6.05 Mid: 2.35
Epoch: 500000 DATA_LEN: 55
Norm: 26.07

2023-08-08  99.90 True:  99.61 -0.29 -0.29
2023-08-09  99.87 True:  99.28 -0.60 -0.89
2023-08-11  99.95 True: 101.30  1.34  0.45
2023-08-14  99.93 True:  99.61 -0.32  0.12
2023-08-15  99.85 True:  98.71 -1.16 -1.03
2023-08-16  99.89 True:  99.06 -0.84 -1.87
2023-08-17  99.86 True:  99.02 -0.85 -2.73
2023-08-18  99.92 True: 100.75  0.82 -1.91
2023-08-21  99.90 True: 100.83  0.92 -0.98
2023-08-22  99.90 True:  99.72 -0.17 -1.15
2023-08-23  99.94 True: 101.47  1.51  0.35
2023-08-24  99.86 True:  98.67 -1.20 -0.85
2023-08-25  99.97 True: 100.49  0.52 -0.33
2023-08-28  99.95 True: 101.16  1.20  0.87
2023-08-29  99.95 True: 100.42  0.47  1.33
2023-08-30  99.91 True:  99.82 -0.09  1.24
2023-08-31  99.91 True: 100.42  0.51  1.76
2023-09-01  99.96 True: 100.90  0.93  2.69
2023-09-05  99.89 True: 100.95  1.05  3.74
2023-09-06  99.88 True: 100.12  0.24  3.98
2023-09-07  99.93 True:  99.24 -0.70  3.28
2023-09-08  99.93 True:  99.44 -0.49  2.79
2023-09-11  99.92 True:  99.88 -0.04  2.75
2023-09-12  99.91 True: 100.39  0.48  3.22
2023-09-13  99.91 True: 100.42  0.50  3.73
2023-09-14 100.00 True: 101.54  1.51  5.24
2023-09-18  99.85 True:  99.51 -0.34  4.90
2023-09-19  99.90 True: 100.03  0.13  5.03
2023-09-20  99.91 True:  98.83 -1.09  3.94
2023-09-21  99.84 True:  97.93 -1.95  1.99
2023-09-22  99.90 True: 101.00  1.09  3.08
2023-09-25  99.94 True: 100.48  0.54  3.61
2023-09-26  99.85 True:  98.10 -1.78  1.83
2023-09-27  99.92 True: 100.85  0.92  2.75
2023-09-28  99.92 True:  99.73 -0.19  2.56
2023-09-29  99.88 True: 100.30  0.42  2.98
2023-10-02  99.93 True:  98.38 -1.58  1.40
2023-10-03  99.83 True:  97.25 -2.66 -1.25
2023-10-04  99.93 True: 100.16  0.23 -1.03
2023-10-05  99.90 True: 100.82  0.91 -0.12
2023-10-09 100.00 True: 101.03  1.01  0.90
2023-10-10  99.93 True: 101.66  1.71  2.60
2023-10-11  99.92 True: 100.88  0.95  3.55
2023-10-12  99.91 True: 100.57  0.66  4.21
2023-10-13  99.93 True:  98.72 -1.23  2.98
2023-10-16  99.96 True: 100.61  0.64  3.62
2023-10-17  99.91 True:  99.79 -0.12  3.50
2023-10-18  99.86 True:  98.43 -1.45  2.05
2023-10-19  99.85 True:  99.05 -0.81  1.24
2023-10-20  99.86 True:  99.75 -0.10  1.14
2023-10-23  99.86 True: 100.09  0.24  1.37
2023-10-24  99.98 True: 100.50  0.52  1.89
2023-10-25  99.90 True:  98.24 -1.69  0.21
2023-10-26  99.87 True:  99.94  0.07  0.28
2023-10-27  99.84 True:  99.69 -0.16  0.12
Average error: 0.8%
Min: -2.73 Max: 5.24 Mid: 1.26
Epoch: 500000 DATA_LEN: 55
Norm: 35.73

2023-08-09  99.87 True:  99.28 -0.60 -0.60
2023-08-11  99.97 True: 101.30  1.32  0.72
2023-08-14  99.94 True:  99.61 -0.33  0.39
2023-08-15  99.84 True:  98.71 -1.14 -0.75
2023-08-16  99.89 True:  99.06 -0.84 -1.59
2023-08-17  99.85 True:  99.02 -0.85 -2.44
2023-08-18  99.93 True: 100.75  0.81 -1.62
2023-08-21  99.90 True: 100.83  0.92 -0.70
2023-08-22  99.90 True:  99.72 -0.17 -0.88
2023-08-23  99.96 True: 101.47  1.49  0.62
2023-08-24  99.85 True:  98.67 -1.20 -0.58
2023-08-25  99.98 True: 100.49  0.50 -0.08
2023-08-28  99.96 True: 101.16  1.18  1.11
2023-08-29  99.97 True: 100.42  0.45  1.56
2023-08-30  99.91 True:  99.82 -0.09  1.47
2023-08-31  99.91 True: 100.42  0.51  1.98
2023-09-01  99.97 True: 100.90  0.92  2.89
2023-09-05  99.89 True: 100.95  1.05  3.94
2023-09-06  99.87 True: 100.12  0.24  4.19
2023-09-07  99.94 True:  99.24 -0.71  3.47
2023-09-08  99.94 True:  99.44 -0.50  2.97
2023-09-11  99.92 True:  99.88 -0.04  2.93
2023-09-12  99.91 True: 100.39  0.47  3.40
2023-09-13  99.91 True: 100.42  0.50  3.90
2023-09-14 100.03 True: 101.54  1.49  5.39
2023-09-18  99.84 True:  99.51 -0.33  5.06
2023-09-19  99.90 True: 100.03  0.13  5.19
2023-09-20  99.91 True:  98.83 -1.09  4.10
2023-09-21  99.83 True:  97.93 -1.94  2.16
2023-09-22  99.90 True: 101.00  1.08  3.24
2023-09-25  99.95 True: 100.48  0.53  3.77
2023-09-26  99.83 True:  98.10 -1.77  1.99
2023-09-27  99.93 True: 100.85  0.91  2.91
2023-09-28  99.93 True:  99.73 -0.20  2.71
2023-09-29  99.88 True: 100.30  0.42  3.13
2023-10-02  99.94 True:  98.38 -1.58  1.55
2023-10-03  99.82 True:  97.25 -2.64 -1.10
2023-10-04  99.94 True: 100.16  0.22 -0.88
2023-10-05  99.90 True: 100.82  0.91  0.03
2023-10-09 100.03 True: 101.03  0.99  1.02
2023-10-10  99.94 True: 101.66  1.70  2.72
2023-10-11  99.93 True: 100.88  0.94  3.66
2023-10-12  99.91 True: 100.57  0.65  4.31
2023-10-13  99.94 True:  98.72 -1.24  3.07
2023-10-16  99.97 True: 100.61  0.63  3.70
2023-10-17  99.92 True:  99.79 -0.13  3.57
2023-10-18  99.86 True:  98.43 -1.45  2.13
2023-10-19  99.84 True:  99.05 -0.80  1.33
2023-10-20  99.85 True:  99.75 -0.09  1.23
2023-10-23  99.85 True: 100.09  0.25  1.48
2023-10-24 100.00 True: 100.50  0.50  1.98
2023-10-25  99.90 True:  98.24 -1.69  0.29
2023-10-26  99.86 True:  99.94  0.08  0.37
2023-10-27  99.83 True:  99.69 -0.14  0.22
2023-10-30 100.03 True: 100.09  0.07  0.29
Average error: 0.79%
Min: -2.44 Max: 5.39 Mid: 1.48
Epoch: 500000 DATA_LEN: 55
Norm: 34.88

Time: 6 min 37 sec.

